Scraping comments of song 4916109
Scraping lyric of song '4916109'
Scraping comments of song 4916104
Scraping lyric of song '4916104'
Scraping comments of song 27804237
Scraping lyric of song '27804237'
Scraping comments of song 27804232
Scraping lyric of song '27804232'
Scraping comments of song 27804224
Scraping lyric of song '27804224'
Scraping comments of song 27804212
Scraping lyric of song '27804212'
Scraping comments of song 651675
Scraping lyric of song '651675'
Scraping comments of song 37092135
Scraping lyric of song '37092135'
Scraping comments of song 37092136
Scraping lyric of song '37092136'
Scraping comments of song 5050653
Scraping lyric of song '5050653'
Scraping comments of song 4941327
Scraping lyric of song '4941327'
Scraping comments of song 5411051
Scraping lyric of song '5411051'
Scraping comments of song 4874557
Scraping lyric of song '4874557'
Scraping comments of song 26219099
Scraping lyric of song '26219099'
Scraping comments of song 4941318
Scraping lyric of song '4941318'
Scraping comments of song 29849548
Scraping lyric of song '29849548'
Scraping comments of song 5295357
Scraping lyric of song '5295357'
Scraping comments of song 538264
Scraping lyric of song '538264'
Scraping comments of song 4887362
Scraping lyric of song '4887362'
Scraping comments of song 28191029
Scraping lyric of song '28191029'
Scraping comments of song 29307786
Scraping lyric of song '29307786'
Scraping comments of song 29129030
Scraping lyric of song '29129030'
Scraping comments of song 401503
Scraping lyric of song '401503'
Scraping comments of song 32835132
Scraping lyric of song '32835132'
Scraping comments of song 1489019
Scraping lyric of song '1489019'
Scraping comments of song 5411050
Scraping lyric of song '5411050'
Scraping comments of song 5392484
Scraping lyric of song '5392484'
Scraping comments of song 5392483
Scraping lyric of song '5392483'
Scraping comments of song 5392482
Scraping lyric of song '5392482'
Scraping comments of song 5392480
Scraping lyric of song '5392480'
Scraping comments of song 5392472
Scraping lyric of song '5392472'
Scraping comments of song 5392458
Scraping lyric of song '5392458'
Scraping comments of song 32785320
Scraping lyric of song '32785320'
Scraping comments of song 32785308
Scraping lyric of song '32785308'
Scraping comments of song 26115483
Scraping lyric of song '26115483'
Scraping comments of song 36668781
Scraping lyric of song '36668781'
Scraping comments of song 36664860
Scraping lyric of song '36664860'
Scraping comments of song 36668779
Scraping lyric of song '36668779'
Scraping comments of song 36668295
Scraping lyric of song '36668295'
Scraping comments of song 29043323
Scraping lyric of song '29043323'
Scraping comments of song 29043321
Scraping lyric of song '29043321'
Scraping comments of song 29043320
Scraping lyric of song '29043320'
Scraping comments of song 29043343
Scraping lyric of song '29043343'
Scraping comments of song 5394661
Scraping lyric of song '5394661'
Scraping comments of song 5406215
Scraping lyric of song '5406215'
Scraping comments of song 5406165
Scraping lyric of song '5406165'
Scraping comments of song 26312338
Scraping lyric of song '26312338'
Scraping comments of song 4880757
Scraping lyric of song '4880757'
Scraping comments of song 4880748
Scraping lyric of song '4880748'
Scraping comments of song 4880746
Scraping lyric of song '4880746'
Scraping comments of song 5399657
Scraping lyric of song '5399657'
Scraping comments of song 5399668
Scraping lyric of song '5399668'
Scraping comments of song 5399650
Scraping lyric of song '5399650'
Scraping comments of song 5399647
Scraping lyric of song '5399647'
Scraping comments of song 5399646
Scraping lyric of song '5399646'
Scraping comments of song 5399645
Scraping lyric of song '5399645'
Scraping comments of song 5399655
Scraping lyric of song '5399655'
Scraping comments of song 36586748
Scraping lyric of song '36586748'
Scraping comments of song 36586749
Scraping lyric of song '36586749'
Scraping comments of song 36587718
Scraping lyric of song '36587718'
Scraping comments of song 36587717
Scraping lyric of song '36587717'
Scraping comments of song 36587716
Scraping lyric of song '36587716'
Scraping comments of song 36586742
Scraping lyric of song '36586742'
Scraping comments of song 36586741
Scraping lyric of song '36586741'
Scraping comments of song 535029
Scraping lyric of song '535029'
Scraping comments of song 535032
Scraping lyric of song '535032'
Scraping comments of song 5403151
Scraping lyric of song '5403151'
Scraping comments of song 5403162
Scraping lyric of song '5403162'
Scraping comments of song 5403159
Scraping lyric of song '5403159'
Scraping comments of song 5403150
Scraping lyric of song '5403150'
Scraping comments of song 5403163
Scraping lyric of song '5403163'
Scraping comments of song 4446964
Scraping lyric of song '4446964'
Scraping comments of song 4446973
Scraping lyric of song '4446973'
Scraping comments of song 22768475
Scraping lyric of song '22768475'
Scraping comments of song 5404654
Scraping lyric of song '5404654'
Scraping comments of song 5397581
Scraping lyric of song '5397581'
Scraping comments of song 5395141
Scraping lyric of song '5395141'
Scraping comments of song 34341254
Scraping lyric of song '34341254'
Scraping comments of song 36024725
Scraping lyric of song '36024725'
Scraping comments of song 36024723
Scraping lyric of song '36024723'
Scraping comments of song 36024722
Scraping lyric of song '36024722'
Scraping comments of song 5344060
Scraping lyric of song '5344060'
Scraping comments of song 32835125
Scraping lyric of song '32835125'
Scraping comments of song 5396815
Scraping lyric of song '5396815'
Scraping comments of song 5396801
Scraping lyric of song '5396801'
Scraping comments of song 32196950
Scraping lyric of song '32196950'
Scraping comments of song 32619375
Scraping lyric of song '32619375'
Scraping comments of song 32619374
Scraping lyric of song '32619374'
Scraping comments of song 32619373
Scraping lyric of song '32619373'
Scraping comments of song 32619371
Scraping lyric of song '32619371'
Scraping comments of song 32619364
Scraping lyric of song '32619364'
Scraping comments of song 32619362
Scraping lyric of song '32619362'
Scraping comments of song 32619357
Scraping lyric of song '32619357'
Scraping comments of song 32619354
Scraping lyric of song '32619354'
Scraping comments of song 32619351
Scraping lyric of song '32619351'
Scraping comments of song 32719351
Scraping lyric of song '32719351'
Scraping comments of song 32719348
Scraping lyric of song '32719348'
Scraping comments of song 34084953
Scraping lyric of song '34084953'
Scraping comments of song 35726440
Scraping lyric of song '35726440'
Scraping comments of song 35778280
Scraping lyric of song '35778280'
Scraping comments of song 33887655
Scraping lyric of song '33887655'
Scraping comments of song 33887643
Scraping lyric of song '33887643'
Scraping comments of song 33887656
Scraping lyric of song '33887656'
Scraping comments of song 33887669
Scraping lyric of song '33887669'
Scraping comments of song 33887651
Scraping lyric of song '33887651'
Scraping comments of song 35307004
Scraping lyric of song '35307004'
Scraping comments of song 35307005
Scraping lyric of song '35307005'
Scraping comments of song 35307006
Scraping lyric of song '35307006'
Scraping comments of song 5401783
Scraping lyric of song '5401783'
Scraping comments of song 28059428
Scraping lyric of song '28059428'
Scraping comments of song 5304912
Scraping lyric of song '5304912'
Scraping comments of song 30031448
Scraping lyric of song '30031448'
Scraping comments of song 30031446
Scraping lyric of song '30031446'
Scraping comments of song 30031445
Scraping lyric of song '30031445'
Scraping comments of song 30031444
Scraping lyric of song '30031444'
Scraping comments of song 30031443
Scraping lyric of song '30031443'
Scraping comments of song 30031433
Scraping lyric of song '30031433'
Scraping comments of song 30031435
Scraping lyric of song '30031435'
Scraping comments of song 30031422
Scraping lyric of song '30031422'
Scraping comments of song 30031421
Scraping lyric of song '30031421'
Scraping comments of song 30031432
Scraping lyric of song '30031432'
Scraping comments of song 28708586
Scraping lyric of song '28708586'
Scraping comments of song 28111457
Scraping lyric of song '28111457'
Scraping comments of song 26896105
Scraping lyric of song '26896105'
Scraping comments of song 31246451
Scraping lyric of song '31246451'
Scraping comments of song 31246449
Scraping lyric of song '31246449'
Scraping comments of song 31246446
Scraping lyric of song '31246446'
Scraping comments of song 31246436
Scraping lyric of song '31246436'
Scraping comments of song 29027728
Scraping lyric of song '29027728'
Scraping comments of song 29027727
Scraping lyric of song '29027727'
Scraping comments of song 29027726
Scraping lyric of song '29027726'
Scraping comments of song 29027716
Scraping lyric of song '29027716'
Scraping comments of song 29775030
Scraping lyric of song '29775030'
Scraping comments of song 28253303
Scraping lyric of song '28253303'
Scraping comments of song 28253312
Scraping lyric of song '28253312'
Scraping comments of song 28253304
Scraping lyric of song '28253304'
Scraping comments of song 28253305
Scraping lyric of song '28253305'
Scraping comments of song 28240839
Scraping lyric of song '28240839'
Scraping comments of song 27630801
Scraping lyric of song '27630801'
Scraping comments of song 28253302
Scraping lyric of song '28253302'
Scraping comments of song 27630800
Scraping lyric of song '27630800'
Scraping comments of song 28240418
Scraping lyric of song '28240418'
Scraping comments of song 28188080
Scraping lyric of song '28188080'
Scraping comments of song 26095760
Scraping lyric of song '26095760'
Scraping comments of song 5381329
Scraping lyric of song '5381329'
Scraping comments of song 5391721
Scraping lyric of song '5391721'
Scraping comments of song 5414356
Scraping lyric of song '5414356'
Scraping comments of song 5414362
Scraping lyric of song '5414362'
Scraping comments of song 5414349
Scraping lyric of song '5414349'
Scraping comments of song 29011143
Scraping lyric of song '29011143'
Scraping comments of song 4973433
Scraping lyric of song '4973433'
Scraping comments of song 29822338
Scraping lyric of song '29822338'
Scraping comments of song 29822361
Scraping lyric of song '29822361'
Scraping comments of song 29822360
Scraping lyric of song '29822360'
Scraping comments of song 31168901
Scraping lyric of song '31168901'
Scraping comments of song 759039
Scraping lyric of song '759039'
Scraping comments of song 758376
Scraping lyric of song '758376'
Scraping comments of song 758327
Scraping lyric of song '758327'
Scraping comments of song 758323
Scraping lyric of song '758323'
Scraping comments of song 758373
Scraping lyric of song '758373'
Scraping comments of song 758310
Scraping lyric of song '758310'
Scraping comments of song 758317
Scraping lyric of song '758317'
Scraping comments of song 758649
Scraping lyric of song '758649'
Scraping comments of song 758330
Scraping lyric of song '758330'
Scraping comments of song 35090617
Scraping lyric of song '35090617'
Scraping comments of song 28568187
Scraping lyric of song '28568187'
Scraping comments of song 28568184
Scraping lyric of song '28568184'
Scraping comments of song 28568181
Scraping lyric of song '28568181'
Scraping comments of song 28568180
Scraping lyric of song '28568180'
Scraping comments of song 28568179
Scraping lyric of song '28568179'
Scraping comments of song 28568186
Scraping lyric of song '28568186'
Scraping comments of song 26597019
Scraping lyric of song '26597019'
Scraping comments of song 184441
Scraping lyric of song '184441'
Scraping comments of song 29572610
Scraping lyric of song '29572610'
Scraping comments of song 29572625
Scraping lyric of song '29572625'
Scraping comments of song 29572614
Scraping lyric of song '29572614'
Scraping comments of song 29572623
Scraping lyric of song '29572623'
Scraping comments of song 27785833
Scraping lyric of song '27785833'
Scraping comments of song 27785826
Scraping lyric of song '27785826'
Scraping comments of song 27785823
Scraping lyric of song '27785823'
Scraping comments of song 27785825
Scraping lyric of song '27785825'
Scraping comments of song 30284438
Scraping lyric of song '30284438'
Scraping comments of song 30284430
Scraping lyric of song '30284430'
Scraping comments of song 30284423
Scraping lyric of song '30284423'
Scraping comments of song 30284419
Scraping lyric of song '30284419'
Scraping comments of song 30284417
Scraping lyric of song '30284417'
Scraping comments of song 30284413
Scraping lyric of song '30284413'
Scraping comments of song 5397656
Scraping lyric of song '5397656'
Scraping comments of song 28785339
Scraping lyric of song '28785339'
Scraping comments of song 28785337
Scraping lyric of song '28785337'
Scraping comments of song 28785334
Scraping lyric of song '28785334'
Scraping comments of song 28785392
Scraping lyric of song '28785392'
Scraping comments of song 28785388
Scraping lyric of song '28785388'
Scraping comments of song 28160329
Scraping lyric of song '28160329'
Scraping comments of song 28160330
Scraping lyric of song '28160330'
Scraping comments of song 28160292
Scraping lyric of song '28160292'
Scraping comments of song 223339
Scraping lyric of song '223339'
Scraping comments of song 27090975
Scraping lyric of song '27090975'
Scraping comments of song 26577335
Scraping lyric of song '26577335'
Scraping comments of song 33190279
Scraping lyric of song '33190279'
Scraping comments of song 26132018
Scraping lyric of song '26132018'
Scraping comments of song 27630746
Scraping lyric of song '27630746'
Scraping comments of song 29027545
Scraping lyric of song '29027545'
Scraping comments of song 30870288
Scraping lyric of song '30870288'
Scraping comments of song 1062642
Scraping lyric of song '1062642'
Scraping comments of song 5394689
Scraping lyric of song '5394689'
Scraping comments of song 25722038
Scraping lyric of song '25722038'
Scraping comments of song 5393457
Scraping lyric of song '5393457'
Scraping comments of song 5393452
Scraping lyric of song '5393452'
Scraping comments of song 5394255
Scraping lyric of song '5394255'
Scraping comments of song 5394254
Scraping lyric of song '5394254'
Scraping comments of song 25717057
Scraping lyric of song '25717057'
Scraping comments of song 25717058
Scraping lyric of song '25717058'
Scraping comments of song 25717059
Scraping lyric of song '25717059'
Scraping comments of song 25717061
Scraping lyric of song '25717061'
Scraping comments of song 28411382
Scraping lyric of song '28411382'
Scraping comments of song 28095607
Scraping lyric of song '28095607'
Scraping comments of song 28708585
Scraping lyric of song '28708585'
Scraping comments of song 28708587
Scraping lyric of song '28708587'
Scraping comments of song 32408649
Scraping lyric of song '32408649'
Scraping comments of song 32408647
Scraping lyric of song '32408647'
Scraping comments of song 32408641
Scraping lyric of song '32408641'
Scraping comments of song 32408639
Scraping lyric of song '32408639'
Scraping comments of song 32408638
Scraping lyric of song '32408638'
Scraping comments of song 32408636
Scraping lyric of song '32408636'
Scraping comments of song 32408635
Scraping lyric of song '32408635'
Scraping comments of song 32408644
Scraping lyric of song '32408644'
Scraping comments of song 4937828
Scraping lyric of song '4937828'
Scraping comments of song 4937827
Scraping lyric of song '4937827'
Scraping comments of song 4937823
Scraping lyric of song '4937823'
Scraping comments of song 4937814
Scraping lyric of song '4937814'
Scraping comments of song 4937813
Scraping lyric of song '4937813'
Scraping comments of song 22677874
Scraping lyric of song '22677874'
Scraping comments of song 28160299
Scraping lyric of song '28160299'
Scraping comments of song 22956421
Scraping lyric of song '22956421'
Scraping comments of song 22704402
Scraping lyric of song '22704402'
Scraping comments of song 22704441
Scraping lyric of song '22704441'
Scraping comments of song 22704468
Scraping lyric of song '22704468'
Scraping comments of song 5411042
Scraping lyric of song '5411042'
Scraping comments of song 29567381
Scraping lyric of song '29567381'
Scraping comments of song 28606305
Scraping lyric of song '28606305'
Scraping comments of song 27501172
Scraping lyric of song '27501172'
Scraping comments of song 28306659
Scraping lyric of song '28306659'
Scraping comments of song 4875030
Scraping lyric of song '4875030'
Scraping comments of song 4875027
Scraping lyric of song '4875027'
Scraping comments of song 185848
Scraping lyric of song '185848'
Scraping comments of song 185837
Scraping lyric of song '185837'
Scraping comments of song 307730
Scraping lyric of song '307730'
Scraping comments of song 4873266
Scraping lyric of song '4873266'
Scraping comments of song 28977546
Scraping lyric of song '28977546'
Scraping comments of song 28977551
Scraping lyric of song '28977551'
Scraping comments of song 28977566
Scraping lyric of song '28977566'
Scraping comments of song 28977568
Scraping lyric of song '28977568'
Scraping comments of song 461885
Scraping lyric of song '461885'
Scraping comments of song 461752
Scraping lyric of song '461752'
Scraping comments of song 461758
Scraping lyric of song '461758'
Scraping comments of song 461771
Scraping lyric of song '461771'
Scraping comments of song 28160324
Scraping lyric of song '28160324'
Scraping comments of song 4880518
Scraping lyric of song '4880518'
Scraping comments of song 4880558
Scraping lyric of song '4880558'
Scraping comments of song 500703
Scraping lyric of song '500703'
Scraping comments of song 500741
Scraping lyric of song '500741'
Scraping comments of song 22648193
Scraping lyric of song '22648193'
Scraping comments of song 110190
Scraping lyric of song '110190'
Scraping comments of song 28427614
Scraping lyric of song '28427614'
Scraping comments of song 28457443
Scraping lyric of song '28457443'
Scraping comments of song 28457457
Scraping lyric of song '28457457'
Scraping comments of song 28457460
Scraping lyric of song '28457460'
Scraping comments of song 28457462
Scraping lyric of song '28457462'
Scraping comments of song 28457466
Scraping lyric of song '28457466'
Scraping comments of song 28457473
Scraping lyric of song '28457473'
Scraping comments of song 28457474
Scraping lyric of song '28457474'
Scraping comments of song 28457433
Scraping lyric of song '28457433'
Scraping comments of song 28160731
Scraping lyric of song '28160731'
Scraping comments of song 28160737
Scraping lyric of song '28160737'
Scraping comments of song 28160738
Scraping lyric of song '28160738'
Scraping comments of song 28160742
Scraping lyric of song '28160742'
Scraping comments of song 28160708
Scraping lyric of song '28160708'
Scraping comments of song 28160707
Scraping lyric of song '28160707'
Scraping comments of song 28160705
Scraping lyric of song '28160705'
Scraping comments of song 28160698
Scraping lyric of song '28160698'
Scraping comments of song 28160697
Scraping lyric of song '28160697'
Scraping comments of song 28160696
Scraping lyric of song '28160696'
Scraping comments of song 31370120
Scraping lyric of song '31370120'
Scraping comments of song 28411054
Scraping lyric of song '28411054'
Scraping comments of song 28411045
Scraping lyric of song '28411045'
Scraping comments of song 28411041
Scraping lyric of song '28411041'
Scraping comments of song 28411038
Scraping lyric of song '28411038'
Scraping comments of song 34040011
Scraping lyric of song '34040011'
Scraping comments of song 34045888
Scraping lyric of song '34045888'
Scraping comments of song 32548186
Scraping lyric of song '32548186'
Scraping comments of song 4960542
Scraping lyric of song '4960542'
Scraping comments of song 4960481
Scraping lyric of song '4960481'
Scraping comments of song 4960478
Scraping lyric of song '4960478'
Scraping comments of song 4960496
Scraping lyric of song '4960496'
Scraping comments of song 26608483
Scraping lyric of song '26608483'
Scraping comments of song 26608480
Scraping lyric of song '26608480'
Scraping comments of song 26608473
Scraping lyric of song '26608473'
Scraping comments of song 26608466
Scraping lyric of song '26608466'
Scraping comments of song 30780390
Scraping lyric of song '30780390'
Scraping comments of song 30780396
Scraping lyric of song '30780396'
Scraping comments of song 30780398
Scraping lyric of song '30780398'
Scraping comments of song 30780401
Scraping lyric of song '30780401'
Scraping comments of song 30780402
Scraping lyric of song '30780402'
Scraping comments of song 30780403
Scraping lyric of song '30780403'
Scraping comments of song 30780404
Scraping lyric of song '30780404'
Scraping comments of song 30780407
Scraping lyric of song '30780407'
Scraping comments of song 30780411
Scraping lyric of song '30780411'
Scraping comments of song 5391400
Scraping lyric of song '5391400'
Scraping comments of song 5391405
Scraping lyric of song '5391405'
Scraping comments of song 5391393
Scraping lyric of song '5391393'
Scraping comments of song 28274141
Scraping lyric of song '28274141'
Scraping comments of song 28274149
Scraping lyric of song '28274149'
Scraping comments of song 28274136
Scraping lyric of song '28274136'
Scraping comments of song 784509
Scraping lyric of song '784509'
Scraping comments of song 784511
Scraping lyric of song '784511'
Scraping comments of song 784513
Scraping lyric of song '784513'
Scraping comments of song 784514
Scraping lyric of song '784514'
Scraping comments of song 784535
Scraping lyric of song '784535'
Scraping comments of song 784544
Scraping lyric of song '784544'
Scraping comments of song 784559
Scraping lyric of song '784559'
Scraping comments of song 784564
Scraping lyric of song '784564'
Scraping comments of song 5410282
Scraping lyric of song '5410282'
Scraping comments of song 5410285
Scraping lyric of song '5410285'
Scraping comments of song 5410286
Scraping lyric of song '5410286'
Scraping comments of song 5410288
Scraping lyric of song '5410288'
Scraping comments of song 5410289
Scraping lyric of song '5410289'
Scraping comments of song 28282698
Scraping lyric of song '28282698'
Scraping comments of song 28282701
Scraping lyric of song '28282701'
Scraping comments of song 28282711
Scraping lyric of song '28282711'
Scraping comments of song 28282704
Scraping lyric of song '28282704'
Song '4916109' dumps into database
Song '4916104' dumps into database
Song '27804237' dumps into database
Song '27804232' dumps into database
Song '27804224' dumps into database
Song '27804212' dumps into database
UNIQUE constraint failed: songs.id
  Duplicated ID: '27804212'
Trying to update tags of song '27804212'
Song '651675' dumps into database
Song '37092135' dumps into database
Song '37092136' dumps into database
Song '5050653' dumps into database
Song '4941327' dumps into database
Song '5411051' dumps into database
Song '4874557' dumps into database
Song '26219099' dumps into database
Song '4941318' dumps into database
Song '29849548' dumps into database
Song '5295357' dumps into database
Song '538264' dumps into database
Song '4887362' dumps into database
Song '28191029' dumps into database
Song '29307786' dumps into database
Song '29129030' dumps into database
Song '401503' dumps into database
Song '32835132' dumps into database
Song '1489019' dumps into database
Song '5411050' dumps into database
UNIQUE constraint failed: songs.id
  Duplicated ID: '5411050'
Trying to update tags of song '5411050'
Song '5392484' dumps into database
Song '5392483' dumps into database
Song '5392482' dumps into database
Song '5392480' dumps into database
Song '5392472' dumps into database
Song '5392458' dumps into database
Song '32785320' dumps into database
Song '32785308' dumps into database
Song '26115483' dumps into database
Song '36668781' dumps into database
Song '36664860' dumps into database
Song '36668779' dumps into database
Song '36668295' dumps into database
Song '29043323' dumps into database
Song '29043321' dumps into database
Song '29043320' dumps into database
Song '29043343' dumps into database
Song '5394661' dumps into database
Song '5406215' dumps into database
Song '5406165' dumps into database
Song '26312338' dumps into database
Song '4880757' dumps into database
Song '4880748' dumps into database
Song '4880746' dumps into database
Song '5399657' dumps into database
UNIQUE constraint failed: songs.id
  Duplicated ID: '5399657'
Trying to update tags of song '5399657'
Song '5399668' dumps into database
Song '5399650' dumps into database
Song '5399647' dumps into database
Song '5399646' dumps into database
UNIQUE constraint failed: songs.id
  Duplicated ID: '5399646'
Trying to update tags of song '5399646'
Song '5399645' dumps into database
Song '5399655' dumps into database
Song '36586748' dumps into database
Song '36586749' dumps into database
Song '36587718' dumps into database
Song '36587717' dumps into database
Song '36587716' dumps into database
Song '36586742' dumps into database
Song '36586741' dumps into database
Song '535029' dumps into database
UNIQUE constraint failed: songs.id
  Duplicated ID: '535029'
Trying to update tags of song '535029'
Song '535032' dumps into database
UNIQUE constraint failed: songs.id
  Duplicated ID: '535032'
Trying to update tags of song '535032'
Song '5403151' dumps into database
UNIQUE constraint failed: songs.id
  Duplicated ID: '5403151'
Trying to update tags of song '5403151'
Song '5403162' dumps into database
Song '5403159' dumps into database
Song '5403150' dumps into database
Song '5403163' dumps into database
Song '4446964' dumps into database
Song '4446973' dumps into database
Song '22768475' dumps into database
Song '5404654' dumps into database
Song '5397581' dumps into database
Song '5395141' dumps into database
Song '34341254' dumps into database
Song '36024725' dumps into database
Song '36024723' dumps into database
Song '36024722' dumps into database
Song '5344060' dumps into database
Song '32835125' dumps into database
Song '5396815' dumps into database
Song '5396801' dumps into database
Song '32196950' dumps into database
Song '32619375' dumps into database
Song '32619374' dumps into database
Song '32619373' dumps into database
Song '32619371' dumps into database
Song '32619364' dumps into database
Song '32619362' dumps into database
Song '32619357' dumps into database
Song '32619354' dumps into database
Song '32619351' dumps into database
Song '32719351' dumps into database
Song '32719348' dumps into database
Song '34084953' dumps into database
Song '35726440' dumps into database
Song '35778280' dumps into database
Song '33887655' dumps into database
Song '33887643' dumps into database
Song '33887656' dumps into database
Song '33887669' dumps into database
Song '33887651' dumps into database
Song '35307004' dumps into database
Song '35307005' dumps into database
Song '35307006' dumps into database
Song '5401783' dumps into database
Song '28059428' dumps into database
Song '5304912' dumps into database
Song '30031448' dumps into database
Song '30031446' dumps into database
Song '30031445' dumps into database
Song '30031444' dumps into database
Song '30031443' dumps into database
Song '30031433' dumps into database
Song '30031435' dumps into database
Song '30031422' dumps into database
Song '30031421' dumps into database
Song '30031432' dumps into database
Song '28708586' dumps into database
Song '28111457' dumps into database
Song '26896105' dumps into database
Song '31246451' dumps into database
Song '31246449' dumps into database
Song '31246446' dumps into database
Song '31246436' dumps into database
Song '29027728' dumps into database
Song '29027727' dumps into database
UNIQUE constraint failed: songs.id
  Duplicated ID: '29027727'
Trying to update tags of song '29027727'
Song '29027726' dumps into database
Song '29027716' dumps into database
Song '29775030' dumps into database
Song '28253303' dumps into database
Song '28253312' dumps into database
Song '28253304' dumps into database
Song '28253305' dumps into database
Song '28240839' dumps into database
Song '27630801' dumps into database
Song '28253302' dumps into database
Song '27630800' dumps into database
Song '28240418' dumps into database
Song '28188080' dumps into database
Song '26095760' dumps into database
Song '5381329' dumps into database
Song '5391721' dumps into database
Song '5414356' dumps into database
Song '5414362' dumps into database
Song '5414349' dumps into database
Song '29011143' dumps into database
Song '4973433' dumps into database
Song '29822338' dumps into database
Song '29822361' dumps into database
Song '29822360' dumps into database
Song '31168901' dumps into database
Song '759039' dumps into database
Song '758376' dumps into database
Song '758327' dumps into database
Song '758323' dumps into database
Song '758373' dumps into database
Song '758310' dumps into database
Song '758317' dumps into database
Song '758649' dumps into database
Song '758330' dumps into database
UNIQUE constraint failed: songs.id
  Duplicated ID: '758330'
Trying to update tags of song '758330'
Song '35090617' dumps into database
Song '28568187' dumps into database
Song '28568184' dumps into database
Song '28568181' dumps into database
Song '28568180' dumps into database
Song '28568179' dumps into database
Song '28568186' dumps into database
Song '26597019' dumps into database
UNIQUE constraint failed: songs.id
  Duplicated ID: '26597019'
Trying to update tags of song '26597019'
Song '184441' dumps into database
Song '29572610' dumps into database
Song '29572625' dumps into database
Song '29572614' dumps into database
Song '29572623' dumps into database
Song '27785833' dumps into database
Song '27785826' dumps into database
Song '27785823' dumps into database
Song '27785825' dumps into database
Song '30284438' dumps into database
UNIQUE constraint failed: songs.id
  Duplicated ID: '30284438'
Trying to update tags of song '30284438'
Song '30284430' dumps into database
UNIQUE constraint failed: songs.id
  Duplicated ID: '30284430'
Trying to update tags of song '30284430'
Song '30284423' dumps into database
UNIQUE constraint failed: songs.id
  Duplicated ID: '30284423'
Trying to update tags of song '30284423'
Song '30284419' dumps into database
UNIQUE constraint failed: songs.id
  Duplicated ID: '30284419'
Trying to update tags of song '30284419'
Song '30284417' dumps into database
Song '30284413' dumps into database
Song '5397656' dumps into database
Song '28785339' dumps into database
Song '28785337' dumps into database
Song '28785334' dumps into database
Song '28785392' dumps into database
Song '28785388' dumps into database
Song '28160329' dumps into database
UNIQUE constraint failed: songs.id
  Duplicated ID: '28160329'
Trying to update tags of song '28160329'
Song '28160330' dumps into database
Song '28160292' dumps into database
Song '223339' dumps into database
UNIQUE constraint failed: songs.id
  Duplicated ID: '223339'
Trying to update tags of song '223339'
Song '27090975' dumps into database
Song '26577335' dumps into database
UNIQUE constraint failed: songs.id
  Duplicated ID: '26577335'
Trying to update tags of song '26577335'
Song '33190279' dumps into database
UNIQUE constraint failed: songs.id
  Duplicated ID: '33190279'
Trying to update tags of song '33190279'
Song '26132018' dumps into database
Song '27630746' dumps into database
Song '29027545' dumps into database
Song '30870288' dumps into database
UNIQUE constraint failed: songs.id
  Duplicated ID: '30870288'
Trying to update tags of song '30870288'
Song '1062642' dumps into database
UNIQUE constraint failed: songs.id
  Duplicated ID: '1062642'
Trying to update tags of song '1062642'
Song '5394689' dumps into database
Song '25722038' dumps into database
Song '5393457' dumps into database
Song '5393452' dumps into database
Song '5394255' dumps into database
Song '5394254' dumps into database
Song '25717057' dumps into database
Song '25717058' dumps into database
Song '25717059' dumps into database
Song '25717061' dumps into database
Song '28411382' dumps into database
Song '28095607' dumps into database
Song '28708585' dumps into database
Song '28708587' dumps into database
Song '32408649' dumps into database
Song '32408647' dumps into database
Song '32408641' dumps into database
Song '32408639' dumps into database
Song '32408638' dumps into database
Song '32408636' dumps into database
Song '32408635' dumps into database
Song '32408644' dumps into database
Song '4937828' dumps into database
Song '4937827' dumps into database
Song '4937823' dumps into database
Song '4937814' dumps into database
Song '4937813' dumps into database
Song '22677874' dumps into database
Song '28160299' dumps into database
Song '22956421' dumps into database
Song '22704402' dumps into database
Song '22704441' dumps into database
Song '22704468' dumps into database
Song '5411042' dumps into database
Song '29567381' dumps into database
UNIQUE constraint failed: songs.id
  Duplicated ID: '29567381'
Trying to update tags of song '29567381'
Song '28606305' dumps into database
Song '27501172' dumps into database
Song '28306659' dumps into database
Song '4875030' dumps into database
Song '4875027' dumps into database
Song '185848' dumps into database
Song '185837' dumps into database
Song '307730' dumps into database
Song '4873266' dumps into database
Song '28977546' dumps into database
Song '28977551' dumps into database
Song '28977566' dumps into database
Song '28977568' dumps into database
Song '461885' dumps into database
Song '461752' dumps into database
Song '461758' dumps into database
Song '461771' dumps into database
UNIQUE constraint failed: songs.id
  Duplicated ID: '461771'
Trying to update tags of song '461771'
Song '28160324' dumps into database
UNIQUE constraint failed: songs.id
  Duplicated ID: '28160324'
Trying to update tags of song '28160324'
Song '4880518' dumps into database
Song '4880558' dumps into database
Song '500703' dumps into database
Song '500741' dumps into database
UNIQUE constraint failed: songs.id
  Duplicated ID: '500741'
Trying to update tags of song '500741'
Song '22648193' dumps into database
Song '110190' dumps into database
UNIQUE constraint failed: songs.id
  Duplicated ID: '110190'
Trying to update tags of song '110190'
Song '28427614' dumps into database
Song '28457443' dumps into database
Song '28457457' dumps into database
Song '28457460' dumps into database
Song '28457462' dumps into database
Song '28457466' dumps into database
Song '28457473' dumps into database
Song '28457474' dumps into database
Song '28457433' dumps into database
Song '28160731' dumps into database
Song '28160737' dumps into database
Song '28160738' dumps into database
Song '28160742' dumps into database
Song '28160708' dumps into database
Song '28160707' dumps into database
Song '28160705' dumps into database
Song '28160698' dumps into database
Song '28160697' dumps into database
Song '28160696' dumps into database
Song '31370120' dumps into database
Song '28411054' dumps into database
Song '28411045' dumps into database
Song '28411041' dumps into database
Song '28411038' dumps into database
Song '34040011' dumps into database
Song '34045888' dumps into database
Song '32548186' dumps into database
UNIQUE constraint failed: songs.id
  Duplicated ID: '32548186'
Trying to update tags of song '32548186'
Song '4960542' dumps into database
Song '4960481' dumps into database
Song '4960478' dumps into database
Song '4960496' dumps into database
UNIQUE constraint failed: songs.id
  Duplicated ID: '4960496'
Trying to update tags of song '4960496'
Song '26608483' dumps into database
Song '26608480' dumps into database
Song '26608473' dumps into database
UNIQUE constraint failed: songs.id
  Duplicated ID: '26608473'
Trying to update tags of song '26608473'
Song '26608466' dumps into database
Song '30780390' dumps into database
Song '30780396' dumps into database
UNIQUE constraint failed: songs.id
  Duplicated ID: '30780396'
Trying to update tags of song '30780396'
Song '30780398' dumps into database
Song '30780401' dumps into database
Song '30780402' dumps into database
Song '30780403' dumps into database
Song '30780404' dumps into database
Song '30780407' dumps into database
Song '30780411' dumps into database
Song '5391400' dumps into database
Song '5391405' dumps into database
Song '5391393' dumps into database
UNIQUE constraint failed: songs.id
  Duplicated ID: '5391393'
Trying to update tags of song '5391393'
Song '28274141' dumps into database
Song '28274149' dumps into database
Song '28274136' dumps into database
UNIQUE constraint failed: songs.id
  Duplicated ID: '28274136'
Trying to update tags of song '28274136'
Song '784509' dumps into database
Song '784511' dumps into database
UNIQUE constraint failed: songs.id
  Duplicated ID: '784511'
Trying to update tags of song '784511'
Song '784513' dumps into database
Song '784514' dumps into database
UNIQUE constraint failed: songs.id
  Duplicated ID: '784514'
Trying to update tags of song '784514'
Song '784535' dumps into database
Song '784544' dumps into database
Song '784559' dumps into database
Song '784564' dumps into database
Song '5410282' dumps into database
Song '5410285' dumps into database
Song '5410286' dumps into database
Song '5410288' dumps into database
Song '5410289' dumps into database
Song '28282698' dumps into database
Song '28282701' dumps into database
Song '28282711' dumps into database
Song '28282704' dumps into database

298 new songs added
33 tags of songs updated
