Scraping comments of song 128669
Scraping lyric of song '128669'
Scraping comments of song 28850481
Scraping lyric of song '28850481'
Scraping comments of song 27241558
Scraping lyric of song '27241558'
Scraping comments of song 21274655
Scraping lyric of song '21274655'
Scraping comments of song 2771984
Scraping lyric of song '2771984'
Scraping comments of song 2313544
Scraping lyric of song '2313544'
Scraping comments of song 21974794
Scraping lyric of song '21974794'
Scraping comments of song 3592494
Scraping lyric of song '3592494'
Scraping comments of song 18803200
Scraping lyric of song '18803200'
Scraping comments of song 3026369
Scraping lyric of song '3026369'
Scraping comments of song 101913
Scraping lyric of song '101913'
Scraping comments of song 17075871
Scraping lyric of song '17075871'
Scraping comments of song 2698075
Scraping lyric of song '2698075'
Scraping comments of song 95791
Scraping lyric of song '95791'
Scraping comments of song 443242
Scraping lyric of song '443242'
Scraping comments of song 25849538
Scraping lyric of song '25849538'
Scraping comments of song 555142
Scraping lyric of song '555142'
Scraping comments of song 17282443
Scraping lyric of song '17282443'
Scraping comments of song 4061364
Scraping lyric of song '4061364'
Scraping comments of song 492722
Scraping lyric of song '492722'
Scraping comments of song 3406379
Scraping lyric of song '3406379'
Scraping comments of song 1088797
Scraping lyric of song '1088797'
Scraping comments of song 21274643
Scraping lyric of song '21274643'
Scraping comments of song 357126
Scraping lyric of song '357126'
Scraping comments of song 22845457
Scraping lyric of song '22845457'
Scraping comments of song 1600454
Scraping lyric of song '1600454'
Scraping comments of song 128665
Scraping lyric of song '128665'
Scraping comments of song 20744075
Scraping lyric of song '20744075'
Scraping comments of song 16958959
Scraping lyric of song '16958959'
Scraping comments of song 26598520
Scraping lyric of song '26598520'
Scraping comments of song 677804
Scraping lyric of song '677804'
Scraping comments of song 3949444
Scraping lyric of song '3949444'
Scraping comments of song 28708061
Scraping lyric of song '28708061'
Scraping comments of song 5331930
Scraping lyric of song '5331930'
Scraping comments of song 4983856
Scraping lyric of song '4983856'
Scraping comments of song 16621540
Scraping lyric of song '16621540'
Scraping comments of song 20707571
Scraping lyric of song '20707571'
Scraping comments of song 3778194
Scraping lyric of song '3778194'
Scraping comments of song 27570832
Scraping lyric of song '27570832'
Scraping comments of song 406238
Scraping lyric of song '406238'
Scraping comments of song 5295207
Scraping lyric of song '5295207'
Scraping comments of song 5051245
Scraping lyric of song '5051245'
Scraping comments of song 29343764
Scraping lyric of song '29343764'
Scraping comments of song 5134011
Scraping lyric of song '5134011'
Scraping comments of song 5264829
Scraping lyric of song '5264829'
Scraping comments of song 3950105
Scraping lyric of song '3950105'
Scraping comments of song 4083478
Scraping lyric of song '4083478'
Scraping comments of song 26633698
Scraping lyric of song '26633698'
Scraping comments of song 27540404
Scraping lyric of song '27540404'
Scraping comments of song 25645594
Scraping lyric of song '25645594'
Scraping comments of song 34341349
Scraping lyric of song '34341349'
Scraping comments of song 21343559
Scraping lyric of song '21343559'
Scraping comments of song 4975665
Scraping lyric of song '4975665'
Scraping comments of song 2771069
Scraping lyric of song '2771069'
Scraping comments of song 27890932
Scraping lyric of song '27890932'
Scraping comments of song 818820
Scraping lyric of song '818820'
Scraping comments of song 17538867
Scraping lyric of song '17538867'
Scraping comments of song 540217
Scraping lyric of song '540217'
Scraping comments of song 3417004
Scraping lyric of song '3417004'
Scraping comments of song 1620506
Scraping lyric of song '1620506'
Scraping comments of song 17721274
Scraping lyric of song '17721274'
Scraping comments of song 21865897
Scraping lyric of song '21865897'
Scraping comments of song 28828074
Scraping lyric of song '28828074'
Scraping comments of song 3560369
Scraping lyric of song '3560369'
Scraping comments of song 86202
Scraping lyric of song '86202'
Scraping comments of song 26423116
Scraping lyric of song '26423116'
Scraping comments of song 22840606
Scraping lyric of song '22840606'
Scraping comments of song 3950909
Scraping lyric of song '3950909'
Scraping comments of song 779563
Scraping lyric of song '779563'
Scraping comments of song 5308028
Scraping lyric of song '5308028'
Scraping comments of song 28665224
Scraping lyric of song '28665224'
Scraping comments of song 4346391
Scraping lyric of song '4346391'
Scraping comments of song 3950924
Scraping lyric of song '3950924'
Scraping comments of song 3202157
Scraping lyric of song '3202157'
Scraping comments of song 29722263
Scraping lyric of song '29722263'
Scraping comments of song 26830525
Scraping lyric of song '26830525'
Scraping comments of song 110190
Scraping lyric of song '110190'
Scraping comments of song 25862794
Scraping lyric of song '25862794'
Scraping comments of song 3950882
Scraping lyric of song '3950882'
Scraping comments of song 1217823
Scraping lyric of song '1217823'
Scraping comments of song 2529459
Scraping lyric of song '2529459'
Scraping comments of song 406232
Scraping lyric of song '406232'
Scraping comments of song 149297
Scraping lyric of song '149297'
Scraping comments of song 110170
Scraping lyric of song '110170'
Scraping comments of song 656405
Scraping lyric of song '656405'
Scraping comments of song 27679051
Scraping lyric of song '27679051'
Song '128669' dumps into database
Song '28850481' dumps into database
Song '27241558' dumps into database
Song '21274655' dumps into database
Song '2771984' dumps into database
Song '2313544' dumps into database
Song '21974794' dumps into database
Song '3592494' dumps into database
Song '18803200' dumps into database
Song '3026369' dumps into database
Song '101913' dumps into database
Song '17075871' dumps into database
Song '2698075' dumps into database
Song '95791' dumps into database
Song '443242' dumps into database
Song '25849538' dumps into database
Song '555142' dumps into database
Song '17282443' dumps into database
Song '4061364' dumps into database
Song '492722' dumps into database
UNIQUE constraint failed: songs.id
  Duplicated ID: '492722'
Trying to update tags of song '492722'
Song '3406379' dumps into database
Song '1088797' dumps into database
Song '21274643' dumps into database
Song '357126' dumps into database
Song '22845457' dumps into database
Song '1600454' dumps into database
Song '128665' dumps into database
Song '20744075' dumps into database
Song '16958959' dumps into database
Song '26598520' dumps into database
Song '677804' dumps into database
Song '3949444' dumps into database
Song '28708061' dumps into database
Song '5331930' dumps into database
Song '4983856' dumps into database
Song '16621540' dumps into database
Song '20707571' dumps into database
Song '3778194' dumps into database
Song '27570832' dumps into database
Song '406238' dumps into database
Song '5295207' dumps into database
UNIQUE constraint failed: songs.id
  Duplicated ID: '5295207'
Trying to update tags of song '5295207'
Song '5051245' dumps into database
Song '29343764' dumps into database
Song '5134011' dumps into database
Song '5264829' dumps into database
Song '3950105' dumps into database
Song '4083478' dumps into database
Song '26633698' dumps into database
Song '27540404' dumps into database
Song '25645594' dumps into database
Song '34341349' dumps into database
Song '21343559' dumps into database
Song '4975665' dumps into database
Song '2771069' dumps into database
Song '27890932' dumps into database
Song '818820' dumps into database
Song '17538867' dumps into database
Song '540217' dumps into database
UNIQUE constraint failed: songs.id
  Duplicated ID: '540217'
Trying to update tags of song '540217'
Song '3417004' dumps into database
Song '1620506' dumps into database
Song '17721274' dumps into database
Song '21865897' dumps into database
Song '28828074' dumps into database
Song '3560369' dumps into database
Song '86202' dumps into database
Song '26423116' dumps into database
Song '22840606' dumps into database
UNIQUE constraint failed: songs.id
  Duplicated ID: '22840606'
Trying to update tags of song '22840606'
Song '3950909' dumps into database
Song '779563' dumps into database
UNIQUE constraint failed: songs.id
  Duplicated ID: '779563'
Trying to update tags of song '779563'
Song '5308028' dumps into database
Song '28665224' dumps into database
Song '4346391' dumps into database
Song '3950924' dumps into database
Song '3202157' dumps into database
Song '29722263' dumps into database
Song '26830525' dumps into database
Song '110190' dumps into database
UNIQUE constraint failed: songs.id
  Duplicated ID: '110190'
Trying to update tags of song '110190'
Song '25862794' dumps into database
Song '3950882' dumps into database
Song '1217823' dumps into database
Song '2529459' dumps into database
Song '406232' dumps into database
Song '149297' dumps into database
Song '110170' dumps into database
Song '656405' dumps into database
Song '27679051' dumps into database

80 new songs added
6 tags of songs updated
