Scraping comments of song 34880784
Scraping lyric of song '34880784'
Scraping comments of song 27969934
Scraping lyric of song '27969934'
Scraping comments of song 22816083
Scraping lyric of song '22816083'
Scraping comments of song 27488656
Scraping lyric of song '27488656'
Scraping comments of song 29829320
Scraping lyric of song '29829320'
Scraping comments of song 26215675
Scraping lyric of song '26215675'
Scraping comments of song 555186
Scraping lyric of song '555186'
Scraping comments of song 4924020
Scraping lyric of song '4924020'
Scraping comments of song 4924022
Scraping lyric of song '4924022'
Scraping comments of song 4933535
Scraping lyric of song '4933535'
Scraping comments of song 22774653
Scraping lyric of song '22774653'
Scraping comments of song 821348
Scraping lyric of song '821348'
Scraping comments of song 26434745
Scraping lyric of song '26434745'
Scraping comments of song 31967337
Scraping lyric of song '31967337'
Scraping comments of song 807155
Scraping lyric of song '807155'
Scraping comments of song 35779432
Scraping lyric of song '35779432'
Scraping comments of song 29027527
Scraping lyric of song '29027527'
Scraping comments of song 31365605
Scraping lyric of song '31365605'
Scraping comments of song 28684455
Scraping lyric of song '28684455'
Scraping comments of song 34045112
Scraping lyric of song '34045112'
Scraping comments of song 627171
Scraping lyric of song '627171'
Scraping comments of song 28048490
Scraping lyric of song '28048490'
Scraping comments of song 34078024
Scraping lyric of song '34078024'
Scraping comments of song 29027275
Scraping lyric of song '29027275'
Scraping comments of song 30621945
Scraping lyric of song '30621945'
Scraping comments of song 29775132
Scraping lyric of song '29775132'
Scraping comments of song 28547228
Scraping lyric of song '28547228'
Scraping comments of song 22823373
Scraping lyric of song '22823373'
Scraping comments of song 28387812
Scraping lyric of song '28387812'
Scraping comments of song 855370
Scraping lyric of song '855370'
Scraping comments of song 28191523
Scraping lyric of song '28191523'
Scraping comments of song 27955631
Scraping lyric of song '27955631'
Scraping comments of song 29713136
Scraping lyric of song '29713136'
Scraping comments of song 29027274
Scraping lyric of song '29027274'
Scraping comments of song 27637410
Scraping lyric of song '27637410'
Scraping comments of song 29027279
Scraping lyric of song '29027279'
Scraping comments of song 29027281
Scraping lyric of song '29027281'
Scraping comments of song 29950472
Scraping lyric of song '29950472'
Scraping comments of song 26109372
Scraping lyric of song '26109372'
Scraping comments of song 551829
Scraping lyric of song '551829'
Scraping comments of song 34916546
Scraping lyric of song '34916546'
Scraping comments of song 34916550
Scraping lyric of song '34916550'
Scraping comments of song 4921806
Scraping lyric of song '4921806'
Scraping comments of song 26115345
Scraping lyric of song '26115345'
Scraping comments of song 27637411
Scraping lyric of song '27637411'
Scraping comments of song 28059513
Scraping lyric of song '28059513'
Scraping comments of song 26220235
Scraping lyric of song '26220235'
Scraping comments of song 31680210
Scraping lyric of song '31680210'
Scraping comments of song 26454092
Scraping lyric of song '26454092'
Scraping comments of song 26343224
Scraping lyric of song '26343224'
Scraping comments of song 29583959
Scraping lyric of song '29583959'
Scraping comments of song 460638
Scraping lyric of song '460638'
Scraping comments of song 26115346
Scraping lyric of song '26115346'
Scraping comments of song 622535
Scraping lyric of song '622535'
Scraping comments of song 587552
Scraping lyric of song '587552'
Scraping comments of song 29744075
Scraping lyric of song '29744075'
Scraping comments of song 29764215
Scraping lyric of song '29764215'
Scraping comments of song 27901850
Scraping lyric of song '27901850'
Scraping comments of song 744642
Scraping lyric of song '744642'
Scraping comments of song 797336
Scraping lyric of song '797336'
Scraping comments of song 29822266
Scraping lyric of song '29822266'
Scraping comments of song 29822270
Scraping lyric of song '29822270'
Scraping comments of song 29107444
Scraping lyric of song '29107444'
Scraping comments of song 606451
Scraping lyric of song '606451'
Scraping comments of song 4923998
Scraping lyric of song '4923998'
Scraping comments of song 26126205
Scraping lyric of song '26126205'
Scraping comments of song 31260648
Scraping lyric of song '31260648'
Scraping comments of song 664175
Scraping lyric of song '664175'
Scraping comments of song 26620744
Scraping lyric of song '26620744'
Scraping comments of song 28455702
Scraping lyric of song '28455702'
Scraping comments of song 4924000
Scraping lyric of song '4924000'
Scraping comments of song 27853828
Scraping lyric of song '27853828'
Scraping comments of song 30841578
Scraping lyric of song '30841578'
Scraping comments of song 4979785
Scraping lyric of song '4979785'
Scraping comments of song 34916552
Scraping lyric of song '34916552'
Scraping comments of song 28341947
Scraping lyric of song '28341947'
Scraping comments of song 28723833
Scraping lyric of song '28723833'
Scraping comments of song 28723835
Scraping lyric of song '28723835'
Scraping comments of song 26399395
Scraping lyric of song '26399395'
Scraping comments of song 28892268
Scraping lyric of song '28892268'
Scraping comments of song 31352236
Scraping lyric of song '31352236'
Scraping comments of song 28287812
Scraping lyric of song '28287812'
Scraping comments of song 29738515
Scraping lyric of song '29738515'
Scraping comments of song 4917341
Scraping lyric of song '4917341'
Scraping comments of song 31062384
Scraping lyric of song '31062384'
Scraping comments of song 806218
Scraping lyric of song '806218'
Scraping comments of song 27540764
Scraping lyric of song '27540764'
Scraping comments of song 33211509
Scraping lyric of song '33211509'
Scraping comments of song 28578949
Scraping lyric of song '28578949'
Scraping comments of song 22651160
Scraping lyric of song '22651160'
Scraping comments of song 29848617
Scraping lyric of song '29848617'
Scraping comments of song 28403192
Scraping lyric of song '28403192'
Scraping comments of song 28240073
Scraping lyric of song '28240073'
Scraping comments of song 30841315
Scraping lyric of song '30841315'
Scraping comments of song 26218964
Scraping lyric of song '26218964'
Scraping comments of song 31311418
Scraping lyric of song '31311418'
Scraping comments of song 22657309
Scraping lyric of song '22657309'
Scraping comments of song 796989
Scraping lyric of song '796989'
Scraping comments of song 22658099
Scraping lyric of song '22658099'
Scraping comments of song 785391
Scraping lyric of song '785391'
Scraping comments of song 28211065
Scraping lyric of song '28211065'
Scraping comments of song 27506128
Scraping lyric of song '27506128'
Scraping comments of song 28547450
Scraping lyric of song '28547450'
Scraping comments of song 28854216
Scraping lyric of song '28854216'
Scraping comments of song 28838493
Scraping lyric of song '28838493'
Scraping comments of song 28838487
Scraping lyric of song '28838487'
Scraping comments of song 28593019
Scraping lyric of song '28593019'
Scraping comments of song 806016
Scraping lyric of song '806016'
Scraping comments of song 26131817
Scraping lyric of song '26131817'
Scraping comments of song 460528
Scraping lyric of song '460528'
Scraping comments of song 854729
Scraping lyric of song '854729'
Scraping comments of song 26386873
Scraping lyric of song '26386873'
Scraping comments of song 28160601
Scraping lyric of song '28160601'
Scraping comments of song 572048
Scraping lyric of song '572048'
Scraping comments of song 26125364
Scraping lyric of song '26125364'
Scraping comments of song 26093677
Scraping lyric of song '26093677'
Scraping comments of song 22796977
Scraping lyric of song '22796977'
Scraping comments of song 617488
Scraping lyric of song '617488'
Scraping comments of song 31185076
Scraping lyric of song '31185076'
Scraping comments of song 31587414
Scraping lyric of song '31587414'
Scraping comments of song 29444540
Scraping lyric of song '29444540'
Scraping comments of song 607186
Scraping lyric of song '607186'
Scraping comments of song 22657306
Scraping lyric of song '22657306'
Scraping comments of song 797041
Scraping lyric of song '797041'
Scraping comments of song 27562947
Scraping lyric of song '27562947'
Scraping comments of song 28524862
Scraping lyric of song '28524862'
Scraping comments of song 834382
Scraping lyric of song '834382'
Scraping comments of song 797306
Scraping lyric of song '797306'
Scraping comments of song 31426096
Scraping lyric of song '31426096'
Scraping comments of song 32235735
Scraping lyric of song '32235735'
Scraping comments of song 29761127
Scraping lyric of song '29761127'
Scraping comments of song 28461056
Scraping lyric of song '28461056'
Scraping comments of song 29046094
Scraping lyric of song '29046094'
Scraping comments of song 28126674
Scraping lyric of song '28126674'
Scraping comments of song 29771045
Scraping lyric of song '29771045'
Scraping comments of song 31185083
Scraping lyric of song '31185083'
Scraping comments of song 28629028
Scraping lyric of song '28629028'
Scraping comments of song 28949449
Scraping lyric of song '28949449'
Scraping comments of song 28987773
Scraping lyric of song '28987773'
Scraping comments of song 27770091
Scraping lyric of song '27770091'
Scraping comments of song 31721034
Scraping lyric of song '31721034'
Scraping comments of song 29047355
Scraping lyric of song '29047355'
Scraping comments of song 585338
Scraping lyric of song '585338'
Scraping comments of song 26279806
Scraping lyric of song '26279806'
Scraping comments of song 29393753
Scraping lyric of song '29393753'
Scraping comments of song 32288514
Scraping lyric of song '32288514'
Scraping comments of song 812436
Scraping lyric of song '812436'
Scraping comments of song 34528319
Scraping lyric of song '34528319'
Scraping comments of song 28411073
Scraping lyric of song '28411073'
Scraping comments of song 26565979
Scraping lyric of song '26565979'
Scraping comments of song 32432447
Scraping lyric of song '32432447'
Scraping comments of song 28118199
Scraping lyric of song '28118199'
Scraping comments of song 28468251
Scraping lyric of song '28468251'
Scraping comments of song 32640303
Scraping lyric of song '32640303'
Scraping comments of song 32288516
Scraping lyric of song '32288516'
Scraping comments of song 29165339
Scraping lyric of song '29165339'
Scraping comments of song 27927604
Scraping lyric of song '27927604'
Scraping comments of song 29822662
Scraping lyric of song '29822662'
Song '34880784' dumps into database
Song '27969934' dumps into database
Song '22816083' dumps into database
Song '27488656' dumps into database
Song '29829320' dumps into database
Song '26215675' dumps into database
Song '555186' dumps into database
Song '4924020' dumps into database
Song '4924022' dumps into database
Song '4933535' dumps into database
Song '22774653' dumps into database
Song '821348' dumps into database
Song '26434745' dumps into database
UNIQUE constraint failed: songs.id
  Duplicated ID: '26434745'
Trying to update tags of song '26434745'
Song '31967337' dumps into database
Song '807155' dumps into database
Song '35779432' dumps into database
Song '29027527' dumps into database
Song '31365605' dumps into database
Song '28684455' dumps into database
Song '34045112' dumps into database
Song '627171' dumps into database
Song '28048490' dumps into database
Song '34078024' dumps into database
Song '29027275' dumps into database
Song '30621945' dumps into database
Song '29775132' dumps into database
Song '28547228' dumps into database
Song '22823373' dumps into database
UNIQUE constraint failed: songs.id
  Duplicated ID: '22823373'
Trying to update tags of song '22823373'
Song '28387812' dumps into database
Song '855370' dumps into database
Song '28191523' dumps into database
Song '27955631' dumps into database
UNIQUE constraint failed: songs.id
  Duplicated ID: '27955631'
Trying to update tags of song '27955631'
Song '29713136' dumps into database
Song '29027274' dumps into database
Song '27637410' dumps into database
UNIQUE constraint failed: songs.id
  Duplicated ID: '27637410'
Trying to update tags of song '27637410'
Song '29027279' dumps into database
Song '29027281' dumps into database
Song '29950472' dumps into database
Song '26109372' dumps into database
Song '551829' dumps into database
Song '34916546' dumps into database
Song '34916550' dumps into database
Song '4921806' dumps into database
Song '26115345' dumps into database
Song '27637411' dumps into database
Song '28059513' dumps into database
Song '26220235' dumps into database
Song '31680210' dumps into database
Song '26454092' dumps into database
Song '26343224' dumps into database
Song '29583959' dumps into database
Song '460638' dumps into database
UNIQUE constraint failed: songs.id
  Duplicated ID: '460638'
Trying to update tags of song '460638'
Song '26115346' dumps into database
Song '622535' dumps into database
Song '587552' dumps into database
Song '29744075' dumps into database
Song '29764215' dumps into database
UNIQUE constraint failed: songs.id
  Duplicated ID: '29764215'
Trying to update tags of song '29764215'
Song '27901850' dumps into database
Song '744642' dumps into database
Song '797336' dumps into database
UNIQUE constraint failed: songs.id
  Duplicated ID: '797336'
Trying to update tags of song '797336'
Song '29822266' dumps into database
UNIQUE constraint failed: songs.id
  Duplicated ID: '29822266'
Trying to update tags of song '29822266'
Song '29822270' dumps into database
Song '29107444' dumps into database
Song '606451' dumps into database
Song '4923998' dumps into database
Song '26126205' dumps into database
Song '31260648' dumps into database
Song '664175' dumps into database
Song '26620744' dumps into database
UNIQUE constraint failed: songs.id
  Duplicated ID: '26620744'
Trying to update tags of song '26620744'
Song '28455702' dumps into database
Song '4924000' dumps into database
Song '27853828' dumps into database
Song '30841578' dumps into database
Song '4979785' dumps into database
Song '34916552' dumps into database
Song '28341947' dumps into database
Song '28723833' dumps into database
Song '28723835' dumps into database
Song '26399395' dumps into database
Song '28892268' dumps into database
Song '31352236' dumps into database
Song '28287812' dumps into database
Song '29738515' dumps into database
Song '4917341' dumps into database
Song '31062384' dumps into database
Song '806218' dumps into database
Song '27540764' dumps into database
Song '33211509' dumps into database
Song '28578949' dumps into database
Song '22651160' dumps into database
Song '29848617' dumps into database
Song '28403192' dumps into database
Song '28240073' dumps into database
Song '30841315' dumps into database
Song '26218964' dumps into database
UNIQUE constraint failed: songs.id
  Duplicated ID: '26218964'
Trying to update tags of song '26218964'
Song '31311418' dumps into database
UNIQUE constraint failed: songs.id
  Duplicated ID: '31311418'
Trying to update tags of song '31311418'
Song '22657309' dumps into database
Song '796989' dumps into database
Song '22658099' dumps into database
Song '785391' dumps into database
Song '28211065' dumps into database
Song '27506128' dumps into database
UNIQUE constraint failed: songs.id
  Duplicated ID: '27506128'
Trying to update tags of song '27506128'
Song '28547450' dumps into database
Song '28854216' dumps into database
Song '28838493' dumps into database
Song '28838487' dumps into database
UNIQUE constraint failed: songs.id
  Duplicated ID: '28838487'
Trying to update tags of song '28838487'
Song '28593019' dumps into database
Song '806016' dumps into database
Song '26131817' dumps into database
UNIQUE constraint failed: songs.id
  Duplicated ID: '26131817'
Trying to update tags of song '26131817'
Song '460528' dumps into database
UNIQUE constraint failed: songs.id
  Duplicated ID: '460528'
Trying to update tags of song '460528'
Song '854729' dumps into database
UNIQUE constraint failed: songs.id
  Duplicated ID: '854729'
Trying to update tags of song '854729'
Song '26386873' dumps into database
Song '28160601' dumps into database
UNIQUE constraint failed: songs.id
  Duplicated ID: '28160601'
Trying to update tags of song '28160601'
Song '572048' dumps into database
UNIQUE constraint failed: songs.id
  Duplicated ID: '572048'
Trying to update tags of song '572048'
Song '26125364' dumps into database
Song '26093677' dumps into database
Song '22796977' dumps into database
Song '617488' dumps into database
Song '31185076' dumps into database
Song '31587414' dumps into database
Song '29444540' dumps into database
Song '607186' dumps into database
Song '22657306' dumps into database
Song '797041' dumps into database
Song '27562947' dumps into database
Song '28524862' dumps into database
Song '834382' dumps into database
Song '797306' dumps into database
Song '31426096' dumps into database
UNIQUE constraint failed: songs.id
  Duplicated ID: '31426096'
Trying to update tags of song '31426096'
Song '32235735' dumps into database
Song '29761127' dumps into database
Song '28461056' dumps into database
Song '29046094' dumps into database
Song '28126674' dumps into database
Song '29771045' dumps into database
Song '31185083' dumps into database
UNIQUE constraint failed: songs.id
  Duplicated ID: '31185083'
Trying to update tags of song '31185083'
Song '28629028' dumps into database
Song '28949449' dumps into database
Song '28987773' dumps into database
Song '27770091' dumps into database
Song '31721034' dumps into database
UNIQUE constraint failed: songs.id
  Duplicated ID: '31721034'
Trying to update tags of song '31721034'
Song '29047355' dumps into database
UNIQUE constraint failed: songs.id
  Duplicated ID: '29047355'
Trying to update tags of song '29047355'
Song '585338' dumps into database
UNIQUE constraint failed: songs.id
  Duplicated ID: '585338'
Trying to update tags of song '585338'
Song '26279806' dumps into database
Song '29393753' dumps into database
UNIQUE constraint failed: songs.id
  Duplicated ID: '29393753'
Trying to update tags of song '29393753'
Song '32288514' dumps into database
Song '812436' dumps into database
Song '34528319' dumps into database
Song '28411073' dumps into database
Song '26565979' dumps into database
Song '32432447' dumps into database
Song '28118199' dumps into database
UNIQUE constraint failed: songs.id
  Duplicated ID: '28118199'
Trying to update tags of song '28118199'
Song '28468251' dumps into database
UNIQUE constraint failed: songs.id
  Duplicated ID: '28468251'
Trying to update tags of song '28468251'
Song '32640303' dumps into database
Song '32288516' dumps into database
Song '29165339' dumps into database
Song '27927604' dumps into database
Song '29822662' dumps into database

132 new songs added
26 tags of songs updated
