Scraping comments of song 19182323
Scraping lyric of song '19182323'
Scraping comments of song 29750825
Scraping lyric of song '29750825'
Scraping comments of song 19497995
Scraping lyric of song '19497995'
Scraping comments of song 28844472
Scraping lyric of song '28844472'
Scraping comments of song 29437944
Scraping lyric of song '29437944'
Scraping comments of song 26574131
Scraping lyric of song '26574131'
Scraping comments of song 27552707
Scraping lyric of song '27552707'
Scraping comments of song 27893560
Scraping lyric of song '27893560'
Scraping comments of song 27566253
Scraping lyric of song '27566253'
Scraping comments of song 5406749
Scraping lyric of song '5406749'
Scraping comments of song 29401173
Scraping lyric of song '29401173'
Scraping comments of song 5358177
Scraping lyric of song '5358177'
Scraping comments of song 18374833
Scraping lyric of song '18374833'
Scraping comments of song 18374834
Scraping lyric of song '18374834'
Scraping comments of song 4108623
Scraping lyric of song '4108623'
Scraping comments of song 3313432
Scraping lyric of song '3313432'
Scraping comments of song 1807813
Scraping lyric of song '1807813'
Scraping comments of song 33891769
Scraping lyric of song '33891769'
Scraping comments of song 18210636
Scraping lyric of song '18210636'
Scraping comments of song 1066331
Scraping lyric of song '1066331'
Scraping comments of song 21267189
Scraping lyric of song '21267189'
Scraping comments of song 32174082
Scraping lyric of song '32174082'
Scraping comments of song 32835377
Scraping lyric of song '32835377'
Scraping comments of song 5374141
Scraping lyric of song '5374141'
Scraping comments of song 28191871
Scraping lyric of song '28191871'
Scraping comments of song 27704763
Scraping lyric of song '27704763'
Scraping comments of song 28282082
Scraping lyric of song '28282082'
Scraping comments of song 30590170
Scraping lyric of song '30590170'
Scraping comments of song 25714146
Scraping lyric of song '25714146'
Scraping comments of song 25721075
Scraping lyric of song '25721075'
Scraping comments of song 32574252
Scraping lyric of song '32574252'
Scraping comments of song 33255273
Scraping lyric of song '33255273'
Scraping comments of song 18680851
Scraping lyric of song '18680851'
Scraping comments of song 27514236
Scraping lyric of song '27514236'
Scraping comments of song 17565996
Scraping lyric of song '17565996'
Scraping comments of song 4039557
Scraping lyric of song '4039557'
Scraping comments of song 16532462
Scraping lyric of song '16532462'
Scraping comments of song 30706076
Scraping lyric of song '30706076'
Scraping comments of song 29357181
Scraping lyric of song '29357181'
Scraping comments of song 5410508
Scraping lyric of song '5410508'
Scraping comments of song 4380582
Scraping lyric of song '4380582'
Scraping comments of song 27571335
Scraping lyric of song '27571335'
Scraping comments of song 3159053
Scraping lyric of song '3159053'
Scraping comments of song 5406753
Scraping lyric of song '5406753'
Scraping comments of song 17793698
Scraping lyric of song '17793698'
Scraping comments of song 5129498
Scraping lyric of song '5129498'
Scraping comments of song 18602365
Scraping lyric of song '18602365'
Scraping comments of song 2313905
Scraping lyric of song '2313905'
Scraping comments of song 28310702
Scraping lyric of song '28310702'
Scraping comments of song 28013157
Scraping lyric of song '28013157'
Scraping comments of song 1491585
Scraping lyric of song '1491585'
Scraping comments of song 35539156
Scraping lyric of song '35539156'
Scraping comments of song 1614844
Scraping lyric of song '1614844'
Scraping comments of song 3407088
Scraping lyric of song '3407088'
Scraping comments of song 439790
Scraping lyric of song '439790'
Scraping comments of song 26372969
Scraping lyric of song '26372969'
Scraping comments of song 26620875
Scraping lyric of song '26620875'
Scraping comments of song 18585284
Scraping lyric of song '18585284'
Scraping comments of song 17423740
Scraping lyric of song '17423740'
Scraping comments of song 26511658
Scraping lyric of song '26511658'
Scraping comments of song 29498914
Scraping lyric of song '29498914'
Scraping comments of song 17106314
Scraping lyric of song '17106314'
Scraping comments of song 18602363
Scraping lyric of song '18602363'
Scraping comments of song 21301195
Scraping lyric of song '21301195'
Scraping comments of song 28920011
Scraping lyric of song '28920011'
Scraping comments of song 18212701
Scraping lyric of song '18212701'
Scraping comments of song 19500298
Scraping lyric of song '19500298'
Scraping comments of song 22832512
Scraping lyric of song '22832512'
Scraping comments of song 2786189
Scraping lyric of song '2786189'
Scraping comments of song 25657282
Scraping lyric of song '25657282'
Scraping comments of song 1710127
Scraping lyric of song '1710127'
Scraping comments of song 3025989
Scraping lyric of song '3025989'
Scraping comments of song 27526263
Scraping lyric of song '27526263'
Scraping comments of song 2700760
Scraping lyric of song '2700760'
Scraping comments of song 29723011
Scraping lyric of song '29723011'
Scraping comments of song 24615856
Scraping lyric of song '24615856'
Scraping comments of song 32019819
Scraping lyric of song '32019819'
Scraping comments of song 16149488
Scraping lyric of song '16149488'
Scraping comments of song 3027556
Scraping lyric of song '3027556'
Scraping comments of song 26305819
Scraping lyric of song '26305819'
Scraping comments of song 28643277
Scraping lyric of song '28643277'
Scraping comments of song 29775253
Scraping lyric of song '29775253'
Scraping comments of song 26528967
Scraping lyric of song '26528967'
Scraping comments of song 21224493
Scraping lyric of song '21224493'
Scraping comments of song 21253900
Scraping lyric of song '21253900'
Scraping comments of song 28814036
Scraping lyric of song '28814036'
Scraping comments of song 2586226
Scraping lyric of song '2586226'
Scraping comments of song 4164317
Scraping lyric of song '4164317'
Scraping comments of song 25882975
Scraping lyric of song '25882975'
Scraping comments of song 34341662
Scraping lyric of song '34341662'
Scraping comments of song 27812406
Scraping lyric of song '27812406'
Scraping comments of song 3114535
Scraping lyric of song '3114535'
Scraping comments of song 3158151
Scraping lyric of song '3158151'
Scraping comments of song 3918269
Scraping lyric of song '3918269'
Scraping comments of song 33991631
Scraping lyric of song '33991631'
Scraping comments of song 2311279
Scraping lyric of song '2311279'
Scraping comments of song 19572271
Scraping lyric of song '19572271'
Scraping comments of song 26508116
Scraping lyric of song '26508116'
Scraping comments of song 1704677
Scraping lyric of song '1704677'
Scraping comments of song 17753288
Scraping lyric of song '17753288'
Scraping comments of song 18836961
Scraping lyric of song '18836961'
Scraping comments of song 3043205
Scraping lyric of song '3043205'
Scraping comments of song 26515317
Scraping lyric of song '26515317'
Scraping comments of song 1646138
Scraping lyric of song '1646138'
Scraping comments of song 16427304
Scraping lyric of song '16427304'
Scraping comments of song 21224497
Scraping lyric of song '21224497'
Scraping comments of song 19521124
Scraping lyric of song '19521124'
Scraping comments of song 3159615
Scraping lyric of song '3159615'
Scraping comments of song 4279440
Scraping lyric of song '4279440'
Scraping comments of song 21572439
Scraping lyric of song '21572439'
Scraping comments of song 18556941
Scraping lyric of song '18556941'
Scraping comments of song 2429134
Scraping lyric of song '2429134'
Scraping comments of song 17079932
Scraping lyric of song '17079932'
Scraping comments of song 2118992
Scraping lyric of song '2118992'
Scraping comments of song 779563
Scraping lyric of song '779563'
Scraping comments of song 3157058
Scraping lyric of song '3157058'
Scraping comments of song 29728420
Scraping lyric of song '29728420'
Scraping comments of song 19094999
Scraping lyric of song '19094999'
Song '19182323' dumps into database
Song '29750825' dumps into database
Song '19497995' dumps into database
Song '28844472' dumps into database
Song '29437944' dumps into database
Song '26574131' dumps into database
Song '27552707' dumps into database
Song '27893560' dumps into database
Song '27566253' dumps into database
Song '5406749' dumps into database
Song '29401173' dumps into database
Song '5358177' dumps into database
Song '18374833' dumps into database
Song '18374834' dumps into database
Song '4108623' dumps into database
Song '3313432' dumps into database
Song '1807813' dumps into database
Song '33891769' dumps into database
Song '18210636' dumps into database
Song '1066331' dumps into database
Song '21267189' dumps into database
Song '32174082' dumps into database
Song '32835377' dumps into database
Song '5374141' dumps into database
Song '28191871' dumps into database
Song '27704763' dumps into database
Song '28282082' dumps into database
Song '30590170' dumps into database
Song '25714146' dumps into database
Song '25721075' dumps into database
Song '32574252' dumps into database
Song '33255273' dumps into database
Song '18680851' dumps into database
Song '27514236' dumps into database
Song '17565996' dumps into database
Song '4039557' dumps into database
Song '16532462' dumps into database
Song '30706076' dumps into database
Song '29357181' dumps into database
Song '5410508' dumps into database
Song '4380582' dumps into database
Song '27571335' dumps into database
Song '3159053' dumps into database
Song '5406753' dumps into database
Song '17793698' dumps into database
Song '5129498' dumps into database
Song '18602365' dumps into database
Song '2313905' dumps into database
Song '28310702' dumps into database
Song '28013157' dumps into database
Song '1491585' dumps into database
Song '35539156' dumps into database
Song '1614844' dumps into database
Song '3407088' dumps into database
Song '439790' dumps into database
Song '26372969' dumps into database
Song '26620875' dumps into database
Song '18585284' dumps into database
Song '17423740' dumps into database
Song '26511658' dumps into database
Song '29498914' dumps into database
Song '17106314' dumps into database
Song '18602363' dumps into database
Song '21301195' dumps into database
Song '28920011' dumps into database
Song '18212701' dumps into database
Song '19500298' dumps into database
UNIQUE constraint failed: songs.id
  Duplicated ID: '19500298'
Trying to update tags of song '19500298'
Song '22832512' dumps into database
Song '2786189' dumps into database
Song '25657282' dumps into database
Song '1710127' dumps into database
Song '3025989' dumps into database
Song '27526263' dumps into database
Song '2700760' dumps into database
Song '29723011' dumps into database
Song '24615856' dumps into database
Song '32019819' dumps into database
Song '16149488' dumps into database
Song '3027556' dumps into database
Song '26305819' dumps into database
Song '28643277' dumps into database
Song '29775253' dumps into database
Song '26528967' dumps into database
Song '21224493' dumps into database
Song '21253900' dumps into database
Song '28814036' dumps into database
Song '2586226' dumps into database
Song '4164317' dumps into database
Song '25882975' dumps into database
Song '34341662' dumps into database
Song '27812406' dumps into database
Song '3114535' dumps into database
Song '3158151' dumps into database
Song '3918269' dumps into database
Song '33991631' dumps into database
Song '2311279' dumps into database
Song '19572271' dumps into database
Song '26508116' dumps into database
Song '1704677' dumps into database
Song '17753288' dumps into database
Song '18836961' dumps into database
Song '3043205' dumps into database
Song '26515317' dumps into database
Song '1646138' dumps into database
Song '16427304' dumps into database
Song '21224497' dumps into database
Song '19521124' dumps into database
Song '3159615' dumps into database
Song '4279440' dumps into database
Song '21572439' dumps into database
Song '18556941' dumps into database
Song '2429134' dumps into database
Song '17079932' dumps into database
Song '2118992' dumps into database
Song '779563' dumps into database
Song '3157058' dumps into database
Song '29728420' dumps into database
Song '19094999' dumps into database

117 new songs added
1 tags of songs updated
