Scraping comments of song 559582
Scraping lyric of song '559582'
Scraping comments of song 28285253
Scraping lyric of song '28285253'
Scraping comments of song 28285282
Scraping lyric of song '28285282'
Scraping comments of song 26380300
Scraping lyric of song '26380300'
Scraping comments of song 555292
Scraping lyric of song '555292'
Scraping comments of song 608130
Scraping lyric of song '608130'
Scraping comments of song 26212208
Scraping lyric of song '26212208'
Scraping comments of song 28281600
Scraping lyric of song '28281600'
Scraping comments of song 571947
Scraping lyric of song '571947'
Scraping comments of song 663773
Scraping lyric of song '663773'
Scraping comments of song 4919449
Scraping lyric of song '4919449'
Scraping comments of song 571950
Scraping lyric of song '571950'
Scraping comments of song 26447596
Scraping lyric of song '26447596'
Scraping comments of song 27955631
Scraping lyric of song '27955631'
Scraping comments of song 26125629
Scraping lyric of song '26125629'
Scraping comments of song 28411270
Scraping lyric of song '28411270'
Scraping comments of song 4919445
Scraping lyric of song '4919445'
Scraping comments of song 22760367
Scraping lyric of song '22760367'
Scraping comments of song 22790906
Scraping lyric of song '22790906'
Scraping comments of song 26113319
Scraping lyric of song '26113319'
Scraping comments of song 22716829
Scraping lyric of song '22716829'
Scraping comments of song 781134
Scraping lyric of song '781134'
Scraping comments of song 26434745
Scraping lyric of song '26434745'
Scraping comments of song 28160601
Scraping lyric of song '28160601'
Scraping comments of song 26341141
Scraping lyric of song '26341141'
Scraping comments of song 26209739
Scraping lyric of song '26209739'
Scraping comments of song 27637410
Scraping lyric of song '27637410'
Scraping comments of song 599727
Scraping lyric of song '599727'
Scraping comments of song 28234488
Scraping lyric of song '28234488'
Scraping comments of song 28256219
Scraping lyric of song '28256219'
Scraping comments of song 27713143
Scraping lyric of song '27713143'
Scraping comments of song 28234485
Scraping lyric of song '28234485'
Scraping comments of song 22762955
Scraping lyric of song '22762955'
Scraping comments of song 578355
Scraping lyric of song '578355'
Scraping comments of song 579779
Scraping lyric of song '579779'
Scraping comments of song 22818776
Scraping lyric of song '22818776'
Scraping comments of song 873263
Scraping lyric of song '873263'
Scraping comments of song 22808894
Scraping lyric of song '22808894'
Scraping comments of song 22660295
Scraping lyric of song '22660295'
Scraping comments of song 22751612
Scraping lyric of song '22751612'
Scraping comments of song 797336
Scraping lyric of song '797336'
Scraping comments of song 28050613
Scraping lyric of song '28050613'
Scraping comments of song 26383331
Scraping lyric of song '26383331'
Scraping comments of song 600520
Scraping lyric of song '600520'
Scraping comments of song 26089325
Scraping lyric of song '26089325'
Scraping comments of song 599737
Scraping lyric of song '599737'
Scraping comments of song 27733894
Scraping lyric of song '27733894'
Scraping comments of song 22816082
Scraping lyric of song '22816082'
Scraping comments of song 28431205
Scraping lyric of song '28431205'
Scraping comments of song 28660245
Scraping lyric of song '28660245'
Scraping comments of song 590497
Scraping lyric of song '590497'
Scraping comments of song 656695
Scraping lyric of song '656695'
Scraping comments of song 26219903
Scraping lyric of song '26219903'
Scraping comments of song 26111817
Scraping lyric of song '26111817'
Scraping comments of song 4944257
Scraping lyric of song '4944257'
Scraping comments of song 4949087
Scraping lyric of song '4949087'
Scraping comments of song 859470
Scraping lyric of song '859470'
Scraping comments of song 26096316
Scraping lyric of song '26096316'
Scraping comments of song 855040
Scraping lyric of song '855040'
Scraping comments of song 579601
Scraping lyric of song '579601'
Scraping comments of song 28838487
Scraping lyric of song '28838487'
Scraping comments of song 589581
Scraping lyric of song '589581'
Scraping comments of song 26212616
Scraping lyric of song '26212616'
Scraping comments of song 26219021
Scraping lyric of song '26219021'
Scraping comments of song 29047355
Scraping lyric of song '29047355'
Scraping comments of song 25935621
Scraping lyric of song '25935621'
Scraping comments of song 28953215
Scraping lyric of song '28953215'
Scraping comments of song 26314104
Scraping lyric of song '26314104'
Scraping comments of song 804532
Scraping lyric of song '804532'
Scraping comments of song 27488655
Scraping lyric of song '27488655'
Scraping comments of song 29712183
Scraping lyric of song '29712183'
Scraping comments of song 854745
Scraping lyric of song '854745'
Scraping comments of song 22705499
Scraping lyric of song '22705499'
Scraping comments of song 26620744
Scraping lyric of song '26620744'
Scraping comments of song 22749291
Scraping lyric of song '22749291'
Scraping comments of song 30903744
Scraping lyric of song '30903744'
Scraping comments of song 29822169
Scraping lyric of song '29822169'
Scraping comments of song 31721034
Scraping lyric of song '31721034'
Scraping comments of song 460923
Scraping lyric of song '460923'
Scraping comments of song 28785890
Scraping lyric of song '28785890'
Scraping comments of song 28308135
Scraping lyric of song '28308135'
Scraping comments of song 29850572
Scraping lyric of song '29850572'
Scraping comments of song 719556
Scraping lyric of song '719556'
Scraping comments of song 28786220
Scraping lyric of song '28786220'
Scraping comments of song 29822906
Scraping lyric of song '29822906'
Scraping comments of song 610056
Scraping lyric of song '610056'
Scraping comments of song 22727207
Scraping lyric of song '22727207'
Scraping comments of song 656787
Scraping lyric of song '656787'
Scraping comments of song 26167208
Scraping lyric of song '26167208'
Scraping comments of song 579653
Scraping lyric of song '579653'
Scraping comments of song 626122
Scraping lyric of song '626122'
Scraping comments of song 657136
Scraping lyric of song '657136'
Scraping comments of song 22781959
Scraping lyric of song '22781959'
Scraping comments of song 25704079
Scraping lyric of song '25704079'
Scraping comments of song 641061
Scraping lyric of song '641061'
Scraping comments of song 26515119
Scraping lyric of song '26515119'
Scraping comments of song 22678578
Scraping lyric of song '22678578'
Scraping comments of song 657141
Scraping lyric of song '657141'
Scraping comments of song 26431552
Scraping lyric of song '26431552'
Scraping comments of song 29755207
Scraping lyric of song '29755207'
Song '559582' dumps into database
Song '28285253' dumps into database
Song '28285282' dumps into database
Song '26380300' dumps into database
Song '555292' dumps into database
Song '608130' dumps into database
Song '26212208' dumps into database
Song '28281600' dumps into database
Song '571947' dumps into database
Song '663773' dumps into database
Song '4919449' dumps into database
Song '571950' dumps into database
Song '26447596' dumps into database
Song '27955631' dumps into database
Song '26125629' dumps into database
Song '28411270' dumps into database
Song '4919445' dumps into database
Song '22760367' dumps into database
Song '22790906' dumps into database
Song '26113319' dumps into database
Song '22716829' dumps into database
Song '781134' dumps into database
Song '26434745' dumps into database
Song '28160601' dumps into database
Song '26341141' dumps into database
Song '26209739' dumps into database
Song '27637410' dumps into database
Song '599727' dumps into database
Song '28234488' dumps into database
Song '28256219' dumps into database
Song '27713143' dumps into database
Song '28234485' dumps into database
Song '22762955' dumps into database
Song '578355' dumps into database
Song '579779' dumps into database
Song '22818776' dumps into database
Song '873263' dumps into database
Song '22808894' dumps into database
Song '22660295' dumps into database
Song '22751612' dumps into database
Song '797336' dumps into database
Song '28050613' dumps into database
Song '26383331' dumps into database
Song '600520' dumps into database
Song '26089325' dumps into database
Song '599737' dumps into database
Song '27733894' dumps into database
Song '22816082' dumps into database
Song '28431205' dumps into database
Song '28660245' dumps into database
Song '590497' dumps into database
Song '656695' dumps into database
Song '26219903' dumps into database
Song '26111817' dumps into database
Song '4944257' dumps into database
Song '4949087' dumps into database
Song '859470' dumps into database
Song '26096316' dumps into database
Song '855040' dumps into database
Song '579601' dumps into database
Song '28838487' dumps into database
Song '589581' dumps into database
Song '26212616' dumps into database
UNIQUE constraint failed: songs.id
  Duplicated ID: '26212616'
Trying to update tags of song '26212616'
Song '26219021' dumps into database
Song '29047355' dumps into database
Song '25935621' dumps into database
Song '28953215' dumps into database
Song '26314104' dumps into database
Song '804532' dumps into database
Song '27488655' dumps into database
Song '29712183' dumps into database
Song '854745' dumps into database
Song '22705499' dumps into database
Song '26620744' dumps into database
Song '22749291' dumps into database
Song '30903744' dumps into database
Song '29822169' dumps into database
Song '31721034' dumps into database
Song '460923' dumps into database
Song '28785890' dumps into database
Song '28308135' dumps into database
Song '29850572' dumps into database
Song '719556' dumps into database
Song '28786220' dumps into database
Song '29822906' dumps into database
Song '610056' dumps into database
Song '22727207' dumps into database
Song '656787' dumps into database
Song '26167208' dumps into database
Song '579653' dumps into database
Song '626122' dumps into database
Song '657136' dumps into database
Song '22781959' dumps into database
Song '25704079' dumps into database
Song '641061' dumps into database
Song '26515119' dumps into database
Song '22678578' dumps into database
Song '657141' dumps into database
Song '26431552' dumps into database
Song '29755207' dumps into database

99 new songs added
1 tags of songs updated
