Scraping comments of song 138917
Scraping lyric of song '138917'
Scraping comments of song 25892489
Scraping lyric of song '25892489'
Scraping comments of song 356352
Scraping lyric of song '356352'
Scraping comments of song 25892492
Scraping lyric of song '25892492'
Scraping comments of song 138919
Scraping lyric of song '138919'
Scraping comments of song 4002488
Scraping lyric of song '4002488'
Scraping comments of song 25813882
Scraping lyric of song '25813882'
Scraping comments of song 25813883
Scraping lyric of song '25813883'
Scraping comments of song 27901401
Scraping lyric of song '27901401'
Scraping comments of song 25892481
Scraping lyric of song '25892481'
Scraping comments of song 25729595
Scraping lyric of song '25729595'
Scraping comments of song 25731588
Scraping lyric of song '25731588'
Scraping comments of song 26090135
Scraping lyric of song '26090135'
Scraping comments of song 25731590
Scraping lyric of song '25731590'
Scraping comments of song 26090112
Scraping lyric of song '26090112'
Scraping comments of song 25892476
Scraping lyric of song '25892476'
Scraping comments of song 26090133
Scraping lyric of song '26090133'
Scraping comments of song 5160803
Scraping lyric of song '5160803'
Scraping comments of song 25892496
Scraping lyric of song '25892496'
Scraping comments of song 25730679
Scraping lyric of song '25730679'
Song '138917' dumps into database
Song '25892489' dumps into database
Song '356352' dumps into database
Song '25892492' dumps into database
Song '138919' dumps into database
Song '4002488' dumps into database
Song '25813882' dumps into database
Song '25813883' dumps into database
Song '27901401' dumps into database
Song '25892481' dumps into database
Song '25729595' dumps into database
Song '25731588' dumps into database
Song '26090135' dumps into database
Song '25731590' dumps into database
Song '26090112' dumps into database
Song '25892476' dumps into database
Song '26090133' dumps into database
Song '5160803' dumps into database
Song '25892496' dumps into database
Song '25730679' dumps into database

20 new songs added
0 tags of songs updated
