Scraping comments of song 4917284
Scraping lyric of song '4917284'
Scraping comments of song 38574421
Scraping lyric of song '38574421'
Scraping comments of song 33894830
Scraping lyric of song '33894830'
Scraping comments of song 39443089
Scraping lyric of song '39443089'
Scraping comments of song 38689981
Scraping lyric of song '38689981'
Scraping comments of song 38391924
Scraping lyric of song '38391924'
Scraping comments of song 38019516
Scraping lyric of song '38019516'
Scraping comments of song 30590537
Scraping lyric of song '30590537'
Scraping comments of song 30394711
Scraping lyric of song '30394711'
Scraping comments of song 28912105
Scraping lyric of song '28912105'
Scraping comments of song 2786189
Scraping lyric of song '2786189'
Scraping comments of song 21572439
Scraping lyric of song '21572439'
Scraping comments of song 26418406
Scraping lyric of song '26418406'
Scraping comments of song 26620875
Scraping lyric of song '26620875'
Scraping comments of song 27103436
Scraping lyric of song '27103436'
Scraping comments of song 18836961
Scraping lyric of song '18836961'
Scraping comments of song 17706562
Scraping lyric of song '17706562'
Scraping comments of song 28391048
Scraping lyric of song '28391048'
Scraping comments of song 33071204
Scraping lyric of song '33071204'
Scraping comments of song 29382788
Scraping lyric of song '29382788'
Scraping comments of song 30841076
Scraping lyric of song '30841076'
Scraping comments of song 17112291
Scraping lyric of song '17112291'
Scraping comments of song 25882976
Scraping lyric of song '25882976'
Scraping comments of song 32196558
Scraping lyric of song '32196558'
Scraping comments of song 26145391
Scraping lyric of song '26145391'
Scraping comments of song 27552734
Scraping lyric of song '27552734'
Scraping comments of song 4083642
Scraping lyric of song '4083642'
Scraping comments of song 26620878
Scraping lyric of song '26620878'
Scraping comments of song 34964459
Scraping lyric of song '34964459'
Scraping comments of song 5077382
Scraping lyric of song '5077382'
Scraping comments of song 785902
Scraping lyric of song '785902'
Scraping comments of song 32272663
Scraping lyric of song '32272663'
Scraping comments of song 28267544
Scraping lyric of song '28267544'
Scraping comments of song 691506
Scraping lyric of song '691506'
Scraping comments of song 730810
Scraping lyric of song '730810'
Scraping comments of song 299234
Scraping lyric of song '299234'
Scraping comments of song 38391855
Scraping lyric of song '38391855'
Scraping comments of song 35617509
Scraping lyric of song '35617509'
Scraping comments of song 28668855
Scraping lyric of song '28668855'
Scraping comments of song 28188427
Scraping lyric of song '28188427'
Scraping comments of song 165340
Scraping lyric of song '165340'
Scraping comments of song 38392240
Scraping lyric of song '38392240'
Scraping comments of song 35447132
Scraping lyric of song '35447132'
Scraping comments of song 37202030
Scraping lyric of song '37202030'
Scraping comments of song 29771231
Scraping lyric of song '29771231'
Scraping comments of song 255294
Scraping lyric of song '255294'
Scraping comments of song 368800
Scraping lyric of song '368800'
Scraping comments of song 26466443
Scraping lyric of song '26466443'
Scraping comments of song 368727
Scraping lyric of song '368727'
Scraping comments of song 34248839
Scraping lyric of song '34248839'
Scraping comments of song 28935319
Scraping lyric of song '28935319'
Scraping comments of song 26209766
Scraping lyric of song '26209766'
Scraping comments of song 471987
Scraping lyric of song '471987'
Scraping comments of song 27548281
Scraping lyric of song '27548281'
Scraping comments of song 37095620
Scraping lyric of song '37095620'
Scraping comments of song 28152578
Scraping lyric of song '28152578'
Scraping comments of song 27979413
Scraping lyric of song '27979413'
Scraping comments of song 29732992
Scraping lyric of song '29732992'
Scraping comments of song 34998597
Scraping lyric of song '34998597'
Scraping comments of song 28403157
Scraping lyric of song '28403157'
Scraping comments of song 29818819
Scraping lyric of song '29818819'
Scraping comments of song 29709915
Scraping lyric of song '29709915'
Scraping comments of song 26102078
Scraping lyric of song '26102078'
Scraping comments of song 4925812
Scraping lyric of song '4925812'
Scraping comments of song 659490
Scraping lyric of song '659490'
Scraping comments of song 33510451
Scraping lyric of song '33510451'
Scraping comments of song 34045116
Scraping lyric of song '34045116'
Scraping comments of song 4925815
Scraping lyric of song '4925815'
Scraping comments of song 27618682
Scraping lyric of song '27618682'
Scraping comments of song 33035791
Scraping lyric of song '33035791'
Scraping comments of song 27672059
Scraping lyric of song '27672059'
Scraping comments of song 33111997
Scraping lyric of song '33111997'
Scraping comments of song 4925813
Scraping lyric of song '4925813'
Scraping comments of song 678312
Scraping lyric of song '678312'
Scraping comments of song 28196351
Scraping lyric of song '28196351'
Scraping comments of song 30854884
Scraping lyric of song '30854884'
Scraping comments of song 28120362
Scraping lyric of song '28120362'
Scraping comments of song 29953204
Scraping lyric of song '29953204'
Scraping comments of song 22812274
Scraping lyric of song '22812274'
Scraping comments of song 37095476
Scraping lyric of song '37095476'
Scraping comments of song 30251317
Scraping lyric of song '30251317'
Scraping comments of song 26484347
Scraping lyric of song '26484347'
Scraping comments of song 30841495
Scraping lyric of song '30841495'
Scraping comments of song 29567377
Scraping lyric of song '29567377'
Scraping comments of song 38018515
Scraping lyric of song '38018515'
Scraping comments of song 36024357
Scraping lyric of song '36024357'
Scraping comments of song 36871032
Scraping lyric of song '36871032'
Scraping comments of song 37653937
Scraping lyric of song '37653937'
Scraping comments of song 38391881
Scraping lyric of song '38391881'
Scraping comments of song 29567375
Scraping lyric of song '29567375'
Scraping comments of song 28838178
Scraping lyric of song '28838178'
Scraping comments of song 209719
Scraping lyric of song '209719'
Scraping comments of song 27853752
Scraping lyric of song '27853752'
Scraping comments of song 31560252
Scraping lyric of song '31560252'
Scraping comments of song 29593776
Scraping lyric of song '29593776'
Scraping comments of song 4874555
Scraping lyric of song '4874555'
Scraping comments of song 233866
Scraping lyric of song '233866'
Scraping comments of song 376971
Scraping lyric of song '376971'
Scraping comments of song 287021
Scraping lyric of song '287021'
Scraping comments of song 394987
Scraping lyric of song '394987'
Scraping comments of song 36621810
Scraping lyric of song '36621810'
Scraping comments of song 34478601
Scraping lyric of song '34478601'
Scraping comments of song 36307537
Scraping lyric of song '36307537'
Scraping comments of song 27984273
Scraping lyric of song '27984273'
Scraping comments of song 17753277
Scraping lyric of song '17753277'
Scraping comments of song 37853969
Scraping lyric of song '37853969'
Scraping comments of song 32548968
Scraping lyric of song '32548968'
Scraping comments of song 26468286
Scraping lyric of song '26468286'
Scraping comments of song 32639019
Scraping lyric of song '32639019'
Scraping comments of song 33735727
Scraping lyric of song '33735727'
Scraping comments of song 33418570
Scraping lyric of song '33418570'
Scraping comments of song 1992475
Scraping lyric of song '1992475'
Scraping comments of song 16141485
Scraping lyric of song '16141485'
Scraping comments of song 21795464
Scraping lyric of song '21795464'
Scraping comments of song 3024145
Scraping lyric of song '3024145'
Scraping comments of song 2530437
Scraping lyric of song '2530437'
Scraping comments of song 17753288
Scraping lyric of song '17753288'
Scraping comments of song 18638057
Scraping lyric of song '18638057'
Scraping comments of song 36496695
Scraping lyric of song '36496695'
Scraping comments of song 28310702
Scraping lyric of song '28310702'
Scraping comments of song 17112299
Scraping lyric of song '17112299'
Scraping comments of song 28234732
Scraping lyric of song '28234732'
Scraping comments of song 33071205
Scraping lyric of song '33071205'
Scraping comments of song 33085119
Scraping lyric of song '33085119'
Scraping comments of song 28935211
Scraping lyric of song '28935211'
Scraping comments of song 34532029
Scraping lyric of song '34532029'
Scraping comments of song 20707571
Scraping lyric of song '20707571'
Scraping comments of song 28282178
Scraping lyric of song '28282178'
Scraping comments of song 37240348
Scraping lyric of song '37240348'
Scraping comments of song 25910908
Scraping lyric of song '25910908'
Scraping comments of song 33166666
Scraping lyric of song '33166666'
Scraping comments of song 25703072
Scraping lyric of song '25703072'
Scraping comments of song 28240407
Scraping lyric of song '28240407'
Scraping comments of song 29771146
Scraping lyric of song '29771146'
Scraping comments of song 27804336
Scraping lyric of song '27804336'
Scraping comments of song 3203127
Scraping lyric of song '3203127'
Scraping comments of song 17559998
Scraping lyric of song '17559998'
Scraping comments of song 33414394
Scraping lyric of song '33414394'
Scraping comments of song 25882971
Scraping lyric of song '25882971'
Scraping comments of song 3406393
Scraping lyric of song '3406393'
Scraping comments of song 5097737
Scraping lyric of song '5097737'
Scraping comments of song 31460246
Scraping lyric of song '31460246'
Scraping comments of song 28625030
Scraping lyric of song '28625030'
Scraping comments of song 4304725
Scraping lyric of song '4304725'
Scraping comments of song 19207074
Scraping lyric of song '19207074'
Scraping comments of song 4304735
Scraping lyric of song '4304735'
Scraping comments of song 31090924
Scraping lyric of song '31090924'
Scraping comments of song 17996972
Scraping lyric of song '17996972'
Scraping comments of song 33410933
Scraping lyric of song '33410933'
Scraping comments of song 2001320
Scraping lyric of song '2001320'
Scraping comments of song 4164331
Scraping lyric of song '4164331'
Scraping comments of song 2175282
Scraping lyric of song '2175282'
Scraping comments of song 22685127
Scraping lyric of song '22685127'
Scraping comments of song 19094999
Scraping lyric of song '19094999'
Scraping comments of song 1807836
Scraping lyric of song '1807836'
Scraping comments of song 28859948
Scraping lyric of song '28859948'
Scraping comments of song 29747583
Scraping lyric of song '29747583'
Scraping comments of song 28377002
Scraping lyric of song '28377002'
Scraping comments of song 38392808
Scraping lyric of song '38392808'
Scraping comments of song 31191712
Scraping lyric of song '31191712'
Scraping comments of song 34532022
Scraping lyric of song '34532022'
Scraping comments of song 36664782
Scraping lyric of song '36664782'
Scraping comments of song 22842764
Scraping lyric of song '22842764'
Scraping comments of song 26305432
Scraping lyric of song '26305432'
Scraping comments of song 4925808
Scraping lyric of song '4925808'
Scraping comments of song 29750962
Scraping lyric of song '29750962'
Scraping comments of song 33035790
Scraping lyric of song '33035790'
Scraping comments of song 411325
Scraping lyric of song '411325'
Scraping comments of song 36496698
Scraping lyric of song '36496698'
Scraping comments of song 32098894
Scraping lyric of song '32098894'
Scraping comments of song 497573
Scraping lyric of song '497573'
Scraping comments of song 36872357
Scraping lyric of song '36872357'
Scraping comments of song 4950241
Scraping lyric of song '4950241'
Scraping comments of song 28762260
Scraping lyric of song '28762260'
Scraping comments of song 460528
Scraping lyric of song '460528'
Scraping comments of song 30251306
Scraping lyric of song '30251306'
Scraping comments of song 610249
Scraping lyric of song '610249'
Scraping comments of song 756632
Scraping lyric of song '756632'
Scraping comments of song 4925818
Scraping lyric of song '4925818'
Scraping comments of song 854729
Scraping lyric of song '854729'
Scraping comments of song 482172
Scraping lyric of song '482172'
Scraping comments of song 656407
Scraping lyric of song '656407'
Scraping comments of song 38018534
Scraping lyric of song '38018534'
Scraping comments of song 37856709
Scraping lyric of song '37856709'
Scraping comments of song 38592513
Scraping lyric of song '38592513'
Scraping comments of song 680269
Scraping lyric of song '680269'
Scraping comments of song 35090766
Scraping lyric of song '35090766'
Scraping comments of song 36492782
Scraping lyric of song '36492782'
Scraping comments of song 676203
Scraping lyric of song '676203'
Scraping comments of song 36924671
Scraping lyric of song '36924671'
Scraping comments of song 33418857
Scraping lyric of song '33418857'
Scraping comments of song 22740760
Scraping lyric of song '22740760'
Scraping comments of song 26506721
Scraping lyric of song '26506721'
Scraping comments of song 35090707
Scraping lyric of song '35090707'
Scraping comments of song 4938681
Scraping lyric of song '4938681'
Scraping comments of song 4938698
Scraping lyric of song '4938698'
Song '4917284' dumps into database
Song '38574421' dumps into database
Song '33894830' dumps into database
Song '39443089' dumps into database
Song '38689981' dumps into database
Song '38391924' dumps into database
Song '38019516' dumps into database
Song '30590537' dumps into database
Song '30394711' dumps into database
Song '28912105' dumps into database
Song '2786189' dumps into database
UNIQUE constraint failed: songs.id
  Duplicated ID: '2786189'
Trying to update tags of song '2786189'
Song '21572439' dumps into database
UNIQUE constraint failed: songs.id
  Duplicated ID: '21572439'
Trying to update tags of song '21572439'
Song '26418406' dumps into database
Song '26620875' dumps into database
UNIQUE constraint failed: songs.id
  Duplicated ID: '26620875'
Trying to update tags of song '26620875'
Song '27103436' dumps into database
Song '18836961' dumps into database
UNIQUE constraint failed: songs.id
  Duplicated ID: '18836961'
Trying to update tags of song '18836961'
Song '17706562' dumps into database
Song '28391048' dumps into database
Song '33071204' dumps into database
Song '29382788' dumps into database
Song '30841076' dumps into database
UNIQUE constraint failed: songs.id
  Duplicated ID: '30841076'
Trying to update tags of song '30841076'
Song '17112291' dumps into database
Song '25882976' dumps into database
Song '32196558' dumps into database
Song '26145391' dumps into database
Song '27552734' dumps into database
Song '4083642' dumps into database
Song '26620878' dumps into database
Song '34964459' dumps into database
Song '5077382' dumps into database
Song '785902' dumps into database
Song '32272663' dumps into database
Song '28267544' dumps into database
Song '691506' dumps into database
Song '730810' dumps into database
Song '299234' dumps into database
UNIQUE constraint failed: songs.id
  Duplicated ID: '299234'
Trying to update tags of song '299234'
Song '38391855' dumps into database
Song '35617509' dumps into database
Song '28668855' dumps into database
Song '28188427' dumps into database
Song '165340' dumps into database
UNIQUE constraint failed: songs.id
  Duplicated ID: '165340'
Trying to update tags of song '165340'
Song '38392240' dumps into database
UNIQUE constraint failed: songs.id
  Duplicated ID: '38392240'
Trying to update tags of song '38392240'
Song '35447132' dumps into database
Song '37202030' dumps into database
Song '29771231' dumps into database
UNIQUE constraint failed: songs.id
  Duplicated ID: '29771231'
Trying to update tags of song '29771231'
Song '255294' dumps into database
UNIQUE constraint failed: songs.id
  Duplicated ID: '255294'
Trying to update tags of song '255294'
Song '368800' dumps into database
UNIQUE constraint failed: songs.id
  Duplicated ID: '368800'
Trying to update tags of song '368800'
Song '26466443' dumps into database
Song '368727' dumps into database
UNIQUE constraint failed: songs.id
  Duplicated ID: '368727'
Trying to update tags of song '368727'
Song '34248839' dumps into database
Song '28935319' dumps into database
Song '26209766' dumps into database
Song '471987' dumps into database
UNIQUE constraint failed: songs.id
  Duplicated ID: '471987'
Trying to update tags of song '471987'
Song '27548281' dumps into database
Song '37095620' dumps into database
Song '28152578' dumps into database
Song '27979413' dumps into database
Song '29732992' dumps into database
Song '34998597' dumps into database
Song '28403157' dumps into database
Song '29818819' dumps into database
Song '29709915' dumps into database
Song '26102078' dumps into database
Song '4925812' dumps into database
Song '659490' dumps into database
Song '33510451' dumps into database
Song '34045116' dumps into database
UNIQUE constraint failed: songs.id
  Duplicated ID: '34045116'
Trying to update tags of song '34045116'
Song '4925815' dumps into database
Song '27618682' dumps into database
Song '33035791' dumps into database
Song '27672059' dumps into database
Song '33111997' dumps into database
Song '4925813' dumps into database
Song '678312' dumps into database
Song '28196351' dumps into database
Song '30854884' dumps into database
Song '28120362' dumps into database
Song '29953204' dumps into database
Song '22812274' dumps into database
Song '37095476' dumps into database
Song '30251317' dumps into database
Song '26484347' dumps into database
Song '30841495' dumps into database
Song '29567377' dumps into database
Song '38018515' dumps into database
Song '36024357' dumps into database
Song '36871032' dumps into database
Song '37653937' dumps into database
Song '38391881' dumps into database
Song '29567375' dumps into database
Song '28838178' dumps into database
UNIQUE constraint failed: songs.id
  Duplicated ID: '28838178'
Trying to update tags of song '28838178'
Song '209719' dumps into database
Song '27853752' dumps into database
Song '31560252' dumps into database
Song '29593776' dumps into database
Song '4874555' dumps into database
Song '233866' dumps into database
UNIQUE constraint failed: songs.id
  Duplicated ID: '233866'
Trying to update tags of song '233866'
Song '376971' dumps into database
Song '287021' dumps into database
Song '394987' dumps into database
Song '36621810' dumps into database
Song '34478601' dumps into database
Song '36307537' dumps into database
Song '27984273' dumps into database
Song '17753277' dumps into database
Song '37853969' dumps into database
Song '32548968' dumps into database
Song '26468286' dumps into database
Song '32639019' dumps into database
Song '33735727' dumps into database
Song '33418570' dumps into database
Song '1992475' dumps into database
Song '16141485' dumps into database
Song '21795464' dumps into database
Song '3024145' dumps into database
Song '2530437' dumps into database
Song '17753288' dumps into database
UNIQUE constraint failed: songs.id
  Duplicated ID: '17753288'
Trying to update tags of song '17753288'
Song '18638057' dumps into database
Song '36496695' dumps into database
Song '28310702' dumps into database
UNIQUE constraint failed: songs.id
  Duplicated ID: '28310702'
Trying to update tags of song '28310702'
Song '17112299' dumps into database
Song '28234732' dumps into database
Song '33071205' dumps into database
Song '33085119' dumps into database
Song '28935211' dumps into database
Song '34532029' dumps into database
Song '20707571' dumps into database
UNIQUE constraint failed: songs.id
  Duplicated ID: '20707571'
Trying to update tags of song '20707571'
Song '28282178' dumps into database
Song '37240348' dumps into database
Song '25910908' dumps into database
Song '33166666' dumps into database
Song '25703072' dumps into database
Song '28240407' dumps into database
Song '29771146' dumps into database
Song '27804336' dumps into database
Song '3203127' dumps into database
Song '17559998' dumps into database
Song '33414394' dumps into database
Song '25882971' dumps into database
Song '3406393' dumps into database
Song '5097737' dumps into database
Song '31460246' dumps into database
Song '28625030' dumps into database
UNIQUE constraint failed: songs.id
  Duplicated ID: '28625030'
Trying to update tags of song '28625030'
Song '4304725' dumps into database
Song '19207074' dumps into database
Song '4304735' dumps into database
Song '31090924' dumps into database
Song '17996972' dumps into database
Song '33410933' dumps into database
Song '2001320' dumps into database
UNIQUE constraint failed: songs.id
  Duplicated ID: '2001320'
Trying to update tags of song '2001320'
Song '4164331' dumps into database
UNIQUE constraint failed: songs.id
  Duplicated ID: '4164331'
Trying to update tags of song '4164331'
Song '2175282' dumps into database
Song '22685127' dumps into database
Song '19094999' dumps into database
UNIQUE constraint failed: songs.id
  Duplicated ID: '19094999'
Trying to update tags of song '19094999'
Song '1807836' dumps into database
Song '28859948' dumps into database
Song '29747583' dumps into database
Song '28377002' dumps into database
Song '38392808' dumps into database
Song '31191712' dumps into database
UNIQUE constraint failed: songs.id
  Duplicated ID: '31191712'
Trying to update tags of song '31191712'
Song '34532022' dumps into database
Song '36664782' dumps into database
Song '22842764' dumps into database
Song '26305432' dumps into database
Song '4925808' dumps into database
Song '29750962' dumps into database
Song '33035790' dumps into database
Song '411325' dumps into database
Song '36496698' dumps into database
Song '32098894' dumps into database
Song '497573' dumps into database
Song '36872357' dumps into database
Song '4950241' dumps into database
Song '28762260' dumps into database
Song '460528' dumps into database
UNIQUE constraint failed: songs.id
  Duplicated ID: '460528'
Trying to update tags of song '460528'
Song '30251306' dumps into database
Song '610249' dumps into database
Song '756632' dumps into database
Song '4925818' dumps into database
Song '854729' dumps into database
UNIQUE constraint failed: songs.id
  Duplicated ID: '854729'
Trying to update tags of song '854729'
Song '482172' dumps into database
Song '656407' dumps into database
Song '38018534' dumps into database
Song '37856709' dumps into database
Song '38592513' dumps into database
Song '680269' dumps into database
Song '35090766' dumps into database
Song '36492782' dumps into database
Song '676203' dumps into database
Song '36924671' dumps into database
Song '33418857' dumps into database
Song '22740760' dumps into database
Song '26506721' dumps into database
Song '35090707' dumps into database
Song '4938681' dumps into database
Song '4938698' dumps into database

170 new songs added
26 tags of songs updated
