Scraping comments of song 32944592
Scraping lyric of song '32944592'
Scraping comments of song 25841337
Scraping lyric of song '25841337'
Scraping comments of song 35023442
Scraping lyric of song '35023442'
Scraping comments of song 27534134
Scraping lyric of song '27534134'
Scraping comments of song 4948087
Scraping lyric of song '4948087'
Scraping comments of song 33190445
Scraping lyric of song '33190445'
Scraping comments of song 5230630
Scraping lyric of song '5230630'
Scraping comments of song 27901785
Scraping lyric of song '27901785'
Scraping comments of song 35023114
Scraping lyric of song '35023114'
Scraping comments of song 27901793
Scraping lyric of song '27901793'
Scraping comments of song 29775322
Scraping lyric of song '29775322'
Scraping comments of song 33510761
Scraping lyric of song '33510761'
Scraping comments of song 30260225
Scraping lyric of song '30260225'
Scraping comments of song 30967741
Scraping lyric of song '30967741'
Scraping comments of song 26608473
Scraping lyric of song '26608473'
Scraping comments of song 31673016
Scraping lyric of song '31673016'
Scraping comments of song 5054900
Scraping lyric of song '5054900'
Scraping comments of song 5054903
Scraping lyric of song '5054903'
Scraping comments of song 5055388
Scraping lyric of song '5055388'
Scraping comments of song 110190
Scraping lyric of song '110190'
Scraping comments of song 31311397
Scraping lyric of song '31311397'
Scraping comments of song 811820
Scraping lyric of song '811820'
Scraping comments of song 4466775
Scraping lyric of song '4466775'
Scraping comments of song 32196753
Scraping lyric of song '32196753'
Scraping comments of song 26260640
Scraping lyric of song '26260640'
Scraping comments of song 29811053
Scraping lyric of song '29811053'
Scraping comments of song 395414
Scraping lyric of song '395414'
Scraping comments of song 28546264
Scraping lyric of song '28546264'
Scraping comments of song 31260299
Scraping lyric of song '31260299'
Scraping comments of song 33004558
Scraping lyric of song '33004558'
Scraping comments of song 649913
Scraping lyric of song '649913'
Scraping comments of song 109391
Scraping lyric of song '109391'
Scraping comments of song 4971469
Scraping lyric of song '4971469'
Scraping comments of song 4971474
Scraping lyric of song '4971474'
Scraping comments of song 4971466
Scraping lyric of song '4971466'
Scraping comments of song 4971468
Scraping lyric of song '4971468'
Scraping comments of song 29378276
Scraping lyric of song '29378276'
Scraping comments of song 4971488
Scraping lyric of song '4971488'
Scraping comments of song 401512
Scraping lyric of song '401512'
Scraping comments of song 31545062
Scraping lyric of song '31545062'
Scraping comments of song 28546275
Scraping lyric of song '28546275'
Scraping comments of song 29593932
Scraping lyric of song '29593932'
Scraping comments of song 20330693
Scraping lyric of song '20330693'
Scraping comments of song 27552554
Scraping lyric of song '27552554'
Scraping comments of song 253612
Scraping lyric of song '253612'
Scraping comments of song 3019714
Scraping lyric of song '3019714'
Scraping comments of song 3019730
Scraping lyric of song '3019730'
Scraping comments of song 3019740
Scraping lyric of song '3019740'
Scraping comments of song 3019756
Scraping lyric of song '3019756'
Scraping comments of song 3019685
Scraping lyric of song '3019685'
Scraping comments of song 29771770
Scraping lyric of song '29771770'
Scraping comments of song 29829717
Scraping lyric of song '29829717'
Scraping comments of song 25653002
Scraping lyric of song '25653002'
Scraping comments of song 30496864
Scraping lyric of song '30496864'
Scraping comments of song 29732418
Scraping lyric of song '29732418'
Scraping comments of song 31311763
Scraping lyric of song '31311763'
Scraping comments of song 30064735
Scraping lyric of song '30064735'
Scraping comments of song 31719560
Scraping lyric of song '31719560'
Scraping comments of song 32102945
Scraping lyric of song '32102945'
Scraping comments of song 31477136
Scraping lyric of song '31477136'
Scraping comments of song 1992754
Scraping lyric of song '1992754'
Scraping comments of song 29844887
Scraping lyric of song '29844887'
Scraping comments of song 28038042
Scraping lyric of song '28038042'
Scraping comments of song 30031523
Scraping lyric of song '30031523'
Scraping comments of song 31814005
Scraping lyric of song '31814005'
Scraping comments of song 30798572
Scraping lyric of song '30798572'
Scraping comments of song 31273243
Scraping lyric of song '31273243'
Scraping comments of song 30031525
Scraping lyric of song '30031525'
Scraping comments of song 91860
Scraping lyric of song '91860'
Scraping comments of song 4880102
Scraping lyric of song '4880102'
Scraping comments of song 22842265
Scraping lyric of song '22842265'
Scraping comments of song 30148802
Scraping lyric of song '30148802'
Scraping comments of song 28018274
Scraping lyric of song '28018274'
Scraping comments of song 30148511
Scraping lyric of song '30148511'
Scraping comments of song 29593223
Scraping lyric of song '29593223'
Scraping comments of song 30431277
Scraping lyric of song '30431277'
Scraping comments of song 102635
Scraping lyric of song '102635'
Scraping comments of song 29593930
Scraping lyric of song '29593930'
Scraping comments of song 30148444
Scraping lyric of song '30148444'
Scraping comments of song 22660286
Scraping lyric of song '22660286'
Scraping comments of song 29414071
Scraping lyric of song '29414071'
Scraping comments of song 28747673
Scraping lyric of song '28747673'
Scraping comments of song 22652541
Scraping lyric of song '22652541'
Scraping comments of song 22808233
Scraping lyric of song '22808233'
Scraping comments of song 29567381
Scraping lyric of song '29567381'
Scraping comments of song 751983
Scraping lyric of song '751983'
Scraping comments of song 33497437
Scraping lyric of song '33497437'
Scraping comments of song 29005590
Scraping lyric of song '29005590'
Scraping comments of song 28160329
Scraping lyric of song '28160329'
Scraping comments of song 5261697
Scraping lyric of song '5261697'
Scraping comments of song 26418242
Scraping lyric of song '26418242'
Scraping comments of song 28853692
Scraping lyric of song '28853692'
Scraping comments of song 370498
Scraping lyric of song '370498'
Scraping comments of song 5270582
Scraping lyric of song '5270582'
Scraping comments of song 28577557
Scraping lyric of song '28577557'
Scraping comments of song 5230614
Scraping lyric of song '5230614'
Scraping comments of song 252171
Scraping lyric of song '252171'
Scraping comments of song 299939
Scraping lyric of song '299939'
Scraping comments of song 26584758
Scraping lyric of song '26584758'
Scraping comments of song 4872570
Scraping lyric of song '4872570'
Scraping comments of song 31140522
Scraping lyric of song '31140522'
Scraping comments of song 30706264
Scraping lyric of song '30706264'
Scraping comments of song 4345836
Scraping lyric of song '4345836'
Scraping comments of song 26577335
Scraping lyric of song '26577335'
Scraping comments of song 29567449
Scraping lyric of song '29567449'
Scraping comments of song 109291
Scraping lyric of song '109291'
Scraping comments of song 368345
Scraping lyric of song '368345'
Scraping comments of song 28850495
Scraping lyric of song '28850495'
Scraping comments of song 297777
Scraping lyric of song '297777'
Scraping comments of song 28442444
Scraping lyric of song '28442444'
Scraping comments of song 28274768
Scraping lyric of song '28274768'
Scraping comments of song 28605055
Scraping lyric of song '28605055'
Scraping comments of song 27907875
Scraping lyric of song '27907875'
Scraping comments of song 109494
Scraping lyric of song '109494'
Scraping comments of song 18689975
Scraping lyric of song '18689975'
Scraping comments of song 28461604
Scraping lyric of song '28461604'
Scraping comments of song 28640086
Scraping lyric of song '28640086'
Scraping comments of song 28524606
Scraping lyric of song '28524606'
Scraping comments of song 28668001
Scraping lyric of song '28668001'
Scraping comments of song 28840060
Scraping lyric of song '28840060'
Scraping comments of song 27853429
Scraping lyric of song '27853429'
Scraping comments of song 28625030
Scraping lyric of song '28625030'
Scraping comments of song 28524607
Scraping lyric of song '28524607'
Scraping comments of song 27907874
Scraping lyric of song '27907874'
Scraping comments of song 5242638
Scraping lyric of song '5242638'
Scraping comments of song 28636660
Scraping lyric of song '28636660'
Scraping comments of song 860574
Scraping lyric of song '860574'
Scraping comments of song 5240776
Scraping lyric of song '5240776'
Scraping comments of song 357253
Scraping lyric of song '357253'
Scraping comments of song 28288198
Scraping lyric of song '28288198'
Scraping comments of song 26217408
Scraping lyric of song '26217408'
Scraping comments of song 28029335
Scraping lyric of song '28029335'
Scraping comments of song 26145724
Scraping lyric of song '26145724'
Scraping comments of song 28288233
Scraping lyric of song '28288233'
Scraping comments of song 28302148
Scraping lyric of song '28302148'
Scraping comments of song 206204
Scraping lyric of song '206204'
Scraping comments of song 28528964
Scraping lyric of song '28528964'
Scraping comments of song 27901518
Scraping lyric of song '27901518'
Scraping comments of song 29715284
Scraping lyric of song '29715284'
Scraping comments of song 29750627
Scraping lyric of song '29750627'
Scraping comments of song 28568214
Scraping lyric of song '28568214'
Scraping comments of song 28288199
Failed to scrape comments of song '28288199'
Scraping lyric of song '28288199'
Scraping comments of song 27906826
Failed to scrape comments of song '27906826'
Scraping lyric of song '27906826'
Scraping comments of song 29811142
Scraping lyric of song '29811142'
Scraping comments of song 29732136
Scraping lyric of song '29732136'
Scraping comments of song 28568212
Scraping lyric of song '28568212'
Scraping comments of song 32785586
Scraping lyric of song '32785586'
Scraping comments of song 31168320
Scraping lyric of song '31168320'
Scraping comments of song 29393531
Scraping lyric of song '29393531'
Scraping comments of song 28308562
Scraping lyric of song '28308562'
Scraping comments of song 28660536
Scraping lyric of song '28660536'
Scraping comments of song 31563194
Scraping lyric of song '31563194'
Scraping comments of song 30070727
Scraping lyric of song '30070727'
Scraping comments of song 28445467
Scraping lyric of song '28445467'
Scraping comments of song 28633627
Scraping lyric of song '28633627'
Scraping comments of song 28633556
Scraping lyric of song '28633556'
Scraping comments of song 28406525
Scraping lyric of song '28406525'
Scraping comments of song 858939
Scraping lyric of song '858939'
Scraping comments of song 120824
Scraping lyric of song '120824'
Scraping comments of song 28568218
Scraping lyric of song '28568218'
Scraping comments of song 28095617
Scraping lyric of song '28095617'
Scraping comments of song 26619057
Scraping lyric of song '26619057'
Scraping comments of song 27552267
Scraping lyric of song '27552267'
Scraping comments of song 60215
Scraping lyric of song '60215'
Scraping comments of song 27907941
Scraping lyric of song '27907941'
Scraping comments of song 29498383
Scraping lyric of song '29498383'
Song '32944592' dumps into database
Song '25841337' dumps into database
Song '35023442' dumps into database
Song '27534134' dumps into database
Song '4948087' dumps into database
Song '33190445' dumps into database
Song '5230630' dumps into database
Song '27901785' dumps into database
Song '35023114' dumps into database
Song '27901793' dumps into database
UNIQUE constraint failed: songs.id
  Duplicated ID: '27901793'
Trying to update tags of song '27901793'
Song '29775322' dumps into database
Song '33510761' dumps into database
Song '30260225' dumps into database
Song '30967741' dumps into database
Song '26608473' dumps into database
UNIQUE constraint failed: songs.id
  Duplicated ID: '26608473'
Trying to update tags of song '26608473'
Song '31673016' dumps into database
Song '5054900' dumps into database
Song '5054903' dumps into database
Song '5055388' dumps into database
Song '110190' dumps into database
Song '31311397' dumps into database
Song '811820' dumps into database
Song '4466775' dumps into database
Song '32196753' dumps into database
Song '26260640' dumps into database
Song '29811053' dumps into database
Song '395414' dumps into database
Song '28546264' dumps into database
Song '31260299' dumps into database
Song '33004558' dumps into database
Song '649913' dumps into database
Song '109391' dumps into database
Song '4971469' dumps into database
Song '4971474' dumps into database
Song '4971466' dumps into database
Song '4971468' dumps into database
Song '29378276' dumps into database
Song '4971488' dumps into database
UNIQUE constraint failed: songs.id
  Duplicated ID: '4971488'
Trying to update tags of song '4971488'
Song '401512' dumps into database
Song '31545062' dumps into database
Song '28546275' dumps into database
Song '29593932' dumps into database
Song '20330693' dumps into database
Song '27552554' dumps into database
Song '253612' dumps into database
Song '3019714' dumps into database
Song '3019730' dumps into database
Song '3019740' dumps into database
Song '3019756' dumps into database
Song '3019685' dumps into database
Song '29771770' dumps into database
Song '29829717' dumps into database
Song '25653002' dumps into database
Song '30496864' dumps into database
Song '29732418' dumps into database
Song '31311763' dumps into database
Song '30064735' dumps into database
Song '31719560' dumps into database
Song '32102945' dumps into database
Song '31477136' dumps into database
Song '1992754' dumps into database
Song '29844887' dumps into database
Song '28038042' dumps into database
Song '30031523' dumps into database
Song '31814005' dumps into database
Song '30798572' dumps into database
Song '31273243' dumps into database
Song '30031525' dumps into database
Song '91860' dumps into database
Song '4880102' dumps into database
Song '22842265' dumps into database
Song '30148802' dumps into database
Song '28018274' dumps into database
UNIQUE constraint failed: songs.id
  Duplicated ID: '28018274'
Trying to update tags of song '28018274'
Song '30148511' dumps into database
Song '29593223' dumps into database
Song '30431277' dumps into database
Song '102635' dumps into database
Song '29593930' dumps into database
Song '30148444' dumps into database
UNIQUE constraint failed: songs.id
  Duplicated ID: '30148444'
Trying to update tags of song '30148444'
Song '22660286' dumps into database
Song '29414071' dumps into database
Song '28747673' dumps into database
UNIQUE constraint failed: songs.id
  Duplicated ID: '28747673'
Trying to update tags of song '28747673'
Song '22652541' dumps into database
Song '22808233' dumps into database
Song '29567381' dumps into database
Song '751983' dumps into database
Song '33497437' dumps into database
Song '29005590' dumps into database
Song '28160329' dumps into database
Song '5261697' dumps into database
Song '26418242' dumps into database
Song '28853692' dumps into database
Song '370498' dumps into database
Song '5270582' dumps into database
Song '28577557' dumps into database
Song '5230614' dumps into database
Song '252171' dumps into database
Song '299939' dumps into database
Song '26584758' dumps into database
Song '4872570' dumps into database
Song '31140522' dumps into database
Song '30706264' dumps into database
Song '4345836' dumps into database
Song '26577335' dumps into database
UNIQUE constraint failed: songs.id
  Duplicated ID: '26577335'
Trying to update tags of song '26577335'
Song '29567449' dumps into database
Song '109291' dumps into database
Song '368345' dumps into database
Song '28850495' dumps into database
Song '297777' dumps into database
Song '28442444' dumps into database
Song '28274768' dumps into database
Song '28605055' dumps into database
UNIQUE constraint failed: songs.id
  Duplicated ID: '28605055'
Trying to update tags of song '28605055'
Song '27907875' dumps into database
Song '109494' dumps into database
Song '18689975' dumps into database
Song '28461604' dumps into database
Song '28640086' dumps into database
Song '28524606' dumps into database
Song '28668001' dumps into database
Song '28840060' dumps into database
Song '27853429' dumps into database
Song '28625030' dumps into database
Song '28524607' dumps into database
Song '27907874' dumps into database
Song '5242638' dumps into database
Song '28636660' dumps into database
Song '860574' dumps into database
Song '5240776' dumps into database
Song '357253' dumps into database
Song '28288198' dumps into database
Song '26217408' dumps into database
Song '28029335' dumps into database
Song '26145724' dumps into database
Song '28288233' dumps into database
Song '28302148' dumps into database
Song '206204' dumps into database
Song '28528964' dumps into database
Song '27901518' dumps into database
Song '29715284' dumps into database
Song '29750627' dumps into database
Song '28568214' dumps into database
Song '28288199' dumps into database
Song '27906826' dumps into database
Song '29811142' dumps into database
Song '29732136' dumps into database
Song '28568212' dumps into database
Song '32785586' dumps into database
Song '31168320' dumps into database
Song '29393531' dumps into database
Song '28308562' dumps into database
Song '28660536' dumps into database
Song '31563194' dumps into database
Song '30070727' dumps into database
Song '28445467' dumps into database
Song '28633627' dumps into database
Song '28633556' dumps into database
Song '28406525' dumps into database
Song '858939' dumps into database
Song '120824' dumps into database
Song '28568218' dumps into database
Song '28095617' dumps into database
Song '26619057' dumps into database
Song '27552267' dumps into database
Song '60215' dumps into database
Song '27907941' dumps into database
Song '29498383' dumps into database

158 new songs added
8 tags of songs updated
