Scraping comments of song 854729
Scraping lyric of song '854729'
Scraping comments of song 34045116
Scraping lyric of song '34045116'
Scraping comments of song 28018274
Scraping lyric of song '28018274'
Scraping comments of song 223339
Scraping lyric of song '223339'
Scraping comments of song 31546567
Scraping lyric of song '31546567'
Scraping comments of song 31680560
Scraping lyric of song '31680560'
Scraping comments of song 26620720
Scraping lyric of song '26620720'
Scraping comments of song 809268
Scraping lyric of song '809268'
Scraping comments of song 22677433
Scraping lyric of song '22677433'
Scraping comments of song 31835044
Scraping lyric of song '31835044'
Scraping comments of song 22677436
Scraping lyric of song '22677436'
Scraping comments of song 722013
Scraping lyric of song '722013'
Scraping comments of song 31917428
Scraping lyric of song '31917428'
Scraping comments of song 641019
Scraping lyric of song '641019'
Scraping comments of song 27506128
Scraping lyric of song '27506128'
Scraping comments of song 28411334
Scraping lyric of song '28411334'
Scraping comments of song 642869
Scraping lyric of song '642869'
Scraping comments of song 28283602
Scraping lyric of song '28283602'
Scraping comments of song 28191522
Scraping lyric of song '28191522'
Scraping comments of song 33861829
Scraping lyric of song '33861829'
Scraping comments of song 33728113
Scraping lyric of song '33728113'
Song '854729' dumps into database
Song '34045116' dumps into database
Song '28018274' dumps into database
Song '223339' dumps into database
Song '31546567' dumps into database
Song '31680560' dumps into database
Song '26620720' dumps into database
Song '809268' dumps into database
Song '22677433' dumps into database
Song '31835044' dumps into database
Song '22677436' dumps into database
Song '722013' dumps into database
Song '31917428' dumps into database
Song '641019' dumps into database
Song '27506128' dumps into database
Song '28411334' dumps into database
Song '642869' dumps into database
Song '28283602' dumps into database
Song '28191522' dumps into database
Song '33861829' dumps into database
Song '33728113' dumps into database

21 new songs added
0 tags of songs updated
