Scraping comments of song 65766
Scraping lyric of song '65766'
Scraping comments of song 25718007
Scraping lyric of song '25718007'
Scraping comments of song 299604
Scraping lyric of song '299604'
Scraping comments of song 168295
Scraping lyric of song '168295'
Scraping comments of song 190563
Scraping lyric of song '190563'
Scraping comments of song 86849
Scraping lyric of song '86849'
Scraping comments of song 191560
Scraping lyric of song '191560'
Scraping comments of song 64293
Scraping lyric of song '64293'
Scraping comments of song 191126
Scraping lyric of song '191126'
Scraping comments of song 187341
Scraping lyric of song '187341'
Scraping comments of song 64886
Scraping lyric of song '64886'
Scraping comments of song 86477
Scraping lyric of song '86477'
Scraping comments of song 191232
Scraping lyric of song '191232'
Scraping comments of song 26608788
Scraping lyric of song '26608788'
Scraping comments of song 191171
Scraping lyric of song '191171'
Scraping comments of song 346576
Scraping lyric of song '346576'
Scraping comments of song 115162
Scraping lyric of song '115162'
Scraping comments of song 25638925
Scraping lyric of song '25638925'
Scraping comments of song 287705
Scraping lyric of song '287705'
Scraping comments of song 27713963
Scraping lyric of song '27713963'
Scraping comments of song 300136
Scraping lyric of song '300136'
Scraping comments of song 169107
Scraping lyric of song '169107'
Scraping comments of song 65952
Scraping lyric of song '65952'
Scraping comments of song 189140
Scraping lyric of song '189140'
Scraping comments of song 308299
Scraping lyric of song '308299'
Scraping comments of song 95578
Scraping lyric of song '95578'
Scraping comments of song 298258
Scraping lyric of song '298258'
Scraping comments of song 86257
Scraping lyric of song '86257'
Scraping comments of song 65769
Scraping lyric of song '65769'
Scraping comments of song 190380
Scraping lyric of song '190380'
Scraping comments of song 346075
Scraping lyric of song '346075'
Scraping comments of song 287686
Scraping lyric of song '287686'
Scraping comments of song 65761
Scraping lyric of song '65761'
Scraping comments of song 29771164
Scraping lyric of song '29771164'
Scraping comments of song 224133
Scraping lyric of song '224133'
Scraping comments of song 376635
Scraping lyric of song '376635'
Scraping comments of song 186786
Scraping lyric of song '186786'
Scraping comments of song 110796
Scraping lyric of song '110796'
Scraping comments of song 94639
Scraping lyric of song '94639'
Scraping comments of song 86328
Scraping lyric of song '86328'
Scraping comments of song 171061
Scraping lyric of song '171061'
Scraping comments of song 25638257
Scraping lyric of song '25638257'
Scraping comments of song 174122
Scraping lyric of song '174122'
Scraping comments of song 308353
Scraping lyric of song '308353'
Scraping comments of song 118261
Scraping lyric of song '118261'
Scraping comments of song 382844
Scraping lyric of song '382844'
Scraping comments of song 67411
Scraping lyric of song '67411'
Scraping comments of song 316654
Scraping lyric of song '316654'
Scraping comments of song 115391
Scraping lyric of song '115391'
Scraping comments of song 156846
Scraping lyric of song '156846'
Scraping comments of song 224086
Scraping lyric of song '224086'
Scraping comments of song 330264
Scraping lyric of song '330264'
Scraping comments of song 328169
Scraping lyric of song '328169'
Scraping comments of song 306845
Scraping lyric of song '306845'
Scraping comments of song 27506284
Scraping lyric of song '27506284'
Scraping comments of song 214029
Scraping lyric of song '214029'
Scraping comments of song 258684
Scraping lyric of song '258684'
Scraping comments of song 189714
Scraping lyric of song '189714'
Scraping comments of song 188175
Scraping lyric of song '188175'
Scraping comments of song 66476
Scraping lyric of song '66476'
Scraping comments of song 152392
Scraping lyric of song '152392'
Scraping comments of song 346069
Scraping lyric of song '346069'
Scraping comments of song 212430
Scraping lyric of song '212430'
Scraping comments of song 188204
Scraping lyric of song '188204'
Scraping comments of song 86771
Scraping lyric of song '86771'
Scraping comments of song 288093
Scraping lyric of song '288093'
Scraping comments of song 65592
Scraping lyric of song '65592'
Scraping comments of song 135355
Scraping lyric of song '135355'
Scraping comments of song 299460
Scraping lyric of song '299460'
Scraping comments of song 168725
Scraping lyric of song '168725'
Scraping comments of song 64634
Scraping lyric of song '64634'
Scraping comments of song 5256469
Scraping lyric of song '5256469'
Scraping comments of song 212162
Scraping lyric of song '212162'
Scraping comments of song 191528
Scraping lyric of song '191528'
Scraping comments of song 85786
Scraping lyric of song '85786'
Scraping comments of song 298250
Scraping lyric of song '298250'
Scraping comments of song 234507
Scraping lyric of song '234507'
Scraping comments of song 316938
Scraping lyric of song '316938'
Scraping comments of song 27867449
Scraping lyric of song '27867449'
Scraping comments of song 113289
Scraping lyric of song '113289'
Scraping comments of song 65642
Scraping lyric of song '65642'
Scraping comments of song 347230
Scraping lyric of song '347230'
Scraping comments of song 153784
Scraping lyric of song '153784'
Scraping comments of song 188703
Scraping lyric of song '188703'
Scraping comments of song 26075353
Scraping lyric of song '26075353'
Scraping comments of song 116352
Scraping lyric of song '116352'
Scraping comments of song 66378
Scraping lyric of song '66378'
Scraping comments of song 299981
Scraping lyric of song '299981'
Scraping comments of song 168816
Scraping lyric of song '168816'
Scraping comments of song 316756
Scraping lyric of song '316756'
Scraping comments of song 288075
Scraping lyric of song '288075'
Scraping comments of song 113373
Scraping lyric of song '113373'
Scraping comments of song 26432068
Scraping lyric of song '26432068'
Scraping comments of song 64797
Scraping lyric of song '64797'
Scraping comments of song 86943
Scraping lyric of song '86943'
Scraping comments of song 63892
Scraping lyric of song '63892'
Scraping comments of song 25729758
Scraping lyric of song '25729758'
Scraping comments of song 64638
Scraping lyric of song '64638'
Scraping comments of song 66769
Scraping lyric of song '66769'
Scraping comments of song 115131
Scraping lyric of song '115131'
Scraping comments of song 346073
Scraping lyric of song '346073'
Scraping comments of song 28111262
Scraping lyric of song '28111262'
Scraping comments of song 299352
Scraping lyric of song '299352'
Scraping comments of song 65800
Scraping lyric of song '65800'
Scraping comments of song 157121
Scraping lyric of song '157121'
Scraping comments of song 212233
Scraping lyric of song '212233'
Scraping comments of song 187374
Scraping lyric of song '187374'
Scraping comments of song 113784
Scraping lyric of song '113784'
Scraping comments of song 190360
Scraping lyric of song '190360'
Scraping comments of song 65961
Scraping lyric of song '65961'
Scraping comments of song 299448
Scraping lyric of song '299448'
Scraping comments of song 25657578
Scraping lyric of song '25657578'
Scraping comments of song 94714
Scraping lyric of song '94714'
Scraping comments of song 335898
Scraping lyric of song '335898'
Scraping comments of song 287011
Scraping lyric of song '287011'
Scraping comments of song 382840
Scraping lyric of song '382840'
Scraping comments of song 139627
Scraping lyric of song '139627'
Scraping comments of song 86847
Scraping lyric of song '86847'
Scraping comments of song 307024
Scraping lyric of song '307024'
Scraping comments of song 65608
Scraping lyric of song '65608'
Scraping comments of song 316486
Scraping lyric of song '316486'
Scraping comments of song 29017433
Scraping lyric of song '29017433'
Scraping comments of song 33471531
Scraping lyric of song '33471531'
Scraping comments of song 27483202
Scraping lyric of song '27483202'
Scraping comments of song 193535
Scraping lyric of song '193535'
Scraping comments of song 4878122
Scraping lyric of song '4878122'
Scraping comments of song 110146
Scraping lyric of song '110146'
Scraping comments of song 347597
Scraping lyric of song '347597'
Scraping comments of song 66285
Scraping lyric of song '66285'
Scraping comments of song 169003
Scraping lyric of song '169003'
Scraping comments of song 299090
Scraping lyric of song '299090'
Scraping comments of song 186331
Scraping lyric of song '186331'
Scraping comments of song 299116
Scraping lyric of song '299116'
Scraping comments of song 188550
Scraping lyric of song '188550'
Scraping comments of song 27483203
Scraping lyric of song '27483203'
Scraping comments of song 168336
Scraping lyric of song '168336'
Scraping comments of song 300587
Scraping lyric of song '300587'
Scraping comments of song 65198
Scraping lyric of song '65198'
Scraping comments of song 64833
Scraping lyric of song '64833'
Scraping comments of song 152886
Scraping lyric of song '152886'
Scraping comments of song 66265
Scraping lyric of song '66265'
Scraping comments of song 168353
Scraping lyric of song '168353'
Scraping comments of song 298880
Scraping lyric of song '298880'
Scraping comments of song 66743
Scraping lyric of song '66743'
Scraping comments of song 30569023
Scraping lyric of song '30569023'
Scraping comments of song 347355
Scraping lyric of song '347355'
Scraping comments of song 189987
Scraping lyric of song '189987'
Scraping comments of song 85961
Scraping lyric of song '85961'
Scraping comments of song 64922
Scraping lyric of song '64922'
Scraping comments of song 190372
Scraping lyric of song '190372'
Song '65766' dumps into database
UNIQUE constraint failed: songs.id
  Duplicated ID: '65766'
Trying to update tags of song '65766'
Song '25718007' dumps into database
UNIQUE constraint failed: songs.id
  Duplicated ID: '25718007'
Trying to update tags of song '25718007'
Song '299604' dumps into database
Song '168295' dumps into database
Song '190563' dumps into database
Song '86849' dumps into database
UNIQUE constraint failed: songs.id
  Duplicated ID: '86849'
Trying to update tags of song '86849'
Song '191560' dumps into database
Song '64293' dumps into database
UNIQUE constraint failed: songs.id
  Duplicated ID: '64293'
Trying to update tags of song '64293'
Song '191126' dumps into database
Song '187341' dumps into database
Song '64886' dumps into database
Song '86477' dumps into database
UNIQUE constraint failed: songs.id
  Duplicated ID: '86477'
Trying to update tags of song '86477'
Song '191232' dumps into database
UNIQUE constraint failed: songs.id
  Duplicated ID: '191232'
Trying to update tags of song '191232'
Song '26608788' dumps into database
Song '191171' dumps into database
UNIQUE constraint failed: songs.id
  Duplicated ID: '191171'
Trying to update tags of song '191171'
Song '346576' dumps into database
Song '115162' dumps into database
Song '25638925' dumps into database
Song '287705' dumps into database
UNIQUE constraint failed: songs.id
  Duplicated ID: '287705'
Trying to update tags of song '287705'
Song '27713963' dumps into database
UNIQUE constraint failed: songs.id
  Duplicated ID: '27713963'
Trying to update tags of song '27713963'
Song '300136' dumps into database
Song '169107' dumps into database
Song '65952' dumps into database
UNIQUE constraint failed: songs.id
  Duplicated ID: '65952'
Trying to update tags of song '65952'
Song '189140' dumps into database
UNIQUE constraint failed: songs.id
  Duplicated ID: '189140'
Trying to update tags of song '189140'
Song '308299' dumps into database
UNIQUE constraint failed: songs.id
  Duplicated ID: '308299'
Trying to update tags of song '308299'
Song '95578' dumps into database
UNIQUE constraint failed: songs.id
  Duplicated ID: '95578'
Trying to update tags of song '95578'
Song '298258' dumps into database
UNIQUE constraint failed: songs.id
  Duplicated ID: '298258'
Trying to update tags of song '298258'
Song '86257' dumps into database
Song '65769' dumps into database
Song '190380' dumps into database
Song '346075' dumps into database
Song '287686' dumps into database
UNIQUE constraint failed: songs.id
  Duplicated ID: '287686'
Trying to update tags of song '287686'
Song '65761' dumps into database
Song '29771164' dumps into database
UNIQUE constraint failed: songs.id
  Duplicated ID: '29771164'
Trying to update tags of song '29771164'
Song '224133' dumps into database
UNIQUE constraint failed: songs.id
  Duplicated ID: '224133'
Trying to update tags of song '224133'
Song '376635' dumps into database
Song '186786' dumps into database
Song '110796' dumps into database
Song '94639' dumps into database
UNIQUE constraint failed: songs.id
  Duplicated ID: '94639'
Trying to update tags of song '94639'
Song '86328' dumps into database
Song '171061' dumps into database
Song '25638257' dumps into database
Song '174122' dumps into database
Song '308353' dumps into database
UNIQUE constraint failed: songs.id
  Duplicated ID: '308353'
Trying to update tags of song '308353'
Song '118261' dumps into database
UNIQUE constraint failed: songs.id
  Duplicated ID: '118261'
Trying to update tags of song '118261'
Song '382844' dumps into database
UNIQUE constraint failed: songs.id
  Duplicated ID: '382844'
Trying to update tags of song '382844'
Song '67411' dumps into database
Song '316654' dumps into database
UNIQUE constraint failed: songs.id
  Duplicated ID: '316654'
Trying to update tags of song '316654'
Song '115391' dumps into database
Song '156846' dumps into database
Song '224086' dumps into database
Song '330264' dumps into database
Song '328169' dumps into database
Song '306845' dumps into database
Song '27506284' dumps into database
Song '214029' dumps into database
Song '258684' dumps into database
Song '189714' dumps into database
Song '188175' dumps into database
Song '66476' dumps into database
Song '152392' dumps into database
UNIQUE constraint failed: songs.id
  Duplicated ID: '152392'
Trying to update tags of song '152392'
Song '346069' dumps into database
Song '212430' dumps into database
Song '188204' dumps into database
Song '86771' dumps into database
Song '288093' dumps into database
Song '65592' dumps into database
Song '135355' dumps into database
UNIQUE constraint failed: songs.id
  Duplicated ID: '135355'
Trying to update tags of song '135355'
Song '299460' dumps into database
UNIQUE constraint failed: songs.id
  Duplicated ID: '299460'
Trying to update tags of song '299460'
Song '168725' dumps into database
Song '64634' dumps into database
UNIQUE constraint failed: songs.id
  Duplicated ID: '64634'
Trying to update tags of song '64634'
Song '5256469' dumps into database
Song '212162' dumps into database
UNIQUE constraint failed: songs.id
  Duplicated ID: '212162'
Trying to update tags of song '212162'
Song '191528' dumps into database
UNIQUE constraint failed: songs.id
  Duplicated ID: '191528'
Trying to update tags of song '191528'
Song '85786' dumps into database
Song '298250' dumps into database
Song '234507' dumps into database
Song '316938' dumps into database
UNIQUE constraint failed: songs.id
  Duplicated ID: '316938'
Trying to update tags of song '316938'
Song '27867449' dumps into database
Song '113289' dumps into database
Song '65642' dumps into database
Song '347230' dumps into database
Song '153784' dumps into database
Song '188703' dumps into database
Song '26075353' dumps into database
UNIQUE constraint failed: songs.id
  Duplicated ID: '26075353'
Trying to update tags of song '26075353'
Song '116352' dumps into database
Song '66378' dumps into database
Song '299981' dumps into database
UNIQUE constraint failed: songs.id
  Duplicated ID: '299981'
Trying to update tags of song '299981'
Song '168816' dumps into database
Song '316756' dumps into database
Song '288075' dumps into database
UNIQUE constraint failed: songs.id
  Duplicated ID: '288075'
Trying to update tags of song '288075'
Song '113373' dumps into database
Song '26432068' dumps into database
Song '64797' dumps into database
Song '86943' dumps into database
UNIQUE constraint failed: songs.id
  Duplicated ID: '86943'
Trying to update tags of song '86943'
Song '63892' dumps into database
Song '25729758' dumps into database
Song '64638' dumps into database
Song '66769' dumps into database
Song '115131' dumps into database
Song '346073' dumps into database
Song '28111262' dumps into database
UNIQUE constraint failed: songs.id
  Duplicated ID: '28111262'
Trying to update tags of song '28111262'
Song '299352' dumps into database
Song '65800' dumps into database
UNIQUE constraint failed: songs.id
  Duplicated ID: '65800'
Trying to update tags of song '65800'
Song '157121' dumps into database
Song '212233' dumps into database
Song '187374' dumps into database
Song '113784' dumps into database
Song '190360' dumps into database
Song '65961' dumps into database
Song '299448' dumps into database
Song '25657578' dumps into database
Song '94714' dumps into database
UNIQUE constraint failed: songs.id
  Duplicated ID: '94714'
Trying to update tags of song '94714'
Song '335898' dumps into database
UNIQUE constraint failed: songs.id
  Duplicated ID: '335898'
Trying to update tags of song '335898'
Song '287011' dumps into database
UNIQUE constraint failed: songs.id
  Duplicated ID: '287011'
Trying to update tags of song '287011'
Song '382840' dumps into database
Song '139627' dumps into database
Song '86847' dumps into database
Song '307024' dumps into database
Song '65608' dumps into database
UNIQUE constraint failed: songs.id
  Duplicated ID: '65608'
Trying to update tags of song '65608'
Song '316486' dumps into database
UNIQUE constraint failed: songs.id
  Duplicated ID: '316486'
Trying to update tags of song '316486'
Song '29017433' dumps into database
Song '33471531' dumps into database
UNIQUE constraint failed: songs.id
  Duplicated ID: '33471531'
Trying to update tags of song '33471531'
Song '27483202' dumps into database
Song '193535' dumps into database
Song '4878122' dumps into database
Song '110146' dumps into database
Song '347597' dumps into database
Song '66285' dumps into database
UNIQUE constraint failed: songs.id
  Duplicated ID: '66285'
Trying to update tags of song '66285'
Song '169003' dumps into database
Song '299090' dumps into database
Song '186331' dumps into database
Song '299116' dumps into database
UNIQUE constraint failed: songs.id
  Duplicated ID: '299116'
Trying to update tags of song '299116'
Song '188550' dumps into database
UNIQUE constraint failed: songs.id
  Duplicated ID: '188550'
Trying to update tags of song '188550'
Song '27483203' dumps into database
Song '168336' dumps into database
Song '300587' dumps into database
Song '65198' dumps into database
UNIQUE constraint failed: songs.id
  Duplicated ID: '65198'
Trying to update tags of song '65198'
Song '64833' dumps into database
Song '152886' dumps into database
Song '66265' dumps into database
Song '168353' dumps into database
UNIQUE constraint failed: songs.id
  Duplicated ID: '168353'
Trying to update tags of song '168353'
Song '298880' dumps into database
Song '66743' dumps into database
UNIQUE constraint failed: songs.id
  Duplicated ID: '66743'
Trying to update tags of song '66743'
Song '30569023' dumps into database
Song '347355' dumps into database
Song '189987' dumps into database
Song '85961' dumps into database
Song '64922' dumps into database
UNIQUE constraint failed: songs.id
  Duplicated ID: '64922'
Trying to update tags of song '64922'
Song '190372' dumps into database

102 new songs added
48 tags of songs updated
