Scraping comments of song 34532186
Scraping lyric of song '34532186'
Scraping comments of song 34532182
Scraping lyric of song '34532182'
Scraping comments of song 36198832
Scraping lyric of song '36198832'
Scraping comments of song 31594054
Scraping lyric of song '31594054'
Scraping comments of song 32317687
Scraping lyric of song '32317687'
Scraping comments of song 28391219
Scraping lyric of song '28391219'
Scraping comments of song 35848514
Scraping lyric of song '35848514'
Scraping comments of song 33599471
Scraping lyric of song '33599471'
Scraping comments of song 35807009
Scraping lyric of song '35807009'
Scraping comments of song 35807008
Scraping lyric of song '35807008'
Scraping comments of song 37092693
Scraping lyric of song '37092693'
Scraping comments of song 36496382
Scraping lyric of song '36496382'
Scraping comments of song 35956677
Scraping lyric of song '35956677'
Scraping comments of song 35956676
Scraping lyric of song '35956676'
Scraping comments of song 36664734
Scraping lyric of song '36664734'
Scraping comments of song 35806015
Scraping lyric of song '35806015'
Scraping comments of song 36307396
Scraping lyric of song '36307396'
Scraping comments of song 33111608
Scraping lyric of song '33111608'
Scraping comments of song 33987493
Scraping lyric of song '33987493'
Scraping comments of song 33085508
Scraping lyric of song '33085508'
Scraping comments of song 28059189
Scraping lyric of song '28059189'
Scraping comments of song 28274507
Scraping lyric of song '28274507'
Scraping comments of song 365424
Scraping lyric of song '365424'
Scraping comments of song 365436
Scraping lyric of song '365436'
Scraping comments of song 34144526
Scraping lyric of song '34144526'
Scraping comments of song 34144527
Scraping lyric of song '34144527'
Scraping comments of song 28341952
Scraping lyric of song '28341952'
Scraping comments of song 29713632
Scraping lyric of song '29713632'
Scraping comments of song 28699696
Scraping lyric of song '28699696'
Scraping comments of song 5411030
Scraping lyric of song '5411030'
Scraping comments of song 28699697
Scraping lyric of song '28699697'
Scraping comments of song 22813728
Scraping lyric of song '22813728'
Scraping comments of song 33875059
Scraping lyric of song '33875059'
Scraping comments of song 22813714
Scraping lyric of song '22813714'
Scraping comments of song 5410805
Scraping lyric of song '5410805'
Scraping comments of song 28699695
Scraping lyric of song '28699695'
Scraping comments of song 22813738
Scraping lyric of song '22813738'
Scraping comments of song 34614995
Scraping lyric of song '34614995'
Scraping comments of song 34614989
Scraping lyric of song '34614989'
Scraping comments of song 31877718
Scraping lyric of song '31877718'
Scraping comments of song 31877717
Scraping lyric of song '31877717'
Scraping comments of song 5375694
Scraping lyric of song '5375694'
Scraping comments of song 26098676
Scraping lyric of song '26098676'
Scraping comments of song 33071193
Scraping lyric of song '33071193'
Scraping comments of song 33071189
Scraping lyric of song '33071189'
Scraping comments of song 29744950
Scraping lyric of song '29744950'
Scraping comments of song 29744947
Scraping lyric of song '29744947'
Scraping comments of song 5366341
Scraping lyric of song '5366341'
Scraping comments of song 5366416
Scraping lyric of song '5366416'
Scraping comments of song 34852665
Scraping lyric of song '34852665'
Scraping comments of song 34614052
Scraping lyric of song '34614052'
Scraping comments of song 368245
Scraping lyric of song '368245'
Scraping comments of song 22735511
Scraping lyric of song '22735511'
Scraping comments of song 28111016
Scraping lyric of song '28111016'
Scraping comments of song 27894563
Scraping lyric of song '27894563'
Scraping comments of song 28592995
Scraping lyric of song '28592995'
Scraping comments of song 27612601
Scraping lyric of song '27612601'
Scraping comments of song 28613131
Scraping lyric of song '28613131'
Scraping comments of song 22644265
Scraping lyric of song '22644265'
Scraping comments of song 5373847
Scraping lyric of song '5373847'
Scraping comments of song 5373874
Scraping lyric of song '5373874'
Scraping comments of song 5373846
Scraping lyric of song '5373846'
Scraping comments of song 26158509
Scraping lyric of song '26158509'
Scraping comments of song 5373844
Scraping lyric of song '5373844'
Scraping comments of song 22644290
Scraping lyric of song '22644290'
Scraping comments of song 5373848
Scraping lyric of song '5373848'
Scraping comments of song 26158508
Scraping lyric of song '26158508'
Scraping comments of song 28310121
Scraping lyric of song '28310121'
Scraping comments of song 28341363
Scraping lyric of song '28341363'
Scraping comments of song 25706328
Scraping lyric of song '25706328'
Scraping comments of song 28613026
Scraping lyric of song '28613026'
Scraping comments of song 25706326
Scraping lyric of song '25706326'
Scraping comments of song 28613025
Scraping lyric of song '28613025'
Scraping comments of song 22817407
Scraping lyric of song '22817407'
Scraping comments of song 22817402
Scraping lyric of song '22817402'
Scraping comments of song 25707190
Scraping lyric of song '25707190'
Scraping comments of song 25707294
Scraping lyric of song '25707294'
Scraping comments of song 25707189
Scraping lyric of song '25707189'
Scraping comments of song 25707287
Scraping lyric of song '25707287'
Scraping comments of song 22817419
Scraping lyric of song '22817419'
Scraping comments of song 5392355
Scraping lyric of song '5392355'
Scraping comments of song 33111125
Scraping lyric of song '33111125'
Scraping comments of song 31209067
Scraping lyric of song '31209067'
Scraping comments of song 33111124
Scraping lyric of song '33111124'
Scraping comments of song 31209069
Scraping lyric of song '31209069'
Scraping comments of song 33111123
Scraping lyric of song '33111123'
Scraping comments of song 31209068
Scraping lyric of song '31209068'
Scraping comments of song 25638354
Scraping lyric of song '25638354'
Scraping comments of song 25638311
Scraping lyric of song '25638311'
Scraping comments of song 32451729
Scraping lyric of song '32451729'
Scraping comments of song 22835542
Scraping lyric of song '22835542'
Scraping comments of song 33872712
Scraping lyric of song '33872712'
Scraping comments of song 22835549
Scraping lyric of song '22835549'
Scraping comments of song 33872709
Scraping lyric of song '33872709'
Scraping comments of song 22835550
Scraping lyric of song '22835550'
Scraping comments of song 33872708
Scraping lyric of song '33872708'
Scraping comments of song 22835562
Scraping lyric of song '22835562'
Scraping comments of song 33071165
Scraping lyric of song '33071165'
Scraping comments of song 29498859
Scraping lyric of song '29498859'
Scraping comments of song 32408623
Scraping lyric of song '32408623'
Scraping comments of song 31165366
Scraping lyric of song '31165366'
Scraping comments of song 33166768
Scraping lyric of song '33166768'
Scraping comments of song 29715521
Scraping lyric of song '29715521'
Scraping comments of song 33682509
Scraping lyric of song '33682509'
Scraping comments of song 33682508
Scraping lyric of song '33682508'
Scraping comments of song 27538467
Scraping lyric of song '27538467'
Scraping comments of song 27538357
Scraping lyric of song '27538357'
Scraping comments of song 26428031
Scraping lyric of song '26428031'
Scraping comments of song 26428003
Scraping lyric of song '26428003'
Scraping comments of song 28059507
Scraping lyric of song '28059507'
Scraping comments of song 28059506
Scraping lyric of song '28059506'
Scraping comments of song 32408455
Scraping lyric of song '32408455'
Scraping comments of song 32408433
Scraping lyric of song '32408433'
Scraping comments of song 31191713
Scraping lyric of song '31191713'
Scraping comments of song 31191712
Scraping lyric of song '31191712'
Scraping comments of song 32196402
Scraping lyric of song '32196402'
Scraping comments of song 32174112
Scraping lyric of song '32174112'
Scraping comments of song 33579654
Scraping lyric of song '33579654'
Scraping comments of song 32752206
Scraping lyric of song '32752206'
Scraping comments of song 33737313
Scraping lyric of song '33737313'
Scraping comments of song 28242983
Scraping lyric of song '28242983'
Song '34532186' dumps into database
Song '34532182' dumps into database
Song '36198832' dumps into database
Song '31594054' dumps into database
Song '32317687' dumps into database
Song '28391219' dumps into database
Song '35848514' dumps into database
Song '33599471' dumps into database
Song '35807009' dumps into database
Song '35807008' dumps into database
Song '37092693' dumps into database
Song '36496382' dumps into database
Song '35956677' dumps into database
Song '35956676' dumps into database
Song '36664734' dumps into database
Song '35806015' dumps into database
Song '36307396' dumps into database
Song '33111608' dumps into database
Song '33987493' dumps into database
Song '33085508' dumps into database
Song '28059189' dumps into database
Song '28274507' dumps into database
Song '365424' dumps into database
Song '365436' dumps into database
Song '34144526' dumps into database
Song '34144527' dumps into database
Song '28341952' dumps into database
Song '29713632' dumps into database
Song '28699696' dumps into database
Song '5411030' dumps into database
Song '28699697' dumps into database
Song '22813728' dumps into database
Song '33875059' dumps into database
Song '22813714' dumps into database
Song '5410805' dumps into database
Song '28699695' dumps into database
Song '22813738' dumps into database
Song '34614995' dumps into database
Song '34614989' dumps into database
Song '31877718' dumps into database
Song '31877717' dumps into database
Song '5375694' dumps into database
Song '26098676' dumps into database
Song '33071193' dumps into database
Song '33071189' dumps into database
Song '29744950' dumps into database
Song '29744947' dumps into database
Song '5366341' dumps into database
Song '5366416' dumps into database
Song '34852665' dumps into database
Song '34614052' dumps into database
Song '368245' dumps into database
Song '22735511' dumps into database
Song '28111016' dumps into database
Song '27894563' dumps into database
Song '28592995' dumps into database
Song '27612601' dumps into database
Song '28613131' dumps into database
Song '22644265' dumps into database
Song '5373847' dumps into database
Song '5373874' dumps into database
Song '5373846' dumps into database
Song '26158509' dumps into database
Song '5373844' dumps into database
Song '22644290' dumps into database
Song '5373848' dumps into database
Song '26158508' dumps into database
Song '28310121' dumps into database
Song '28341363' dumps into database
Song '25706328' dumps into database
Song '28613026' dumps into database
Song '25706326' dumps into database
Song '28613025' dumps into database
Song '22817407' dumps into database
Song '22817402' dumps into database
Song '25707190' dumps into database
Song '25707294' dumps into database
Song '25707189' dumps into database
Song '25707287' dumps into database
Song '22817419' dumps into database
Song '5392355' dumps into database
Song '33111125' dumps into database
Song '31209067' dumps into database
Song '33111124' dumps into database
Song '31209069' dumps into database
Song '33111123' dumps into database
Song '31209068' dumps into database
Song '25638354' dumps into database
Song '25638311' dumps into database
Song '32451729' dumps into database
Song '22835542' dumps into database
Song '33872712' dumps into database
Song '22835549' dumps into database
Song '33872709' dumps into database
Song '22835550' dumps into database
Song '33872708' dumps into database
Song '22835562' dumps into database
Song '33071165' dumps into database
Song '29498859' dumps into database
Song '32408623' dumps into database
Song '31165366' dumps into database
Song '33166768' dumps into database
Song '29715521' dumps into database
Song '33682509' dumps into database
Song '33682508' dumps into database
Song '27538467' dumps into database
Song '27538357' dumps into database
Song '26428031' dumps into database
Song '26428003' dumps into database
Song '28059507' dumps into database
Song '28059506' dumps into database
UNIQUE constraint failed: songs.id
  Duplicated ID: '28059506'
Trying to update tags of song '28059506'
Song '32408455' dumps into database
Song '32408433' dumps into database
Song '31191713' dumps into database
Song '31191712' dumps into database
Song '32196402' dumps into database
Song '32174112' dumps into database
Song '33579654' dumps into database
Song '32752206' dumps into database
Song '33737313' dumps into database
Song '28242983' dumps into database

120 new songs added
1 tags of songs updated
