Scraping comments of song 2782476
Scraping lyric of song '2782476'
Scraping comments of song 21157593
Scraping lyric of song '21157593'
Scraping comments of song 3167095
Scraping lyric of song '3167095'
Scraping comments of song 18927778
Scraping lyric of song '18927778'
Scraping comments of song 24496513
Scraping lyric of song '24496513'
Scraping comments of song 1789108
Scraping lyric of song '1789108'
Scraping comments of song 22588929
Scraping lyric of song '22588929'
Scraping comments of song 26163285
Scraping lyric of song '26163285'
Scraping comments of song 17536435
Scraping lyric of song '17536435'
Scraping comments of song 16377608
Scraping lyric of song '16377608'
Scraping comments of song 18637632
Scraping lyric of song '18637632'
Scraping comments of song 5198861
Scraping lyric of song '5198861'
Scraping comments of song 17434111
Scraping lyric of song '17434111'
Scraping comments of song 19209063
Scraping lyric of song '19209063'
Scraping comments of song 20953780
Scraping lyric of song '20953780'
Scraping comments of song 18067315
Scraping lyric of song '18067315'
Song '2782476' dumps into database
Song '21157593' dumps into database
Song '3167095' dumps into database
Song '18927778' dumps into database
Song '24496513' dumps into database
Song '1789108' dumps into database
Song '22588929' dumps into database
Song '26163285' dumps into database
Song '17536435' dumps into database
Song '16377608' dumps into database
Song '18637632' dumps into database
Song '5198861' dumps into database
Song '17434111' dumps into database
Song '19209063' dumps into database
Song '20953780' dumps into database
Song '18067315' dumps into database

16 new songs added
0 tags of songs updated
