Scraping comments of song 652723
Scraping lyric of song '652723'
Scraping comments of song 29769482
Scraping lyric of song '29769482'
Scraping comments of song 34986173
Scraping lyric of song '34986173'
Scraping comments of song 34367777
Scraping lyric of song '34367777'
Scraping comments of song 29775784
Scraping lyric of song '29775784'
Scraping comments of song 28748673
Scraping lyric of song '28748673'
Scraping comments of song 27713143
Scraping lyric of song '27713143'
Scraping comments of song 26383237
Scraping lyric of song '26383237'
Scraping comments of song 579842
Scraping lyric of song '579842'
Scraping comments of song 461011
Scraping lyric of song '461011'
Scraping comments of song 22826396
Scraping lyric of song '22826396'
Scraping comments of song 573656
Scraping lyric of song '573656'
Scraping comments of song 29738119
Scraping lyric of song '29738119'
Scraping comments of song 35288277
Scraping lyric of song '35288277'
Scraping comments of song 460638
Scraping lyric of song '460638'
Scraping comments of song 28977721
Scraping lyric of song '28977721'
Scraping comments of song 662219
Scraping lyric of song '662219'
Scraping comments of song 26201861
Scraping lyric of song '26201861'
Scraping comments of song 29718090
Scraping lyric of song '29718090'
Scraping comments of song 26219925
Scraping lyric of song '26219925'
Scraping comments of song 26101849
Scraping lyric of song '26101849'
Scraping comments of song 31587870
Scraping lyric of song '31587870'
Scraping comments of song 28452014
Scraping lyric of song '28452014'
Scraping comments of song 28853686
Scraping lyric of song '28853686'
Scraping comments of song 26324043
Scraping lyric of song '26324043'
Scraping comments of song 29812249
Scraping lyric of song '29812249'
Scraping comments of song 28936241
Scraping lyric of song '28936241'
Scraping comments of song 34367840
Scraping lyric of song '34367840'
Scraping comments of song 31108259
Scraping lyric of song '31108259'
Scraping comments of song 664069
Scraping lyric of song '664069'
Scraping comments of song 34749838
Scraping lyric of song '34749838'
Scraping comments of song 675919
Scraping lyric of song '675919'
Scraping comments of song 658713
Scraping lyric of song '658713'
Scraping comments of song 28468647
Scraping lyric of song '28468647'
Scraping comments of song 30284848
Scraping lyric of song '30284848'
Scraping comments of song 28739320
Scraping lyric of song '28739320'
Scraping comments of song 31168487
Scraping lyric of song '31168487'
Scraping comments of song 28192075
Scraping lyric of song '28192075'
Scraping comments of song 559628
Scraping lyric of song '559628'
Scraping comments of song 31680683
Scraping lyric of song '31680683'
Scraping comments of song 30621933
Scraping lyric of song '30621933'
Scraping comments of song 28707144
Scraping lyric of song '28707144'
Scraping comments of song 31587646
Scraping lyric of song '31587646'
Scraping comments of song 460528
Scraping lyric of song '460528'
Scraping comments of song 29460736
Scraping lyric of song '29460736'
Scraping comments of song 602472
Scraping lyric of song '602472'
Scraping comments of song 4970794
Scraping lyric of song '4970794'
Scraping comments of song 28018274
Scraping lyric of song '28018274'
Scraping comments of song 26109368
Scraping lyric of song '26109368'
Scraping comments of song 26137933
Scraping lyric of song '26137933'
Scraping comments of song 31369021
Scraping lyric of song '31369021'
Scraping comments of song 28814884
Scraping lyric of song '28814884'
Scraping comments of song 34986115
Scraping lyric of song '34986115'
Scraping comments of song 33579050
Scraping lyric of song '33579050'
Scraping comments of song 651021
Scraping lyric of song '651021'
Scraping comments of song 30706695
Scraping lyric of song '30706695'
Scraping comments of song 22764748
Scraping lyric of song '22764748'
Scraping comments of song 28144348
Scraping lyric of song '28144348'
Scraping comments of song 27901389
Scraping lyric of song '27901389'
Scraping comments of song 32337733
Scraping lyric of song '32337733'
Scraping comments of song 28167160
Scraping lyric of song '28167160'
Scraping comments of song 597031
Scraping lyric of song '597031'
Scraping comments of song 27546858
Scraping lyric of song '27546858'
Scraping comments of song 599756
Scraping lyric of song '599756'
Scraping comments of song 600197
Scraping lyric of song '600197'
Scraping comments of song 29932769
Scraping lyric of song '29932769'
Scraping comments of song 625792
Scraping lyric of song '625792'
Scraping comments of song 625570
Scraping lyric of song '625570'
Scraping comments of song 31191531
Scraping lyric of song '31191531'
Scraping comments of song 33391567
Scraping lyric of song '33391567'
Scraping comments of song 33510603
Scraping lyric of song '33510603'
Scraping comments of song 661706
Scraping lyric of song '661706'
Scraping comments of song 27552690
Scraping lyric of song '27552690'
Scraping comments of song 28853685
Scraping lyric of song '28853685'
Scraping comments of song 32803012
Scraping lyric of song '32803012'
Scraping comments of song 31546039
Scraping lyric of song '31546039'
Scraping comments of song 28409047
Scraping lyric of song '28409047'
Scraping comments of song 571983
Scraping lyric of song '571983'
Scraping comments of song 29567388
Scraping lyric of song '29567388'
Scraping comments of song 30903186
Scraping lyric of song '30903186'
Scraping comments of song 29276369
Scraping lyric of song '29276369'
Scraping comments of song 29276385
Scraping lyric of song '29276385'
Scraping comments of song 29340322
Scraping lyric of song '29340322'
Scraping comments of song 28786574
Scraping lyric of song '28786574'
Scraping comments of song 34144214
Scraping lyric of song '34144214'
Scraping comments of song 28762518
Scraping lyric of song '28762518'
Scraping comments of song 583296
Scraping lyric of song '583296'
Scraping comments of song 26231679
Scraping lyric of song '26231679'
Scraping comments of song 649343
Scraping lyric of song '649343'
Scraping comments of song 649269
Scraping lyric of song '649269'
Scraping comments of song 31108263
Scraping lyric of song '31108263'
Scraping comments of song 4927464
Scraping lyric of song '4927464'
Scraping comments of song 27705008
Scraping lyric of song '27705008'
Scraping comments of song 33941594
Scraping lyric of song '33941594'
Scraping comments of song 31861744
Scraping lyric of song '31861744'
Scraping comments of song 572048
Scraping lyric of song '572048'
Scraping comments of song 436947
Scraping lyric of song '436947'
Scraping comments of song 31680803
Scraping lyric of song '31680803'
Scraping comments of song 559128
Scraping lyric of song '559128'
Scraping comments of song 630997
Scraping lyric of song '630997'
Song '652723' dumps into database
Song '29769482' dumps into database
Song '34986173' dumps into database
Song '34367777' dumps into database
Song '29775784' dumps into database
Song '28748673' dumps into database
Song '27713143' dumps into database
UNIQUE constraint failed: songs.id
  Duplicated ID: '27713143'
Trying to update tags of song '27713143'
Song '26383237' dumps into database
Song '579842' dumps into database
Song '461011' dumps into database
UNIQUE constraint failed: songs.id
  Duplicated ID: '461011'
Trying to update tags of song '461011'
Song '22826396' dumps into database
UNIQUE constraint failed: songs.id
  Duplicated ID: '22826396'
Trying to update tags of song '22826396'
Song '573656' dumps into database
Song '29738119' dumps into database
Song '35288277' dumps into database
Song '460638' dumps into database
Song '28977721' dumps into database
Song '662219' dumps into database
Song '26201861' dumps into database
Song '29718090' dumps into database
Song '26219925' dumps into database
Song '26101849' dumps into database
Song '31587870' dumps into database
Song '28452014' dumps into database
Song '28853686' dumps into database
Song '26324043' dumps into database
Song '29812249' dumps into database
Song '28936241' dumps into database
Song '34367840' dumps into database
Song '31108259' dumps into database
Song '664069' dumps into database
Song '34749838' dumps into database
Song '675919' dumps into database
Song '658713' dumps into database
Song '28468647' dumps into database
Song '30284848' dumps into database
Song '28739320' dumps into database
Song '31168487' dumps into database
Song '28192075' dumps into database
Song '559628' dumps into database
Song '31680683' dumps into database
Song '30621933' dumps into database
Song '28707144' dumps into database
Song '31587646' dumps into database
Song '460528' dumps into database
Song '29460736' dumps into database
Song '602472' dumps into database
Song '4970794' dumps into database
Song '28018274' dumps into database
UNIQUE constraint failed: songs.id
  Duplicated ID: '28018274'
Trying to update tags of song '28018274'
Song '26109368' dumps into database
Song '26137933' dumps into database
Song '31369021' dumps into database
Song '28814884' dumps into database
Song '34986115' dumps into database
Song '33579050' dumps into database
Song '651021' dumps into database
Song '30706695' dumps into database
Song '22764748' dumps into database
Song '28144348' dumps into database
Song '27901389' dumps into database
Song '32337733' dumps into database
Song '28167160' dumps into database
Song '597031' dumps into database
Song '27546858' dumps into database
Song '599756' dumps into database
Song '600197' dumps into database
Song '29932769' dumps into database
Song '625792' dumps into database
Song '625570' dumps into database
Song '31191531' dumps into database
Song '33391567' dumps into database
Song '33510603' dumps into database
Song '661706' dumps into database
Song '27552690' dumps into database
Song '28853685' dumps into database
Song '32803012' dumps into database
Song '31546039' dumps into database
Song '28409047' dumps into database
Song '571983' dumps into database
Song '29567388' dumps into database
Song '30903186' dumps into database
Song '29276369' dumps into database
Song '29276385' dumps into database
Song '29340322' dumps into database
Song '28786574' dumps into database
Song '34144214' dumps into database
Song '28762518' dumps into database
Song '583296' dumps into database
Song '26231679' dumps into database
Song '649343' dumps into database
Song '649269' dumps into database
Song '31108263' dumps into database
Song '4927464' dumps into database
Song '27705008' dumps into database
Song '33941594' dumps into database
Song '31861744' dumps into database
Song '572048' dumps into database
Song '436947' dumps into database
Song '31680803' dumps into database
Song '559128' dumps into database
Song '630997' dumps into database

96 new songs added
4 tags of songs updated
