Scraping comments of song 33252273
Scraping lyric of song '33252273'
Scraping comments of song 29769147
Scraping lyric of song '29769147'
Scraping comments of song 28953010
Scraping lyric of song '28953010'
Scraping comments of song 28853556
Scraping lyric of song '28853556'
Scraping comments of song 31721353
Scraping lyric of song '31721353'
Scraping comments of song 29408656
Scraping lyric of song '29408656'
Scraping comments of song 29408653
Scraping lyric of song '29408653'
Scraping comments of song 28738286
Scraping lyric of song '28738286'
Scraping comments of song 28786787
Scraping lyric of song '28786787'
Scraping comments of song 4873924
Scraping lyric of song '4873924'
Scraping comments of song 344398
Scraping lyric of song '344398'
Scraping comments of song 5231839
Scraping lyric of song '5231839'
Scraping comments of song 28640265
Scraping lyric of song '28640265'
Scraping comments of song 31517407
Scraping lyric of song '31517407'
Scraping comments of song 296958
Scraping lyric of song '296958'
Scraping comments of song 296964
Scraping lyric of song '296964'
Scraping comments of song 26145660
Scraping lyric of song '26145660'
Scraping comments of song 31563193
Scraping lyric of song '31563193'
Scraping comments of song 285100
Scraping lyric of song '285100'
Scraping comments of song 27906490
Scraping lyric of song '27906490'
Scraping comments of song 31967029
Scraping lyric of song '31967029'
Scraping comments of song 272894
Scraping lyric of song '272894'
Scraping comments of song 247512
Scraping lyric of song '247512'
Scraping comments of song 324980
Scraping lyric of song '324980'
Scraping comments of song 34228087
Scraping lyric of song '34228087'
Scraping comments of song 4873075
Scraping lyric of song '4873075'
Scraping comments of song 224556
Scraping lyric of song '224556'
Scraping comments of song 26145109
Scraping lyric of song '26145109'
Scraping comments of song 35307371
Scraping lyric of song '35307371'
Scraping comments of song 315475
Scraping lyric of song '315475'
Scraping comments of song 27908317
Scraping lyric of song '27908317'
Scraping comments of song 135147
Scraping lyric of song '135147'
Song '33252273' dumps into database
Song '29769147' dumps into database
Song '28953010' dumps into database
Song '28853556' dumps into database
Song '31721353' dumps into database
Song '29408656' dumps into database
Song '29408653' dumps into database
Song '28738286' dumps into database
Song '28786787' dumps into database
Song '4873924' dumps into database
Song '344398' dumps into database
Song '5231839' dumps into database
Song '28640265' dumps into database
Song '31517407' dumps into database
Song '296958' dumps into database
Song '296964' dumps into database
Song '26145660' dumps into database
Song '31563193' dumps into database
Song '285100' dumps into database
Song '27906490' dumps into database
Song '31967029' dumps into database
Song '272894' dumps into database
Song '247512' dumps into database
Song '324980' dumps into database
Song '34228087' dumps into database
Song '4873075' dumps into database
Song '224556' dumps into database
Song '26145109' dumps into database
Song '35307371' dumps into database
Song '315475' dumps into database
Song '27908317' dumps into database
Song '135147' dumps into database

32 new songs added
0 tags of songs updated
