Scraping comments of song 29599078
Scraping lyric of song '29599078'
Scraping comments of song 30590881
Scraping lyric of song '30590881'
Scraping comments of song 28699542
Scraping lyric of song '28699542'
Scraping comments of song 22687403
Scraping lyric of song '22687403'
Scraping comments of song 31185077
Scraping lyric of song '31185077'
Scraping comments of song 4932760
Scraping lyric of song '4932760'
Scraping comments of song 28786558
Scraping lyric of song '28786558'
Scraping comments of song 22823373
Scraping lyric of song '22823373'
Scraping comments of song 30431674
Scraping lyric of song '30431674'
Scraping comments of song 31152830
Scraping lyric of song '31152830'
Scraping comments of song 29822222
Scraping lyric of song '29822222'
Scraping comments of song 26131809
Scraping lyric of song '26131809'
Scraping comments of song 27675710
Scraping lyric of song '27675710'
Scraping comments of song 28288087
Scraping lyric of song '28288087'
Scraping comments of song 573658
Scraping lyric of song '573658'
Scraping comments of song 31560997
Scraping lyric of song '31560997'
Scraping comments of song 26212616
Scraping lyric of song '26212616'
Scraping comments of song 29744071
Scraping lyric of song '29744071'
Scraping comments of song 616326
Scraping lyric of song '616326'
Scraping comments of song 22766789
Scraping lyric of song '22766789'
Scraping comments of song 28528224
Scraping lyric of song '28528224'
Scraping comments of song 28959374
Scraping lyric of song '28959374'
Scraping comments of song 749221
Scraping lyric of song '749221'
Scraping comments of song 32408961
Scraping lyric of song '32408961'
Scraping comments of song 28048776
Scraping lyric of song '28048776'
Scraping comments of song 31426095
Scraping lyric of song '31426095'
Scraping comments of song 28738493
Scraping lyric of song '28738493'
Scraping comments of song 31168484
Scraping lyric of song '31168484'
Scraping comments of song 32098747
Scraping lyric of song '32098747'
Scraping comments of song 26512251
Scraping lyric of song '26512251'
Scraping comments of song 28315312
Scraping lyric of song '28315312'
Scraping comments of song 22808827
Scraping lyric of song '22808827'
Scraping comments of song 26220357
Scraping lyric of song '26220357'
Scraping comments of song 28468932
Scraping lyric of song '28468932'
Scraping comments of song 32288512
Scraping lyric of song '32288512'
Scraping comments of song 26220355
Scraping lyric of song '26220355'
Scraping comments of song 26124039
Scraping lyric of song '26124039'
Scraping comments of song 572049
Scraping lyric of song '572049'
Scraping comments of song 574261
Scraping lyric of song '574261'
Scraping comments of song 857955
Scraping lyric of song '857955'
Scraping comments of song 29822218
Scraping lyric of song '29822218'
Scraping comments of song 29822214
Scraping lyric of song '29822214'
Scraping comments of song 29822202
Scraping lyric of song '29822202'
Scraping comments of song 29822201
Scraping lyric of song '29822201'
Scraping comments of song 31185081
Scraping lyric of song '31185081'
Scraping comments of song 29781166
Scraping lyric of song '29781166'
Scraping comments of song 31680186
Scraping lyric of song '31680186'
Scraping comments of song 587555
Scraping lyric of song '587555'
Scraping comments of song 28187671
Scraping lyric of song '28187671'
Scraping comments of song 29393753
Scraping lyric of song '29393753'
Scraping comments of song 28118203
Scraping lyric of song '28118203'
Scraping comments of song 32235697
Scraping lyric of song '32235697'
Scraping comments of song 28875549
Scraping lyric of song '28875549'
Scraping comments of song 29760035
Scraping lyric of song '29760035'
Scraping comments of song 31234649
Scraping lyric of song '31234649'
Scraping comments of song 29534017
Scraping lyric of song '29534017'
Scraping comments of song 28187672
Scraping lyric of song '28187672'
Scraping comments of song 28468251
Scraping lyric of song '28468251'
Scraping comments of song 28187674
Scraping lyric of song '28187674'
Scraping comments of song 32235127
Scraping lyric of song '32235127'
Scraping comments of song 29107442
Scraping lyric of song '29107442'
Scraping comments of song 29822208
Scraping lyric of song '29822208'
Scraping comments of song 29822271
Scraping lyric of song '29822271'
Scraping comments of song 29822266
Scraping lyric of song '29822266'
Scraping comments of song 28956422
Scraping lyric of song '28956422'
Scraping comments of song 786973
Scraping lyric of song '786973'
Scraping comments of song 29762210
Scraping lyric of song '29762210'
Scraping comments of song 646462
Scraping lyric of song '646462'
Scraping comments of song 26101820
Scraping lyric of song '26101820'
Scraping comments of song 28660241
Scraping lyric of song '28660241'
Scraping comments of song 27594377
Scraping lyric of song '27594377'
Scraping comments of song 29777854
Scraping lyric of song '29777854'
Scraping comments of song 28959389
Scraping lyric of song '28959389'
Scraping comments of song 28547202
Scraping lyric of song '28547202'
Scraping comments of song 27672020
Scraping lyric of song '27672020'
Scraping comments of song 586029
Scraping lyric of song '586029'
Scraping comments of song 29011482
Scraping lyric of song '29011482'
Scraping comments of song 31185083
Scraping lyric of song '31185083'
Scraping comments of song 28850663
Scraping lyric of song '28850663'
Scraping comments of song 27654173
Scraping lyric of song '27654173'
Scraping comments of song 32477706
Scraping lyric of song '32477706'
Scraping comments of song 4923328
Scraping lyric of song '4923328'
Scraping comments of song 26131817
Scraping lyric of song '26131817'
Scraping comments of song 31680180
Scraping lyric of song '31680180'
Scraping comments of song 29822267
Scraping lyric of song '29822267'
Scraping comments of song 29822269
Scraping lyric of song '29822269'
Scraping comments of song 582151
Scraping lyric of song '582151'
Scraping comments of song 749096
Scraping lyric of song '749096'
Scraping comments of song 28387585
Scraping lyric of song '28387585'
Scraping comments of song 559427
Scraping lyric of song '559427'
Scraping comments of song 27771868
Scraping lyric of song '27771868'
Song '29599078' dumps into database
Song '30590881' dumps into database
Song '28699542' dumps into database
Song '22687403' dumps into database
Song '31185077' dumps into database
Song '4932760' dumps into database
Song '28786558' dumps into database
Song '22823373' dumps into database
Song '30431674' dumps into database
Song '31152830' dumps into database
Song '29822222' dumps into database
Song '26131809' dumps into database
Song '27675710' dumps into database
Song '28288087' dumps into database
Song '573658' dumps into database
Song '31560997' dumps into database
Song '26212616' dumps into database
Song '29744071' dumps into database
Song '616326' dumps into database
Song '22766789' dumps into database
Song '28528224' dumps into database
Song '28959374' dumps into database
Song '749221' dumps into database
Song '32408961' dumps into database
Song '28048776' dumps into database
Song '31426095' dumps into database
Song '28738493' dumps into database
Song '31168484' dumps into database
Song '32098747' dumps into database
Song '26512251' dumps into database
Song '28315312' dumps into database
Song '22808827' dumps into database
Song '26220357' dumps into database
Song '28468932' dumps into database
Song '32288512' dumps into database
Song '26220355' dumps into database
Song '26124039' dumps into database
Song '572049' dumps into database
Song '574261' dumps into database
Song '857955' dumps into database
Song '29822218' dumps into database
Song '29822214' dumps into database
Song '29822202' dumps into database
Song '29822201' dumps into database
Song '31185081' dumps into database
Song '29781166' dumps into database
Song '31680186' dumps into database
Song '587555' dumps into database
Song '28187671' dumps into database
Song '29393753' dumps into database
Song '28118203' dumps into database
Song '32235697' dumps into database
Song '28875549' dumps into database
Song '29760035' dumps into database
Song '31234649' dumps into database
Song '29534017' dumps into database
Song '28187672' dumps into database
Song '28468251' dumps into database
Song '28187674' dumps into database
Song '32235127' dumps into database
Song '29107442' dumps into database
Song '29822208' dumps into database
Song '29822271' dumps into database
Song '29822266' dumps into database
Song '28956422' dumps into database
Song '786973' dumps into database
Song '29762210' dumps into database
Song '646462' dumps into database
Song '26101820' dumps into database
Song '28660241' dumps into database
Song '27594377' dumps into database
Song '29777854' dumps into database
Song '28959389' dumps into database
Song '28547202' dumps into database
Song '27672020' dumps into database
Song '586029' dumps into database
Song '29011482' dumps into database
Song '31185083' dumps into database
Song '28850663' dumps into database
Song '27654173' dumps into database
Song '32477706' dumps into database
Song '4923328' dumps into database
Song '26131817' dumps into database
Song '31680180' dumps into database
Song '29822267' dumps into database
Song '29822269' dumps into database
Song '582151' dumps into database
Song '749096' dumps into database
Song '28387585' dumps into database
Song '559427' dumps into database
Song '27771868' dumps into database

91 new songs added
0 tags of songs updated
