Scraping comments of song 25864224
Scraping lyric of song '25864224'
Scraping comments of song 5402880
Scraping lyric of song '5402880'
Scraping comments of song 5408715
Scraping lyric of song '5408715'
Scraping comments of song 22761612
Scraping lyric of song '22761612'
Scraping comments of song 22761600
Scraping lyric of song '22761600'
Scraping comments of song 22774994
Scraping lyric of song '22774994'
Scraping comments of song 22811260
Scraping lyric of song '22811260'
Scraping comments of song 22789468
Scraping lyric of song '22789468'
Scraping comments of song 5364241
Scraping lyric of song '5364241'
Scraping comments of song 22844336
Scraping lyric of song '22844336'
Scraping comments of song 22833905
Scraping lyric of song '22833905'
Scraping comments of song 22762420
Scraping lyric of song '22762420'
Scraping comments of song 22833773
Scraping lyric of song '22833773'
Scraping comments of song 22762418
Scraping lyric of song '22762418'
Scraping comments of song 22735485
Scraping lyric of song '22735485'
Scraping comments of song 22831233
Scraping lyric of song '22831233'
Scraping comments of song 5376023
Scraping lyric of song '5376023'
Scraping comments of song 27514175
Scraping lyric of song '27514175'
Scraping comments of song 26165928
Scraping lyric of song '26165928'
Scraping comments of song 26130856
Scraping lyric of song '26130856'
Scraping comments of song 26123310
Scraping lyric of song '26123310'
Scraping comments of song 5416301
Scraping lyric of song '5416301'
Scraping comments of song 26550392
Scraping lyric of song '26550392'
Scraping comments of song 27676518
Scraping lyric of song '27676518'
Scraping comments of song 27678317
Scraping lyric of song '27678317'
Scraping comments of song 27678351
Scraping lyric of song '27678351'
Scraping comments of song 28240946
Scraping lyric of song '28240946'
Scraping comments of song 28242130
Scraping lyric of song '28242130'
Scraping comments of song 28274502
Scraping lyric of song '28274502'
Scraping comments of song 28768726
Scraping lyric of song '28768726'
Scraping comments of song 29343991
Scraping lyric of song '29343991'
Scraping comments of song 29378380
Scraping lyric of song '29378380'
Scraping comments of song 29750365
Scraping lyric of song '29750365'
Scraping comments of song 29759152
Scraping lyric of song '29759152'
Scraping comments of song 29829559
Scraping lyric of song '29829559'
Scraping comments of song 30569115
Scraping lyric of song '30569115'
Scraping comments of song 31370498
Scraping lyric of song '31370498'
Scraping comments of song 32683878
Scraping lyric of song '32683878'
Scraping comments of song 32944100
Scraping lyric of song '32944100'
Scraping comments of song 33255921
Scraping lyric of song '33255921'
Song '25864224' dumps into database
Song '5402880' dumps into database
Song '5408715' dumps into database
Song '22761612' dumps into database
Song '22761600' dumps into database
Song '22774994' dumps into database
Song '22811260' dumps into database
Song '22789468' dumps into database
Song '5364241' dumps into database
Song '22844336' dumps into database
Song '22833905' dumps into database
Song '22762420' dumps into database
Song '22833773' dumps into database
Song '22762418' dumps into database
Song '22735485' dumps into database
Song '22831233' dumps into database
Song '5376023' dumps into database
Song '27514175' dumps into database
Song '26165928' dumps into database
Song '26130856' dumps into database
Song '26123310' dumps into database
Song '5416301' dumps into database
Song '26550392' dumps into database
Song '27676518' dumps into database
Song '27678317' dumps into database
Song '27678351' dumps into database
Song '28240946' dumps into database
Song '28242130' dumps into database
Song '28274502' dumps into database
Song '28768726' dumps into database
Song '29343991' dumps into database
Song '29378380' dumps into database
Song '29750365' dumps into database
Song '29759152' dumps into database
Song '29829559' dumps into database
Song '30569115' dumps into database
Song '31370498' dumps into database
Song '32683878' dumps into database
Song '32944100' dumps into database
Song '33255921' dumps into database

40 new songs added
0 tags of songs updated
