Scraping comments of song 28152211
Scraping lyric of song '28152211'
Scraping comments of song 29561481
Scraping lyric of song '29561481'
Scraping comments of song 34614003
Scraping lyric of song '34614003'
Scraping comments of song 27906144
Scraping lyric of song '27906144'
Scraping comments of song 95443
Scraping lyric of song '95443'
Scraping comments of song 95794
Scraping lyric of song '95794'
Scraping comments of song 27901793
Scraping lyric of song '27901793'
Scraping comments of song 34586312
Scraping lyric of song '34586312'
Scraping comments of song 68101
Scraping lyric of song '68101'
Scraping comments of song 68113
Scraping lyric of song '68113'
Scraping comments of song 68142
Scraping lyric of song '68142'
Scraping comments of song 68166
Scraping lyric of song '68166'
Scraping comments of song 68145
Scraping lyric of song '68145'
Scraping comments of song 25707134
Scraping lyric of song '25707134'
Scraping comments of song 33854083
Scraping lyric of song '33854083'
Scraping comments of song 94720
Scraping lyric of song '94720'
Scraping comments of song 94768
Scraping lyric of song '94768'
Scraping comments of song 94757
Scraping lyric of song '94757'
Scraping comments of song 362515
Scraping lyric of song '362515'
Scraping comments of song 116149
Scraping lyric of song '116149'
Scraping comments of song 26222427
Scraping lyric of song '26222427'
Scraping comments of song 26222436
Scraping lyric of song '26222436'
Scraping comments of song 26222432
Scraping lyric of song '26222432'
Scraping comments of song 26222433
Scraping lyric of song '26222433'
Scraping comments of song 26222434
Scraping lyric of song '26222434'
Scraping comments of song 26222428
Scraping lyric of song '26222428'
Scraping comments of song 26222431
Scraping lyric of song '26222431'
Scraping comments of song 26222435
Scraping lyric of song '26222435'
Scraping comments of song 67140
Scraping lyric of song '67140'
Scraping comments of song 28819828
Scraping lyric of song '28819828'
Scraping comments of song 191343
Scraping lyric of song '191343'
Scraping comments of song 32432521
Scraping lyric of song '32432521'
Scraping comments of song 32451018
Scraping lyric of song '32451018'
Scraping comments of song 32944496
Scraping lyric of song '32944496'
Scraping comments of song 34998961
Scraping lyric of song '34998961'
Song '28152211' dumps into database
Song '29561481' dumps into database
Song '34614003' dumps into database
Song '27906144' dumps into database
Song '95443' dumps into database
Song '95794' dumps into database
Song '27901793' dumps into database
Song '34586312' dumps into database
Song '68101' dumps into database
Song '68113' dumps into database
Song '68142' dumps into database
Song '68166' dumps into database
Song '68145' dumps into database
Song '25707134' dumps into database
Song '33854083' dumps into database
Song '94720' dumps into database
Song '94768' dumps into database
Song '94757' dumps into database
Song '362515' dumps into database
Song '116149' dumps into database
Song '26222427' dumps into database
Song '26222436' dumps into database
Song '26222432' dumps into database
Song '26222433' dumps into database
Song '26222434' dumps into database
Song '26222428' dumps into database
Song '26222431' dumps into database
Song '26222435' dumps into database
Song '67140' dumps into database
Song '28819828' dumps into database
Song '191343' dumps into database
Song '32432521' dumps into database
Song '32451018' dumps into database
Song '32944496' dumps into database
Song '34998961' dumps into database

35 new songs added
0 tags of songs updated
