Scraping comments of song 715785
Scraping lyric of song '715785'
Scraping comments of song 28377225
Scraping lyric of song '28377225'
Scraping comments of song 39436408
Scraping lyric of song '39436408'
Scraping comments of song 28377220
Scraping lyric of song '28377220'
Scraping comments of song 33166076
Scraping lyric of song '33166076'
Scraping comments of song 33361760
Scraping lyric of song '33361760'
Scraping comments of song 28377198
Scraping lyric of song '28377198'
Scraping comments of song 28377210
Scraping lyric of song '28377210'
Scraping comments of song 28377202
Scraping lyric of song '28377202'
Scraping comments of song 155866
Scraping lyric of song '155866'
Scraping comments of song 27552115
Scraping lyric of song '27552115'
Scraping comments of song 31426630
Scraping lyric of song '31426630'
Scraping comments of song 31426633
Scraping lyric of song '31426633'
Scraping comments of song 28191113
Scraping lyric of song '28191113'
Scraping comments of song 29277996
Scraping lyric of song '29277996'
Scraping comments of song 715811
Scraping lyric of song '715811'
Scraping comments of song 28191151
Scraping lyric of song '28191151'
Scraping comments of song 4916181
Scraping lyric of song '4916181'
Scraping comments of song 4916159
Scraping lyric of song '4916159'
Scraping comments of song 4916178
Scraping lyric of song '4916178'
Scraping comments of song 28302571
Scraping lyric of song '28302571'
Scraping comments of song 28302581
Scraping lyric of song '28302581'
Scraping comments of song 28302582
Scraping lyric of song '28302582'
Scraping comments of song 28302574
Scraping lyric of song '28302574'
Scraping comments of song 28302584
Scraping lyric of song '28302584'
Scraping comments of song 27583127
Scraping lyric of song '27583127'
Scraping comments of song 5049056
Scraping lyric of song '5049056'
Scraping comments of song 5049045
Scraping lyric of song '5049045'
Scraping comments of song 5049037
Scraping lyric of song '5049037'
Scraping comments of song 5049050
Scraping lyric of song '5049050'
Scraping comments of song 5049033
Scraping lyric of song '5049033'
Scraping comments of song 5049030
Scraping lyric of song '5049030'
Scraping comments of song 5049052
Scraping lyric of song '5049052'
Scraping comments of song 28798075
Scraping lyric of song '28798075'
Scraping comments of song 28798062
Scraping lyric of song '28798062'
Scraping comments of song 28798067
Scraping lyric of song '28798067'
Scraping comments of song 32408626
Scraping lyric of song '32408626'
Scraping comments of song 29844933
Scraping lyric of song '29844933'
Scraping comments of song 26530066
Scraping lyric of song '26530066'
Scraping comments of song 5407997
Scraping lyric of song '5407997'
Scraping comments of song 30474080
Scraping lyric of song '30474080'
Scraping comments of song 30474031
Scraping lyric of song '30474031'
Scraping comments of song 30474028
Scraping lyric of song '30474028'
Scraping comments of song 22831826
Scraping lyric of song '22831826'
Scraping comments of song 22831807
Scraping lyric of song '22831807'
Scraping comments of song 5101770
Scraping lyric of song '5101770'
Scraping comments of song 1939730
Scraping lyric of song '1939730'
Scraping comments of song 1939724
Scraping lyric of song '1939724'
Scraping comments of song 1939866
Scraping lyric of song '1939866'
Scraping comments of song 1939890
Scraping lyric of song '1939890'
Scraping comments of song 22831670
Scraping lyric of song '22831670'
Scraping comments of song 22831682
Scraping lyric of song '22831682'
Scraping comments of song 22831688
Scraping lyric of song '22831688'
Scraping comments of song 22831752
Scraping lyric of song '22831752'
Scraping comments of song 5407973
Scraping lyric of song '5407973'
Scraping comments of song 5407986
Scraping lyric of song '5407986'
Scraping comments of song 28288938
Scraping lyric of song '28288938'
Scraping comments of song 28288930
Scraping lyric of song '28288930'
Scraping comments of song 28288935
Scraping lyric of song '28288935'
Scraping comments of song 28288947
Scraping lyric of song '28288947'
Scraping comments of song 33190606
Scraping lyric of song '33190606'
Scraping comments of song 359939
Scraping lyric of song '359939'
Scraping comments of song 29790552
Scraping lyric of song '29790552'
Scraping comments of song 33020885
Scraping lyric of song '33020885'
Scraping comments of song 33020907
Scraping lyric of song '33020907'
Scraping comments of song 33020912
Scraping lyric of song '33020912'
Scraping comments of song 29790598
Scraping lyric of song '29790598'
Scraping comments of song 33020880
Scraping lyric of song '33020880'
Scraping comments of song 29790560
Scraping lyric of song '29790560'
Scraping comments of song 29790566
Scraping lyric of song '29790566'
Scraping comments of song 29790638
Scraping lyric of song '29790638'
Scraping comments of song 29790603
Scraping lyric of song '29790603'
Scraping comments of song 26123157
Scraping lyric of song '26123157'
Scraping comments of song 35617879
Scraping lyric of song '35617879'
Scraping comments of song 35617877
Scraping lyric of song '35617877'
Scraping comments of song 35618903
Scraping lyric of song '35618903'
Scraping comments of song 789417
Scraping lyric of song '789417'
Scraping comments of song 35778063
Scraping lyric of song '35778063'
Scraping comments of song 35779063
Scraping lyric of song '35779063'
Scraping comments of song 27643846
Scraping lyric of song '27643846'
Scraping comments of song 22668254
Scraping lyric of song '22668254'
Scraping comments of song 872931
Scraping lyric of song '872931'
Scraping comments of song 35779080
Scraping lyric of song '35779080'
Scraping comments of song 35778082
Scraping lyric of song '35778082'
Scraping comments of song 35778074
Scraping lyric of song '35778074'
Scraping comments of song 35726017
Scraping lyric of song '35726017'
Scraping comments of song 35617994
Scraping lyric of song '35617994'
Scraping comments of song 35617987
Scraping lyric of song '35617987'
Scraping comments of song 35618999
Scraping lyric of song '35618999'
Scraping comments of song 35618985
Scraping lyric of song '35618985'
Scraping comments of song 35618980
Scraping lyric of song '35618980'
Scraping comments of song 4955391
Scraping lyric of song '4955391'
Scraping comments of song 4935214
Scraping lyric of song '4935214'
Scraping comments of song 4964000
Scraping lyric of song '4964000'
Scraping comments of song 35617819
Scraping lyric of song '35617819'
Scraping comments of song 35617802
Scraping lyric of song '35617802'
Scraping comments of song 35618814
Scraping lyric of song '35618814'
Scraping comments of song 35617791
Scraping lyric of song '35617791'
Scraping comments of song 35617753
Scraping lyric of song '35617753'
Scraping comments of song 35618758
Scraping lyric of song '35618758'
Scraping comments of song 35617674
Scraping lyric of song '35617674'
Scraping comments of song 35617675
Scraping lyric of song '35617675'
Scraping comments of song 35617668
Scraping lyric of song '35617668'
Scraping comments of song 28177969
Scraping lyric of song '28177969'
Scraping comments of song 28177967
Scraping lyric of song '28177967'
Scraping comments of song 35729007
Scraping lyric of song '35729007'
Scraping comments of song 35618000
Scraping lyric of song '35618000'
Scraping comments of song 35617998
Scraping lyric of song '35617998'
Scraping comments of song 35726035
Scraping lyric of song '35726035'
Scraping comments of song 35726042
Scraping lyric of song '35726042'
Scraping comments of song 35729025
Scraping lyric of song '35729025'
Scraping comments of song 5213874
Scraping lyric of song '5213874'
Scraping comments of song 35726048
Scraping lyric of song '35726048'
Scraping comments of song 35729030
Scraping lyric of song '35729030'
Scraping comments of song 35726047
Scraping lyric of song '35726047'
Scraping comments of song 35729040
Scraping lyric of song '35729040'
Scraping comments of song 35726051
Scraping lyric of song '35726051'
Scraping comments of song 4880502
Scraping lyric of song '4880502'
Scraping comments of song 4880535
Scraping lyric of song '4880535'
Scraping comments of song 4880559
Scraping lyric of song '4880559'
Scraping comments of song 4881917
Scraping lyric of song '4881917'
Scraping comments of song 4880513
Scraping lyric of song '4880513'
Scraping comments of song 4917072
Scraping lyric of song '4917072'
Scraping comments of song 4917074
Scraping lyric of song '4917074'
Scraping comments of song 4917076
Scraping lyric of song '4917076'
Scraping comments of song 4920986
Scraping lyric of song '4920986'
Scraping comments of song 4920985
Scraping lyric of song '4920985'
Scraping comments of song 4917013
Scraping lyric of song '4917013'
Scraping comments of song 4916993
Scraping lyric of song '4916993'
Scraping comments of song 4920983
Scraping lyric of song '4920983'
Scraping comments of song 4920981
Scraping lyric of song '4920981'
Scraping comments of song 4921016
Scraping lyric of song '4921016'
Scraping comments of song 4920963
Scraping lyric of song '4920963'
Scraping comments of song 22662174
Scraping lyric of song '22662174'
Scraping comments of song 22662105
Scraping lyric of song '22662105'
Scraping comments of song 22662162
Scraping lyric of song '22662162'
Scraping comments of song 22662017
Scraping lyric of song '22662017'
Scraping comments of song 22662057
Scraping lyric of song '22662057'
Scraping comments of song 22661890
Scraping lyric of song '22661890'
Scraping comments of song 22661930
Scraping lyric of song '22661930'
Scraping comments of song 22661993
Scraping lyric of song '22661993'
Scraping comments of song 22661790
Scraping lyric of song '22661790'
Scraping comments of song 22661680
Scraping lyric of song '22661680'
Scraping comments of song 22661566
Scraping lyric of song '22661566'
Scraping comments of song 22661575
Scraping lyric of song '22661575'
Scraping comments of song 22661445
Scraping lyric of song '22661445'
Scraping comments of song 22661399
Scraping lyric of song '22661399'
Scraping comments of song 22661313
Scraping lyric of song '22661313'
Scraping comments of song 22661291
Scraping lyric of song '22661291'
Scraping comments of song 22661163
Scraping lyric of song '22661163'
Scraping comments of song 22661082
Scraping lyric of song '22661082'
Scraping comments of song 22661028
Scraping lyric of song '22661028'
Scraping comments of song 26122367
Scraping lyric of song '26122367'
Scraping comments of song 28162362
Scraping lyric of song '28162362'
Scraping comments of song 34828134
Scraping lyric of song '34828134'
Scraping comments of song 785165
Scraping lyric of song '785165'
Scraping comments of song 35618871
Scraping lyric of song '35618871'
Scraping comments of song 35779106
Scraping lyric of song '35779106'
Scraping comments of song 35778107
Scraping lyric of song '35778107'
Scraping comments of song 26099901
Scraping lyric of song '26099901'
Scraping comments of song 33728164
Scraping lyric of song '33728164'
Scraping comments of song 36927657
Scraping lyric of song '36927657'
Scraping comments of song 36927617
Scraping lyric of song '36927617'
Scraping comments of song 36927669
Scraping lyric of song '36927669'
Scraping comments of song 36927646
Scraping lyric of song '36927646'
Scraping comments of song 36927661
Scraping lyric of song '36927661'
Scraping comments of song 463289
Scraping lyric of song '463289'
Scraping comments of song 5055045
Scraping lyric of song '5055045'
Scraping comments of song 28711217
Scraping lyric of song '28711217'
Scraping comments of song 28866565
Scraping lyric of song '28866565'
Scraping comments of song 31587603
Scraping lyric of song '31587603'
Scraping comments of song 31587595
Scraping lyric of song '31587595'
Scraping comments of song 22804539
Scraping lyric of song '22804539'
Scraping comments of song 4881118
Scraping lyric of song '4881118'
Scraping comments of song 4881096
Scraping lyric of song '4881096'
Scraping comments of song 4923830
Scraping lyric of song '4923830'
Scraping comments of song 4923834
Scraping lyric of song '4923834'
Scraping comments of song 4923808
Scraping lyric of song '4923808'
Scraping comments of song 4923864
Scraping lyric of song '4923864'
Scraping comments of song 4954619
Scraping lyric of song '4954619'
Scraping comments of song 4954593
Scraping lyric of song '4954593'
Scraping comments of song 4954575
Scraping lyric of song '4954575'
Scraping comments of song 4954571
Scraping lyric of song '4954571'
Scraping comments of song 4954514
Scraping lyric of song '4954514'
Scraping comments of song 5045016
Scraping lyric of song '5045016'
Scraping comments of song 4888328
Scraping lyric of song '4888328'
Scraping comments of song 4888339
Scraping lyric of song '4888339'
Scraping comments of song 4888333
Scraping lyric of song '4888333'
Scraping comments of song 4888325
Scraping lyric of song '4888325'
Scraping comments of song 4888553
Scraping lyric of song '4888553'
Scraping comments of song 4888549
Scraping lyric of song '4888549'
Scraping comments of song 4888548
Scraping lyric of song '4888548'
Scraping comments of song 28936181
Scraping lyric of song '28936181'
Scraping comments of song 28802125
Scraping lyric of song '28802125'
Scraping comments of song 30967696
Scraping lyric of song '30967696'
Scraping comments of song 33316324
Scraping lyric of song '33316324'
Scraping comments of song 33316326
Scraping lyric of song '33316326'
Scraping comments of song 33316327
Scraping lyric of song '33316327'
Scraping comments of song 33316342
Scraping lyric of song '33316342'
Scraping comments of song 28341953
Scraping lyric of song '28341953'
Scraping comments of song 28592857
Scraping lyric of song '28592857'
Scraping comments of song 4895407
Scraping lyric of song '4895407'
Scraping comments of song 805922
Scraping lyric of song '805922'
Scraping comments of song 30951239
Scraping lyric of song '30951239'
Scraping comments of song 28838545
Scraping lyric of song '28838545'
Scraping comments of song 26095808
Scraping lyric of song '26095808'
Scraping comments of song 28360845
Scraping lyric of song '28360845'
Scraping comments of song 27493015
Scraping lyric of song '27493015'
Scraping comments of song 4880101
Scraping lyric of song '4880101'
Scraping comments of song 4880172
Scraping lyric of song '4880172'
Scraping comments of song 4880233
Scraping lyric of song '4880233'
Scraping comments of song 28308736
Scraping lyric of song '28308736'
Song '715785' dumps into database
Song '28377225' dumps into database
Song '39436408' dumps into database
Song '28377220' dumps into database
Song '33166076' dumps into database
Song '33361760' dumps into database
Song '28377198' dumps into database
Song '28377210' dumps into database
Song '28377202' dumps into database
Song '155866' dumps into database
Song '27552115' dumps into database
Song '31426630' dumps into database
Song '31426633' dumps into database
Song '28191113' dumps into database
Song '29277996' dumps into database
Song '715811' dumps into database
Song '28191151' dumps into database
Song '4916181' dumps into database
Song '4916159' dumps into database
Song '4916178' dumps into database
Song '28302571' dumps into database
Song '28302581' dumps into database
Song '28302582' dumps into database
Song '28302574' dumps into database
Song '28302584' dumps into database
Song '27583127' dumps into database
Song '5049056' dumps into database
Song '5049045' dumps into database
Song '5049037' dumps into database
Song '5049050' dumps into database
Song '5049033' dumps into database
Song '5049030' dumps into database
Song '5049052' dumps into database
Song '28798075' dumps into database
Song '28798062' dumps into database
Song '28798067' dumps into database
Song '32408626' dumps into database
Song '29844933' dumps into database
Song '26530066' dumps into database
Song '5407997' dumps into database
Song '30474080' dumps into database
Song '30474031' dumps into database
Song '30474028' dumps into database
Song '22831826' dumps into database
Song '22831807' dumps into database
Song '5101770' dumps into database
Song '1939730' dumps into database
Song '1939724' dumps into database
Song '1939866' dumps into database
Song '1939890' dumps into database
Song '22831670' dumps into database
Song '22831682' dumps into database
Song '22831688' dumps into database
Song '22831752' dumps into database
Song '5407973' dumps into database
Song '5407986' dumps into database
Song '28288938' dumps into database
Song '28288930' dumps into database
Song '28288935' dumps into database
Song '28288947' dumps into database
Song '33190606' dumps into database
Song '359939' dumps into database
Song '29790552' dumps into database
Song '33020885' dumps into database
Song '33020907' dumps into database
Song '33020912' dumps into database
Song '29790598' dumps into database
Song '33020880' dumps into database
Song '29790560' dumps into database
Song '29790566' dumps into database
Song '29790638' dumps into database
Song '29790603' dumps into database
Song '26123157' dumps into database
Song '35617879' dumps into database
Song '35617877' dumps into database
Song '35618903' dumps into database
Song '789417' dumps into database
Song '35778063' dumps into database
Song '35779063' dumps into database
Song '27643846' dumps into database
Song '22668254' dumps into database
Song '872931' dumps into database
Song '35779080' dumps into database
Song '35778082' dumps into database
Song '35778074' dumps into database
Song '35726017' dumps into database
Song '35617994' dumps into database
Song '35617987' dumps into database
Song '35618999' dumps into database
Song '35618985' dumps into database
Song '35618980' dumps into database
Song '4955391' dumps into database
Song '4935214' dumps into database
Song '4964000' dumps into database
Song '35617819' dumps into database
Song '35617802' dumps into database
Song '35618814' dumps into database
Song '35617791' dumps into database
Song '35617753' dumps into database
Song '35618758' dumps into database
Song '35617674' dumps into database
Song '35617675' dumps into database
Song '35617668' dumps into database
Song '28177969' dumps into database
Song '28177967' dumps into database
Song '35729007' dumps into database
Song '35618000' dumps into database
Song '35617998' dumps into database
Song '35726035' dumps into database
Song '35726042' dumps into database
Song '35729025' dumps into database
Song '5213874' dumps into database
Song '35726048' dumps into database
Song '35729030' dumps into database
Song '35726047' dumps into database
Song '35729040' dumps into database
Song '35726051' dumps into database
Song '4880502' dumps into database
Song '4880535' dumps into database
Song '4880559' dumps into database
Song '4881917' dumps into database
Song '4880513' dumps into database
Song '4917072' dumps into database
Song '4917074' dumps into database
Song '4917076' dumps into database
Song '4920986' dumps into database
Song '4920985' dumps into database
Song '4917013' dumps into database
Song '4916993' dumps into database
Song '4920983' dumps into database
Song '4920981' dumps into database
Song '4921016' dumps into database
Song '4920963' dumps into database
Song '22662174' dumps into database
Song '22662105' dumps into database
Song '22662162' dumps into database
Song '22662017' dumps into database
Song '22662057' dumps into database
Song '22661890' dumps into database
Song '22661930' dumps into database
Song '22661993' dumps into database
Song '22661790' dumps into database
Song '22661680' dumps into database
Song '22661566' dumps into database
Song '22661575' dumps into database
Song '22661445' dumps into database
Song '22661399' dumps into database
Song '22661313' dumps into database
Song '22661291' dumps into database
Song '22661163' dumps into database
Song '22661082' dumps into database
Song '22661028' dumps into database
Song '26122367' dumps into database
Song '28162362' dumps into database
Song '34828134' dumps into database
Song '785165' dumps into database
Song '35618871' dumps into database
Song '35779106' dumps into database
Song '35778107' dumps into database
Song '26099901' dumps into database
Song '33728164' dumps into database
Song '36927657' dumps into database
Song '36927617' dumps into database
Song '36927669' dumps into database
Song '36927646' dumps into database
Song '36927661' dumps into database
Song '463289' dumps into database
Song '5055045' dumps into database
Song '28711217' dumps into database
Song '28866565' dumps into database
Song '31587603' dumps into database
Song '31587595' dumps into database
Song '22804539' dumps into database
Song '4881118' dumps into database
Song '4881096' dumps into database
Song '4923830' dumps into database
Song '4923834' dumps into database
Song '4923808' dumps into database
Song '4923864' dumps into database
Song '4954619' dumps into database
Song '4954593' dumps into database
Song '4954575' dumps into database
Song '4954571' dumps into database
Song '4954514' dumps into database
Song '5045016' dumps into database
Song '4888328' dumps into database
Song '4888339' dumps into database
Song '4888333' dumps into database
Song '4888325' dumps into database
Song '4888553' dumps into database
Song '4888549' dumps into database
Song '4888548' dumps into database
Song '28936181' dumps into database
Song '28802125' dumps into database
Song '30967696' dumps into database
Song '33316324' dumps into database
Song '33316326' dumps into database
Song '33316327' dumps into database
Song '33316342' dumps into database
Song '28341953' dumps into database
Song '28592857' dumps into database
Song '4895407' dumps into database
Song '805922' dumps into database
Song '30951239' dumps into database
Song '28838545' dumps into database
Song '26095808' dumps into database
Song '28360845' dumps into database
Song '27493015' dumps into database
Song '4880101' dumps into database
Song '4880172' dumps into database
Song '4880233' dumps into database
Song '28308736' dumps into database

212 new songs added
0 tags of songs updated
