Scraping comments of song 441720
Scraping lyric of song '441720'
Scraping comments of song 27902874
Scraping lyric of song '27902874'
Scraping comments of song 167273
Scraping lyric of song '167273'
Scraping comments of song 93443
Scraping lyric of song '93443'
Scraping comments of song 135092
Scraping lyric of song '135092'
Scraping comments of song 379197
Scraping lyric of song '379197'
Scraping comments of song 365247
Scraping lyric of song '365247'
Scraping comments of song 100767
Scraping lyric of song '100767'
Scraping comments of song 100756
Scraping lyric of song '100756'
Scraping comments of song 32334459
Scraping lyric of song '32334459'
Scraping comments of song 107871
Scraping lyric of song '107871'
Scraping comments of song 107881
Scraping lyric of song '107881'
Scraping comments of song 61021
Scraping lyric of song '61021'
Scraping comments of song 60122
Scraping lyric of song '60122'
Scraping comments of song 60193
Scraping lyric of song '60193'
Scraping comments of song 60048
Scraping lyric of song '60048'
Scraping comments of song 60200
Scraping lyric of song '60200'
Scraping comments of song 60031
Scraping lyric of song '60031'
Scraping comments of song 60674
Scraping lyric of song '60674'
Scraping comments of song 60683
Scraping lyric of song '60683'
Scraping comments of song 60657
Scraping lyric of song '60657'
Scraping comments of song 60655
Scraping lyric of song '60655'
Scraping comments of song 343940
Scraping lyric of song '343940'
Scraping comments of song 343914
Scraping lyric of song '343914'
Scraping comments of song 343921
Scraping lyric of song '343921'
Scraping comments of song 343924
Scraping lyric of song '343924'
Scraping comments of song 343934
Scraping lyric of song '343934'
Scraping comments of song 343937
Scraping lyric of song '343937'
Scraping comments of song 343983
Scraping lyric of song '343983'
Scraping comments of song 343977
Scraping lyric of song '343977'
Scraping comments of song 343956
Scraping lyric of song '343956'
Scraping comments of song 343961
Scraping lyric of song '343961'
Scraping comments of song 343980
Scraping lyric of song '343980'
Scraping comments of song 343970
Scraping lyric of song '343970'
Scraping comments of song 343966
Scraping lyric of song '343966'
Scraping comments of song 343953
Scraping lyric of song '343953'
Song '441720' dumps into database
Song '27902874' dumps into database
Song '167273' dumps into database
Song '93443' dumps into database
Song '135092' dumps into database
Song '379197' dumps into database
Song '365247' dumps into database
Song '100767' dumps into database
Song '100756' dumps into database
Song '32334459' dumps into database
Song '107871' dumps into database
Song '107881' dumps into database
Song '61021' dumps into database
Song '60122' dumps into database
Song '60193' dumps into database
Song '60048' dumps into database
Song '60200' dumps into database
Song '60031' dumps into database
Song '60674' dumps into database
Song '60683' dumps into database
Song '60657' dumps into database
Song '60655' dumps into database
Song '343940' dumps into database
Song '343914' dumps into database
Song '343921' dumps into database
Song '343924' dumps into database
Song '343934' dumps into database
Song '343937' dumps into database
Song '343983' dumps into database
Song '343977' dumps into database
Song '343956' dumps into database
Song '343961' dumps into database
Song '343980' dumps into database
Song '343970' dumps into database
Song '343966' dumps into database
Song '343953' dumps into database

36 new songs added
0 tags of songs updated
