Scraping comments of song 26312481
Scraping lyric of song '26312481'
Scraping comments of song 28285435
Scraping lyric of song '28285435'
Scraping comments of song 27704760
Scraping lyric of song '27704760'
Scraping comments of song 30612927
Scraping lyric of song '30612927'
Scraping comments of song 22832513
Scraping lyric of song '22832513'
Scraping comments of song 29728008
Scraping lyric of song '29728008'
Scraping comments of song 5387344
Scraping lyric of song '5387344'
Scraping comments of song 22842154
Scraping lyric of song '22842154'
Scraping comments of song 28406971
Scraping lyric of song '28406971'
Scraping comments of song 5384286
Scraping lyric of song '5384286'
Scraping comments of song 5395644
Scraping lyric of song '5395644'
Scraping comments of song 5302856
Scraping lyric of song '5302856'
Scraping comments of song 5372317
Scraping lyric of song '5372317'
Scraping comments of song 26418326
Scraping lyric of song '26418326'
Scraping comments of song 28921502
Scraping lyric of song '28921502'
Scraping comments of song 22842151
Scraping lyric of song '22842151'
Scraping comments of song 26128101
Scraping lyric of song '26128101'
Scraping comments of song 28528777
Scraping lyric of song '28528777'
Scraping comments of song 26418346
Scraping lyric of song '26418346'
Scraping comments of song 5353439
Scraping lyric of song '5353439'
Scraping comments of song 26305925
Scraping lyric of song '26305925'
Scraping comments of song 5378727
Scraping lyric of song '5378727'
Scraping comments of song 5398256
Scraping lyric of song '5398256'
Scraping comments of song 22842156
Scraping lyric of song '22842156'
Scraping comments of song 5364080
Scraping lyric of song '5364080'
Scraping comments of song 5410528
Scraping lyric of song '5410528'
Scraping comments of song 5358083
Scraping lyric of song '5358083'
Scraping comments of song 5354881
Scraping lyric of song '5354881'
Scraping comments of song 26545027
Scraping lyric of song '26545027'
Scraping comments of song 22846439
Scraping lyric of song '22846439'
Song '26312481' dumps into database
Song '28285435' dumps into database
Song '27704760' dumps into database
Song '30612927' dumps into database
Song '22832513' dumps into database
Song '29728008' dumps into database
Song '5387344' dumps into database
Song '22842154' dumps into database
Song '28406971' dumps into database
Song '5384286' dumps into database
Song '5395644' dumps into database
Song '5302856' dumps into database
Song '5372317' dumps into database
Song '26418326' dumps into database
Song '28921502' dumps into database
Song '22842151' dumps into database
Song '26128101' dumps into database
Song '28528777' dumps into database
Song '26418346' dumps into database
Song '5353439' dumps into database
Song '26305925' dumps into database
Song '5378727' dumps into database
Song '5398256' dumps into database
Song '22842156' dumps into database
Song '5364080' dumps into database
Song '5410528' dumps into database
Song '5358083' dumps into database
Song '5354881' dumps into database
Song '26545027' dumps into database
Song '22846439' dumps into database

30 new songs added
0 tags of songs updated
