Scraping comments of song 28838375
Scraping lyric of song '28838375'
Scraping comments of song 1993578
Scraping lyric of song '1993578'
Scraping comments of song 1592728
Scraping lyric of song '1592728'
Scraping comments of song 1592677
Scraping lyric of song '1592677'
Scraping comments of song 19500298
Scraping lyric of song '19500298'
Scraping comments of song 4003383
Scraping lyric of song '4003383'
Scraping comments of song 28310696
Scraping lyric of song '28310696'
Scraping comments of song 22624362
Scraping lyric of song '22624362'
Scraping comments of song 22624364
Scraping lyric of song '22624364'
Scraping comments of song 31654231
Scraping lyric of song '31654231'
Scraping comments of song 28258466
Scraping lyric of song '28258466'
Scraping comments of song 18513043
Scraping lyric of song '18513043'
Scraping comments of song 19794492
Scraping lyric of song '19794492'
Scraping comments of song 27583241
Scraping lyric of song '27583241'
Scraping comments of song 28612191
Scraping lyric of song '28612191'
Scraping comments of song 1611840
Scraping lyric of song '1611840'
Scraping comments of song 26286824
Scraping lyric of song '26286824'
Scraping comments of song 21725503
Scraping lyric of song '21725503'
Scraping comments of song 29422008
Scraping lyric of song '29422008'
Scraping comments of song 4250011
Scraping lyric of song '4250011'
Scraping comments of song 27867131
Scraping lyric of song '27867131'
Scraping comments of song 21038288
Scraping lyric of song '21038288'
Scraping comments of song 28885400
Scraping lyric of song '28885400'
Scraping comments of song 1304257
Scraping lyric of song '1304257'
Scraping comments of song 21730832
Scraping lyric of song '21730832'
Scraping comments of song 28391359
Scraping lyric of song '28391359'
Scraping comments of song 2012787
Scraping lyric of song '2012787'
Scraping comments of song 21974687
Scraping lyric of song '21974687'
Scraping comments of song 29383846
Scraping lyric of song '29383846'
Scraping comments of song 19081568
Scraping lyric of song '19081568'
Scraping comments of song 1217893
Scraping lyric of song '1217893'
Scraping comments of song 496585
Scraping lyric of song '496585'
Song '28838375' dumps into database
Song '1993578' dumps into database
Song '1592728' dumps into database
Song '1592677' dumps into database
Song '19500298' dumps into database
Song '4003383' dumps into database
Song '28310696' dumps into database
Song '22624362' dumps into database
Song '22624364' dumps into database
Song '31654231' dumps into database
Song '28258466' dumps into database
Song '18513043' dumps into database
Song '19794492' dumps into database
Song '27583241' dumps into database
Song '28612191' dumps into database
Song '1611840' dumps into database
Song '26286824' dumps into database
Song '21725503' dumps into database
Song '29422008' dumps into database
Song '4250011' dumps into database
Song '27867131' dumps into database
Song '21038288' dumps into database
Song '28885400' dumps into database
Song '1304257' dumps into database
Song '21730832' dumps into database
Song '28391359' dumps into database
Song '2012787' dumps into database
Song '21974687' dumps into database
Song '29383846' dumps into database
Song '19081568' dumps into database
Song '1217893' dumps into database
Song '496585' dumps into database

32 new songs added
0 tags of songs updated
