Scraping comments of song 1765158
Scraping lyric of song '1765158'
Scraping comments of song 1591182
Scraping lyric of song '1591182'
Scraping comments of song 22685226
Scraping lyric of song '22685226'
Scraping comments of song 22256722
Scraping lyric of song '22256722'
Scraping comments of song 35956270
Scraping lyric of song '35956270'
Scraping comments of song 4222091
Scraping lyric of song '4222091'
Scraping comments of song 26673320
Scraping lyric of song '26673320'
Scraping comments of song 18811591
Scraping lyric of song '18811591'
Scraping comments of song 20242612
Scraping lyric of song '20242612'
Scraping comments of song 22685218
Scraping lyric of song '22685218'
Scraping comments of song 20242665
Scraping lyric of song '20242665'
Scraping comments of song 18394908
Scraping lyric of song '18394908'
Scraping comments of song 1607812
Scraping lyric of song '1607812'
Scraping comments of song 19197672
Scraping lyric of song '19197672'
Scraping comments of song 19082093
Scraping lyric of song '19082093'
Scraping comments of song 19164256
Scraping lyric of song '19164256'
Scraping comments of song 16710241
Scraping lyric of song '16710241'
Scraping comments of song 31209445
Scraping lyric of song '31209445'
Scraping comments of song 20960163
Scraping lyric of song '20960163'
Scraping comments of song 19924001
Scraping lyric of song '19924001'
Scraping comments of song 1281693
Scraping lyric of song '1281693'
Scraping comments of song 28248022
Scraping lyric of song '28248022'
Scraping comments of song 3037198
Scraping lyric of song '3037198'
Scraping comments of song 4875879
Scraping lyric of song '4875879'
Scraping comments of song 1607789
Scraping lyric of song '1607789'
Scraping comments of song 19157166
Scraping lyric of song '19157166'
Scraping comments of song 1592838
Scraping lyric of song '1592838'
Scraping comments of song 1194242
Scraping lyric of song '1194242'
Scraping comments of song 22468942
Scraping lyric of song '22468942'
Scraping comments of song 5358584
Scraping lyric of song '5358584'
Scraping comments of song 1339198
Scraping lyric of song '1339198'
Scraping comments of song 1339186
Scraping lyric of song '1339186'
Scraping comments of song 18060179
Scraping lyric of song '18060179'
Scraping comments of song 29827584
Scraping lyric of song '29827584'
Scraping comments of song 27481758
Scraping lyric of song '27481758'
Scraping comments of song 17272633
Scraping lyric of song '17272633'
Scraping comments of song 34614412
Scraping lyric of song '34614412'
Scraping comments of song 33399108
Scraping lyric of song '33399108'
Scraping comments of song 1592850
Scraping lyric of song '1592850'
Scraping comments of song 1993498
Scraping lyric of song '1993498'
Scraping comments of song 18072629
Scraping lyric of song '18072629'
Scraping comments of song 3599240
Scraping lyric of song '3599240'
Scraping comments of song 1073833
Scraping lyric of song '1073833'
Scraping comments of song 2746899
Scraping lyric of song '2746899'
Scraping comments of song 32823848
Scraping lyric of song '32823848'
Scraping comments of song 34367002
Scraping lyric of song '34367002'
Scraping comments of song 27890344
Scraping lyric of song '27890344'
Scraping comments of song 27890346
Scraping lyric of song '27890346'
Scraping comments of song 26524283
Scraping lyric of song '26524283'
Scraping comments of song 28754361
Scraping lyric of song '28754361'
Scraping comments of song 1073821
Scraping lyric of song '1073821'
Scraping comments of song 1073815
Scraping lyric of song '1073815'
Scraping comments of song 3599244
Scraping lyric of song '3599244'
Scraping comments of song 29784510
Scraping lyric of song '29784510'
Scraping comments of song 31152289
Scraping lyric of song '31152289'
Scraping comments of song 5054312
Scraping lyric of song '5054312'
Scraping comments of song 1542002
Scraping lyric of song '1542002'
Scraping comments of song 1571755
Scraping lyric of song '1571755'
Song '1765158' dumps into database
Song '1591182' dumps into database
Song '22685226' dumps into database
Song '22256722' dumps into database
Song '35956270' dumps into database
Song '4222091' dumps into database
Song '26673320' dumps into database
Song '18811591' dumps into database
Song '20242612' dumps into database
Song '22685218' dumps into database
Song '20242665' dumps into database
Song '18394908' dumps into database
Song '1607812' dumps into database
Song '19197672' dumps into database
Song '19082093' dumps into database
Song '19164256' dumps into database
Song '16710241' dumps into database
Song '31209445' dumps into database
Song '20960163' dumps into database
Song '19924001' dumps into database
Song '1281693' dumps into database
Song '28248022' dumps into database
Song '3037198' dumps into database
Song '4875879' dumps into database
Song '1607789' dumps into database
Song '19157166' dumps into database
Song '1592838' dumps into database
Song '1194242' dumps into database
Song '22468942' dumps into database
Song '5358584' dumps into database
Song '1339198' dumps into database
Song '1339186' dumps into database
Song '18060179' dumps into database
Song '29827584' dumps into database
Song '27481758' dumps into database
Song '17272633' dumps into database
Song '34614412' dumps into database
Song '33399108' dumps into database
Song '1592850' dumps into database
Song '1993498' dumps into database
Song '18072629' dumps into database
Song '3599240' dumps into database
Song '1073833' dumps into database
Song '2746899' dumps into database
Song '32823848' dumps into database
Song '34367002' dumps into database
Song '27890344' dumps into database
Song '27890346' dumps into database
Song '26524283' dumps into database
Song '28754361' dumps into database
Song '1073821' dumps into database
Song '1073815' dumps into database
Song '3599244' dumps into database
Song '29784510' dumps into database
Song '31152289' dumps into database
Song '5054312' dumps into database
Song '1542002' dumps into database
Song '1571755' dumps into database

58 new songs added
0 tags of songs updated
