Scraping comments of song 503268
Scraping lyric of song '503268'
Scraping comments of song 503239
Scraping lyric of song '503239'
Scraping comments of song 636882
Scraping lyric of song '636882'
Scraping comments of song 591772
Scraping lyric of song '591772'
Scraping comments of song 592046
Scraping lyric of song '592046'
Scraping comments of song 22805088
Scraping lyric of song '22805088'
Scraping comments of song 28819129
Scraping lyric of song '28819129'
Scraping comments of song 471987
Scraping lyric of song '471987'
Scraping comments of song 471992
Scraping lyric of song '471992'
Scraping comments of song 643466
Scraping lyric of song '643466'
Scraping comments of song 22706983
Scraping lyric of song '22706983'
Scraping comments of song 22707008
Scraping lyric of song '22707008'
Scraping comments of song 22706980
Scraping lyric of song '22706980'
Scraping comments of song 22706979
Scraping lyric of song '22706979'
Scraping comments of song 608667
Scraping lyric of song '608667'
Scraping comments of song 28151052
Scraping lyric of song '28151052'
Scraping comments of song 28151022
Scraping lyric of song '28151022'
Scraping comments of song 28762402
Scraping lyric of song '28762402'
Scraping comments of song 536809
Scraping lyric of song '536809'
Scraping comments of song 28695643
Scraping lyric of song '28695643'
Scraping comments of song 498181
Scraping lyric of song '498181'
Scraping comments of song 31649312
Scraping lyric of song '31649312'
Scraping comments of song 33911781
Scraping lyric of song '33911781'
Scraping comments of song 719102
Scraping lyric of song '719102'
Scraping comments of song 540968
Scraping lyric of song '540968'
Scraping comments of song 560139
Scraping lyric of song '560139'
Scraping comments of song 560084
Scraping lyric of song '560084'
Scraping comments of song 4956877
Scraping lyric of song '4956877'
Scraping comments of song 454427
Scraping lyric of song '454427'
Scraping comments of song 27599042
Scraping lyric of song '27599042'
Scraping comments of song 730669
Scraping lyric of song '730669'
Scraping comments of song 593814
Scraping lyric of song '593814'
Scraping comments of song 501500
Scraping lyric of song '501500'
Scraping comments of song 658488
Scraping lyric of song '658488'
Scraping comments of song 36095055
Scraping lyric of song '36095055'
Scraping comments of song 25638306
Scraping lyric of song '25638306'
Scraping comments of song 663143
Scraping lyric of song '663143'
Scraping comments of song 624670
Scraping lyric of song '624670'
Scraping comments of song 4952738
Scraping lyric of song '4952738'
Scraping comments of song 540217
Scraping lyric of song '540217'
Scraping comments of song 590408
Scraping lyric of song '590408'
Scraping comments of song 712301
Scraping lyric of song '712301'
Scraping comments of song 593728
Scraping lyric of song '593728'
Scraping comments of song 4938705
Scraping lyric of song '4938705'
Scraping comments of song 22725492
Scraping lyric of song '22725492'
Song '503268' dumps into database
Song '503239' dumps into database
Song '636882' dumps into database
Song '591772' dumps into database
Song '592046' dumps into database
Song '22805088' dumps into database
Song '28819129' dumps into database
Song '471987' dumps into database
Song '471992' dumps into database
Song '643466' dumps into database
Song '22706983' dumps into database
Song '22707008' dumps into database
Song '22706980' dumps into database
Song '22706979' dumps into database
Song '608667' dumps into database
Song '28151052' dumps into database
Song '28151022' dumps into database
Song '28762402' dumps into database
Song '536809' dumps into database
Song '28695643' dumps into database
Song '498181' dumps into database
Song '31649312' dumps into database
Song '33911781' dumps into database
Song '719102' dumps into database
Song '540968' dumps into database
Song '560139' dumps into database
Song '560084' dumps into database
Song '4956877' dumps into database
Song '454427' dumps into database
Song '27599042' dumps into database
Song '730669' dumps into database
Song '593814' dumps into database
Song '501500' dumps into database
Song '658488' dumps into database
Song '36095055' dumps into database
Song '25638306' dumps into database
Song '663143' dumps into database
Song '624670' dumps into database
Song '4952738' dumps into database
Song '540217' dumps into database
Song '590408' dumps into database
Song '712301' dumps into database
Song '593728' dumps into database
Song '4938705' dumps into database
Song '22725492' dumps into database

45 new songs added
0 tags of songs updated
