Scraping comments of song 28456751
Scraping lyric of song '28456751'
Scraping comments of song 26284002
Scraping lyric of song '26284002'
Scraping comments of song 28806467
Scraping lyric of song '28806467'
Scraping comments of song 34077710
Scraping lyric of song '34077710'
Scraping comments of song 4102785
Scraping lyric of song '4102785'
Scraping comments of song 31477507
Scraping lyric of song '31477507'
Scraping comments of song 30621819
Scraping lyric of song '30621819'
Scraping comments of song 19808407
Scraping lyric of song '19808407'
Scraping comments of song 34179301
Scraping lyric of song '34179301'
Scraping comments of song 34383253
Scraping lyric of song '34383253'
Scraping comments of song 32069280
Scraping lyric of song '32069280'
Scraping comments of song 26468173
Scraping lyric of song '26468173'
Scraping comments of song 32548972
Scraping lyric of song '32548972'
Scraping comments of song 31477432
Scraping lyric of song '31477432'
Scraping comments of song 28378029
Scraping lyric of song '28378029'
Scraping comments of song 30841055
Scraping lyric of song '30841055'
Scraping comments of song 3951381
Scraping lyric of song '3951381'
Scraping comments of song 28569056
Scraping lyric of song '28569056'
Scraping comments of song 28283308
Scraping lyric of song '28283308'
Scraping comments of song 27509589
Scraping lyric of song '27509589'
Scraping comments of song 30260282
Scraping lyric of song '30260282'
Scraping comments of song 33111826
Scraping lyric of song '33111826'
Scraping comments of song 28475345
Scraping lyric of song '28475345'
Scraping comments of song 31654156
Scraping lyric of song '31654156'
Scraping comments of song 4071236
Scraping lyric of song '4071236'
Scraping comments of song 26197541
Scraping lyric of song '26197541'
Scraping comments of song 1946069
Scraping lyric of song '1946069'
Scraping comments of song 1609689
Scraping lyric of song '1609689'
Scraping comments of song 19107212
Scraping lyric of song '19107212'
Scraping comments of song 16321381
Scraping lyric of song '16321381'
Song '28456751' dumps into database
Song '26284002' dumps into database
Song '28806467' dumps into database
Song '34077710' dumps into database
Song '4102785' dumps into database
Song '31477507' dumps into database
Song '30621819' dumps into database
Song '19808407' dumps into database
Song '34179301' dumps into database
Song '34383253' dumps into database
Song '32069280' dumps into database
Song '26468173' dumps into database
Song '32548972' dumps into database
Song '31477432' dumps into database
Song '28378029' dumps into database
Song '30841055' dumps into database
Song '3951381' dumps into database
Song '28569056' dumps into database
Song '28283308' dumps into database
Song '27509589' dumps into database
Song '30260282' dumps into database
Song '33111826' dumps into database
Song '28475345' dumps into database
Song '31654156' dumps into database
Song '4071236' dumps into database
Song '26197541' dumps into database
Song '1946069' dumps into database
Song '1609689' dumps into database
Song '19107212' dumps into database
Song '16321381' dumps into database

30 new songs added
0 tags of songs updated
