Scraping comments of song 26220352
Scraping lyric of song '26220352'
Scraping comments of song 26125629
Scraping lyric of song '26125629'
Scraping comments of song 28660254
Scraping lyric of song '28660254'
Scraping comments of song 28409047
Scraping lyric of song '28409047'
Scraping comments of song 28018303
Scraping lyric of song '28018303'
Scraping comments of song 28192075
Scraping lyric of song '28192075'
Scraping comments of song 34367840
Scraping lyric of song '34367840'
Scraping comments of song 29764215
Scraping lyric of song '29764215'
Scraping comments of song 675919
Scraping lyric of song '675919'
Scraping comments of song 675864
Scraping lyric of song '675864'
Scraping comments of song 573658
Scraping lyric of song '573658'
Scraping comments of song 573656
Scraping lyric of song '573656'
Scraping comments of song 627423
Scraping lyric of song '627423'
Scraping comments of song 22781959
Scraping lyric of song '22781959'
Scraping comments of song 29276372
Scraping lyric of song '29276372'
Scraping comments of song 29276385
Scraping lyric of song '29276385'
Scraping comments of song 33579052
Scraping lyric of song '33579052'
Scraping comments of song 33579050
Scraping lyric of song '33579050'
Scraping comments of song 34928701
Scraping lyric of song '34928701'
Scraping comments of song 34928700
Scraping lyric of song '34928700'
Scraping comments of song 29737733
Scraping lyric of song '29737733'
Scraping comments of song 665343
Scraping lyric of song '665343'
Scraping comments of song 22723863
Scraping lyric of song '22723863'
Scraping comments of song 26219926
Scraping lyric of song '26219926'
Scraping comments of song 31426096
Scraping lyric of song '31426096'
Scraping comments of song 31081203
Scraping lyric of song '31081203'
Scraping comments of song 559873
Scraping lyric of song '559873'
Scraping comments of song 559874
Scraping lyric of song '559874'
Scraping comments of song 602478
Scraping lyric of song '602478'
Scraping comments of song 602472
Scraping lyric of song '602472'
Scraping comments of song 35331922
Scraping lyric of song '35331922'
Scraping comments of song 26383237
Scraping lyric of song '26383237'
Scraping comments of song 30903186
Scraping lyric of song '30903186'
Scraping comments of song 26218824
Scraping lyric of song '26218824'
Scraping comments of song 28660256
Scraping lyric of song '28660256'
Scraping comments of song 31889555
Scraping lyric of song '31889555'
Scraping comments of song 29781166
Scraping lyric of song '29781166'
Scraping comments of song 28854221
Scraping lyric of song '28854221'
Scraping comments of song 663812
Scraping lyric of song '663812'
Scraping comments of song 663794
Scraping lyric of song '663794'
Scraping comments of song 28838488
Scraping lyric of song '28838488'
Scraping comments of song 32465409
Scraping lyric of song '32465409'
Scraping comments of song 31108262
Scraping lyric of song '31108262'
Scraping comments of song 29449836
Scraping lyric of song '29449836'
Scraping comments of song 29535429
Scraping lyric of song '29535429'
Scraping comments of song 31273508
Scraping lyric of song '31273508'
Scraping comments of song 809268
Scraping lyric of song '809268'
Scraping comments of song 32465813
Scraping lyric of song '32465813'
Scraping comments of song 34367845
Scraping lyric of song '34367845'
Scraping comments of song 29005974
Scraping lyric of song '29005974'
Scraping comments of song 31311418
Scraping lyric of song '31311418'
Scraping comments of song 32235127
Scraping lyric of song '32235127'
Scraping comments of song 31680683
Scraping lyric of song '31680683'
Scraping comments of song 559593
Scraping lyric of song '559593'
Scraping comments of song 28341944
Scraping lyric of song '28341944'
Scraping comments of song 33233034
Scraping lyric of song '33233034'
Scraping comments of song 31546039
Scraping lyric of song '31546039'
Scraping comments of song 27733963
Scraping lyric of song '27733963'
Scraping comments of song 28387585
Scraping lyric of song '28387585'
Scraping comments of song 28387586
Scraping lyric of song '28387586'
Scraping comments of song 572048
Scraping lyric of song '572048'
Scraping comments of song 572049
Scraping lyric of song '572049'
Scraping comments of song 28118199
Scraping lyric of song '28118199'
Scraping comments of song 585338
Scraping lyric of song '585338'
Scraping comments of song 627907
Scraping lyric of song '627907'
Scraping comments of song 28126620
Scraping lyric of song '28126620'
Scraping comments of song 36103264
Scraping lyric of song '36103264'
Scraping comments of song 665144
Scraping lyric of song '665144'
Scraping comments of song 33111662
Scraping lyric of song '33111662'
Scraping comments of song 33111661
Scraping lyric of song '33111661'
Scraping comments of song 29457745
Scraping lyric of song '29457745'
Scraping comments of song 29762211
Scraping lyric of song '29762211'
Scraping comments of song 26325028
Scraping lyric of song '26325028'
Scraping comments of song 28431102
Scraping lyric of song '28431102'
Scraping comments of song 28884197
Scraping lyric of song '28884197'
Scraping comments of song 581291
Scraping lyric of song '581291'
Scraping comments of song 31108263
Scraping lyric of song '31108263'
Scraping comments of song 26439758
Scraping lyric of song '26439758'
Scraping comments of song 28977721
Scraping lyric of song '28977721'
Scraping comments of song 650490
Scraping lyric of song '650490'
Scraping comments of song 31514138
Scraping lyric of song '31514138'
Scraping comments of song 664069
Scraping lyric of song '664069'
Scraping comments of song 31587871
Scraping lyric of song '31587871'
Scraping comments of song 31587870
Scraping lyric of song '31587870'
Scraping comments of song 22647900
Scraping lyric of song '22647900'
Scraping comments of song 22647897
Scraping lyric of song '22647897'
Scraping comments of song 29023889
Scraping lyric of song '29023889'
Scraping comments of song 28547460
Scraping lyric of song '28547460'
Scraping comments of song 29047355
Scraping lyric of song '29047355'
Scraping comments of song 28786039
Scraping lyric of song '28786039'
Scraping comments of song 26220355
Scraping lyric of song '26220355'
Scraping comments of song 28762518
Scraping lyric of song '28762518'
Scraping comments of song 676759
Scraping lyric of song '676759'
Scraping comments of song 32063904
Scraping lyric of song '32063904'
Scraping comments of song 29567383
Scraping lyric of song '29567383'
Scraping comments of song 27747191
Scraping lyric of song '27747191'
Scraping comments of song 602052
Scraping lyric of song '602052'
Scraping comments of song 602080
Scraping lyric of song '602080'
Scraping comments of song 28853685
Scraping lyric of song '28853685'
Scraping comments of song 32958515
Scraping lyric of song '32958515'
Scraping comments of song 28660241
Scraping lyric of song '28660241'
Scraping comments of song 28660242
Scraping lyric of song '28660242'
Scraping comments of song 28660246
Scraping lyric of song '28660246'
Scraping comments of song 28660245
Scraping lyric of song '28660245'
Scraping comments of song 28167162
Scraping lyric of song '28167162'
Scraping comments of song 33233035
Scraping lyric of song '33233035'
Scraping comments of song 29341001
Scraping lyric of song '29341001'
Scraping comments of song 29343262
Scraping lyric of song '29343262'
Scraping comments of song 28018463
Scraping lyric of song '28018463'
Scraping comments of song 609998
Scraping lyric of song '609998'
Scraping comments of song 29775778
Scraping lyric of song '29775778'
Scraping comments of song 29785450
Scraping lyric of song '29785450'
Scraping comments of song 26164686
Scraping lyric of song '26164686'
Scraping comments of song 607905
Scraping lyric of song '607905'
Scraping comments of song 31545841
Scraping lyric of song '31545841'
Scraping comments of song 31426494
Scraping lyric of song '31426494'
Scraping comments of song 33051505
Scraping lyric of song '33051505'
Scraping comments of song 22635843
Scraping lyric of song '22635843'
Scraping comments of song 646481
Scraping lyric of song '646481'
Scraping comments of song 646465
Scraping lyric of song '646465'
Scraping comments of song 29744071
Scraping lyric of song '29744071'
Scraping comments of song 29744072
Scraping lyric of song '29744072'
Scraping comments of song 33233021
Scraping lyric of song '33233021'
Scraping comments of song 29593890
Scraping lyric of song '29593890'
Scraping comments of song 26220354
Scraping lyric of song '26220354'
Scraping comments of song 30854926
Scraping lyric of song '30854926'
Scraping comments of song 4924025
Scraping lyric of song '4924025'
Scraping comments of song 26218964
Scraping lyric of song '26218964'
Scraping comments of song 33955999
Scraping lyric of song '33955999'
Scraping comments of song 34367777
Scraping lyric of song '34367777'
Scraping comments of song 33346970
Scraping lyric of song '33346970'
Scraping comments of song 29794586
Scraping lyric of song '29794586'
Scraping comments of song 30967169
Scraping lyric of song '30967169'
Scraping comments of song 28660259
Scraping lyric of song '28660259'
Scraping comments of song 28468647
Scraping lyric of song '28468647'
Scraping comments of song 29315171
Scraping lyric of song '29315171'
Scraping comments of song 34045116
Scraping lyric of song '34045116'
Scraping comments of song 34766346
Scraping lyric of song '34766346'
Scraping comments of song 28018274
Scraping lyric of song '28018274'
Scraping comments of song 26101738
Scraping lyric of song '26101738'
Scraping comments of song 30070748
Scraping lyric of song '30070748'
Scraping comments of song 36024989
Scraping lyric of song '36024989'
Scraping comments of song 34986001
Scraping lyric of song '34986001'
Scraping comments of song 34986002
Scraping lyric of song '34986002'
Scraping comments of song 33391567
Scraping lyric of song '33391567'
Scraping comments of song 33391542
Scraping lyric of song '33391542'
Scraping comments of song 597134
Scraping lyric of song '597134'
Scraping comments of song 28167160
Scraping lyric of song '28167160'
Scraping comments of song 28786558
Scraping lyric of song '28786558'
Scraping comments of song 28452020
Scraping lyric of song '28452020'
Scraping comments of song 28493486
Scraping lyric of song '28493486'
Scraping comments of song 28947094
Scraping lyric of song '28947094'
Scraping comments of song 26101820
Scraping lyric of song '26101820'
Scraping comments of song 586029
Scraping lyric of song '586029'
Scraping comments of song 28256235
Scraping lyric of song '28256235'
Scraping comments of song 28256236
Scraping lyric of song '28256236'
Song '26220352' dumps into database
Song '26125629' dumps into database
UNIQUE constraint failed: songs.id
  Duplicated ID: '26125629'
Trying to update tags of song '26125629'
Song '28660254' dumps into database
Song '28409047' dumps into database
UNIQUE constraint failed: songs.id
  Duplicated ID: '28409047'
Trying to update tags of song '28409047'
Song '28018303' dumps into database
Song '28192075' dumps into database
UNIQUE constraint failed: songs.id
  Duplicated ID: '28192075'
Trying to update tags of song '28192075'
Song '34367840' dumps into database
UNIQUE constraint failed: songs.id
  Duplicated ID: '34367840'
Trying to update tags of song '34367840'
Song '29764215' dumps into database
Song '675919' dumps into database
UNIQUE constraint failed: songs.id
  Duplicated ID: '675919'
Trying to update tags of song '675919'
Song '675864' dumps into database
Song '573658' dumps into database
UNIQUE constraint failed: songs.id
  Duplicated ID: '573658'
Trying to update tags of song '573658'
Song '573656' dumps into database
UNIQUE constraint failed: songs.id
  Duplicated ID: '573656'
Trying to update tags of song '573656'
Song '627423' dumps into database
Song '22781959' dumps into database
UNIQUE constraint failed: songs.id
  Duplicated ID: '22781959'
Trying to update tags of song '22781959'
Song '29276372' dumps into database
UNIQUE constraint failed: songs.id
  Duplicated ID: '29276372'
Trying to update tags of song '29276372'
Song '29276385' dumps into database
UNIQUE constraint failed: songs.id
  Duplicated ID: '29276385'
Trying to update tags of song '29276385'
Song '33579052' dumps into database
Song '33579050' dumps into database
UNIQUE constraint failed: songs.id
  Duplicated ID: '33579050'
Trying to update tags of song '33579050'
Song '34928701' dumps into database
Song '34928700' dumps into database
Song '29737733' dumps into database
Song '665343' dumps into database
Song '22723863' dumps into database
Song '26219926' dumps into database
Song '31426096' dumps into database
Song '31081203' dumps into database
Song '559873' dumps into database
Song '559874' dumps into database
Song '602478' dumps into database
UNIQUE constraint failed: songs.id
  Duplicated ID: '602478'
Trying to update tags of song '602478'
Song '602472' dumps into database
UNIQUE constraint failed: songs.id
  Duplicated ID: '602472'
Trying to update tags of song '602472'
Song '35331922' dumps into database
Song '26383237' dumps into database
UNIQUE constraint failed: songs.id
  Duplicated ID: '26383237'
Trying to update tags of song '26383237'
Song '30903186' dumps into database
UNIQUE constraint failed: songs.id
  Duplicated ID: '30903186'
Trying to update tags of song '30903186'
Song '26218824' dumps into database
Song '28660256' dumps into database
Song '31889555' dumps into database
Song '29781166' dumps into database
UNIQUE constraint failed: songs.id
  Duplicated ID: '29781166'
Trying to update tags of song '29781166'
Song '28854221' dumps into database
Song '663812' dumps into database
Song '663794' dumps into database
Song '28838488' dumps into database
Song '32465409' dumps into database
Song '31108262' dumps into database
Song '29449836' dumps into database
Song '29535429' dumps into database
UNIQUE constraint failed: songs.id
  Duplicated ID: '29535429'
Trying to update tags of song '29535429'
Song '31273508' dumps into database
UNIQUE constraint failed: songs.id
  Duplicated ID: '31273508'
Trying to update tags of song '31273508'
Song '809268' dumps into database
UNIQUE constraint failed: songs.id
  Duplicated ID: '809268'
Trying to update tags of song '809268'
Song '32465813' dumps into database
Song '34367845' dumps into database
Song '29005974' dumps into database
Song '31311418' dumps into database
Song '32235127' dumps into database
UNIQUE constraint failed: songs.id
  Duplicated ID: '32235127'
Trying to update tags of song '32235127'
Song '31680683' dumps into database
UNIQUE constraint failed: songs.id
  Duplicated ID: '31680683'
Trying to update tags of song '31680683'
Song '559593' dumps into database
Song '28341944' dumps into database
Song '33233034' dumps into database
Song '31546039' dumps into database
UNIQUE constraint failed: songs.id
  Duplicated ID: '31546039'
Trying to update tags of song '31546039'
Song '27733963' dumps into database
Song '28387585' dumps into database
UNIQUE constraint failed: songs.id
  Duplicated ID: '28387585'
Trying to update tags of song '28387585'
Song '28387586' dumps into database
Song '572048' dumps into database
UNIQUE constraint failed: songs.id
  Duplicated ID: '572048'
Trying to update tags of song '572048'
Song '572049' dumps into database
UNIQUE constraint failed: songs.id
  Duplicated ID: '572049'
Trying to update tags of song '572049'
Song '28118199' dumps into database
Song '585338' dumps into database
Song '627907' dumps into database
Song '28126620' dumps into database
Song '36103264' dumps into database
Song '665144' dumps into database
Song '33111662' dumps into database
Song '33111661' dumps into database
Song '29457745' dumps into database
Song '29762211' dumps into database
Song '26325028' dumps into database
Song '28431102' dumps into database
Song '28884197' dumps into database
Song '581291' dumps into database
Song '31108263' dumps into database
UNIQUE constraint failed: songs.id
  Duplicated ID: '31108263'
Trying to update tags of song '31108263'
Song '26439758' dumps into database
Song '28977721' dumps into database
UNIQUE constraint failed: songs.id
  Duplicated ID: '28977721'
Trying to update tags of song '28977721'
Song '650490' dumps into database
Song '31514138' dumps into database
Song '664069' dumps into database
UNIQUE constraint failed: songs.id
  Duplicated ID: '664069'
Trying to update tags of song '664069'
Song '31587871' dumps into database
Song '31587870' dumps into database
UNIQUE constraint failed: songs.id
  Duplicated ID: '31587870'
Trying to update tags of song '31587870'
Song '22647900' dumps into database
Song '22647897' dumps into database
Song '29023889' dumps into database
Song '28547460' dumps into database
Song '29047355' dumps into database
UNIQUE constraint failed: songs.id
  Duplicated ID: '29047355'
Trying to update tags of song '29047355'
Song '28786039' dumps into database
Song '26220355' dumps into database
UNIQUE constraint failed: songs.id
  Duplicated ID: '26220355'
Trying to update tags of song '26220355'
Song '28762518' dumps into database
UNIQUE constraint failed: songs.id
  Duplicated ID: '28762518'
Trying to update tags of song '28762518'
Song '676759' dumps into database
Song '32063904' dumps into database
Song '29567383' dumps into database
Song '27747191' dumps into database
Song '602052' dumps into database
Song '602080' dumps into database
Song '28853685' dumps into database
UNIQUE constraint failed: songs.id
  Duplicated ID: '28853685'
Trying to update tags of song '28853685'
Song '32958515' dumps into database
Song '28660241' dumps into database
UNIQUE constraint failed: songs.id
  Duplicated ID: '28660241'
Trying to update tags of song '28660241'
Song '28660242' dumps into database
Song '28660246' dumps into database
Song '28660245' dumps into database
UNIQUE constraint failed: songs.id
  Duplicated ID: '28660245'
Trying to update tags of song '28660245'
Song '28167162' dumps into database
Song '33233035' dumps into database
Song '29341001' dumps into database
Song '29343262' dumps into database
Song '28018463' dumps into database
Song '609998' dumps into database
Song '29775778' dumps into database
Song '29785450' dumps into database
Song '26164686' dumps into database
Song '607905' dumps into database
Song '31545841' dumps into database
Song '31426494' dumps into database
Song '33051505' dumps into database
Song '22635843' dumps into database
Song '646481' dumps into database
Song '646465' dumps into database
Song '29744071' dumps into database
UNIQUE constraint failed: songs.id
  Duplicated ID: '29744071'
Trying to update tags of song '29744071'
Song '29744072' dumps into database
Song '33233021' dumps into database
Song '29593890' dumps into database
Song '26220354' dumps into database
Song '30854926' dumps into database
Song '4924025' dumps into database
Song '26218964' dumps into database
Song '33955999' dumps into database
UNIQUE constraint failed: songs.id
  Duplicated ID: '33955999'
Trying to update tags of song '33955999'
Song '34367777' dumps into database
UNIQUE constraint failed: songs.id
  Duplicated ID: '34367777'
Trying to update tags of song '34367777'
Song '33346970' dumps into database
UNIQUE constraint failed: songs.id
  Duplicated ID: '33346970'
Trying to update tags of song '33346970'
Song '29794586' dumps into database
Song '30967169' dumps into database
Song '28660259' dumps into database
Song '28468647' dumps into database
UNIQUE constraint failed: songs.id
  Duplicated ID: '28468647'
Trying to update tags of song '28468647'
Song '29315171' dumps into database
Song '34045116' dumps into database
UNIQUE constraint failed: songs.id
  Duplicated ID: '34045116'
Trying to update tags of song '34045116'
Song '34766346' dumps into database
UNIQUE constraint failed: songs.id
  Duplicated ID: '34766346'
Trying to update tags of song '34766346'
Song '28018274' dumps into database
UNIQUE constraint failed: songs.id
  Duplicated ID: '28018274'
Trying to update tags of song '28018274'
Song '26101738' dumps into database
Song '30070748' dumps into database
Song '36024989' dumps into database
Song '34986001' dumps into database
Song '34986002' dumps into database
Song '33391567' dumps into database
UNIQUE constraint failed: songs.id
  Duplicated ID: '33391567'
Trying to update tags of song '33391567'
Song '33391542' dumps into database
Song '597134' dumps into database
Song '28167160' dumps into database
UNIQUE constraint failed: songs.id
  Duplicated ID: '28167160'
Trying to update tags of song '28167160'
Song '28786558' dumps into database
UNIQUE constraint failed: songs.id
  Duplicated ID: '28786558'
Trying to update tags of song '28786558'
Song '28452020' dumps into database
Song '28493486' dumps into database
Song '28947094' dumps into database
Song '26101820' dumps into database
UNIQUE constraint failed: songs.id
  Duplicated ID: '26101820'
Trying to update tags of song '26101820'
Song '586029' dumps into database
UNIQUE constraint failed: songs.id
  Duplicated ID: '586029'
Trying to update tags of song '586029'
Song '28256235' dumps into database
Song '28256236' dumps into database

108 new songs added
48 tags of songs updated
