Scraping comments of song 29827133
Scraping lyric of song '29827133'
Scraping comments of song 31563109
Scraping lyric of song '31563109'
Scraping comments of song 36080207
Scraping lyric of song '36080207'
Scraping comments of song 35848566
Scraping lyric of song '35848566'
Scraping comments of song 35618531
Scraping lyric of song '35618531'
Scraping comments of song 29827134
Scraping lyric of song '29827134'
Scraping comments of song 365687
Scraping lyric of song '365687'
Scraping comments of song 29371209
Scraping lyric of song '29371209'
Scraping comments of song 28535190
Scraping lyric of song '28535190'
Scraping comments of song 5234843
Scraping lyric of song '5234843'
Scraping comments of song 29414457
Scraping lyric of song '29414457'
Scraping comments of song 32845031
Scraping lyric of song '32845031'
Scraping comments of song 106359
Scraping lyric of song '106359'
Scraping comments of song 28977406
Scraping lyric of song '28977406'
Scraping comments of song 28191641
Scraping lyric of song '28191641'
Scraping comments of song 28310938
Scraping lyric of song '28310938'
Scraping comments of song 210281
Scraping lyric of song '210281'
Scraping comments of song 93424
Scraping lyric of song '93424'
Scraping comments of song 130985
Scraping lyric of song '130985'
Scraping comments of song 25714352
Scraping lyric of song '25714352'
Scraping comments of song 78997
Scraping lyric of song '78997'
Song '29827133' dumps into database
Song '31563109' dumps into database
Song '36080207' dumps into database
Song '35848566' dumps into database
Song '35618531' dumps into database
Song '29827134' dumps into database
Song '365687' dumps into database
Song '29371209' dumps into database
Song '28535190' dumps into database
Song '5234843' dumps into database
Song '29414457' dumps into database
Song '32845031' dumps into database
Song '106359' dumps into database
Song '28977406' dumps into database
Song '28191641' dumps into database
Song '28310938' dumps into database
Song '210281' dumps into database
Song '93424' dumps into database
Song '130985' dumps into database
Song '25714352' dumps into database
Song '78997' dumps into database

21 new songs added
0 tags of songs updated
