Scraping comments of song 35847559
Scraping lyric of song '35847559'
Scraping comments of song 4224657
Scraping lyric of song '4224657'
Scraping comments of song 30621332
Scraping lyric of song '30621332'
Scraping comments of song 35847388
Scraping lyric of song '35847388'
Scraping comments of song 36199040
Scraping lyric of song '36199040'
Scraping comments of song 21373645
Scraping lyric of song '21373645'
Scraping comments of song 18637983
Scraping lyric of song '18637983'
Scraping comments of song 21253806
Scraping lyric of song '21253806'
Scraping comments of song 17341942
Scraping lyric of song '17341942'
Scraping comments of song 4154790
Scraping lyric of song '4154790'
Scraping comments of song 18127640
Scraping lyric of song '18127640'
Scraping comments of song 18161816
Scraping lyric of song '18161816'
Scraping comments of song 28285776
Scraping lyric of song '28285776'
Scraping comments of song 3986326
Scraping lyric of song '3986326'
Scraping comments of song 17177367
Scraping lyric of song '17177367'
Scraping comments of song 29019233
Scraping lyric of song '29019233'
Scraping comments of song 18611656
Scraping lyric of song '18611656'
Scraping comments of song 21563016
Scraping lyric of song '21563016'
Scraping comments of song 18672611
Scraping lyric of song '18672611'
Scraping comments of song 25714182
Scraping lyric of song '25714182'
Scraping comments of song 31719603
Scraping lyric of song '31719603'
Scraping comments of song 17059131
Scraping lyric of song '17059131'
Scraping comments of song 28692519
Scraping lyric of song '28692519'
Scraping comments of song 25657241
Scraping lyric of song '25657241'
Scraping comments of song 25657229
Scraping lyric of song '25657229'
Scraping comments of song 29736072
Scraping lyric of song '29736072'
Scraping comments of song 35307064
Scraping lyric of song '35307064'
Scraping comments of song 21253949
Scraping lyric of song '21253949'
Scraping comments of song 17386592
Scraping lyric of song '17386592'
Scraping comments of song 25706383
Scraping lyric of song '25706383'
Scraping comments of song 17059223
Scraping lyric of song '17059223'
Scraping comments of song 35307066
Scraping lyric of song '35307066'
Scraping comments of song 17059173
Scraping lyric of song '17059173'
Scraping comments of song 16435049
Scraping lyric of song '16435049'
Scraping comments of song 27630396
Scraping lyric of song '27630396'
Scraping comments of song 27630659
Scraping lyric of song '27630659'
Scraping comments of song 21563145
Scraping lyric of song '21563145'
Scraping comments of song 27906334
Scraping lyric of song '27906334'
Scraping comments of song 18981974
Scraping lyric of song '18981974'
Scraping comments of song 31384241
Scraping lyric of song '31384241'
Scraping comments of song 29789845
Scraping lyric of song '29789845'
Scraping comments of song 17863892
Scraping lyric of song '17863892'
Scraping comments of song 28971279
Scraping lyric of song '28971279'
Scraping comments of song 28208054
Scraping lyric of song '28208054'
Scraping comments of song 2923416
Scraping lyric of song '2923416'
Scraping comments of song 1598127
Scraping lyric of song '1598127'
Scraping comments of song 1297650
Scraping lyric of song '1297650'
Scraping comments of song 31090820
Scraping lyric of song '31090820'
Song '35847559' dumps into database
Song '4224657' dumps into database
Song '30621332' dumps into database
Song '35847388' dumps into database
Song '36199040' dumps into database
Song '21373645' dumps into database
Song '18637983' dumps into database
Song '21253806' dumps into database
Song '17341942' dumps into database
Song '4154790' dumps into database
Song '18127640' dumps into database
Song '18161816' dumps into database
Song '28285776' dumps into database
Song '3986326' dumps into database
Song '17177367' dumps into database
Song '29019233' dumps into database
Song '18611656' dumps into database
Song '21563016' dumps into database
Song '18672611' dumps into database
Song '25714182' dumps into database
Song '31719603' dumps into database
Song '17059131' dumps into database
Song '28692519' dumps into database
Song '25657241' dumps into database
Song '25657229' dumps into database
Song '29736072' dumps into database
Song '35307064' dumps into database
Song '21253949' dumps into database
Song '17386592' dumps into database
Song '25706383' dumps into database
Song '17059223' dumps into database
Song '35307066' dumps into database
Song '17059173' dumps into database
Song '16435049' dumps into database
Song '27630396' dumps into database
Song '27630659' dumps into database
Song '21563145' dumps into database
Song '27906334' dumps into database
Song '18981974' dumps into database
Song '31384241' dumps into database
Song '29789845' dumps into database
Song '17863892' dumps into database
Song '28971279' dumps into database
Song '28208054' dumps into database
Song '2923416' dumps into database
Song '1598127' dumps into database
Song '1297650' dumps into database
Song '31090820' dumps into database

48 new songs added
0 tags of songs updated
