Scraping comments of song 257905
Scraping lyric of song '257905'
Scraping comments of song 2864538
Scraping lyric of song '2864538'
Scraping comments of song 26604144
Scraping lyric of song '26604144'
Scraping comments of song 391119
Scraping lyric of song '391119'
Scraping comments of song 299234
Scraping lyric of song '299234'
Scraping comments of song 17443317
Scraping lyric of song '17443317'
Scraping comments of song 29822264
Scraping lyric of song '29822264'
Scraping comments of song 299149
Scraping lyric of song '299149'
Scraping comments of song 2864516
Scraping lyric of song '2864516'
Scraping comments of song 5269806
Scraping lyric of song '5269806'
Scraping comments of song 391072
Scraping lyric of song '391072'
Scraping comments of song 2864625
Scraping lyric of song '2864625'
Scraping comments of song 2864649
Scraping lyric of song '2864649'
Scraping comments of song 16280589
Scraping lyric of song '16280589'
Scraping comments of song 5266293
Scraping lyric of song '5266293'
Scraping comments of song 5269192
Scraping lyric of song '5269192'
Scraping comments of song 299240
Scraping lyric of song '299240'
Scraping comments of song 5269796
Scraping lyric of song '5269796'
Scraping comments of song 298817
Scraping lyric of song '298817'
Scraping comments of song 5023578
Scraping lyric of song '5023578'
Scraping comments of song 74247
Scraping lyric of song '74247'
Scraping comments of song 27890950
Scraping lyric of song '27890950'
Scraping comments of song 257912
Scraping lyric of song '257912'
Scraping comments of song 257909
Scraping lyric of song '257909'
Scraping comments of song 257908
Scraping lyric of song '257908'
Scraping comments of song 257906
Scraping lyric of song '257906'
Scraping comments of song 299237
Scraping lyric of song '299237'
Song '257905' dumps into database
Song '2864538' dumps into database
Song '26604144' dumps into database
Song '391119' dumps into database
Song '299234' dumps into database
Song '17443317' dumps into database
Song '29822264' dumps into database
Song '299149' dumps into database
Song '2864516' dumps into database
Song '5269806' dumps into database
Song '391072' dumps into database
Song '2864625' dumps into database
Song '2864649' dumps into database
Song '16280589' dumps into database
Song '5266293' dumps into database
Song '5269192' dumps into database
Song '299240' dumps into database
Song '5269796' dumps into database
Song '298817' dumps into database
Song '5023578' dumps into database
Song '74247' dumps into database
Song '27890950' dumps into database
Song '257912' dumps into database
Song '257909' dumps into database
Song '257908' dumps into database
Song '257906' dumps into database
Song '299237' dumps into database

27 new songs added
0 tags of songs updated
