Scraping comments of song 814020
Scraping lyric of song '814020'
Scraping comments of song 489604
Scraping lyric of song '489604'
Scraping comments of song 530544
Scraping lyric of song '530544'
Scraping comments of song 590518
Scraping lyric of song '590518'
Scraping comments of song 4998128
Scraping lyric of song '4998128'
Scraping comments of song 453164
Scraping lyric of song '453164'
Scraping comments of song 445660
Scraping lyric of song '445660'
Scraping comments of song 27514067
Scraping lyric of song '27514067'
Scraping comments of song 498639
Scraping lyric of song '498639'
Scraping comments of song 567423
Scraping lyric of song '567423'
Scraping comments of song 417041
Scraping lyric of song '417041'
Scraping comments of song 4881663
Scraping lyric of song '4881663'
Scraping comments of song 415143
Scraping lyric of song '415143'
Scraping comments of song 536057
Scraping lyric of song '536057'
Scraping comments of song 420546
Scraping lyric of song '420546'
Scraping comments of song 31152369
Scraping lyric of song '31152369'
Scraping comments of song 814001
Scraping lyric of song '814001'
Scraping comments of song 468864
Scraping lyric of song '468864'
Scraping comments of song 636760
Scraping lyric of song '636760'
Scraping comments of song 26142821
Scraping lyric of song '26142821'
Scraping comments of song 504519
Scraping lyric of song '504519'
Scraping comments of song 498708
Scraping lyric of song '498708'
Scraping comments of song 441736
Scraping lyric of song '441736'
Scraping comments of song 538768
Scraping lyric of song '538768'
Scraping comments of song 540351
Scraping lyric of song '540351'
Scraping comments of song 32544579
Scraping lyric of song '32544579'
Scraping comments of song 537504
Scraping lyric of song '537504'
Scraping comments of song 539192
Scraping lyric of song '539192'
Scraping comments of song 26222371
Scraping lyric of song '26222371'
Scraping comments of song 30245042
Scraping lyric of song '30245042'
Scraping comments of song 510976
Scraping lyric of song '510976'
Scraping comments of song 22642380
Scraping lyric of song '22642380'
Scraping comments of song 30854798
Scraping lyric of song '30854798'
Scraping comments of song 28282633
Scraping lyric of song '28282633'
Scraping comments of song 28315118
Scraping lyric of song '28315118'
Scraping comments of song 28391389
Scraping lyric of song '28391389'
Scraping comments of song 501421
Scraping lyric of song '501421'
Scraping comments of song 813862
Scraping lyric of song '813862'
Scraping comments of song 539420
Scraping lyric of song '539420'
Scraping comments of song 29787074
Scraping lyric of song '29787074'
Scraping comments of song 22642427
Scraping lyric of song '22642427'
Song '814020' dumps into database
Song '489604' dumps into database
Song '530544' dumps into database
Song '590518' dumps into database
Song '4998128' dumps into database
Song '453164' dumps into database
Song '445660' dumps into database
Song '27514067' dumps into database
Song '498639' dumps into database
Song '567423' dumps into database
Song '417041' dumps into database
Song '4881663' dumps into database
Song '415143' dumps into database
Song '536057' dumps into database
Song '420546' dumps into database
Song '31152369' dumps into database
Song '814001' dumps into database
Song '468864' dumps into database
Song '636760' dumps into database
Song '26142821' dumps into database
Song '504519' dumps into database
Song '498708' dumps into database
Song '441736' dumps into database
Song '538768' dumps into database
Song '540351' dumps into database
Song '32544579' dumps into database
Song '537504' dumps into database
Song '539192' dumps into database
Song '26222371' dumps into database
Song '30245042' dumps into database
Song '510976' dumps into database
Song '22642380' dumps into database
Song '30854798' dumps into database
Song '28282633' dumps into database
Song '28315118' dumps into database
Song '28391389' dumps into database
Song '501421' dumps into database
Song '813862' dumps into database
Song '539420' dumps into database
Song '29787074' dumps into database
Song '22642427' dumps into database

41 new songs added
0 tags of songs updated
