Scraping comments of song 256559
Scraping lyric of song '256559'
Scraping comments of song 228922
Scraping lyric of song '228922'
Scraping comments of song 381838
Scraping lyric of song '381838'
Scraping comments of song 29005875
Scraping lyric of song '29005875'
Scraping comments of song 29429724
Scraping lyric of song '29429724'
Scraping comments of song 27731455
Scraping lyric of song '27731455'
Scraping comments of song 29724292
Scraping lyric of song '29724292'
Scraping comments of song 29785299
Scraping lyric of song '29785299'
Scraping comments of song 30260031
Scraping lyric of song '30260031'
Scraping comments of song 394854
Scraping lyric of song '394854'
Scraping comments of song 191107
Scraping lyric of song '191107'
Scraping comments of song 29371212
Scraping lyric of song '29371212'
Scraping comments of song 28315234
Scraping lyric of song '28315234'
Scraping comments of song 348025
Scraping lyric of song '348025'
Scraping comments of song 34775229
Scraping lyric of song '34775229'
Scraping comments of song 28282817
Scraping lyric of song '28282817'
Scraping comments of song 28941005
Scraping lyric of song '28941005'
Scraping comments of song 27876045
Scraping lyric of song '27876045'
Scraping comments of song 26508235
Scraping lyric of song '26508235'
Scraping comments of song 62871
Scraping lyric of song '62871'
Scraping comments of song 92280
Scraping lyric of song '92280'
Scraping comments of song 29808164
Scraping lyric of song '29808164'
Scraping comments of song 30814190
Scraping lyric of song '30814190'
Scraping comments of song 32544965
Scraping lyric of song '32544965'
Scraping comments of song 31478618
Scraping lyric of song '31478618'
Scraping comments of song 28940204
Scraping lyric of song '28940204'
Scraping comments of song 29825639
Scraping lyric of song '29825639'
Scraping comments of song 29819441
Scraping lyric of song '29819441'
Scraping comments of song 26402017
Scraping lyric of song '26402017'
Scraping comments of song 165903
Scraping lyric of song '165903'
Scraping comments of song 31134731
Scraping lyric of song '31134731'
Scraping comments of song 35270141
Scraping lyric of song '35270141'
Scraping comments of song 28786807
Scraping lyric of song '28786807'
Scraping comments of song 5239281
Scraping lyric of song '5239281'
Scraping comments of song 386835
Scraping lyric of song '386835'
Scraping comments of song 368935
Scraping lyric of song '368935'
Scraping comments of song 30814293
Scraping lyric of song '30814293'
Scraping comments of song 26620381
Scraping lyric of song '26620381'
Scraping comments of song 306855
Scraping lyric of song '306855'
Scraping comments of song 76100
Scraping lyric of song '76100'
Scraping comments of song 297748
Scraping lyric of song '297748'
Scraping comments of song 238792
Scraping lyric of song '238792'
Scraping comments of song 100491
Scraping lyric of song '100491'
Scraping comments of song 255372
Scraping lyric of song '255372'
Scraping comments of song 27896920
Scraping lyric of song '27896920'
Scraping comments of song 363258
Scraping lyric of song '363258'
Scraping comments of song 386298
Scraping lyric of song '386298'
Scraping comments of song 392849
Scraping lyric of song '392849'
Scraping comments of song 29843834
Scraping lyric of song '29843834'
Scraping comments of song 132610
Scraping lyric of song '132610'
Scraping comments of song 100978
Scraping lyric of song '100978'
Scraping comments of song 33544964
Scraping lyric of song '33544964'
Scraping comments of song 25867002
Scraping lyric of song '25867002'
Scraping comments of song 29814160
Scraping lyric of song '29814160'
Scraping comments of song 28302362
Scraping lyric of song '28302362'
Scraping comments of song 29910047
Scraping lyric of song '29910047'
Scraping comments of song 32845410
Scraping lyric of song '32845410'
Scraping comments of song 305636
Scraping lyric of song '305636'
Scraping comments of song 386844
Scraping lyric of song '386844'
Scraping comments of song 29790174
Scraping lyric of song '29790174'
Scraping comments of song 80025
Scraping lyric of song '80025'
Scraping comments of song 28310924
Scraping lyric of song '28310924'
Song '256559' dumps into database
Song '228922' dumps into database
Song '381838' dumps into database
Song '29005875' dumps into database
Song '29429724' dumps into database
Song '27731455' dumps into database
Song '29724292' dumps into database
Song '29785299' dumps into database
Song '30260031' dumps into database
Song '394854' dumps into database
Song '191107' dumps into database
Song '29371212' dumps into database
Song '28315234' dumps into database
Song '348025' dumps into database
Song '34775229' dumps into database
Song '28282817' dumps into database
Song '28941005' dumps into database
Song '27876045' dumps into database
Song '26508235' dumps into database
Song '62871' dumps into database
Song '92280' dumps into database
Song '29808164' dumps into database
Song '30814190' dumps into database
Song '32544965' dumps into database
Song '31478618' dumps into database
Song '28940204' dumps into database
Song '29825639' dumps into database
Song '29819441' dumps into database
Song '26402017' dumps into database
Song '165903' dumps into database
Song '31134731' dumps into database
Song '35270141' dumps into database
Song '28786807' dumps into database
Song '5239281' dumps into database
Song '386835' dumps into database
Song '368935' dumps into database
Song '30814293' dumps into database
Song '26620381' dumps into database
Song '306855' dumps into database
Song '76100' dumps into database
Song '297748' dumps into database
Song '238792' dumps into database
Song '100491' dumps into database
Song '255372' dumps into database
Song '27896920' dumps into database
Song '363258' dumps into database
Song '386298' dumps into database
Song '392849' dumps into database
Song '29843834' dumps into database
Song '132610' dumps into database
Song '100978' dumps into database
Song '33544964' dumps into database
Song '25867002' dumps into database
Song '29814160' dumps into database
Song '28302362' dumps into database
Song '29910047' dumps into database
Song '32845410' dumps into database
Song '305636' dumps into database
Song '386844' dumps into database
Song '29790174' dumps into database
Song '80025' dumps into database
Song '28310924' dumps into database

62 new songs added
0 tags of songs updated
