Scraping comments of song 354304
Scraping lyric of song '354304'
Scraping comments of song 31967220
Scraping lyric of song '31967220'
Scraping comments of song 29772724
Scraping lyric of song '29772724'
Scraping comments of song 34770218
Scraping lyric of song '34770218'
Scraping comments of song 177075
Scraping lyric of song '177075'
Scraping comments of song 390783
Scraping lyric of song '390783'
Scraping comments of song 287611
Scraping lyric of song '287611'
Scraping comments of song 328094
Scraping lyric of song '328094'
Scraping comments of song 26390262
Scraping lyric of song '26390262'
Scraping comments of song 4873709
Scraping lyric of song '4873709'
Scraping comments of song 371326
Scraping lyric of song '371326'
Scraping comments of song 247787
Scraping lyric of song '247787'
Scraping comments of song 273801
Scraping lyric of song '273801'
Scraping comments of song 28935298
Scraping lyric of song '28935298'
Scraping comments of song 29922054
Scraping lyric of song '29922054'
Scraping comments of song 208951
Scraping lyric of song '208951'
Scraping comments of song 254051
Scraping lyric of song '254051'
Scraping comments of song 390445
Scraping lyric of song '390445'
Scraping comments of song 208948
Scraping lyric of song '208948'
Scraping comments of song 29095562
Scraping lyric of song '29095562'
Scraping comments of song 390861
Scraping lyric of song '390861'
Scraping comments of song 375180
Scraping lyric of song '375180'
Song '354304' dumps into database
Song '31967220' dumps into database
Song '29772724' dumps into database
Song '34770218' dumps into database
Song '177075' dumps into database
Song '390783' dumps into database
Song '287611' dumps into database
Song '328094' dumps into database
Song '26390262' dumps into database
Song '4873709' dumps into database
Song '371326' dumps into database
Song '247787' dumps into database
Song '273801' dumps into database
Song '28935298' dumps into database
Song '29922054' dumps into database
Song '208951' dumps into database
Song '254051' dumps into database
Song '390445' dumps into database
Song '208948' dumps into database
Song '29095562' dumps into database
Song '390861' dumps into database
Song '375180' dumps into database

22 new songs added
0 tags of songs updated
