Scraping comments of song 3185884
Scraping lyric of song '3185884'
Scraping comments of song 27753406
Scraping lyric of song '27753406'
Scraping comments of song 29554394
Scraping lyric of song '29554394'
Scraping comments of song 1600540
Scraping lyric of song '1600540'
Scraping comments of song 1634438
Scraping lyric of song '1634438'
Scraping comments of song 36492434
Scraping lyric of song '36492434'
Scraping comments of song 29718113
Scraping lyric of song '29718113'
Scraping comments of song 29418533
Scraping lyric of song '29418533'
Scraping comments of song 18969100
Scraping lyric of song '18969100'
Scraping comments of song 21615181
Scraping lyric of song '21615181'
Scraping comments of song 31010334
Scraping lyric of song '31010334'
Scraping comments of song 16509632
Scraping lyric of song '16509632'
Scraping comments of song 25677983
Scraping lyric of song '25677983'
Scraping comments of song 23456890
Scraping lyric of song '23456890'
Scraping comments of song 17572464
Scraping lyric of song '17572464'
Scraping comments of song 33190767
Scraping lyric of song '33190767'
Scraping comments of song 18834217
Scraping lyric of song '18834217'
Scraping comments of song 5102691
Scraping lyric of song '5102691'
Scraping comments of song 21806404
Scraping lyric of song '21806404'
Scraping comments of song 1519494
Scraping lyric of song '1519494'
Scraping comments of song 29535478
Scraping lyric of song '29535478'
Scraping comments of song 32231396
Scraping lyric of song '32231396'
Scraping comments of song 18803411
Scraping lyric of song '18803411'
Scraping comments of song 19293498
Scraping lyric of song '19293498'
Scraping comments of song 1940799
Scraping lyric of song '1940799'
Scraping comments of song 2056677
Scraping lyric of song '2056677'
Scraping comments of song 26231137
Scraping lyric of song '26231137'
Scraping comments of song 20942967
Scraping lyric of song '20942967'
Scraping comments of song 25677990
Scraping lyric of song '25677990'
Scraping comments of song 20944073
Scraping lyric of song '20944073'
Scraping comments of song 35448924
Scraping lyric of song '35448924'
Scraping comments of song 32922029
Scraping lyric of song '32922029'
Scraping comments of song 1653304
Scraping lyric of song '1653304'
Scraping comments of song 19277100
Scraping lyric of song '19277100'
Scraping comments of song 16628419
Scraping lyric of song '16628419'
Scraping comments of song 17439732
Scraping lyric of song '17439732'
Scraping comments of song 29414651
Scraping lyric of song '29414651'
Scraping comments of song 2052423
Scraping lyric of song '2052423'
Scraping comments of song 19375545
Scraping lyric of song '19375545'
Scraping comments of song 1346963
Scraping lyric of song '1346963'
Scraping comments of song 1297965
Scraping lyric of song '1297965'
Scraping comments of song 31152993
Scraping lyric of song '31152993'
Scraping comments of song 2080039
Scraping lyric of song '2080039'
Scraping comments of song 30621925
Scraping lyric of song '30621925'
Scraping comments of song 27630744
Scraping lyric of song '27630744'
Scraping comments of song 27676420
Scraping lyric of song '27676420'
Scraping comments of song 26509187
Scraping lyric of song '26509187'
Scraping comments of song 1345018
Scraping lyric of song '1345018'
Scraping comments of song 27906328
Scraping lyric of song '27906328'
Scraping comments of song 2113762
Scraping lyric of song '2113762'
Scraping comments of song 21117923
Scraping lyric of song '21117923'
Scraping comments of song 29554396
Scraping lyric of song '29554396'
Scraping comments of song 29717089
Scraping lyric of song '29717089'
Scraping comments of song 21117974
Scraping lyric of song '21117974'
Scraping comments of song 29775431
Scraping lyric of song '29775431'
Scraping comments of song 34828314
Scraping lyric of song '34828314'
Scraping comments of song 32252808
Scraping lyric of song '32252808'
Scraping comments of song 33599623
Scraping lyric of song '33599623'
Scraping comments of song 26493624
Scraping lyric of song '26493624'
Scraping comments of song 19971565
Scraping lyric of song '19971565'
Scraping comments of song 17724531
Scraping lyric of song '17724531'
Scraping comments of song 29775428
Scraping lyric of song '29775428'
Scraping comments of song 17386636
Scraping lyric of song '17386636'
Scraping comments of song 28182110
Scraping lyric of song '28182110'
Scraping comments of song 26418702
Scraping lyric of song '26418702'
Scraping comments of song 32823848
Scraping lyric of song '32823848'
Scraping comments of song 31517757
Scraping lyric of song '31517757'
Scraping comments of song 26525182
Scraping lyric of song '26525182'
Scraping comments of song 28918328
Scraping lyric of song '28918328'
Scraping comments of song 29717112
Scraping lyric of song '29717112'
Scraping comments of song 17227720
Scraping lyric of song '17227720'
Scraping comments of song 28732011
Scraping lyric of song '28732011'
Scraping comments of song 28242724
Scraping lyric of song '28242724'
Scraping comments of song 27698068
Scraping lyric of song '27698068'
Scraping comments of song 19762504
Scraping lyric of song '19762504'
Scraping comments of song 20943339
Scraping lyric of song '20943339'
Scraping comments of song 1940866
Scraping lyric of song '1940866'
Scraping comments of song 28671688
Scraping lyric of song '28671688'
Scraping comments of song 19277014
Scraping lyric of song '19277014'
Scraping comments of song 29554397
Scraping lyric of song '29554397'
Scraping comments of song 28182106
Scraping lyric of song '28182106'
Scraping comments of song 30031106
Scraping lyric of song '30031106'
Scraping comments of song 29950506
Scraping lyric of song '29950506'
Scraping comments of song 33955191
Scraping lyric of song '33955191'
Scraping comments of song 32719646
Scraping lyric of song '32719646'
Scraping comments of song 33497607
Scraping lyric of song '33497607'
Scraping comments of song 26418703
Scraping lyric of song '26418703'
Scraping comments of song 30394903
Scraping lyric of song '30394903'
Scraping comments of song 29349446
Scraping lyric of song '29349446'
Scraping comments of song 26418704
Scraping lyric of song '26418704'
Scraping comments of song 20019714
Scraping lyric of song '20019714'
Scraping comments of song 28133136
Scraping lyric of song '28133136'
Scraping comments of song 17747312
Scraping lyric of song '17747312'
Scraping comments of song 33399360
Scraping lyric of song '33399360'
Scraping comments of song 29086184
Scraping lyric of song '29086184'
Scraping comments of song 31654183
Scraping lyric of song '31654183'
Scraping comments of song 35513027
Scraping lyric of song '35513027'
Scraping comments of song 16961459
Scraping lyric of song '16961459'
Scraping comments of song 16961463
Scraping lyric of song '16961463'
Scraping comments of song 17082930
Scraping lyric of song '17082930'
Scraping comments of song 1372166
Scraping lyric of song '1372166'
Scraping comments of song 17724543
Scraping lyric of song '17724543'
Scraping comments of song 29718109
Scraping lyric of song '29718109'
Scraping comments of song 29554385
Scraping lyric of song '29554385'
Scraping comments of song 29717077
Scraping lyric of song '29717077'
Scraping comments of song 29554383
Scraping lyric of song '29554383'
Scraping comments of song 29717086
Scraping lyric of song '29717086'
Scraping comments of song 29717079
Scraping lyric of song '29717079'
Scraping comments of song 29717083
Scraping lyric of song '29717083'
Scraping comments of song 28472665
Scraping lyric of song '28472665'
Scraping comments of song 31517325
Scraping lyric of song '31517325'
Scraping comments of song 19449762
Scraping lyric of song '19449762'
Scraping comments of song 27526334
Scraping lyric of song '27526334'
Scraping comments of song 29737452
Scraping lyric of song '29737452'
Scraping comments of song 18943535
Scraping lyric of song '18943535'
Scraping comments of song 16509523
Scraping lyric of song '16509523'
Scraping comments of song 5091493
Scraping lyric of song '5091493'
Scraping comments of song 1939993
Scraping lyric of song '1939993'
Scraping comments of song 1822699
Scraping lyric of song '1822699'
Scraping comments of song 1654156
Scraping lyric of song '1654156'
Scraping comments of song 5148570
Scraping lyric of song '5148570'
Scraping comments of song 1232658
Scraping lyric of song '1232658'
Scraping comments of song 1940211
Scraping lyric of song '1940211'
Scraping comments of song 17108112
Scraping lyric of song '17108112'
Scraping comments of song 18614254
Scraping lyric of song '18614254'
Scraping comments of song 18969344
Scraping lyric of song '18969344'
Scraping comments of song 1614634
Scraping lyric of song '1614634'
Scraping comments of song 1614566
Scraping lyric of song '1614566'
Scraping comments of song 28996039
Scraping lyric of song '28996039'
Scraping comments of song 25714213
Scraping lyric of song '25714213'
Scraping comments of song 27526333
Scraping lyric of song '27526333'
Song '3185884' dumps into database
Song '27753406' dumps into database
Song '29554394' dumps into database
Song '1600540' dumps into database
Song '1634438' dumps into database
Song '36492434' dumps into database
Song '29718113' dumps into database
Song '29418533' dumps into database
Song '18969100' dumps into database
Song '21615181' dumps into database
Song '31010334' dumps into database
Song '16509632' dumps into database
Song '25677983' dumps into database
Song '23456890' dumps into database
Song '17572464' dumps into database
Song '33190767' dumps into database
Song '18834217' dumps into database
Song '5102691' dumps into database
Song '21806404' dumps into database
Song '1519494' dumps into database
Song '29535478' dumps into database
Song '32231396' dumps into database
Song '18803411' dumps into database
Song '19293498' dumps into database
Song '1940799' dumps into database
Song '2056677' dumps into database
Song '26231137' dumps into database
Song '20942967' dumps into database
Song '25677990' dumps into database
Song '20944073' dumps into database
Song '35448924' dumps into database
Song '32922029' dumps into database
Song '1653304' dumps into database
Song '19277100' dumps into database
Song '16628419' dumps into database
Song '17439732' dumps into database
Song '29414651' dumps into database
Song '2052423' dumps into database
Song '19375545' dumps into database
Song '1346963' dumps into database
Song '1297965' dumps into database
Song '31152993' dumps into database
Song '2080039' dumps into database
Song '30621925' dumps into database
UNIQUE constraint failed: songs.id
  Duplicated ID: '30621925'
Trying to update tags of song '30621925'
Song '27630744' dumps into database
Song '27676420' dumps into database
Song '26509187' dumps into database
Song '1345018' dumps into database
Song '27906328' dumps into database
Song '2113762' dumps into database
Song '21117923' dumps into database
Song '29554396' dumps into database
Song '29717089' dumps into database
Song '21117974' dumps into database
Song '29775431' dumps into database
Song '34828314' dumps into database
Song '32252808' dumps into database
Song '33599623' dumps into database
Song '26493624' dumps into database
Song '19971565' dumps into database
Song '17724531' dumps into database
Song '29775428' dumps into database
Song '17386636' dumps into database
Song '28182110' dumps into database
Song '26418702' dumps into database
Song '32823848' dumps into database
UNIQUE constraint failed: songs.id
  Duplicated ID: '32823848'
Trying to update tags of song '32823848'
Song '31517757' dumps into database
Song '26525182' dumps into database
Song '28918328' dumps into database
Song '29717112' dumps into database
Song '17227720' dumps into database
Song '28732011' dumps into database
Song '28242724' dumps into database
Song '27698068' dumps into database
Song '19762504' dumps into database
Song '20943339' dumps into database
Song '1940866' dumps into database
Song '28671688' dumps into database
Song '19277014' dumps into database
Song '29554397' dumps into database
Song '28182106' dumps into database
Song '30031106' dumps into database
Song '29950506' dumps into database
Song '33955191' dumps into database
Song '32719646' dumps into database
Song '33497607' dumps into database
Song '26418703' dumps into database
Song '30394903' dumps into database
Song '29349446' dumps into database
Song '26418704' dumps into database
Song '20019714' dumps into database
Song '28133136' dumps into database
Song '17747312' dumps into database
Song '33399360' dumps into database
Song '29086184' dumps into database
Song '31654183' dumps into database
Song '35513027' dumps into database
Song '16961459' dumps into database
Song '16961463' dumps into database
Song '17082930' dumps into database
Song '1372166' dumps into database
Song '17724543' dumps into database
Song '29718109' dumps into database
Song '29554385' dumps into database
Song '29717077' dumps into database
Song '29554383' dumps into database
Song '29717086' dumps into database
Song '29717079' dumps into database
Song '29717083' dumps into database
Song '28472665' dumps into database
Song '31517325' dumps into database
Song '19449762' dumps into database
Song '27526334' dumps into database
Song '29737452' dumps into database
Song '18943535' dumps into database
Song '16509523' dumps into database
Song '5091493' dumps into database
Song '1939993' dumps into database
Song '1822699' dumps into database
Song '1654156' dumps into database
Song '5148570' dumps into database
Song '1232658' dumps into database
Song '1940211' dumps into database
Song '17108112' dumps into database
Song '18614254' dumps into database
Song '18969344' dumps into database
Song '1614634' dumps into database
Song '1614566' dumps into database
Song '28996039' dumps into database
Song '25714213' dumps into database
Song '27526333' dumps into database

129 new songs added
2 tags of songs updated
