Scraping comments of song 22459454
Scraping lyric of song '22459454'
Scraping comments of song 5123400
Scraping lyric of song '5123400'
Scraping comments of song 668253
Scraping lyric of song '668253'
Scraping comments of song 20744708
Scraping lyric of song '20744708'
Scraping comments of song 19827042
Scraping lyric of song '19827042'
Scraping comments of song 25918115
Scraping lyric of song '25918115'
Scraping comments of song 27562924
Scraping lyric of song '27562924'
Scraping comments of song 30621821
Scraping lyric of song '30621821'
Scraping comments of song 17644190
Scraping lyric of song '17644190'
Scraping comments of song 26222644
Scraping lyric of song '26222644'
Scraping comments of song 17058019
Scraping lyric of song '17058019'
Scraping comments of song 16624969
Scraping lyric of song '16624969'
Scraping comments of song 5134615
Scraping lyric of song '5134615'
Scraping comments of song 17360668
Scraping lyric of song '17360668'
Scraping comments of song 2175266
Scraping lyric of song '2175266'
Scraping comments of song 30569233
Scraping lyric of song '30569233'
Scraping comments of song 2872193
Scraping lyric of song '2872193'
Scraping comments of song 2772113
Scraping lyric of song '2772113'
Scraping comments of song 18708516
Scraping lyric of song '18708516'
Scraping comments of song 3156456
Scraping lyric of song '3156456'
Scraping comments of song 17360675
Scraping lyric of song '17360675'
Scraping comments of song 27949821
Scraping lyric of song '27949821'
Scraping comments of song 1789099
Scraping lyric of song '1789099'
Scraping comments of song 29953680
Scraping lyric of song '29953680'
Scraping comments of song 16483983
Scraping lyric of song '16483983'
Scraping comments of song 19150932
Scraping lyric of song '19150932'
Scraping comments of song 16607982
Scraping lyric of song '16607982'
Song '22459454' dumps into database
Song '5123400' dumps into database
Song '668253' dumps into database
Song '20744708' dumps into database
Song '19827042' dumps into database
Song '25918115' dumps into database
Song '27562924' dumps into database
Song '30621821' dumps into database
Song '17644190' dumps into database
Song '26222644' dumps into database
Song '17058019' dumps into database
Song '16624969' dumps into database
Song '5134615' dumps into database
Song '17360668' dumps into database
Song '2175266' dumps into database
Song '30569233' dumps into database
Song '2872193' dumps into database
Song '2772113' dumps into database
Song '18708516' dumps into database
Song '3156456' dumps into database
Song '17360675' dumps into database
Song '27949821' dumps into database
Song '1789099' dumps into database
Song '29953680' dumps into database
Song '16483983' dumps into database
Song '19150932' dumps into database
Song '16607982' dumps into database

27 new songs added
0 tags of songs updated
