Scraping comments of song 213144
Scraping lyric of song '213144'
Scraping comments of song 26122191
Scraping lyric of song '26122191'
Scraping comments of song 65952
Scraping lyric of song '65952'
Scraping comments of song 185699
Scraping lyric of song '185699'
Scraping comments of song 120283
Scraping lyric of song '120283'
Scraping comments of song 110366
Scraping lyric of song '110366'
Scraping comments of song 29436904
Scraping lyric of song '29436904'
Scraping comments of song 255294
Scraping lyric of song '255294'
Scraping comments of song 27955653
Scraping lyric of song '27955653'
Scraping comments of song 287744
Scraping lyric of song '287744'
Scraping comments of song 186010
Scraping lyric of song '186010'
Scraping comments of song 92336
Scraping lyric of song '92336'
Scraping comments of song 64634
Scraping lyric of song '64634'
Scraping comments of song 325336
Scraping lyric of song '325336'
Scraping comments of song 29571243
Scraping lyric of song '29571243'
Scraping comments of song 109196
Scraping lyric of song '109196'
Scraping comments of song 224048
Scraping lyric of song '224048'
Scraping comments of song 210303
Scraping lyric of song '210303'
Scraping comments of song 26223262
Scraping lyric of song '26223262'
Scraping comments of song 187564
Scraping lyric of song '187564'
Scraping comments of song 255973
Scraping lyric of song '255973'
Scraping comments of song 234306
Scraping lyric of song '234306'
Scraping comments of song 25657146
Scraping lyric of song '25657146'
Scraping comments of song 189140
Scraping lyric of song '189140'
Scraping comments of song 178993
Scraping lyric of song '178993'
Scraping comments of song 168563
Scraping lyric of song '168563'
Scraping comments of song 28314071
Scraping lyric of song '28314071'
Scraping comments of song 64006
Scraping lyric of song '64006'
Scraping comments of song 26584908
Scraping lyric of song '26584908'
Scraping comments of song 224837
Scraping lyric of song '224837'
Scraping comments of song 327247
Scraping lyric of song '327247'
Scraping comments of song 209804
Scraping lyric of song '209804'
Scraping comments of song 298194
Scraping lyric of song '298194'
Scraping comments of song 27946600
Scraping lyric of song '27946600'
Scraping comments of song 384461
Scraping lyric of song '384461'
Scraping comments of song 25727428
Scraping lyric of song '25727428'
Scraping comments of song 86849
Scraping lyric of song '86849'
Scraping comments of song 171712
Scraping lyric of song '171712'
Scraping comments of song 306920
Scraping lyric of song '306920'
Scraping comments of song 156889
Scraping lyric of song '156889'
Scraping comments of song 306936
Scraping lyric of song '306936'
Scraping comments of song 316854
Scraping lyric of song '316854'
Scraping comments of song 307263
Scraping lyric of song '307263'
Scraping comments of song 4876385
Scraping lyric of song '4876385'
Scraping comments of song 307684
Scraping lyric of song '307684'
Scraping comments of song 185920
Scraping lyric of song '185920'
Scraping comments of song 354588
Scraping lyric of song '354588'
Scraping comments of song 70447
Scraping lyric of song '70447'
Scraping comments of song 187904
Scraping lyric of song '187904'
Scraping comments of song 229404
Scraping lyric of song '229404'
Scraping comments of song 93700
Scraping lyric of song '93700'
Scraping comments of song 25643032
Scraping lyric of song '25643032'
Scraping comments of song 110790
Scraping lyric of song '110790'
Scraping comments of song 192748
Scraping lyric of song '192748'
Scraping comments of song 316486
Scraping lyric of song '316486'
Scraping comments of song 185908
Scraping lyric of song '185908'
Scraping comments of song 307474
Scraping lyric of song '307474'
Scraping comments of song 5256959
Scraping lyric of song '5256959'
Scraping comments of song 5256961
Scraping lyric of song '5256961'
Scraping comments of song 186154
Scraping lyric of song '186154'
Scraping comments of song 361012
Scraping lyric of song '361012'
Scraping comments of song 65604
Scraping lyric of song '65604'
Scraping comments of song 222724
Scraping lyric of song '222724'
Scraping comments of song 209524
Scraping lyric of song '209524'
Scraping comments of song 224000
Scraping lyric of song '224000'
Scraping comments of song 5239059
Scraping lyric of song '5239059'
Scraping comments of song 175991
Scraping lyric of song '175991'
Scraping comments of song 277111
Scraping lyric of song '277111'
Scraping comments of song 28793052
Scraping lyric of song '28793052'
Scraping comments of song 27937527
Scraping lyric of song '27937527'
Scraping comments of song 191528
Scraping lyric of song '191528'
Scraping comments of song 65589
Scraping lyric of song '65589'
Scraping comments of song 329336
Scraping lyric of song '329336'
Scraping comments of song 219293
Scraping lyric of song '219293'
Scraping comments of song 254041
Scraping lyric of song '254041'
Scraping comments of song 28406228
Scraping lyric of song '28406228'
Scraping comments of song 327091
Scraping lyric of song '327091'
Scraping comments of song 209121
Scraping lyric of song '209121'
Scraping comments of song 120265
Scraping lyric of song '120265'
Scraping comments of song 29431066
Scraping lyric of song '29431066'
Scraping comments of song 316381
Scraping lyric of song '316381'
Scraping comments of song 64355
Scraping lyric of song '64355'
Scraping comments of song 5260326
Scraping lyric of song '5260326'
Scraping comments of song 29818120
Scraping lyric of song '29818120'
Scraping comments of song 210106
Scraping lyric of song '210106'
Scraping comments of song 326904
Scraping lyric of song '326904'
Scraping comments of song 168494
Scraping lyric of song '168494'
Scraping comments of song 287063
Scraping lyric of song '287063'
Scraping comments of song 368969
Scraping lyric of song '368969'
Scraping comments of song 110695
Scraping lyric of song '110695'
Scraping comments of song 189315
Scraping lyric of song '189315'
Scraping comments of song 316654
Scraping lyric of song '316654'
Scraping comments of song 224133
Scraping lyric of song '224133'
Scraping comments of song 276840
Scraping lyric of song '276840'
Scraping comments of song 326235
Scraping lyric of song '326235'
Scraping comments of song 110309
Scraping lyric of song '110309'
Scraping comments of song 66743
Scraping lyric of song '66743'
Scraping comments of song 85633
Scraping lyric of song '85633'
Scraping comments of song 95578
Scraping lyric of song '95578'
Scraping comments of song 156134
Scraping lyric of song '156134'
Scraping comments of song 108265
Scraping lyric of song '108265'
Scraping comments of song 168353
Scraping lyric of song '168353'
Scraping comments of song 273596
Scraping lyric of song '273596'
Scraping comments of song 86943
Scraping lyric of song '86943'
Scraping comments of song 25718007
Scraping lyric of song '25718007'
Scraping comments of song 66285
Scraping lyric of song '66285'
Scraping comments of song 118644
Scraping lyric of song '118644'
Scraping comments of song 287686
Scraping lyric of song '287686'
Scraping comments of song 189143
Scraping lyric of song '189143'
Scraping comments of song 308299
Scraping lyric of song '308299'
Scraping comments of song 394618
Scraping lyric of song '394618'
Scraping comments of song 287398
Scraping lyric of song '287398'
Scraping comments of song 32507038
Scraping lyric of song '32507038'
Scraping comments of song 26425118
Scraping lyric of song '26425118'
Scraping comments of song 27804029
Scraping lyric of song '27804029'
Scraping comments of song 327133
Scraping lyric of song '327133'
Scraping comments of song 306927
Scraping lyric of song '306927'
Scraping comments of song 27676910
Scraping lyric of song '27676910'
Song '213144' dumps into database
Song '26122191' dumps into database
Song '65952' dumps into database
Song '185699' dumps into database
Song '120283' dumps into database
Song '110366' dumps into database
Song '29436904' dumps into database
UNIQUE constraint failed: songs.id
  Duplicated ID: '29436904'
Trying to update tags of song '29436904'
Song '255294' dumps into database
UNIQUE constraint failed: songs.id
  Duplicated ID: '255294'
Trying to update tags of song '255294'
Song '27955653' dumps into database
UNIQUE constraint failed: songs.id
  Duplicated ID: '27955653'
Trying to update tags of song '27955653'
Song '287744' dumps into database
Song '186010' dumps into database
Song '92336' dumps into database
Song '64634' dumps into database
Song '325336' dumps into database
Song '29571243' dumps into database
Song '109196' dumps into database
UNIQUE constraint failed: songs.id
  Duplicated ID: '109196'
Trying to update tags of song '109196'
Song '224048' dumps into database
Song '210303' dumps into database
Song '26223262' dumps into database
Song '187564' dumps into database
Song '255973' dumps into database
UNIQUE constraint failed: songs.id
  Duplicated ID: '255973'
Trying to update tags of song '255973'
Song '234306' dumps into database
Song '25657146' dumps into database
Song '189140' dumps into database
Song '178993' dumps into database
Song '168563' dumps into database
Song '28314071' dumps into database
Song '64006' dumps into database
UNIQUE constraint failed: songs.id
  Duplicated ID: '64006'
Trying to update tags of song '64006'
Song '26584908' dumps into database
Song '224837' dumps into database
Song '327247' dumps into database
Song '209804' dumps into database
UNIQUE constraint failed: songs.id
  Duplicated ID: '209804'
Trying to update tags of song '209804'
Song '298194' dumps into database
Song '27946600' dumps into database
Song '384461' dumps into database
Song '25727428' dumps into database
Song '86849' dumps into database
Song '171712' dumps into database
Song '306920' dumps into database
UNIQUE constraint failed: songs.id
  Duplicated ID: '306920'
Trying to update tags of song '306920'
Song '156889' dumps into database
Song '306936' dumps into database
Song '316854' dumps into database
Song '307263' dumps into database
Song '4876385' dumps into database
Song '307684' dumps into database
UNIQUE constraint failed: songs.id
  Duplicated ID: '307684'
Trying to update tags of song '307684'
Song '185920' dumps into database
Song '354588' dumps into database
Song '70447' dumps into database
UNIQUE constraint failed: songs.id
  Duplicated ID: '70447'
Trying to update tags of song '70447'
Song '187904' dumps into database
Song '229404' dumps into database
Song '93700' dumps into database
UNIQUE constraint failed: songs.id
  Duplicated ID: '93700'
Trying to update tags of song '93700'
Song '25643032' dumps into database
Song '110790' dumps into database
UNIQUE constraint failed: songs.id
  Duplicated ID: '110790'
Trying to update tags of song '110790'
Song '192748' dumps into database
Song '316486' dumps into database
Song '185908' dumps into database
Song '307474' dumps into database
UNIQUE constraint failed: songs.id
  Duplicated ID: '307474'
Trying to update tags of song '307474'
Song '5256959' dumps into database
Song '5256961' dumps into database
Song '186154' dumps into database
Song '361012' dumps into database
Song '65604' dumps into database
Song '222724' dumps into database
Song '209524' dumps into database
Song '224000' dumps into database
Song '5239059' dumps into database
UNIQUE constraint failed: songs.id
  Duplicated ID: '5239059'
Trying to update tags of song '5239059'
Song '175991' dumps into database
UNIQUE constraint failed: songs.id
  Duplicated ID: '175991'
Trying to update tags of song '175991'
Song '277111' dumps into database
Song '28793052' dumps into database
UNIQUE constraint failed: songs.id
  Duplicated ID: '28793052'
Trying to update tags of song '28793052'
Song '27937527' dumps into database
Song '191528' dumps into database
Song '65589' dumps into database
Song '329336' dumps into database
Song '219293' dumps into database
Song '254041' dumps into database
Song '28406228' dumps into database
UNIQUE constraint failed: songs.id
  Duplicated ID: '28406228'
Trying to update tags of song '28406228'
Song '327091' dumps into database
Song '209121' dumps into database
UNIQUE constraint failed: songs.id
  Duplicated ID: '209121'
Trying to update tags of song '209121'
Song '120265' dumps into database
Song '29431066' dumps into database
Song '316381' dumps into database
UNIQUE constraint failed: songs.id
  Duplicated ID: '316381'
Trying to update tags of song '316381'
Song '64355' dumps into database
Song '5260326' dumps into database
Song '29818120' dumps into database
Song '210106' dumps into database
Song '326904' dumps into database
UNIQUE constraint failed: songs.id
  Duplicated ID: '326904'
Trying to update tags of song '326904'
Song '168494' dumps into database
UNIQUE constraint failed: songs.id
  Duplicated ID: '168494'
Trying to update tags of song '168494'
Song '287063' dumps into database
UNIQUE constraint failed: songs.id
  Duplicated ID: '287063'
Trying to update tags of song '287063'
Song '368969' dumps into database
Song '110695' dumps into database
Song '189315' dumps into database
Song '316654' dumps into database
Song '224133' dumps into database
Song '276840' dumps into database
UNIQUE constraint failed: songs.id
  Duplicated ID: '276840'
Trying to update tags of song '276840'
Song '326235' dumps into database
Song '110309' dumps into database
Song '66743' dumps into database
Song '85633' dumps into database
Song '95578' dumps into database
Song '156134' dumps into database
Song '108265' dumps into database
Song '168353' dumps into database
Song '273596' dumps into database
Song '86943' dumps into database
Song '25718007' dumps into database
Song '66285' dumps into database
Song '118644' dumps into database
Song '287686' dumps into database
Song '189143' dumps into database
Song '308299' dumps into database
Song '394618' dumps into database
Song '287398' dumps into database
UNIQUE constraint failed: songs.id
  Duplicated ID: '287398'
Trying to update tags of song '287398'
Song '32507038' dumps into database
UNIQUE constraint failed: songs.id
  Duplicated ID: '32507038'
Trying to update tags of song '32507038'
Song '26425118' dumps into database
Song '27804029' dumps into database
UNIQUE constraint failed: songs.id
  Duplicated ID: '27804029'
Trying to update tags of song '27804029'
Song '327133' dumps into database
Song '306927' dumps into database
Song '27676910' dumps into database
UNIQUE constraint failed: songs.id
  Duplicated ID: '27676910'
Trying to update tags of song '27676910'

91 new songs added
27 tags of songs updated
