Scraping comments of song 26305721
Scraping lyric of song '26305721'
Scraping comments of song 28242393
Scraping lyric of song '28242393'
Scraping comments of song 5332147
Scraping lyric of song '5332147'
Scraping comments of song 22843145
Scraping lyric of song '22843145'
Scraping comments of song 33525690
Scraping lyric of song '33525690'
Scraping comments of song 28305426
Scraping lyric of song '28305426'
Scraping comments of song 5326939
Scraping lyric of song '5326939'
Scraping comments of song 5306042
Scraping lyric of song '5306042'
Scraping comments of song 33207997
Scraping lyric of song '33207997'
Scraping comments of song 26138050
Scraping lyric of song '26138050'
Scraping comments of song 26141401
Scraping lyric of song '26141401'
Scraping comments of song 5325886
Scraping lyric of song '5325886'
Scraping comments of song 26517861
Scraping lyric of song '26517861'
Scraping comments of song 27812413
Scraping lyric of song '27812413'
Scraping comments of song 26133211
Scraping lyric of song '26133211'
Scraping comments of song 26307435
Scraping lyric of song '26307435'
Scraping comments of song 22841654
Scraping lyric of song '22841654'
Scraping comments of song 5296003
Scraping lyric of song '5296003'
Scraping comments of song 5314763
Scraping lyric of song '5314763'
Scraping comments of song 26144443
Scraping lyric of song '26144443'
Scraping comments of song 5303889
Scraping lyric of song '5303889'
Scraping comments of song 5303385
Scraping lyric of song '5303385'
Scraping comments of song 22829193
Scraping lyric of song '22829193'
Scraping comments of song 22644815
Scraping lyric of song '22644815'
Song '26305721' dumps into database
Song '28242393' dumps into database
Song '5332147' dumps into database
Song '22843145' dumps into database
Song '33525690' dumps into database
Song '28305426' dumps into database
Song '5326939' dumps into database
Song '5306042' dumps into database
Song '33207997' dumps into database
Song '26138050' dumps into database
Song '26141401' dumps into database
Song '5325886' dumps into database
Song '26517861' dumps into database
Song '27812413' dumps into database
Song '26133211' dumps into database
Song '26307435' dumps into database
Song '22841654' dumps into database
Song '5296003' dumps into database
Song '5314763' dumps into database
Song '26144443' dumps into database
Song '5303889' dumps into database
Song '5303385' dumps into database
Song '22829193' dumps into database
Song '22644815' dumps into database

24 new songs added
0 tags of songs updated
