Scraping comments of song 29401510
Scraping lyric of song '29401510'
Scraping comments of song 22700164
Scraping lyric of song '22700164'
Scraping comments of song 5351556
Scraping lyric of song '5351556'
Scraping comments of song 22754401
Scraping lyric of song '22754401'
Scraping comments of song 5361873
Scraping lyric of song '5361873'
Scraping comments of song 5350427
Scraping lyric of song '5350427'
Scraping comments of song 26089083
Scraping lyric of song '26089083'
Scraping comments of song 5350928
Scraping lyric of song '5350928'
Scraping comments of song 26220207
Scraping lyric of song '26220207'
Scraping comments of song 5341302
Scraping lyric of song '5341302'
Scraping comments of song 31245251
Scraping lyric of song '31245251'
Scraping comments of song 5360346
Scraping lyric of song '5360346'
Scraping comments of song 5352041
Scraping lyric of song '5352041'
Scraping comments of song 5355884
Scraping lyric of song '5355884'
Scraping comments of song 5360743
Scraping lyric of song '5360743'
Scraping comments of song 26133690
Scraping lyric of song '26133690'
Scraping comments of song 22845246
Scraping lyric of song '22845246'
Scraping comments of song 26101323
Scraping lyric of song '26101323'
Scraping comments of song 5346892
Scraping lyric of song '5346892'
Scraping comments of song 5359708
Scraping lyric of song '5359708'
Scraping comments of song 22845221
Scraping lyric of song '22845221'
Scraping comments of song 22841228
Scraping lyric of song '22841228'
Scraping comments of song 5351056
Scraping lyric of song '5351056'
Scraping comments of song 5351686
Scraping lyric of song '5351686'
Song '29401510' dumps into database
Song '22700164' dumps into database
Song '5351556' dumps into database
Song '22754401' dumps into database
Song '5361873' dumps into database
Song '5350427' dumps into database
Song '26089083' dumps into database
Song '5350928' dumps into database
Song '26220207' dumps into database
Song '5341302' dumps into database
Song '31245251' dumps into database
Song '5360346' dumps into database
Song '5352041' dumps into database
Song '5355884' dumps into database
Song '5360743' dumps into database
Song '26133690' dumps into database
Song '22845246' dumps into database
Song '26101323' dumps into database
Song '5346892' dumps into database
Song '5359708' dumps into database
Song '22845221' dumps into database
Song '22841228' dumps into database
Song '5351056' dumps into database
Song '5351686' dumps into database

24 new songs added
0 tags of songs updated
