Scraping comments of song 210077
Scraping lyric of song '210077'
Scraping comments of song 371154
Scraping lyric of song '371154'
Scraping comments of song 31877609
Scraping lyric of song '31877609'
Scraping comments of song 29823783
Scraping lyric of song '29823783'
Scraping comments of song 25642769
Scraping lyric of song '25642769'
Scraping comments of song 26348316
Scraping lyric of song '26348316'
Scraping comments of song 382235
Scraping lyric of song '382235'
Scraping comments of song 209008
Scraping lyric of song '209008'
Scraping comments of song 26620548
Scraping lyric of song '26620548'
Scraping comments of song 109241
Scraping lyric of song '109241'
Scraping comments of song 165340
Scraping lyric of song '165340'
Scraping comments of song 382237
Scraping lyric of song '382237'
Scraping comments of song 357947
Scraping lyric of song '357947'
Scraping comments of song 167956
Scraping lyric of song '167956'
Scraping comments of song 29732648
Scraping lyric of song '29732648'
Scraping comments of song 4877785
Scraping lyric of song '4877785'
Scraping comments of song 245680
Scraping lyric of song '245680'
Scraping comments of song 27483168
Scraping lyric of song '27483168'
Scraping comments of song 210884
Scraping lyric of song '210884'
Scraping comments of song 34852348
Scraping lyric of song '34852348'
Scraping comments of song 29783135
Scraping lyric of song '29783135'
Scraping comments of song 150651
Scraping lyric of song '150651'
Scraping comments of song 367319
Scraping lyric of song '367319'
Scraping comments of song 247416
Scraping lyric of song '247416'
Scraping comments of song 127934
Scraping lyric of song '127934'
Scraping comments of song 269214
Scraping lyric of song '269214'
Scraping comments of song 139764
Scraping lyric of song '139764'
Scraping comments of song 90779
Scraping lyric of song '90779'
Scraping comments of song 382246
Scraping lyric of song '382246'
Scraping comments of song 29600339
Scraping lyric of song '29600339'
Scraping comments of song 28864710
Scraping lyric of song '28864710'
Scraping comments of song 364961
Scraping lyric of song '364961'
Scraping comments of song 82455
Scraping lyric of song '82455'
Scraping comments of song 109237
Scraping lyric of song '109237'
Scraping comments of song 127940
Scraping lyric of song '127940'
Scraping comments of song 150667
Scraping lyric of song '150667'
Scraping comments of song 32192169
Scraping lyric of song '32192169'
Song '210077' dumps into database
Song '371154' dumps into database
Song '31877609' dumps into database
Song '29823783' dumps into database
Song '25642769' dumps into database
Song '26348316' dumps into database
Song '382235' dumps into database
Song '209008' dumps into database
Song '26620548' dumps into database
Song '109241' dumps into database
Song '165340' dumps into database
Song '382237' dumps into database
Song '357947' dumps into database
Song '167956' dumps into database
Song '29732648' dumps into database
Song '4877785' dumps into database
Song '245680' dumps into database
Song '27483168' dumps into database
Song '210884' dumps into database
Song '34852348' dumps into database
Song '29783135' dumps into database
Song '150651' dumps into database
Song '367319' dumps into database
Song '247416' dumps into database
Song '127934' dumps into database
Song '269214' dumps into database
Song '139764' dumps into database
Song '90779' dumps into database
Song '382246' dumps into database
Song '29600339' dumps into database
Song '28864710' dumps into database
Song '364961' dumps into database
Song '82455' dumps into database
Song '109237' dumps into database
UNIQUE constraint failed: songs.id
  Duplicated ID: '109237'
Trying to update tags of song '109237'
Song '127940' dumps into database
Song '150667' dumps into database
Song '32192169' dumps into database

36 new songs added
1 tags of songs updated
