Scraping comments of song 33891769
Scraping lyric of song '33891769'
Scraping comments of song 21911260
Scraping lyric of song '21911260'
Scraping comments of song 4214591
Scraping lyric of song '4214591'
Scraping comments of song 18092547
Scraping lyric of song '18092547'
Scraping comments of song 1141659
Scraping lyric of song '1141659'
Scraping comments of song 3027503
Scraping lyric of song '3027503'
Scraping comments of song 28626117
Scraping lyric of song '28626117'
Scraping comments of song 1611203
Scraping lyric of song '1611203'
Scraping comments of song 4107477
Scraping lyric of song '4107477'
Scraping comments of song 26360588
Scraping lyric of song '26360588'
Scraping comments of song 5046977
Scraping lyric of song '5046977'
Scraping comments of song 22505459
Scraping lyric of song '22505459'
Scraping comments of song 27505405
Scraping lyric of song '27505405'
Scraping comments of song 18859451
Scraping lyric of song '18859451'
Scraping comments of song 16247288
Scraping lyric of song '16247288'
Scraping comments of song 1607816
Scraping lyric of song '1607816'
Scraping comments of song 18939850
Scraping lyric of song '18939850'
Scraping comments of song 18851396
Scraping lyric of song '18851396'
Scraping comments of song 18766314
Scraping lyric of song '18766314'
Scraping comments of song 5141998
Scraping lyric of song '5141998'
Scraping comments of song 1616017
Scraping lyric of song '1616017'
Scraping comments of song 5358590
Scraping lyric of song '5358590'
Scraping comments of song 1571805
Scraping lyric of song '1571805'
Scraping comments of song 21561491
Scraping lyric of song '21561491'
Scraping comments of song 26830358
Scraping lyric of song '26830358'
Scraping comments of song 17044440
Scraping lyric of song '17044440'
Scraping comments of song 1616011
Scraping lyric of song '1616011'
Scraping comments of song 1486702
Scraping lyric of song '1486702'
Scraping comments of song 18568570
Scraping lyric of song '18568570'
Scraping comments of song 1616010
Scraping lyric of song '1616010'
Scraping comments of song 22455388
Scraping lyric of song '22455388'
Scraping comments of song 19082140
Scraping lyric of song '19082140'
Scraping comments of song 16469632
Scraping lyric of song '16469632'
Scraping comments of song 20967037
Scraping lyric of song '20967037'
Scraping comments of song 21561465
Scraping lyric of song '21561465'
Scraping comments of song 19207151
Scraping lyric of song '19207151'
Scraping comments of song 26222415
Scraping lyric of song '26222415'
Scraping comments of song 28242238
Scraping lyric of song '28242238'
Scraping comments of song 31678961
Scraping lyric of song '31678961'
Scraping comments of song 5359992
Scraping lyric of song '5359992'
Scraping comments of song 3084385
Scraping lyric of song '3084385'
Scraping comments of song 5090321
Scraping lyric of song '5090321'
Scraping comments of song 18500781
Scraping lyric of song '18500781'
Scraping comments of song 3037078
Scraping lyric of song '3037078'
Scraping comments of song 28585274
Scraping lyric of song '28585274'
Scraping comments of song 28265314
Scraping lyric of song '28265314'
Scraping comments of song 28248020
Scraping lyric of song '28248020'
Scraping comments of song 3084243
Scraping lyric of song '3084243'
Scraping comments of song 20960175
Scraping lyric of song '20960175'
Scraping comments of song 28302328
Scraping lyric of song '28302328'
Scraping comments of song 1928699
Scraping lyric of song '1928699'
Scraping comments of song 4436582
Scraping lyric of song '4436582'
Scraping comments of song 1620227
Scraping lyric of song '1620227'
Scraping comments of song 1986386
Scraping lyric of song '1986386'
Scraping comments of song 21806386
Scraping lyric of song '21806386'
Scraping comments of song 27364882
Scraping lyric of song '27364882'
Scraping comments of song 22466062
Scraping lyric of song '22466062'
Scraping comments of song 18851302
Scraping lyric of song '18851302'
Scraping comments of song 16710255
Scraping lyric of song '16710255'
Song '33891769' dumps into database
UNIQUE constraint failed: songs.id
  Duplicated ID: '33891769'
Trying to update tags of song '33891769'
Song '21911260' dumps into database
Song '4214591' dumps into database
Song '18092547' dumps into database
Song '1141659' dumps into database
Song '3027503' dumps into database
Song '28626117' dumps into database
Song '1611203' dumps into database
Song '4107477' dumps into database
Song '26360588' dumps into database
Song '5046977' dumps into database
Song '22505459' dumps into database
Song '27505405' dumps into database
Song '18859451' dumps into database
Song '16247288' dumps into database
Song '1607816' dumps into database
Song '18939850' dumps into database
Song '18851396' dumps into database
Song '18766314' dumps into database
Song '5141998' dumps into database
Song '1616017' dumps into database
Song '5358590' dumps into database
Song '1571805' dumps into database
Song '21561491' dumps into database
Song '26830358' dumps into database
Song '17044440' dumps into database
Song '1616011' dumps into database
Song '1486702' dumps into database
Song '18568570' dumps into database
Song '1616010' dumps into database
Song '22455388' dumps into database
Song '19082140' dumps into database
Song '16469632' dumps into database
Song '20967037' dumps into database
Song '21561465' dumps into database
Song '19207151' dumps into database
Song '26222415' dumps into database
Song '28242238' dumps into database
Song '31678961' dumps into database
Song '5359992' dumps into database
Song '3084385' dumps into database
Song '5090321' dumps into database
Song '18500781' dumps into database
Song '3037078' dumps into database
Song '28585274' dumps into database
Song '28265314' dumps into database
Song '28248020' dumps into database
Song '3084243' dumps into database
Song '20960175' dumps into database
Song '28302328' dumps into database
Song '1928699' dumps into database
Song '4436582' dumps into database
Song '1620227' dumps into database
Song '1986386' dumps into database
Song '21806386' dumps into database
Song '27364882' dumps into database
Song '22466062' dumps into database
Song '18851302' dumps into database
Song '16710255' dumps into database

58 new songs added
1 tags of songs updated
