Scraping comments of song 26508015
Scraping lyric of song '26508015'
Scraping comments of song 28411372
Scraping lyric of song '28411372'
Scraping comments of song 5412766
Scraping lyric of song '5412766'
Scraping comments of song 32857457
Scraping lyric of song '32857457'
Scraping comments of song 5294878
Scraping lyric of song '5294878'
Scraping comments of song 30870008
Scraping lyric of song '30870008'
Scraping comments of song 5412259
Scraping lyric of song '5412259'
Scraping comments of song 5411438
Scraping lyric of song '5411438'
Scraping comments of song 28152988
Scraping lyric of song '28152988'
Scraping comments of song 5411663
Scraping lyric of song '5411663'
Scraping comments of song 5307893
Scraping lyric of song '5307893'
Scraping comments of song 5412494
Scraping lyric of song '5412494'
Scraping comments of song 26116050
Scraping lyric of song '26116050'
Scraping comments of song 5324538
Scraping lyric of song '5324538'
Scraping comments of song 5410221
Scraping lyric of song '5410221'
Scraping comments of song 5404646
Scraping lyric of song '5404646'
Scraping comments of song 5411572
Scraping lyric of song '5411572'
Scraping comments of song 5403336
Scraping lyric of song '5403336'
Scraping comments of song 5405763
Scraping lyric of song '5405763'
Scraping comments of song 5414507
Scraping lyric of song '5414507'
Scraping comments of song 5295207
Scraping lyric of song '5295207'
Scraping comments of song 26167896
Scraping lyric of song '26167896'
Scraping comments of song 25717051
Scraping lyric of song '25717051'
Scraping comments of song 5412500
Scraping lyric of song '5412500'
Song '26508015' dumps into database
Song '28411372' dumps into database
Song '5412766' dumps into database
Song '32857457' dumps into database
Song '5294878' dumps into database
Song '30870008' dumps into database
Song '5412259' dumps into database
Song '5411438' dumps into database
Song '28152988' dumps into database
Song '5411663' dumps into database
Song '5307893' dumps into database
Song '5412494' dumps into database
Song '26116050' dumps into database
Song '5324538' dumps into database
Song '5410221' dumps into database
Song '5404646' dumps into database
Song '5411572' dumps into database
Song '5403336' dumps into database
Song '5405763' dumps into database
Song '5414507' dumps into database
Song '5295207' dumps into database
Song '26167896' dumps into database
Song '25717051' dumps into database
Song '5412500' dumps into database

24 new songs added
0 tags of songs updated
