Scraping comments of song 34532816
Scraping lyric of song '34532816'
Scraping comments of song 30780458
Scraping lyric of song '30780458'
Scraping comments of song 30951074
Scraping lyric of song '30951074'
Scraping comments of song 32737314
Scraping lyric of song '32737314'
Scraping comments of song 31010706
Scraping lyric of song '31010706'
Scraping comments of song 33516882
Scraping lyric of song '33516882'
Scraping comments of song 30830269
Scraping lyric of song '30830269'
Scraping comments of song 31010705
Scraping lyric of song '31010705'
Scraping comments of song 30780595
Scraping lyric of song '30780595'
Scraping comments of song 32737315
Scraping lyric of song '32737315'
Scraping comments of song 32737277
Scraping lyric of song '32737277'
Scraping comments of song 30951133
Scraping lyric of song '30951133'
Scraping comments of song 31010028
Scraping lyric of song '31010028'
Scraping comments of song 30951072
Scraping lyric of song '30951072'
Scraping comments of song 31560888
Scraping lyric of song '31560888'
Song '34532816' dumps into database
Song '30780458' dumps into database
Song '30951074' dumps into database
Song '32737314' dumps into database
Song '31010706' dumps into database
Song '33516882' dumps into database
Song '30830269' dumps into database
Song '31010705' dumps into database
Song '30780595' dumps into database
Song '32737315' dumps into database
Song '32737277' dumps into database
Song '30951133' dumps into database
Song '31010028' dumps into database
Song '30951072' dumps into database
Song '31560888' dumps into database

15 new songs added
0 tags of songs updated
