Scraping comments of song 32507038
Scraping lyric of song '32507038'
Scraping comments of song 287231
Scraping lyric of song '287231'
Scraping comments of song 29759733
Scraping lyric of song '29759733'
Scraping comments of song 32192436
Scraping lyric of song '32192436'
Scraping comments of song 36150692
Scraping lyric of song '36150692'
Scraping comments of song 186016
Scraping lyric of song '186016'
Scraping comments of song 72408
Scraping lyric of song '72408'
Scraping comments of song 209155
Scraping lyric of song '209155'
Scraping comments of song 27808044
Scraping lyric of song '27808044'
Scraping comments of song 208938
Scraping lyric of song '208938'
Scraping comments of song 25641369
Scraping lyric of song '25641369'
Scraping comments of song 65337
Scraping lyric of song '65337'
Scraping comments of song 28285910
Scraping lyric of song '28285910'
Scraping comments of song 65538
Scraping lyric of song '65538'
Scraping comments of song 26524510
Failed to scrape comments of song '26524510'
Scraping lyric of song '26524510'
Scraping comments of song 287063
Scraping lyric of song '287063'
Scraping comments of song 29713754
Scraping lyric of song '29713754'
Scraping comments of song 242603
Scraping lyric of song '242603'
Scraping comments of song 32835566
Scraping lyric of song '32835566'
Scraping comments of song 288075
Scraping lyric of song '288075'
Scraping comments of song 86367
Scraping lyric of song '86367'
Scraping comments of song 5260494
Scraping lyric of song '5260494'
Scraping comments of song 25638783
Scraping lyric of song '25638783'
Scraping comments of song 27804029
Scraping lyric of song '27804029'
Scraping comments of song 27566765
Scraping lyric of song '27566765'
Scraping comments of song 27676910
Scraping lyric of song '27676910'
Scraping comments of song 27955653
Scraping lyric of song '27955653'
Scraping comments of song 31284038
Scraping lyric of song '31284038'
Scraping comments of song 92939
Scraping lyric of song '92939'
Scraping comments of song 27671067
Scraping lyric of song '27671067'
Scraping comments of song 108242
Scraping lyric of song '108242'
Scraping comments of song 64443
Scraping lyric of song '64443'
Scraping comments of song 299116
Scraping lyric of song '299116'
Scraping comments of song 5256956
Scraping lyric of song '5256956'
Scraping comments of song 66842
Scraping lyric of song '66842'
Scraping comments of song 186139
Scraping lyric of song '186139'
Scraping comments of song 169234
Scraping lyric of song '169234'
Scraping comments of song 274686
Scraping lyric of song '274686'
Scraping comments of song 276840
Scraping lyric of song '276840'
Scraping comments of song 27955654
Scraping lyric of song '27955654'
Scraping comments of song 189602
Scraping lyric of song '189602'
Scraping comments of song 30431903
Scraping lyric of song '30431903'
Scraping comments of song 189236
Scraping lyric of song '189236'
Scraping comments of song 362996
Scraping lyric of song '362996'
Scraping comments of song 209758
Scraping lyric of song '209758'
Scraping comments of song 287614
Scraping lyric of song '287614'
Scraping comments of song 176053
Scraping lyric of song '176053'
Scraping comments of song 28815766
Scraping lyric of song '28815766'
Scraping comments of song 118261
Scraping lyric of song '118261'
Scraping comments of song 308353
Scraping lyric of song '308353'
Scraping comments of song 29436904
Scraping lyric of song '29436904'
Scraping comments of song 28059417
Scraping lyric of song '28059417'
Scraping comments of song 31654343
Scraping lyric of song '31654343'
Scraping comments of song 185617
Scraping lyric of song '185617'
Scraping comments of song 307525
Scraping lyric of song '307525'
Scraping comments of song 306920
Scraping lyric of song '306920'
Scraping comments of song 109196
Scraping lyric of song '109196'
Scraping comments of song 64006
Scraping lyric of song '64006'
Scraping comments of song 169140
Scraping lyric of song '169140'
Scraping comments of song 143403
Scraping lyric of song '143403'
Scraping comments of song 86279
Scraping lyric of song '86279'
Scraping comments of song 97357
Scraping lyric of song '97357'
Scraping comments of song 362998
Scraping lyric of song '362998'
Scraping comments of song 139385
Scraping lyric of song '139385'
Scraping comments of song 63650
Scraping lyric of song '63650'
Scraping comments of song 169185
Scraping lyric of song '169185'
Scraping comments of song 26418130
Scraping lyric of song '26418130'
Scraping comments of song 25906124
Scraping lyric of song '25906124'
Scraping comments of song 327199
Scraping lyric of song '327199'
Scraping comments of song 175072
Scraping lyric of song '175072'
Scraping comments of song 28563317
Scraping lyric of song '28563317'
Scraping comments of song 27955658
Scraping lyric of song '27955658'
Scraping comments of song 190241
Scraping lyric of song '190241'
Scraping comments of song 307057
Scraping lyric of song '307057'
Scraping comments of song 64093
Scraping lyric of song '64093'
Scraping comments of song 28819421
Scraping lyric of song '28819421'
Scraping comments of song 167912
Scraping lyric of song '167912'
Scraping comments of song 287398
Scraping lyric of song '287398'
Scraping comments of song 233921
Scraping lyric of song '233921'
Scraping comments of song 28302912
Scraping lyric of song '28302912'
Scraping comments of song 316938
Scraping lyric of song '316938'
Scraping comments of song 67572
Scraping lyric of song '67572'
Scraping comments of song 29814898
Scraping lyric of song '29814898'
Scraping comments of song 327216
Scraping lyric of song '327216'
Scraping comments of song 158185
Scraping lyric of song '158185'
Scraping comments of song 288218
Scraping lyric of song '288218'
Scraping comments of song 70447
Scraping lyric of song '70447'
Scraping comments of song 185821
Scraping lyric of song '185821'
Scraping comments of song 327163
Scraping lyric of song '327163'
Scraping comments of song 25788001
Scraping lyric of song '25788001'
Scraping comments of song 177094
Scraping lyric of song '177094'
Scraping comments of song 27906977
Scraping lyric of song '27906977'
Scraping comments of song 282977
Scraping lyric of song '282977'
Scraping comments of song 326904
Scraping lyric of song '326904'
Scraping comments of song 186128
Scraping lyric of song '186128'
Scraping comments of song 109734
Scraping lyric of song '109734'
Scraping comments of song 229469
Scraping lyric of song '229469'
Scraping comments of song 84306
Scraping lyric of song '84306'
Scraping comments of song 205342
Scraping lyric of song '205342'
Scraping comments of song 27965309
Scraping lyric of song '27965309'
Song '32507038' dumps into database
Song '287231' dumps into database
Song '29759733' dumps into database
Song '32192436' dumps into database
Song '36150692' dumps into database
Song '186016' dumps into database
Song '72408' dumps into database
Song '209155' dumps into database
Song '27808044' dumps into database
Song '208938' dumps into database
Song '25641369' dumps into database
Song '65337' dumps into database
Song '28285910' dumps into database
Song '65538' dumps into database
Song '26524510' dumps into database
Song '287063' dumps into database
Song '29713754' dumps into database
Song '242603' dumps into database
Song '32835566' dumps into database
Song '288075' dumps into database
Song '86367' dumps into database
Song '5260494' dumps into database
Song '25638783' dumps into database
Song '27804029' dumps into database
Song '27566765' dumps into database
Song '27676910' dumps into database
Song '27955653' dumps into database
Song '31284038' dumps into database
Song '92939' dumps into database
Song '27671067' dumps into database
Song '108242' dumps into database
Song '64443' dumps into database
Song '299116' dumps into database
Song '5256956' dumps into database
Song '66842' dumps into database
Song '186139' dumps into database
Song '169234' dumps into database
Song '274686' dumps into database
Song '276840' dumps into database
Song '27955654' dumps into database
Song '189602' dumps into database
Song '30431903' dumps into database
Song '189236' dumps into database
Song '362996' dumps into database
Song '209758' dumps into database
Song '287614' dumps into database
Song '176053' dumps into database
Song '28815766' dumps into database
Song '118261' dumps into database
Song '308353' dumps into database
Song '29436904' dumps into database
Song '28059417' dumps into database
Song '31654343' dumps into database
Song '185617' dumps into database
Song '307525' dumps into database
Song '306920' dumps into database
Song '109196' dumps into database
Song '64006' dumps into database
Song '169140' dumps into database
Song '143403' dumps into database
Song '86279' dumps into database
Song '97357' dumps into database
Song '362998' dumps into database
Song '139385' dumps into database
Song '63650' dumps into database
Song '169185' dumps into database
Song '26418130' dumps into database
Song '25906124' dumps into database
Song '327199' dumps into database
Song '175072' dumps into database
Song '28563317' dumps into database
Song '27955658' dumps into database
Song '190241' dumps into database
Song '307057' dumps into database
Song '64093' dumps into database
Song '28819421' dumps into database
Song '167912' dumps into database
Song '287398' dumps into database
Song '233921' dumps into database
Song '28302912' dumps into database
Song '316938' dumps into database
Song '67572' dumps into database
Song '29814898' dumps into database
Song '327216' dumps into database
Song '158185' dumps into database
Song '288218' dumps into database
Song '70447' dumps into database
Song '185821' dumps into database
Song '327163' dumps into database
Song '25788001' dumps into database
Song '177094' dumps into database
Song '27906977' dumps into database
Song '282977' dumps into database
Song '326904' dumps into database
Song '186128' dumps into database
Song '109734' dumps into database
Song '229469' dumps into database
Song '84306' dumps into database
Song '205342' dumps into database
Song '27965309' dumps into database

100 new songs added
0 tags of songs updated
