Scraping comments of song 64566
Scraping lyric of song '64566'
Scraping comments of song 29572804
Scraping lyric of song '29572804'
Scraping comments of song 27908403
Scraping lyric of song '27908403'
Scraping comments of song 185884
Scraping lyric of song '185884'
Scraping comments of song 35528482
Scraping lyric of song '35528482'
Scraping comments of song 27836172
Scraping lyric of song '27836172'
Scraping comments of song 32358610
Scraping lyric of song '32358610'
Scraping comments of song 413018
Scraping lyric of song '413018'
Scraping comments of song 25714352
Scraping lyric of song '25714352'
Scraping comments of song 287749
Scraping lyric of song '287749'
Scraping comments of song 32924132
Scraping lyric of song '32924132'
Scraping comments of song 36492231
Scraping lyric of song '36492231'
Scraping comments of song 366577
Scraping lyric of song '366577'
Scraping comments of song 36668004
Scraping lyric of song '36668004'
Scraping comments of song 306664
Scraping lyric of song '306664'
Scraping comments of song 25718007
Scraping lyric of song '25718007'
Scraping comments of song 27598482
Scraping lyric of song '27598482'
Scraping comments of song 32785700
Scraping lyric of song '32785700'
Scraping comments of song 175991
Scraping lyric of song '175991'
Scraping comments of song 186109
Scraping lyric of song '186109'
Scraping comments of song 108493
Scraping lyric of song '108493'
Scraping comments of song 65769
Scraping lyric of song '65769'
Scraping comments of song 368727
Scraping lyric of song '368727'
Scraping comments of song 29431066
Scraping lyric of song '29431066'
Scraping comments of song 27955655
Scraping lyric of song '27955655'
Scraping comments of song 277111
Scraping lyric of song '277111'
Scraping comments of song 326784
Scraping lyric of song '326784'
Scraping comments of song 307672
Scraping lyric of song '307672'
Scraping comments of song 28892111
Scraping lyric of song '28892111'
Scraping comments of song 35403523
Scraping lyric of song '35403523'
Scraping comments of song 34834746
Scraping lyric of song '34834746'
Scraping comments of song 185904
Scraping lyric of song '185904'
Scraping comments of song 25702068
Scraping lyric of song '25702068'
Scraping comments of song 29567192
Scraping lyric of song '29567192'
Scraping comments of song 28815250
Scraping lyric of song '28815250'
Scraping comments of song 34228128
Scraping lyric of song '34228128'
Scraping comments of song 36616478
Scraping lyric of song '36616478'
Scraping comments of song 167912
Scraping lyric of song '167912'
Scraping comments of song 169165
Scraping lyric of song '169165'
Scraping comments of song 28283346
Scraping lyric of song '28283346'
Scraping comments of song 368800
Scraping lyric of song '368800'
Scraping comments of song 209914
Scraping lyric of song '209914'
Scraping comments of song 169137
Scraping lyric of song '169137'
Scraping comments of song 190360
Scraping lyric of song '190360'
Scraping comments of song 66204
Scraping lyric of song '66204'
Scraping comments of song 327089
Scraping lyric of song '327089'
Scraping comments of song 192316
Scraping lyric of song '192316'
Scraping comments of song 28219176
Scraping lyric of song '28219176'
Scraping comments of song 32507039
Scraping lyric of song '32507039'
Scraping comments of song 186331
Scraping lyric of song '186331'
Scraping comments of song 306662
Scraping lyric of song '306662'
Scraping comments of song 29017433
Scraping lyric of song '29017433'
Scraping comments of song 63787
Scraping lyric of song '63787'
Scraping comments of song 64317
Scraping lyric of song '64317'
Scraping comments of song 185667
Scraping lyric of song '185667'
Scraping comments of song 64634
Scraping lyric of song '64634'
Scraping comments of song 185668
Scraping lyric of song '185668'
Scraping comments of song 26075534
Scraping lyric of song '26075534'
Scraping comments of song 266523
Scraping lyric of song '266523'
Scraping comments of song 276830
Scraping lyric of song '276830'
Scraping comments of song 26427662
Scraping lyric of song '26427662'
Scraping comments of song 30841111
Scraping lyric of song '30841111'
Scraping comments of song 185699
Scraping lyric of song '185699'
Scraping comments of song 35288183
Scraping lyric of song '35288183'
Scraping comments of song 65528
Scraping lyric of song '65528'
Scraping comments of song 65622
Scraping lyric of song '65622'
Scraping comments of song 28314060
Scraping lyric of song '28314060'
Scraping comments of song 30039636
Scraping lyric of song '30039636'
Scraping comments of song 247594
Scraping lyric of song '247594'
Scraping comments of song 385757
Scraping lyric of song '385757'
Scraping comments of song 25638655
Scraping lyric of song '25638655'
Scraping comments of song 28798921
Scraping lyric of song '28798921'
Scraping comments of song 191066
Scraping lyric of song '191066'
Scraping comments of song 27770339
Scraping lyric of song '27770339'
Scraping comments of song 29379544
Scraping lyric of song '29379544'
Scraping comments of song 36271290
Scraping lyric of song '36271290'
Scraping comments of song 65761
Scraping lyric of song '65761'
Scraping comments of song 65126
Scraping lyric of song '65126'
Scraping comments of song 229401
Scraping lyric of song '229401'
Scraping comments of song 192409
Scraping lyric of song '192409'
Scraping comments of song 65800
Scraping lyric of song '65800'
Scraping comments of song 27646199
Scraping lyric of song '27646199'
Scraping comments of song 327225
Scraping lyric of song '327225'
Scraping comments of song 156846
Scraping lyric of song '156846'
Scraping comments of song 65766
Scraping lyric of song '65766'
Scraping comments of song 191232
Scraping lyric of song '191232'
Scraping comments of song 186125
Scraping lyric of song '186125'
Scraping comments of song 29947326
Scraping lyric of song '29947326'
Scraping comments of song 32977771
Scraping lyric of song '32977771'
Scraping comments of song 30621954
Scraping lyric of song '30621954'
Scraping comments of song 26090100
Scraping lyric of song '26090100'
Scraping comments of song 29897546
Scraping lyric of song '29897546'
Scraping comments of song 108418
Scraping lyric of song '108418'
Scraping comments of song 29818120
Scraping lyric of song '29818120'
Scraping comments of song 355992
Scraping lyric of song '355992'
Scraping comments of song 27598351
Scraping lyric of song '27598351'
Scraping comments of song 186106
Scraping lyric of song '186106'
Scraping comments of song 25642125
Scraping lyric of song '25642125'
Scraping comments of song 307684
Scraping lyric of song '307684'
Scraping comments of song 276220
Scraping lyric of song '276220'
Song '64566' dumps into database
Song '29572804' dumps into database
Song '27908403' dumps into database
UNIQUE constraint failed: songs.id
  Duplicated ID: '27908403'
Trying to update tags of song '27908403'
Song '185884' dumps into database
Song '35528482' dumps into database
UNIQUE constraint failed: songs.id
  Duplicated ID: '35528482'
Trying to update tags of song '35528482'
Song '27836172' dumps into database
Song '32358610' dumps into database
Song '413018' dumps into database
Song '25714352' dumps into database
UNIQUE constraint failed: songs.id
  Duplicated ID: '25714352'
Trying to update tags of song '25714352'
Song '287749' dumps into database
Song '32924132' dumps into database
Song '36492231' dumps into database
Song '366577' dumps into database
Song '36668004' dumps into database
Song '306664' dumps into database
Song '25718007' dumps into database
UNIQUE constraint failed: songs.id
  Duplicated ID: '25718007'
Trying to update tags of song '25718007'
Song '27598482' dumps into database
Song '32785700' dumps into database
Song '175991' dumps into database
UNIQUE constraint failed: songs.id
  Duplicated ID: '175991'
Trying to update tags of song '175991'
Song '186109' dumps into database
Song '108493' dumps into database
UNIQUE constraint failed: songs.id
  Duplicated ID: '108493'
Trying to update tags of song '108493'
Song '65769' dumps into database
UNIQUE constraint failed: songs.id
  Duplicated ID: '65769'
Trying to update tags of song '65769'
Song '368727' dumps into database
Song '29431066' dumps into database
UNIQUE constraint failed: songs.id
  Duplicated ID: '29431066'
Trying to update tags of song '29431066'
Song '27955655' dumps into database
Song '277111' dumps into database
UNIQUE constraint failed: songs.id
  Duplicated ID: '277111'
Trying to update tags of song '277111'
Song '326784' dumps into database
Song '307672' dumps into database
Song '28892111' dumps into database
Song '35403523' dumps into database
UNIQUE constraint failed: songs.id
  Duplicated ID: '35403523'
Trying to update tags of song '35403523'
Song '34834746' dumps into database
Song '185904' dumps into database
UNIQUE constraint failed: songs.id
  Duplicated ID: '185904'
Trying to update tags of song '185904'
Song '25702068' dumps into database
Song '29567192' dumps into database
Song '28815250' dumps into database
Song '34228128' dumps into database
UNIQUE constraint failed: songs.id
  Duplicated ID: '34228128'
Trying to update tags of song '34228128'
Song '36616478' dumps into database
Song '167912' dumps into database
UNIQUE constraint failed: songs.id
  Duplicated ID: '167912'
Trying to update tags of song '167912'
Song '169165' dumps into database
Song '28283346' dumps into database
Song '368800' dumps into database
Song '209914' dumps into database
Song '169137' dumps into database
UNIQUE constraint failed: songs.id
  Duplicated ID: '169137'
Trying to update tags of song '169137'
Song '190360' dumps into database
UNIQUE constraint failed: songs.id
  Duplicated ID: '190360'
Trying to update tags of song '190360'
Song '66204' dumps into database
Song '327089' dumps into database
Song '192316' dumps into database
Song '28219176' dumps into database
Song '32507039' dumps into database
Song '186331' dumps into database
UNIQUE constraint failed: songs.id
  Duplicated ID: '186331'
Trying to update tags of song '186331'
Song '306662' dumps into database
Song '29017433' dumps into database
UNIQUE constraint failed: songs.id
  Duplicated ID: '29017433'
Trying to update tags of song '29017433'
Song '63787' dumps into database
UNIQUE constraint failed: songs.id
  Duplicated ID: '63787'
Trying to update tags of song '63787'
Song '64317' dumps into database
Song '185667' dumps into database
Song '64634' dumps into database
UNIQUE constraint failed: songs.id
  Duplicated ID: '64634'
Trying to update tags of song '64634'
Song '185668' dumps into database
Song '26075534' dumps into database
Song '266523' dumps into database
Song '276830' dumps into database
Song '26427662' dumps into database
Song '30841111' dumps into database
Song '185699' dumps into database
UNIQUE constraint failed: songs.id
  Duplicated ID: '185699'
Trying to update tags of song '185699'
Song '35288183' dumps into database
UNIQUE constraint failed: songs.id
  Duplicated ID: '35288183'
Trying to update tags of song '35288183'
Song '65528' dumps into database
UNIQUE constraint failed: songs.id
  Duplicated ID: '65528'
Trying to update tags of song '65528'
Song '65622' dumps into database
Song '28314060' dumps into database
UNIQUE constraint failed: songs.id
  Duplicated ID: '28314060'
Trying to update tags of song '28314060'
Song '30039636' dumps into database
Song '247594' dumps into database
Song '385757' dumps into database
Song '25638655' dumps into database
UNIQUE constraint failed: songs.id
  Duplicated ID: '25638655'
Trying to update tags of song '25638655'
Song '28798921' dumps into database
Song '191066' dumps into database
Song '27770339' dumps into database
UNIQUE constraint failed: songs.id
  Duplicated ID: '27770339'
Trying to update tags of song '27770339'
Song '29379544' dumps into database
Song '36271290' dumps into database
Song '65761' dumps into database
UNIQUE constraint failed: songs.id
  Duplicated ID: '65761'
Trying to update tags of song '65761'
Song '65126' dumps into database
Song '229401' dumps into database
Song '192409' dumps into database
UNIQUE constraint failed: songs.id
  Duplicated ID: '192409'
Trying to update tags of song '192409'
Song '65800' dumps into database
UNIQUE constraint failed: songs.id
  Duplicated ID: '65800'
Trying to update tags of song '65800'
Song '27646199' dumps into database
Song '327225' dumps into database
Song '156846' dumps into database
UNIQUE constraint failed: songs.id
  Duplicated ID: '156846'
Trying to update tags of song '156846'
Song '65766' dumps into database
UNIQUE constraint failed: songs.id
  Duplicated ID: '65766'
Trying to update tags of song '65766'
Song '191232' dumps into database
UNIQUE constraint failed: songs.id
  Duplicated ID: '191232'
Trying to update tags of song '191232'
Song '186125' dumps into database
UNIQUE constraint failed: songs.id
  Duplicated ID: '186125'
Trying to update tags of song '186125'
Song '29947326' dumps into database
Song '32977771' dumps into database
Song '30621954' dumps into database
Song '26090100' dumps into database
Song '29897546' dumps into database
Song '108418' dumps into database
Song '29818120' dumps into database
UNIQUE constraint failed: songs.id
  Duplicated ID: '29818120'
Trying to update tags of song '29818120'
Song '355992' dumps into database
Song '27598351' dumps into database
Song '186106' dumps into database
Song '25642125' dumps into database
UNIQUE constraint failed: songs.id
  Duplicated ID: '25642125'
Trying to update tags of song '25642125'
Song '307684' dumps into database
UNIQUE constraint failed: songs.id
  Duplicated ID: '307684'
Trying to update tags of song '307684'
Song '276220' dumps into database

65 new songs added
35 tags of songs updated
