Scraping comments of song 26830207
Scraping lyric of song '26830207'
Scraping comments of song 31473269
Scraping lyric of song '31473269'
Scraping comments of song 176047
Scraping lyric of song '176047'
Scraping comments of song 5260491
Scraping lyric of song '5260491'
Scraping comments of song 282131
Scraping lyric of song '282131'
Scraping comments of song 224000
Scraping lyric of song '224000'
Scraping comments of song 25730249
Scraping lyric of song '25730249'
Scraping comments of song 188550
Scraping lyric of song '188550'
Scraping comments of song 28053533
Scraping lyric of song '28053533'
Scraping comments of song 27583525
Scraping lyric of song '27583525'
Scraping comments of song 108269
Scraping lyric of song '108269'
Scraping comments of song 186003
Scraping lyric of song '186003'
Scraping comments of song 28285912
Scraping lyric of song '28285912'
Scraping comments of song 26019119
Scraping lyric of song '26019119'
Scraping comments of song 110309
Scraping lyric of song '110309'
Scraping comments of song 27890306
Scraping lyric of song '27890306'
Scraping comments of song 299981
Scraping lyric of song '299981'
Scraping comments of song 28481107
Scraping lyric of song '28481107'
Scraping comments of song 33162226
Scraping lyric of song '33162226'
Scraping comments of song 69827
Scraping lyric of song '69827'
Scraping comments of song 191528
Scraping lyric of song '191528'
Scraping comments of song 5260326
Scraping lyric of song '5260326'
Scraping comments of song 624739
Scraping lyric of song '624739'
Scraping comments of song 30394763
Scraping lyric of song '30394763'
Scraping comments of song 189315
Scraping lyric of song '189315'
Scraping comments of song 64386
Scraping lyric of song '64386'
Scraping comments of song 190072
Scraping lyric of song '190072'
Scraping comments of song 297488
Scraping lyric of song '297488'
Scraping comments of song 28287010
Scraping lyric of song '28287010'
Scraping comments of song 133998
Scraping lyric of song '133998'
Scraping comments of song 329371
Scraping lyric of song '329371'
Scraping comments of song 28181131
Scraping lyric of song '28181131'
Scraping comments of song 316405
Scraping lyric of song '316405'
Scraping comments of song 209121
Scraping lyric of song '209121'
Scraping comments of song 167916
Scraping lyric of song '167916'
Scraping comments of song 27955656
Scraping lyric of song '27955656'
Scraping comments of song 27694142
Scraping lyric of song '27694142'
Scraping comments of song 26207292
Scraping lyric of song '26207292'
Scraping comments of song 33162225
Scraping lyric of song '33162225'
Scraping comments of song 27731172
Scraping lyric of song '27731172'
Scraping comments of song 185818
Scraping lyric of song '185818'
Scraping comments of song 306575
Scraping lyric of song '306575'
Scraping comments of song 344418
Scraping lyric of song '344418'
Scraping comments of song 28152162
Scraping lyric of song '28152162'
Scraping comments of song 4875973
Scraping lyric of song '4875973'
Scraping comments of song 26075648
Scraping lyric of song '26075648'
Scraping comments of song 293768
Scraping lyric of song '293768'
Scraping comments of song 375423
Scraping lyric of song '375423'
Scraping comments of song 38392240
Scraping lyric of song '38392240'
Scraping comments of song 254041
Scraping lyric of song '254041'
Scraping comments of song 26467599
Scraping lyric of song '26467599'
Scraping comments of song 108108
Scraping lyric of song '108108'
Scraping comments of song 254359
Scraping lyric of song '254359'
Scraping comments of song 188878
Scraping lyric of song '188878'
Scraping comments of song 28138170
Scraping lyric of song '28138170'
Scraping comments of song 26524321
Scraping lyric of song '26524321'
Scraping comments of song 26524315
Scraping lyric of song '26524315'
Scraping comments of song 5281327
Scraping lyric of song '5281327'
Scraping comments of song 325336
Scraping lyric of song '325336'
Scraping comments of song 306946
Scraping lyric of song '306946'
Scraping comments of song 297715
Scraping lyric of song '297715'
Scraping comments of song 65099
Scraping lyric of song '65099'
Scraping comments of song 32196767
Scraping lyric of song '32196767'
Scraping comments of song 31877484
Scraping lyric of song '31877484'
Scraping comments of song 222724
Scraping lyric of song '222724'
Scraping comments of song 34614480
Scraping lyric of song '34614480'
Scraping comments of song 29783017
Scraping lyric of song '29783017'
Scraping comments of song 25731320
Scraping lyric of song '25731320'
Scraping comments of song 5397309
Scraping lyric of song '5397309'
Scraping comments of song 32977520
Scraping lyric of song '32977520'
Scraping comments of song 32102723
Scraping lyric of song '32102723'
Scraping comments of song 247488
Scraping lyric of song '247488'
Scraping comments of song 5239059
Scraping lyric of song '5239059'
Scraping comments of song 185908
Scraping lyric of song '185908'
Scraping comments of song 65952
Scraping lyric of song '65952'
Scraping comments of song 26075553
Scraping lyric of song '26075553'
Scraping comments of song 167959
Scraping lyric of song '167959'
Scraping comments of song 254305
Scraping lyric of song '254305'
Scraping comments of song 28785327
Scraping lyric of song '28785327'
Scraping comments of song 301035
Scraping lyric of song '301035'
Scraping comments of song 34928393
Scraping lyric of song '34928393'
Scraping comments of song 33190448
Scraping lyric of song '33190448'
Scraping comments of song 306927
Scraping lyric of song '306927'
Scraping comments of song 86283
Scraping lyric of song '86283'
Scraping comments of song 222729
Scraping lyric of song '222729'
Scraping comments of song 26402072
Scraping lyric of song '26402072'
Scraping comments of song 26577904
Scraping lyric of song '26577904'
Scraping comments of song 22854064
Scraping lyric of song '22854064'
Scraping comments of song 26609894
Scraping lyric of song '26609894'
Scraping comments of song 4874159
Scraping lyric of song '4874159'
Scraping comments of song 96713
Scraping lyric of song '96713'
Scraping comments of song 31460201
Scraping lyric of song '31460201'
Scraping comments of song 27876255
Scraping lyric of song '27876255'
Scraping comments of song 33248189
Scraping lyric of song '33248189'
Scraping comments of song 28126661
Scraping lyric of song '28126661'
Scraping comments of song 5240550
Scraping lyric of song '5240550'
Scraping comments of song 36587407
Scraping lyric of song '36587407'
Scraping comments of song 209609
Scraping lyric of song '209609'
Scraping comments of song 175206
Scraping lyric of song '175206'
Scraping comments of song 168605
Scraping lyric of song '168605'
Scraping comments of song 156053
Scraping lyric of song '156053'
Scraping comments of song 29571244
Scraping lyric of song '29571244'
Scraping comments of song 28668277
Scraping lyric of song '28668277'
Scraping comments of song 27853653
Scraping lyric of song '27853653'
Scraping comments of song 25795016
Scraping lyric of song '25795016'
Scraping comments of song 169144
Scraping lyric of song '169144'
Scraping comments of song 34766208
Scraping lyric of song '34766208'
Scraping comments of song 33911781
Scraping lyric of song '33911781'
Scraping comments of song 28884019
Scraping lyric of song '28884019'
Song '26830207' dumps into database
Song '31473269' dumps into database
UNIQUE constraint failed: songs.id
  Duplicated ID: '31473269'
Trying to update tags of song '31473269'
Song '176047' dumps into database
Song '5260491' dumps into database
Song '282131' dumps into database
Song '224000' dumps into database
UNIQUE constraint failed: songs.id
  Duplicated ID: '224000'
Trying to update tags of song '224000'
Song '25730249' dumps into database
UNIQUE constraint failed: songs.id
  Duplicated ID: '25730249'
Trying to update tags of song '25730249'
Song '188550' dumps into database
Song '28053533' dumps into database
Song '27583525' dumps into database
Song '108269' dumps into database
UNIQUE constraint failed: songs.id
  Duplicated ID: '108269'
Trying to update tags of song '108269'
Song '186003' dumps into database
Song '28285912' dumps into database
Song '26019119' dumps into database
UNIQUE constraint failed: songs.id
  Duplicated ID: '26019119'
Trying to update tags of song '26019119'
Song '110309' dumps into database
UNIQUE constraint failed: songs.id
  Duplicated ID: '110309'
Trying to update tags of song '110309'
Song '27890306' dumps into database
Song '299981' dumps into database
Song '28481107' dumps into database
UNIQUE constraint failed: songs.id
  Duplicated ID: '28481107'
Trying to update tags of song '28481107'
Song '33162226' dumps into database
Song '69827' dumps into database
UNIQUE constraint failed: songs.id
  Duplicated ID: '69827'
Trying to update tags of song '69827'
Song '191528' dumps into database
UNIQUE constraint failed: songs.id
  Duplicated ID: '191528'
Trying to update tags of song '191528'
Song '5260326' dumps into database
UNIQUE constraint failed: songs.id
  Duplicated ID: '5260326'
Trying to update tags of song '5260326'
Song '624739' dumps into database
Song '30394763' dumps into database
Song '189315' dumps into database
UNIQUE constraint failed: songs.id
  Duplicated ID: '189315'
Trying to update tags of song '189315'
Song '64386' dumps into database
UNIQUE constraint failed: songs.id
  Duplicated ID: '64386'
Trying to update tags of song '64386'
Song '190072' dumps into database
Song '297488' dumps into database
Song '28287010' dumps into database
Song '133998' dumps into database
Song '329371' dumps into database
UNIQUE constraint failed: songs.id
  Duplicated ID: '329371'
Trying to update tags of song '329371'
Song '28181131' dumps into database
UNIQUE constraint failed: songs.id
  Duplicated ID: '28181131'
Trying to update tags of song '28181131'
Song '316405' dumps into database
Song '209121' dumps into database
UNIQUE constraint failed: songs.id
  Duplicated ID: '209121'
Trying to update tags of song '209121'
Song '167916' dumps into database
UNIQUE constraint failed: songs.id
  Duplicated ID: '167916'
Trying to update tags of song '167916'
Song '27955656' dumps into database
Song '27694142' dumps into database
Song '26207292' dumps into database
Song '33162225' dumps into database
Song '27731172' dumps into database
Song '185818' dumps into database
UNIQUE constraint failed: songs.id
  Duplicated ID: '185818'
Trying to update tags of song '185818'
Song '306575' dumps into database
UNIQUE constraint failed: songs.id
  Duplicated ID: '306575'
Trying to update tags of song '306575'
Song '344418' dumps into database
Song '28152162' dumps into database
Song '4875973' dumps into database
UNIQUE constraint failed: songs.id
  Duplicated ID: '4875973'
Trying to update tags of song '4875973'
Song '26075648' dumps into database
Song '293768' dumps into database
Song '375423' dumps into database
Song '38392240' dumps into database
UNIQUE constraint failed: songs.id
  Duplicated ID: '38392240'
Trying to update tags of song '38392240'
Song '254041' dumps into database
UNIQUE constraint failed: songs.id
  Duplicated ID: '254041'
Trying to update tags of song '254041'
Song '26467599' dumps into database
Song '108108' dumps into database
Song '254359' dumps into database
Song '188878' dumps into database
Song '28138170' dumps into database
Song '26524321' dumps into database
Song '26524315' dumps into database
Song '5281327' dumps into database
Song '325336' dumps into database
UNIQUE constraint failed: songs.id
  Duplicated ID: '325336'
Trying to update tags of song '325336'
Song '306946' dumps into database
Song '297715' dumps into database
Song '65099' dumps into database
Song '32196767' dumps into database
Song '31877484' dumps into database
Song '222724' dumps into database
UNIQUE constraint failed: songs.id
  Duplicated ID: '222724'
Trying to update tags of song '222724'
Song '34614480' dumps into database
Song '29783017' dumps into database
Song '25731320' dumps into database
Song '5397309' dumps into database
Song '32977520' dumps into database
Song '32102723' dumps into database
Song '247488' dumps into database
Song '5239059' dumps into database
UNIQUE constraint failed: songs.id
  Duplicated ID: '5239059'
Trying to update tags of song '5239059'
Song '185908' dumps into database
UNIQUE constraint failed: songs.id
  Duplicated ID: '185908'
Trying to update tags of song '185908'
Song '65952' dumps into database
UNIQUE constraint failed: songs.id
  Duplicated ID: '65952'
Trying to update tags of song '65952'
Song '26075553' dumps into database
UNIQUE constraint failed: songs.id
  Duplicated ID: '26075553'
Trying to update tags of song '26075553'
Song '167959' dumps into database
Song '254305' dumps into database
Song '28785327' dumps into database
Song '301035' dumps into database
Song '34928393' dumps into database
Song '33190448' dumps into database
Song '306927' dumps into database
UNIQUE constraint failed: songs.id
  Duplicated ID: '306927'
Trying to update tags of song '306927'
Song '86283' dumps into database
Song '222729' dumps into database
Song '26402072' dumps into database
Song '26577904' dumps into database
Song '22854064' dumps into database
Song '26609894' dumps into database
Song '4874159' dumps into database
Song '96713' dumps into database
Song '31460201' dumps into database
UNIQUE constraint failed: songs.id
  Duplicated ID: '31460201'
Trying to update tags of song '31460201'
Song '27876255' dumps into database
Song '33248189' dumps into database
Song '28126661' dumps into database
UNIQUE constraint failed: songs.id
  Duplicated ID: '28126661'
Trying to update tags of song '28126661'
Song '5240550' dumps into database
Song '36587407' dumps into database
Song '209609' dumps into database
Song '175206' dumps into database
Song '168605' dumps into database
Song '156053' dumps into database
Song '29571244' dumps into database
Song '28668277' dumps into database
Song '27853653' dumps into database
Song '25795016' dumps into database
Song '169144' dumps into database
Song '34766208' dumps into database
Song '33911781' dumps into database
UNIQUE constraint failed: songs.id
  Duplicated ID: '33911781'
Trying to update tags of song '33911781'
Song '28884019' dumps into database

78 new songs added
31 tags of songs updated
