Scraping comments of song 26188043
Scraping lyric of song '26188043'
Scraping comments of song 66842
Scraping lyric of song '66842'
Scraping comments of song 25730249
Scraping lyric of song '25730249'
Scraping comments of song 4872533
Scraping lyric of song '4872533'
Scraping comments of song 26422001
Scraping lyric of song '26422001'
Scraping comments of song 255973
Scraping lyric of song '255973'
Scraping comments of song 108269
Scraping lyric of song '108269'
Scraping comments of song 176053
Scraping lyric of song '176053'
Scraping comments of song 329371
Scraping lyric of song '329371'
Scraping comments of song 209804
Scraping lyric of song '209804'
Scraping comments of song 189236
Scraping lyric of song '189236'
Scraping comments of song 186139
Scraping lyric of song '186139'
Scraping comments of song 185904
Scraping lyric of song '185904'
Scraping comments of song 256478
Scraping lyric of song '256478'
Scraping comments of song 36586644
Scraping lyric of song '36586644'
Scraping comments of song 114397
Scraping lyric of song '114397'
Scraping comments of song 189986
Scraping lyric of song '189986'
Scraping comments of song 306575
Scraping lyric of song '306575'
Scraping comments of song 208938
Scraping lyric of song '208938'
Scraping comments of song 255165
Scraping lyric of song '255165'
Scraping comments of song 5239646
Scraping lyric of song '5239646'
Scraping comments of song 327183
Scraping lyric of song '327183'
Scraping comments of song 36024442
Scraping lyric of song '36024442'
Scraping comments of song 37095847
Scraping lyric of song '37095847'
Scraping comments of song 156128
Scraping lyric of song '156128'
Scraping comments of song 28059417
Scraping lyric of song '28059417'
Scraping comments of song 254621
Scraping lyric of song '254621'
Scraping comments of song 209121
Scraping lyric of song '209121'
Scraping comments of song 307669
Scraping lyric of song '307669'
Scraping comments of song 5243349
Scraping lyric of song '5243349'
Scraping comments of song 223842
Scraping lyric of song '223842'
Scraping comments of song 176685
Scraping lyric of song '176685'
Scraping comments of song 109196
Scraping lyric of song '109196'
Scraping comments of song 37095664
Scraping lyric of song '37095664'
Scraping comments of song 5239059
Scraping lyric of song '5239059'
Scraping comments of song 156284
Scraping lyric of song '156284'
Scraping comments of song 287719
Scraping lyric of song '287719'
Scraping comments of song 255683
Scraping lyric of song '255683'
Scraping comments of song 190241
Scraping lyric of song '190241'
Scraping comments of song 287063
Scraping lyric of song '287063'
Scraping comments of song 287398
Scraping lyric of song '287398'
Scraping comments of song 255294
Scraping lyric of song '255294'
Scraping comments of song 326922
Scraping lyric of song '326922'
Scraping comments of song 208063
Scraping lyric of song '208063'
Scraping comments of song 36308334
Scraping lyric of song '36308334'
Scraping comments of song 33479924
Scraping lyric of song '33479924'
Scraping comments of song 67002
Scraping lyric of song '67002'
Scraping comments of song 176693
Scraping lyric of song '176693'
Scraping comments of song 188671
Scraping lyric of song '188671'
Scraping comments of song 26082851
Scraping lyric of song '26082851'
Scraping comments of song 26466449
Scraping lyric of song '26466449'
Scraping comments of song 307057
Scraping lyric of song '307057'
Scraping comments of song 5260494
Scraping lyric of song '5260494'
Scraping comments of song 25640778
Scraping lyric of song '25640778'
Scraping comments of song 280735
Scraping lyric of song '280735'
Scraping comments of song 25638783
Scraping lyric of song '25638783'
Scraping comments of song 4874624
Scraping lyric of song '4874624'
Scraping comments of song 327163
Scraping lyric of song '327163'
Scraping comments of song 307737
Scraping lyric of song '307737'
Scraping comments of song 191187
Scraping lyric of song '191187'
Scraping comments of song 35437088
Scraping lyric of song '35437088'
Scraping comments of song 327886
Scraping lyric of song '327886'
Scraping comments of song 307514
Scraping lyric of song '307514'
Scraping comments of song 307474
Scraping lyric of song '307474'
Scraping comments of song 306967
Scraping lyric of song '306967'
Scraping comments of song 257524
Scraping lyric of song '257524'
Scraping comments of song 191633
Scraping lyric of song '191633'
Scraping comments of song 29790225
Scraping lyric of song '29790225'
Scraping comments of song 297780
Scraping lyric of song '297780'
Scraping comments of song 70447
Scraping lyric of song '70447'
Scraping comments of song 4874314
Scraping lyric of song '4874314'
Scraping comments of song 233882
Scraping lyric of song '233882'
Scraping comments of song 239188
Scraping lyric of song '239188'
Scraping comments of song 223972
Scraping lyric of song '223972'
Scraping comments of song 27698908
Scraping lyric of song '27698908'
Scraping comments of song 25657445
Scraping lyric of song '25657445'
Scraping comments of song 25642125
Scraping lyric of song '25642125'
Scraping comments of song 307357
Scraping lyric of song '307357'
Scraping comments of song 326904
Scraping lyric of song '326904'
Scraping comments of song 254024
Scraping lyric of song '254024'
Scraping comments of song 308730
Scraping lyric of song '308730'
Scraping comments of song 307201
Scraping lyric of song '307201'
Scraping comments of song 239081
Scraping lyric of song '239081'
Scraping comments of song 5251688
Scraping lyric of song '5251688'
Scraping comments of song 27676910
Scraping lyric of song '27676910'
Scraping comments of song 25657169
Scraping lyric of song '25657169'
Scraping comments of song 307684
Scraping lyric of song '307684'
Scraping comments of song 27583494
Scraping lyric of song '27583494'
Scraping comments of song 276840
Scraping lyric of song '276840'
Scraping comments of song 25642456
Scraping lyric of song '25642456'
Scraping comments of song 32272124
Scraping lyric of song '32272124'
Scraping comments of song 26608827
Scraping lyric of song '26608827'
Scraping comments of song 316381
Scraping lyric of song '316381'
Scraping comments of song 208937
Scraping lyric of song '208937'
Scraping comments of song 29460972
Scraping lyric of song '29460972'
Scraping comments of song 326990
Scraping lyric of song '326990'
Scraping comments of song 266220
Scraping lyric of song '266220'
Scraping comments of song 308819
Scraping lyric of song '308819'
Song '26188043' dumps into database
Song '66842' dumps into database
UNIQUE constraint failed: songs.id
  Duplicated ID: '66842'
Trying to updat tags of song '66842'
Song '25730249' dumps into database
Song '4872533' dumps into database
Song '26422001' dumps into database
Song '255973' dumps into database
Song '108269' dumps into database
Song '176053' dumps into database
UNIQUE constraint failed: songs.id
  Duplicated ID: '176053'
Trying to updat tags of song '176053'
Song '329371' dumps into database
Song '209804' dumps into database
Song '189236' dumps into database
UNIQUE constraint failed: songs.id
  Duplicated ID: '189236'
Trying to updat tags of song '189236'
Song '186139' dumps into database
UNIQUE constraint failed: songs.id
  Duplicated ID: '186139'
Trying to updat tags of song '186139'
Song '185904' dumps into database
Song '256478' dumps into database
Song '36586644' dumps into database
Song '114397' dumps into database
Song '189986' dumps into database
Song '306575' dumps into database
Song '208938' dumps into database
UNIQUE constraint failed: songs.id
  Duplicated ID: '208938'
Trying to updat tags of song '208938'
Song '255165' dumps into database
Song '5239646' dumps into database
Song '327183' dumps into database
Song '36024442' dumps into database
Song '37095847' dumps into database
Song '156128' dumps into database
Song '28059417' dumps into database
UNIQUE constraint failed: songs.id
  Duplicated ID: '28059417'
Trying to updat tags of song '28059417'
Song '254621' dumps into database
Song '209121' dumps into database
Song '307669' dumps into database
Song '5243349' dumps into database
Song '223842' dumps into database
Song '176685' dumps into database
Song '109196' dumps into database
UNIQUE constraint failed: songs.id
  Duplicated ID: '109196'
Trying to updat tags of song '109196'
Song '37095664' dumps into database
Song '5239059' dumps into database
Song '156284' dumps into database
Song '287719' dumps into database
Song '255683' dumps into database
Song '190241' dumps into database
UNIQUE constraint failed: songs.id
  Duplicated ID: '190241'
Trying to updat tags of song '190241'
Song '287063' dumps into database
UNIQUE constraint failed: songs.id
  Duplicated ID: '287063'
Trying to updat tags of song '287063'
Song '287398' dumps into database
UNIQUE constraint failed: songs.id
  Duplicated ID: '287398'
Trying to updat tags of song '287398'
Song '255294' dumps into database
Song '326922' dumps into database
Song '208063' dumps into database
Song '36308334' dumps into database
Song '33479924' dumps into database
Song '67002' dumps into database
Song '176693' dumps into database
Song '188671' dumps into database
Song '26082851' dumps into database
Song '26466449' dumps into database
Song '307057' dumps into database
UNIQUE constraint failed: songs.id
  Duplicated ID: '307057'
Trying to updat tags of song '307057'
Song '5260494' dumps into database
UNIQUE constraint failed: songs.id
  Duplicated ID: '5260494'
Trying to updat tags of song '5260494'
Song '25640778' dumps into database
Song '280735' dumps into database
Song '25638783' dumps into database
UNIQUE constraint failed: songs.id
  Duplicated ID: '25638783'
Trying to updat tags of song '25638783'
Song '4874624' dumps into database
Song '327163' dumps into database
UNIQUE constraint failed: songs.id
  Duplicated ID: '327163'
Trying to updat tags of song '327163'
Song '307737' dumps into database
Song '191187' dumps into database
Song '35437088' dumps into database
Song '327886' dumps into database
Song '307514' dumps into database
Song '307474' dumps into database
Song '306967' dumps into database
Song '257524' dumps into database
Song '191633' dumps into database
Song '29790225' dumps into database
Song '297780' dumps into database
Song '70447' dumps into database
UNIQUE constraint failed: songs.id
  Duplicated ID: '70447'
Trying to updat tags of song '70447'
Song '4874314' dumps into database
Song '233882' dumps into database
Song '239188' dumps into database
Song '223972' dumps into database
Song '27698908' dumps into database
Song '25657445' dumps into database
Song '25642125' dumps into database
Song '307357' dumps into database
Song '326904' dumps into database
UNIQUE constraint failed: songs.id
  Duplicated ID: '326904'
Trying to updat tags of song '326904'
Song '254024' dumps into database
Song '308730' dumps into database
Song '307201' dumps into database
Song '239081' dumps into database
Song '5251688' dumps into database
Song '27676910' dumps into database
UNIQUE constraint failed: songs.id
  Duplicated ID: '27676910'
Trying to updat tags of song '27676910'
Song '25657169' dumps into database
Song '307684' dumps into database
Song '27583494' dumps into database
Song '276840' dumps into database
UNIQUE constraint failed: songs.id
  Duplicated ID: '276840'
Trying to updat tags of song '276840'
Song '25642456' dumps into database
Song '32272124' dumps into database
Song '26608827' dumps into database
Song '316381' dumps into database
Song '208937' dumps into database
Song '29460972' dumps into database
Song '326990' dumps into database
Song '266220' dumps into database
Song '308819' dumps into database

80 new songs added
18 tags of songs updated
