Scraping comments of song 22770884
Scraping lyric of song '22770884'
Scraping comments of song 28196300
Scraping lyric of song '28196300'
Scraping comments of song 471048
Scraping lyric of song '471048'
Scraping comments of song 26133599
Scraping lyric of song '26133599'
Scraping comments of song 28458019
Scraping lyric of song '28458019'
Scraping comments of song 407405
Scraping lyric of song '407405'
Scraping comments of song 22770878
Scraping lyric of song '22770878'
Scraping comments of song 687815
Scraping lyric of song '687815'
Scraping comments of song 400136
Scraping lyric of song '400136'
Scraping comments of song 857106
Scraping lyric of song '857106'
Scraping comments of song 27937313
Scraping lyric of song '27937313'
Scraping comments of song 27804985
Scraping lyric of song '27804985'
Scraping comments of song 27679027
Scraping lyric of song '27679027'
Scraping comments of song 402693
Scraping lyric of song '402693'
Scraping comments of song 28612477
Scraping lyric of song '28612477'
Scraping comments of song 26087096
Scraping lyric of song '26087096'
Scraping comments of song 486390
Scraping lyric of song '486390'
Scraping comments of song 435978
Scraping lyric of song '435978'
Scraping comments of song 471007
Scraping lyric of song '471007'
Scraping comments of song 28996833
Scraping lyric of song '28996833'
Scraping comments of song 714429
Scraping lyric of song '714429'
Scraping comments of song 22797495
Scraping lyric of song '22797495'
Scraping comments of song 805339
Scraping lyric of song '805339'
Scraping comments of song 26116354
Scraping lyric of song '26116354'
Scraping comments of song 27552260
Scraping lyric of song '27552260'
Scraping comments of song 714514
Scraping lyric of song '714514'
Scraping comments of song 794134
Scraping lyric of song '794134'
Scraping comments of song 549126
Scraping lyric of song '549126'
Scraping comments of song 799344
Scraping lyric of song '799344'
Scraping comments of song 29800265
Scraping lyric of song '29800265'
Scraping comments of song 859973
Scraping lyric of song '859973'
Scraping comments of song 28458032
Scraping lyric of song '28458032'
Scraping comments of song 540968
Scraping lyric of song '540968'
Song '22770884' dumps into database
Song '28196300' dumps into database
Song '471048' dumps into database
Song '26133599' dumps into database
Song '28458019' dumps into database
Song '407405' dumps into database
Song '22770878' dumps into database
Song '687815' dumps into database
Song '400136' dumps into database
Song '857106' dumps into database
Song '27937313' dumps into database
Song '27804985' dumps into database
Song '27679027' dumps into database
Song '402693' dumps into database
Song '28612477' dumps into database
Song '26087096' dumps into database
Song '486390' dumps into database
Song '435978' dumps into database
Song '471007' dumps into database
Song '28996833' dumps into database
Song '714429' dumps into database
Song '22797495' dumps into database
Song '805339' dumps into database
Song '26116354' dumps into database
Song '27552260' dumps into database
Song '714514' dumps into database
Song '794134' dumps into database
Song '549126' dumps into database
Song '799344' dumps into database
Song '29800265' dumps into database
Song '859973' dumps into database
Song '28458032' dumps into database
Song '540968' dumps into database
UNIQUE constraint failed: songs.id
  Duplicated ID: '540968'
Trying to update tags of song '540968'

32 new songs added
1 tags of songs updated
