Scraping comments of song 209529
Scraping lyric of song '209529'
Scraping comments of song 240139
Scraping lyric of song '240139'
Scraping comments of song 223970
Scraping lyric of song '223970'
Scraping comments of song 26075343
Scraping lyric of song '26075343'
Scraping comments of song 27836035
Scraping lyric of song '27836035'
Scraping comments of song 28949013
Scraping lyric of song '28949013'
Scraping comments of song 375184
Scraping lyric of song '375184'
Scraping comments of song 327066
Scraping lyric of song '327066'
Scraping comments of song 32807985
Scraping lyric of song '32807985'
Scraping comments of song 29794923
Scraping lyric of song '29794923'
Scraping comments of song 28288072
Scraping lyric of song '28288072'
Scraping comments of song 25694250
Scraping lyric of song '25694250'
Scraping comments of song 27731331
Scraping lyric of song '27731331'
Scraping comments of song 382670
Scraping lyric of song '382670'
Scraping comments of song 276269
Scraping lyric of song '276269'
Scraping comments of song 212162
Scraping lyric of song '212162'
Scraping comments of song 28176074
Scraping lyric of song '28176074'
Scraping comments of song 191024
Scraping lyric of song '191024'
Scraping comments of song 375467
Scraping lyric of song '375467'
Scraping comments of song 29850682
Scraping lyric of song '29850682'
Scraping comments of song 34014796
Scraping lyric of song '34014796'
Scraping comments of song 29723041
Scraping lyric of song '29723041'
Scraping comments of song 300027
Scraping lyric of song '300027'
Scraping comments of song 307183
Scraping lyric of song '307183'
Scraping comments of song 273267
Scraping lyric of song '273267'
Scraping comments of song 92831
Scraping lyric of song '92831'
Scraping comments of song 276225
Scraping lyric of song '276225'
Song '209529' dumps into database
Song '240139' dumps into database
Song '223970' dumps into database
Song '26075343' dumps into database
Song '27836035' dumps into database
Song '28949013' dumps into database
Song '375184' dumps into database
Song '327066' dumps into database
Song '32807985' dumps into database
Song '29794923' dumps into database
Song '28288072' dumps into database
Song '25694250' dumps into database
Song '27731331' dumps into database
Song '382670' dumps into database
Song '276269' dumps into database
Song '212162' dumps into database
Song '28176074' dumps into database
Song '191024' dumps into database
Song '375467' dumps into database
Song '29850682' dumps into database
Song '34014796' dumps into database
Song '29723041' dumps into database
Song '300027' dumps into database
Song '307183' dumps into database
Song '273267' dumps into database
Song '92831' dumps into database
Song '276225' dumps into database

27 new songs added
0 tags of songs updated
