Scraping comments of song 5295816
Scraping lyric of song '5295816'
Scraping comments of song 28830687
Scraping lyric of song '28830687'
Scraping comments of song 31192233
Scraping lyric of song '31192233'
Scraping comments of song 31192237
Scraping lyric of song '31192237'
Scraping comments of song 31514469
Scraping lyric of song '31514469'
Scraping comments of song 26312271
Scraping lyric of song '26312271'
Scraping comments of song 5312668
Scraping lyric of song '5312668'
Scraping comments of song 5312778
Scraping lyric of song '5312778'
Scraping comments of song 5312840
Scraping lyric of song '5312840'
Scraping comments of song 5412941
Scraping lyric of song '5412941'
Scraping comments of song 5412932
Scraping lyric of song '5412932'
Scraping comments of song 26316937
Scraping lyric of song '26316937'
Scraping comments of song 26316930
Scraping lyric of song '26316930'
Scraping comments of song 26316928
Scraping lyric of song '26316928'
Scraping comments of song 34033181
Scraping lyric of song '34033181'
Scraping comments of song 34033186
Scraping lyric of song '34033186'
Scraping comments of song 29709780
Scraping lyric of song '29709780'
Scraping comments of song 29709779
Scraping lyric of song '29709779'
Scraping comments of song 5315960
Scraping lyric of song '5315960'
Scraping comments of song 5260838
Scraping lyric of song '5260838'
Scraping comments of song 5412045
Scraping lyric of song '5412045'
Scraping comments of song 5412032
Scraping lyric of song '5412032'
Scraping comments of song 5339287
Scraping lyric of song '5339287'
Scraping comments of song 5338026
Scraping lyric of song '5338026'
Scraping comments of song 5346645
Scraping lyric of song '5346645'
Scraping comments of song 5346638
Scraping lyric of song '5346638'
Scraping comments of song 5315899
Scraping lyric of song '5315899'
Scraping comments of song 31370238
Scraping lyric of song '31370238'
Scraping comments of song 31370240
Scraping lyric of song '31370240'
Scraping comments of song 5315968
Scraping lyric of song '5315968'
Scraping comments of song 5315962
Scraping lyric of song '5315962'
Scraping comments of song 5406539
Scraping lyric of song '5406539'
Scraping comments of song 5406546
Scraping lyric of song '5406546'
Scraping comments of song 5406554
Scraping lyric of song '5406554'
Scraping comments of song 5406555
Scraping lyric of song '5406555'
Scraping comments of song 5414357
Scraping lyric of song '5414357'
Scraping comments of song 5414365
Scraping lyric of song '5414365'
Scraping comments of song 28625050
Scraping lyric of song '28625050'
Scraping comments of song 5398723
Scraping lyric of song '5398723'
Scraping comments of song 5398721
Scraping lyric of song '5398721'
Scraping comments of song 5356017
Scraping lyric of song '5356017'
Scraping comments of song 1871165
Scraping lyric of song '1871165'
Scraping comments of song 5412353
Scraping lyric of song '5412353'
Scraping comments of song 5338028
Scraping lyric of song '5338028'
Scraping comments of song 5338042
Scraping lyric of song '5338042'
Scraping comments of song 27812401
Scraping lyric of song '27812401'
Scraping comments of song 27812402
Scraping lyric of song '27812402'
Song '5295816' dumps into database
Song '28830687' dumps into database
Song '31192233' dumps into database
Song '31192237' dumps into database
Song '31514469' dumps into database
Song '26312271' dumps into database
Song '5312668' dumps into database
Song '5312778' dumps into database
Song '5312840' dumps into database
Song '5412941' dumps into database
Song '5412932' dumps into database
Song '26316937' dumps into database
Song '26316930' dumps into database
Song '26316928' dumps into database
Song '34033181' dumps into database
Song '34033186' dumps into database
Song '29709780' dumps into database
Song '29709779' dumps into database
Song '5315960' dumps into database
Song '5260838' dumps into database
Song '5412045' dumps into database
Song '5412032' dumps into database
Song '5339287' dumps into database
Song '5338026' dumps into database
Song '5346645' dumps into database
Song '5346638' dumps into database
Song '5315899' dumps into database
Song '31370238' dumps into database
Song '31370240' dumps into database
Song '5315968' dumps into database
Song '5315962' dumps into database
Song '5406539' dumps into database
Song '5406546' dumps into database
Song '5406554' dumps into database
Song '5406555' dumps into database
Song '5414357' dumps into database
Song '5414365' dumps into database
Song '28625050' dumps into database
Song '5398723' dumps into database
Song '5398721' dumps into database
Song '5356017' dumps into database
Song '1871165' dumps into database
Song '5412353' dumps into database
Song '5338028' dumps into database
Song '5338042' dumps into database
Song '27812401' dumps into database
Song '27812402' dumps into database

47 new songs added
0 tags of songs updated
