Scraping comments of song 31587864
Scraping lyric of song '31587864'
Scraping comments of song 33020816
Scraping lyric of song '33020816'
Scraping comments of song 809272
Scraping lyric of song '809272'
Scraping comments of song 34578122
Scraping lyric of song '34578122'
Scraping comments of song 32719453
Scraping lyric of song '32719453'
Scraping comments of song 31260914
Scraping lyric of song '31260914'
Scraping comments of song 28747673
Scraping lyric of song '28747673'
Scraping comments of song 4879876
Scraping lyric of song '4879876'
Scraping comments of song 28836183
Scraping lyric of song '28836183'
Scraping comments of song 28287819
Scraping lyric of song '28287819'
Scraping comments of song 692177
Scraping lyric of song '692177'
Scraping comments of song 27570983
Scraping lyric of song '27570983'
Scraping comments of song 28561138
Scraping lyric of song '28561138'
Scraping comments of song 16296365
Scraping lyric of song '16296365'
Scraping comments of song 33715098
Scraping lyric of song '33715098'
Scraping comments of song 602472
Scraping lyric of song '602472'
Scraping comments of song 28802017
Scraping lyric of song '28802017'
Scraping comments of song 27485236
Scraping lyric of song '27485236'
Scraping comments of song 30780255
Scraping lyric of song '30780255'
Scraping comments of song 32320338
Scraping lyric of song '32320338'
Scraping comments of song 548567
Scraping lyric of song '548567'
Scraping comments of song 28387781
Scraping lyric of song '28387781'
Scraping comments of song 29775784
Scraping lyric of song '29775784'
Scraping comments of song 26380399
Scraping lyric of song '26380399'
Scraping comments of song 26101820
Scraping lyric of song '26101820'
Scraping comments of song 28547202
Scraping lyric of song '28547202'
Scraping comments of song 26215798
Scraping lyric of song '26215798'
Scraping comments of song 30590881
Scraping lyric of song '30590881'
Scraping comments of song 27958060
Scraping lyric of song '27958060'
Scraping comments of song 28281913
Scraping lyric of song '28281913'
Scraping comments of song 26512253
Scraping lyric of song '26512253'
Scraping comments of song 28468647
Scraping lyric of song '28468647'
Scraping comments of song 33756519
Scraping lyric of song '33756519'
Scraping comments of song 659465
Scraping lyric of song '659465'
Scraping comments of song 29785182
Scraping lyric of song '29785182'
Scraping comments of song 29535429
Scraping lyric of song '29535429'
Scraping comments of song 29498131
Scraping lyric of song '29498131'
Scraping comments of song 29777035
Scraping lyric of song '29777035'
Scraping comments of song 31273508
Scraping lyric of song '31273508'
Scraping comments of song 33887671
Scraping lyric of song '33887671'
Scraping comments of song 587555
Scraping lyric of song '587555'
Scraping comments of song 31917428
Scraping lyric of song '31917428'
Scraping comments of song 29047355
Scraping lyric of song '29047355'
Scraping comments of song 651028
Scraping lyric of song '651028'
Scraping comments of song 26214704
Scraping lyric of song '26214704'
Scraping comments of song 27747193
Scraping lyric of song '27747193'
Scraping comments of song 29599078
Scraping lyric of song '29599078'
Scraping comments of song 34766346
Scraping lyric of song '34766346'
Scraping comments of song 4968329
Scraping lyric of song '4968329'
Scraping comments of song 661938
Scraping lyric of song '661938'
Scraping comments of song 26083432
Scraping lyric of song '26083432'
Scraping comments of song 664741
Scraping lyric of song '664741'
Scraping comments of song 582151
Scraping lyric of song '582151'
Scraping comments of song 28802001
Scraping lyric of song '28802001'
Scraping comments of song 473648
Scraping lyric of song '473648'
Scraping comments of song 28699542
Scraping lyric of song '28699542'
Scraping comments of song 28875051
Scraping lyric of song '28875051'
Scraping comments of song 27588121
Scraping lyric of song '27588121'
Scraping comments of song 579531
Scraping lyric of song '579531'
Scraping comments of song 602476
Scraping lyric of song '602476'
Scraping comments of song 27667088
Scraping lyric of song '27667088'
Scraping comments of song 26383347
Scraping lyric of song '26383347'
Scraping comments of song 29449480
Scraping lyric of song '29449480'
Scraping comments of song 29276372
Scraping lyric of song '29276372'
Scraping comments of song 31967343
Scraping lyric of song '31967343'
Scraping comments of song 26214416
Scraping lyric of song '26214416'
Scraping comments of song 29769482
Scraping lyric of song '29769482'
Scraping comments of song 28893002
Scraping lyric of song '28893002'
Scraping comments of song 33346970
Scraping lyric of song '33346970'
Scraping comments of song 33111651
Scraping lyric of song '33111651'
Scraping comments of song 37095881
Scraping lyric of song '37095881'
Scraping comments of song 33955999
Scraping lyric of song '33955999'
Scraping comments of song 22775713
Scraping lyric of song '22775713'
Scraping comments of song 659481
Scraping lyric of song '659481'
Scraping comments of song 579527
Scraping lyric of song '579527'
Scraping comments of song 4941292
Scraping lyric of song '4941292'
Scraping comments of song 30431693
Scraping lyric of song '30431693'
Scraping comments of song 35845154
Scraping lyric of song '35845154'
Scraping comments of song 28977721
Scraping lyric of song '28977721'
Scraping comments of song 27485238
Scraping lyric of song '27485238'
Scraping comments of song 602478
Scraping lyric of song '602478'
Scraping comments of song 28547318
Scraping lyric of song '28547318'
Scraping comments of song 751472
Scraping lyric of song '751472'
Scraping comments of song 26386869
Scraping lyric of song '26386869'
Scraping comments of song 26386867
Scraping lyric of song '26386867'
Scraping comments of song 28684308
Scraping lyric of song '28684308'
Scraping comments of song 487560
Scraping lyric of song '487560'
Scraping comments of song 28189967
Scraping lyric of song '28189967'
Scraping comments of song 662934
Scraping lyric of song '662934'
Scraping comments of song 401514
Scraping lyric of song '401514'
Scraping comments of song 28211076
Scraping lyric of song '28211076'
Scraping comments of song 4935135
Scraping lyric of song '4935135'
Scraping comments of song 29460949
Scraping lyric of song '29460949'
Scraping comments of song 33761144
Scraping lyric of song '33761144'
Scraping comments of song 29107446
Scraping lyric of song '29107446'
Scraping comments of song 28830887
Scraping lyric of song '28830887'
Scraping comments of song 29593885
Scraping lyric of song '29593885'
Song '31587864' dumps into database
Song '33020816' dumps into database
Song '809272' dumps into database
Song '34578122' dumps into database
Song '32719453' dumps into database
Song '31260914' dumps into database
Song '28747673' dumps into database
Song '4879876' dumps into database
Song '28836183' dumps into database
Song '28287819' dumps into database
Song '692177' dumps into database
Song '27570983' dumps into database
Song '28561138' dumps into database
Song '16296365' dumps into database
Song '33715098' dumps into database
Song '602472' dumps into database
UNIQUE constraint failed: songs.id
  Duplicated ID: '602472'
Trying to update tags of song '602472'
Song '28802017' dumps into database
Song '27485236' dumps into database
Song '30780255' dumps into database
Song '32320338' dumps into database
Song '548567' dumps into database
Song '28387781' dumps into database
Song '29775784' dumps into database
UNIQUE constraint failed: songs.id
  Duplicated ID: '29775784'
Trying to update tags of song '29775784'
Song '26380399' dumps into database
Song '26101820' dumps into database
UNIQUE constraint failed: songs.id
  Duplicated ID: '26101820'
Trying to update tags of song '26101820'
Song '28547202' dumps into database
UNIQUE constraint failed: songs.id
  Duplicated ID: '28547202'
Trying to update tags of song '28547202'
Song '26215798' dumps into database
Song '30590881' dumps into database
UNIQUE constraint failed: songs.id
  Duplicated ID: '30590881'
Trying to update tags of song '30590881'
Song '27958060' dumps into database
Song '28281913' dumps into database
Song '26512253' dumps into database
Song '28468647' dumps into database
UNIQUE constraint failed: songs.id
  Duplicated ID: '28468647'
Trying to update tags of song '28468647'
Song '33756519' dumps into database
Song '659465' dumps into database
Song '29785182' dumps into database
Song '29535429' dumps into database
Song '29498131' dumps into database
Song '29777035' dumps into database
Song '31273508' dumps into database
Song '33887671' dumps into database
Song '587555' dumps into database
UNIQUE constraint failed: songs.id
  Duplicated ID: '587555'
Trying to update tags of song '587555'
Song '31917428' dumps into database
UNIQUE constraint failed: songs.id
  Duplicated ID: '31917428'
Trying to update tags of song '31917428'
Song '29047355' dumps into database
UNIQUE constraint failed: songs.id
  Duplicated ID: '29047355'
Trying to update tags of song '29047355'
Song '651028' dumps into database
Song '26214704' dumps into database
Song '27747193' dumps into database
Song '29599078' dumps into database
UNIQUE constraint failed: songs.id
  Duplicated ID: '29599078'
Trying to update tags of song '29599078'
Song '34766346' dumps into database
Song '4968329' dumps into database
Song '661938' dumps into database
Song '26083432' dumps into database
Song '664741' dumps into database
Song '582151' dumps into database
UNIQUE constraint failed: songs.id
  Duplicated ID: '582151'
Trying to update tags of song '582151'
Song '28802001' dumps into database
Song '473648' dumps into database
Song '28699542' dumps into database
UNIQUE constraint failed: songs.id
  Duplicated ID: '28699542'
Trying to update tags of song '28699542'
Song '28875051' dumps into database
Song '27588121' dumps into database
Song '579531' dumps into database
Song '602476' dumps into database
Song '27667088' dumps into database
Song '26383347' dumps into database
Song '29449480' dumps into database
Song '29276372' dumps into database
Song '31967343' dumps into database
Song '26214416' dumps into database
Song '29769482' dumps into database
UNIQUE constraint failed: songs.id
  Duplicated ID: '29769482'
Trying to update tags of song '29769482'
Song '28893002' dumps into database
Song '33346970' dumps into database
Song '33111651' dumps into database
Song '37095881' dumps into database
Song '33955999' dumps into database
Song '22775713' dumps into database
Song '659481' dumps into database
Song '579527' dumps into database
Song '4941292' dumps into database
Song '30431693' dumps into database
Song '35845154' dumps into database
Song '28977721' dumps into database
UNIQUE constraint failed: songs.id
  Duplicated ID: '28977721'
Trying to update tags of song '28977721'
Song '27485238' dumps into database
Song '602478' dumps into database
Song '28547318' dumps into database
Song '751472' dumps into database
Song '26386869' dumps into database
Song '26386867' dumps into database
Song '28684308' dumps into database
Song '487560' dumps into database
Song '28189967' dumps into database
Song '662934' dumps into database
Song '401514' dumps into database
Song '28211076' dumps into database
Song '4935135' dumps into database
Song '29460949' dumps into database
Song '33761144' dumps into database
Song '29107446' dumps into database
Song '28830887' dumps into database
Song '29593885' dumps into database

83 new songs added
14 tags of songs updated
