Scraping comments of song 229835
Scraping lyric of song '229835'
Scraping comments of song 316498
Scraping lyric of song '316498'
Scraping comments of song 28111262
Scraping lyric of song '28111262'
Scraping comments of song 35253949
Scraping lyric of song '35253949'
Scraping comments of song 64386
Scraping lyric of song '64386'
Scraping comments of song 298025
Scraping lyric of song '298025'
Scraping comments of song 286992
Scraping lyric of song '286992'
Scraping comments of song 94714
Scraping lyric of song '94714'
Scraping comments of song 286820
Scraping lyric of song '286820'
Scraping comments of song 176053
Scraping lyric of song '176053'
Scraping comments of song 297637
Scraping lyric of song '297637'
Scraping comments of song 108242
Scraping lyric of song '108242'
Scraping comments of song 185904
Scraping lyric of song '185904'
Scraping comments of song 287705
Scraping lyric of song '287705'
Scraping comments of song 27664005
Scraping lyric of song '27664005'
Scraping comments of song 300129
Scraping lyric of song '300129'
Scraping comments of song 274686
Scraping lyric of song '274686'
Scraping comments of song 63916
Scraping lyric of song '63916'
Scraping comments of song 300068
Scraping lyric of song '300068'
Scraping comments of song 230095
Scraping lyric of song '230095'
Scraping comments of song 93700
Scraping lyric of song '93700'
Scraping comments of song 156009
Scraping lyric of song '156009'
Scraping comments of song 306558
Scraping lyric of song '306558'
Scraping comments of song 27580458
Scraping lyric of song '27580458'
Scraping comments of song 25640402
Scraping lyric of song '25640402'
Scraping comments of song 72408
Scraping lyric of song '72408'
Scraping comments of song 299460
Scraping lyric of song '299460'
Scraping comments of song 192136
Scraping lyric of song '192136'
Scraping comments of song 211400
Scraping lyric of song '211400'
Scraping comments of song 25640785
Scraping lyric of song '25640785'
Scraping comments of song 66841
Scraping lyric of song '66841'
Scraping comments of song 65198
Scraping lyric of song '65198'
Scraping comments of song 189327
Scraping lyric of song '189327'
Scraping comments of song 354409
Scraping lyric of song '354409'
Scraping comments of song 238562
Scraping lyric of song '238562'
Scraping comments of song 29764563
Scraping lyric of song '29764563'
Scraping comments of song 86369
Scraping lyric of song '86369'
Scraping comments of song 329512
Scraping lyric of song '329512'
Scraping comments of song 113610
Scraping lyric of song '113610'
Scraping comments of song 167916
Scraping lyric of song '167916'
Scraping comments of song 191548
Scraping lyric of song '191548'
Scraping comments of song 298258
Scraping lyric of song '298258'
Scraping comments of song 27808044
Scraping lyric of song '27808044'
Scraping comments of song 209108
Scraping lyric of song '209108'
Scraping comments of song 26353090
Scraping lyric of song '26353090'
Scraping comments of song 327174
Scraping lyric of song '327174'
Scraping comments of song 327095
Scraping lyric of song '327095'
Scraping comments of song 37196594
Scraping lyric of song '37196594'
Scraping comments of song 185818
Scraping lyric of song '185818'
Scraping comments of song 29408180
Scraping lyric of song '29408180'
Scraping comments of song 31460312
Scraping lyric of song '31460312'
Scraping comments of song 5239059
Scraping lyric of song '5239059'
Scraping comments of song 77242
Scraping lyric of song '77242'
Scraping comments of song 64625
Scraping lyric of song '64625'
Scraping comments of song 191232
Scraping lyric of song '191232'
Scraping comments of song 38392240
Scraping lyric of song '38392240'
Scraping comments of song 186125
Scraping lyric of song '186125'
Scraping comments of song 94547
Scraping lyric of song '94547'
Scraping comments of song 63787
Scraping lyric of song '63787'
Scraping comments of song 112554
Scraping lyric of song '112554'
Scraping comments of song 234217
Scraping lyric of song '234217'
Scraping comments of song 22786259
Scraping lyric of song '22786259'
Scraping comments of song 110790
Scraping lyric of song '110790'
Scraping comments of song 67015
Scraping lyric of song '67015'
Scraping comments of song 26608791
Scraping lyric of song '26608791'
Scraping comments of song 65608
Scraping lyric of song '65608'
Scraping comments of song 64922
Scraping lyric of song '64922'
Scraping comments of song 255858
Scraping lyric of song '255858'
Scraping comments of song 175991
Scraping lyric of song '175991'
Scraping comments of song 330107
Scraping lyric of song '330107'
Scraping comments of song 330721
Scraping lyric of song '330721'
Scraping comments of song 307115
Scraping lyric of song '307115'
Scraping comments of song 27591610
Scraping lyric of song '27591610'
Scraping comments of song 327135
Scraping lyric of song '327135'
Scraping comments of song 22740101
Scraping lyric of song '22740101'
Scraping comments of song 222707
Scraping lyric of song '222707'
Scraping comments of song 26562739
Scraping lyric of song '26562739'
Scraping comments of song 29129563
Scraping lyric of song '29129563'
Scraping comments of song 5260494
Scraping lyric of song '5260494'
Scraping comments of song 223972
Scraping lyric of song '223972'
Scraping comments of song 30431376
Scraping lyric of song '30431376'
Scraping comments of song 25706279
Scraping lyric of song '25706279'
Scraping comments of song 25640778
Scraping lyric of song '25640778'
Scraping comments of song 233978
Scraping lyric of song '233978'
Scraping comments of song 185868
Scraping lyric of song '185868'
Scraping comments of song 188429
Scraping lyric of song '188429'
Scraping comments of song 29482484
Scraping lyric of song '29482484'
Scraping comments of song 5263865
Scraping lyric of song '5263865'
Scraping comments of song 27671067
Scraping lyric of song '27671067'
Scraping comments of song 26075353
Scraping lyric of song '26075353'
Scraping comments of song 326988
Scraping lyric of song '326988'
Scraping comments of song 189849
Scraping lyric of song '189849'
Scraping comments of song 27483204
Scraping lyric of song '27483204'
Scraping comments of song 327000
Scraping lyric of song '327000'
Scraping comments of song 150419
Scraping lyric of song '150419'
Scraping comments of song 110393
Scraping lyric of song '110393'
Scraping comments of song 177151
Scraping lyric of song '177151'
Scraping comments of song 247518
Scraping lyric of song '247518'
Scraping comments of song 34179838
Scraping lyric of song '34179838'
Scraping comments of song 33911678
Scraping lyric of song '33911678'
Song '229835' dumps into database
Song '316498' dumps into database
Song '28111262' dumps into database
Song '35253949' dumps into database
Song '64386' dumps into database
Song '298025' dumps into database
Song '286992' dumps into database
Song '94714' dumps into database
Song '286820' dumps into database
Song '176053' dumps into database
UNIQUE constraint failed: songs.id
  Duplicated ID: '176053'
Trying to update tags of song '176053'
Song '297637' dumps into database
Song '108242' dumps into database
UNIQUE constraint failed: songs.id
  Duplicated ID: '108242'
Trying to update tags of song '108242'
Song '185904' dumps into database
UNIQUE constraint failed: songs.id
  Duplicated ID: '185904'
Trying to update tags of song '185904'
Song '287705' dumps into database
Song '27664005' dumps into database
Song '300129' dumps into database
Song '274686' dumps into database
UNIQUE constraint failed: songs.id
  Duplicated ID: '274686'
Trying to update tags of song '274686'
Song '63916' dumps into database
Song '300068' dumps into database
Song '230095' dumps into database
Song '93700' dumps into database
Song '156009' dumps into database
Song '306558' dumps into database
Song '27580458' dumps into database
Song '25640402' dumps into database
Song '72408' dumps into database
UNIQUE constraint failed: songs.id
  Duplicated ID: '72408'
Trying to update tags of song '72408'
Song '299460' dumps into database
Song '192136' dumps into database
Song '211400' dumps into database
Song '25640785' dumps into database
Song '66841' dumps into database
Song '65198' dumps into database
Song '189327' dumps into database
Song '354409' dumps into database
Song '238562' dumps into database
Song '29764563' dumps into database
Song '86369' dumps into database
Song '329512' dumps into database
Song '113610' dumps into database
Song '167916' dumps into database
Song '191548' dumps into database
Song '298258' dumps into database
Song '27808044' dumps into database
UNIQUE constraint failed: songs.id
  Duplicated ID: '27808044'
Trying to update tags of song '27808044'
Song '209108' dumps into database
Song '26353090' dumps into database
Song '327174' dumps into database
Song '327095' dumps into database
Song '37196594' dumps into database
Song '185818' dumps into database
Song '29408180' dumps into database
Song '31460312' dumps into database
Song '5239059' dumps into database
UNIQUE constraint failed: songs.id
  Duplicated ID: '5239059'
Trying to update tags of song '5239059'
Song '77242' dumps into database
Song '64625' dumps into database
Song '191232' dumps into database
Song '38392240' dumps into database
Song '186125' dumps into database
Song '94547' dumps into database
Song '63787' dumps into database
Song '112554' dumps into database
Song '234217' dumps into database
Song '22786259' dumps into database
Song '110790' dumps into database
Song '67015' dumps into database
Song '26608791' dumps into database
Song '65608' dumps into database
Song '64922' dumps into database
Song '255858' dumps into database
Song '175991' dumps into database
Song '330107' dumps into database
Song '330721' dumps into database
Song '307115' dumps into database
Song '27591610' dumps into database
Song '327135' dumps into database
Song '22740101' dumps into database
Song '222707' dumps into database
Song '26562739' dumps into database
Song '29129563' dumps into database
Song '5260494' dumps into database
UNIQUE constraint failed: songs.id
  Duplicated ID: '5260494'
Trying to update tags of song '5260494'
Song '223972' dumps into database
UNIQUE constraint failed: songs.id
  Duplicated ID: '223972'
Trying to update tags of song '223972'
Song '30431376' dumps into database
Song '25706279' dumps into database
Song '25640778' dumps into database
UNIQUE constraint failed: songs.id
  Duplicated ID: '25640778'
Trying to update tags of song '25640778'
Song '233978' dumps into database
Song '185868' dumps into database
Song '188429' dumps into database
Song '29482484' dumps into database
Song '5263865' dumps into database
Song '27671067' dumps into database
UNIQUE constraint failed: songs.id
  Duplicated ID: '27671067'
Trying to update tags of song '27671067'
Song '26075353' dumps into database
Song '326988' dumps into database
Song '189849' dumps into database
Song '27483204' dumps into database
Song '327000' dumps into database
Song '150419' dumps into database
Song '110393' dumps into database
Song '177151' dumps into database
Song '247518' dumps into database
Song '34179838' dumps into database
Song '33911678' dumps into database

89 new songs added
11 tags of songs updated
