Scraping comments of song 28923016
Scraping lyric of song '28923016'
Scraping comments of song 29535271
Scraping lyric of song '29535271'
Scraping comments of song 34516413
Scraping lyric of song '34516413'
Scraping comments of song 25726439
Scraping lyric of song '25726439'
Scraping comments of song 35447065
Scraping lyric of song '35447065'
Scraping comments of song 25714244
Scraping lyric of song '25714244'
Scraping comments of song 36668149
Scraping lyric of song '36668149'
Scraping comments of song 28029001
Scraping lyric of song '28029001'
Scraping comments of song 26406257
Scraping lyric of song '26406257'
Scraping comments of song 32922450
Scraping lyric of song '32922450'
Scraping comments of song 34999463
Scraping lyric of song '34999463'
Scraping comments of song 28306179
Scraping lyric of song '28306179'
Scraping comments of song 28923009
Scraping lyric of song '28923009'
Scraping comments of song 28059506
Scraping lyric of song '28059506'
Scraping comments of song 27785218
Scraping lyric of song '27785218'
Scraping comments of song 29732222
Scraping lyric of song '29732222'
Scraping comments of song 28844140
Scraping lyric of song '28844140'
Scraping comments of song 31789317
Scraping lyric of song '31789317'
Scraping comments of song 5341517
Scraping lyric of song '5341517'
Scraping comments of song 26135284
Scraping lyric of song '26135284'
Scraping comments of song 22833339
Scraping lyric of song '22833339'
Scraping comments of song 39122499
Scraping lyric of song '39122499'
Scraping comments of song 33024151
Scraping lyric of song '33024151'
Scraping comments of song 30284644
Scraping lyric of song '30284644'
Scraping comments of song 28923010
Scraping lyric of song '28923010'
Scraping comments of song 27867250
Scraping lyric of song '27867250'
Scraping comments of song 5366190
Scraping lyric of song '5366190'
Scraping comments of song 30870519
Scraping lyric of song '30870519'
Scraping comments of song 22841955
Scraping lyric of song '22841955'
Scraping comments of song 28754083
Scraping lyric of song '28754083'
Scraping comments of song 37722580
Scraping lyric of song '37722580'
Scraping comments of song 35270125
Scraping lyric of song '35270125'
Scraping comments of song 29728006
Scraping lyric of song '29728006'
Scraping comments of song 27984996
Scraping lyric of song '27984996'
Scraping comments of song 28182120
Scraping lyric of song '28182120'
Scraping comments of song 5346694
Scraping lyric of song '5346694'
Scraping comments of song 27808771
Scraping lyric of song '27808771'
Scraping comments of song 34364001
Scraping lyric of song '34364001'
Scraping comments of song 28613217
Scraping lyric of song '28613217'
Scraping comments of song 29556009
Scraping lyric of song '29556009'
Scraping comments of song 25694418
Scraping lyric of song '25694418'
Scraping comments of song 28665540
Scraping lyric of song '28665540'
Scraping comments of song 5380343
Scraping lyric of song '5380343'
Scraping comments of song 32408771
Scraping lyric of song '32408771'
Scraping comments of song 28288677
Scraping lyric of song '28288677'
Scraping comments of song 28936089
Scraping lyric of song '28936089'
Scraping comments of song 30212203
Scraping lyric of song '30212203'
Scraping comments of song 25694484
Scraping lyric of song '25694484'
Scraping comments of song 25729988
Scraping lyric of song '25729988'
Scraping comments of song 30148517
Scraping lyric of song '30148517'
Scraping comments of song 29418666
Scraping lyric of song '29418666'
Scraping comments of song 28577011
Scraping lyric of song '28577011'
Scraping comments of song 30830886
Scraping lyric of song '30830886'
Scraping comments of song 37202181
Scraping lyric of song '37202181'
Scraping comments of song 28258224
Scraping lyric of song '28258224'
Scraping comments of song 28009750
Scraping lyric of song '28009750'
Scraping comments of song 5406771
Scraping lyric of song '5406771'
Scraping comments of song 28240632
Scraping lyric of song '28240632'
Scraping comments of song 28267819
Scraping lyric of song '28267819'
Scraping comments of song 28029007
Scraping lyric of song '28029007'
Scraping comments of song 30830896
Scraping lyric of song '30830896'
Scraping comments of song 29600221
Scraping lyric of song '29600221'
Scraping comments of song 36668956
Scraping lyric of song '36668956'
Scraping comments of song 25638555
Scraping lyric of song '25638555'
Scraping comments of song 30064292
Scraping lyric of song '30064292'
Scraping comments of song 22677855
Scraping lyric of song '22677855'
Scraping comments of song 26125689
Scraping lyric of song '26125689'
Scraping comments of song 36496705
Scraping lyric of song '36496705'
Scraping comments of song 26209620
Scraping lyric of song '26209620'
Scraping comments of song 31152741
Scraping lyric of song '31152741'
Scraping comments of song 26103525
Scraping lyric of song '26103525'
Scraping comments of song 5401768
Scraping lyric of song '5401768'
Song '28923016' dumps into database
Song '29535271' dumps into database
Song '34516413' dumps into database
Song '25726439' dumps into database
Song '35447065' dumps into database
Song '25714244' dumps into database
Song '36668149' dumps into database
Song '28029001' dumps into database
Song '26406257' dumps into database
Song '32922450' dumps into database
Song '34999463' dumps into database
Song '28306179' dumps into database
Song '28923009' dumps into database
Song '28059506' dumps into database
Song '27785218' dumps into database
Song '29732222' dumps into database
Song '28844140' dumps into database
Song '31789317' dumps into database
Song '5341517' dumps into database
Song '26135284' dumps into database
Song '22833339' dumps into database
Song '39122499' dumps into database
Song '33024151' dumps into database
Song '30284644' dumps into database
Song '28923010' dumps into database
Song '27867250' dumps into database
Song '5366190' dumps into database
Song '30870519' dumps into database
Song '22841955' dumps into database
UNIQUE constraint failed: songs.id
  Duplicated ID: '22841955'
Trying to update tags of song '22841955'
Song '28754083' dumps into database
Song '37722580' dumps into database
Song '35270125' dumps into database
Song '29728006' dumps into database
Song '27984996' dumps into database
Song '28182120' dumps into database
Song '5346694' dumps into database
Song '27808771' dumps into database
Song '34364001' dumps into database
Song '28613217' dumps into database
Song '29556009' dumps into database
Song '25694418' dumps into database
Song '28665540' dumps into database
Song '5380343' dumps into database
Song '32408771' dumps into database
Song '28288677' dumps into database
Song '28936089' dumps into database
Song '30212203' dumps into database
Song '25694484' dumps into database
Song '25729988' dumps into database
Song '30148517' dumps into database
Song '29418666' dumps into database
Song '28577011' dumps into database
Song '30830886' dumps into database
Song '37202181' dumps into database
Song '28258224' dumps into database
Song '28009750' dumps into database
Song '5406771' dumps into database
Song '28240632' dumps into database
Song '28267819' dumps into database
Song '28029007' dumps into database
Song '30830896' dumps into database
Song '29600221' dumps into database
Song '36668956' dumps into database
Song '25638555' dumps into database
Song '30064292' dumps into database
Song '22677855' dumps into database
Song '26125689' dumps into database
Song '36496705' dumps into database
Song '26209620' dumps into database
Song '31152741' dumps into database
Song '26103525' dumps into database
Song '5401768' dumps into database

71 new songs added
1 tags of songs updated
