Scraping comments of song 32063363
Scraping lyric of song '32063363'
Scraping comments of song 34383142
Scraping lyric of song '34383142'
Scraping comments of song 36872926
Scraping lyric of song '36872926'
Scraping comments of song 36664497
Scraping lyric of song '36664497'
Scraping comments of song 28188764
Scraping lyric of song '28188764'
Scraping comments of song 28002460
Scraping lyric of song '28002460'
Scraping comments of song 26211091
Scraping lyric of song '26211091'
Scraping comments of song 18649254
Scraping lyric of song '18649254'
Scraping comments of song 27580071
Scraping lyric of song '27580071'
Scraping comments of song 18649294
Scraping lyric of song '18649294'
Scraping comments of song 27590553
Scraping lyric of song '27590553'
Scraping comments of song 26063808
Scraping lyric of song '26063808'
Scraping comments of song 32823807
Scraping lyric of song '32823807'
Scraping comments of song 1592430
Scraping lyric of song '1592430'
Scraping comments of song 1102070
Scraping lyric of song '1102070'
Scraping comments of song 1765446
Scraping lyric of song '1765446'
Scraping comments of song 27364030
Scraping lyric of song '27364030'
Scraping comments of song 1862547
Scraping lyric of song '1862547'
Scraping comments of song 1592195
Scraping lyric of song '1592195'
Scraping comments of song 26509685
Scraping lyric of song '26509685'
Scraping comments of song 27837374
Scraping lyric of song '27837374'
Scraping comments of song 5039809
Scraping lyric of song '5039809'
Scraping comments of song 539505
Scraping lyric of song '539505'
Scraping comments of song 540196
Scraping lyric of song '540196'
Scraping comments of song 28409404
Scraping lyric of song '28409404'
Scraping comments of song 31284158
Scraping lyric of song '31284158'
Scraping comments of song 437690
Scraping lyric of song '437690'
Scraping comments of song 28762669
Scraping lyric of song '28762669'
Scraping comments of song 4926706
Scraping lyric of song '4926706'
Scraping comments of song 1101836
Scraping lyric of song '1101836'
Scraping comments of song 27770721
Scraping lyric of song '27770721'
Scraping comments of song 22807733
Scraping lyric of song '22807733'
Scraping comments of song 4957852
Scraping lyric of song '4957852'
Scraping comments of song 26131221
Scraping lyric of song '26131221'
Scraping comments of song 4920412
Scraping lyric of song '4920412'
Scraping comments of song 26517918
Scraping lyric of song '26517918'
Scraping comments of song 509038
Scraping lyric of song '509038'
Scraping comments of song 4919517
Scraping lyric of song '4919517'
Scraping comments of song 36357220
Scraping lyric of song '36357220'
Scraping comments of song 464659
Scraping lyric of song '464659'
Scraping comments of song 36308437
Scraping lyric of song '36308437'
Scraping comments of song 27680143
Scraping lyric of song '27680143'
Scraping comments of song 36102708
Scraping lyric of song '36102708'
Scraping comments of song 730261
Scraping lyric of song '730261'
Scraping comments of song 730622
Scraping lyric of song '730622'
Scraping comments of song 28046249
Scraping lyric of song '28046249'
Scraping comments of song 730335
Scraping lyric of song '730335'
Scraping comments of song 26441588
Scraping lyric of song '26441588'
Scraping comments of song 18861490
Scraping lyric of song '18861490'
Scraping comments of song 5040239
Scraping lyric of song '5040239'
Scraping comments of song 4937745
Scraping lyric of song '4937745'
Scraping comments of song 27674890
Scraping lyric of song '27674890'
Scraping comments of song 1645079
Scraping lyric of song '1645079'
Scraping comments of song 29827463
Scraping lyric of song '29827463'
Scraping comments of song 31010776
Scraping lyric of song '31010776'
Scraping comments of song 1070927
Scraping lyric of song '1070927'
Scraping comments of song 2077053
Scraping lyric of song '2077053'
Scraping comments of song 28491291
Scraping lyric of song '28491291'
Scraping comments of song 4010187
Scraping lyric of song '4010187'
Scraping comments of song 36103699
Scraping lyric of song '36103699'
Scraping comments of song 36102992
Scraping lyric of song '36102992'
Scraping comments of song 36317890
Scraping lyric of song '36317890'
Scraping comments of song 515738
Scraping lyric of song '515738'
Scraping comments of song 515407
Scraping lyric of song '515407'
Scraping comments of song 572408
Scraping lyric of song '572408'
Scraping comments of song 26111681
Scraping lyric of song '26111681'
Scraping comments of song 730832
Scraping lyric of song '730832'
Scraping comments of song 809518
Scraping lyric of song '809518'
Scraping comments of song 27988188
Scraping lyric of song '27988188'
Scraping comments of song 29723382
Scraping lyric of song '29723382'
Scraping comments of song 31152449
Scraping lyric of song '31152449'
Scraping comments of song 535975
Scraping lyric of song '535975'
Scraping comments of song 27922233
Scraping lyric of song '27922233'
Scraping comments of song 25897655
Scraping lyric of song '25897655'
Scraping comments of song 28830126
Scraping lyric of song '28830126'
Scraping comments of song 28308736
Scraping lyric of song '28308736'
Scraping comments of song 28409315
Scraping lyric of song '28409315'
Scraping comments of song 31830277
Scraping lyric of song '31830277'
Scraping comments of song 647348
Scraping lyric of song '647348'
Scraping comments of song 29723310
Scraping lyric of song '29723310'
Scraping comments of song 4997358
Scraping lyric of song '4997358'
Scraping comments of song 510186
Scraping lyric of song '510186'
Scraping comments of song 22803407
Scraping lyric of song '22803407'
Scraping comments of song 27785460
Scraping lyric of song '27785460'
Scraping comments of song 32166847
Scraping lyric of song '32166847'
Scraping comments of song 490195
Scraping lyric of song '490195'
Scraping comments of song 29232658
Scraping lyric of song '29232658'
Scraping comments of song 35040396
Scraping lyric of song '35040396'
Scraping comments of song 538560
Scraping lyric of song '538560'
Scraping comments of song 22755808
Scraping lyric of song '22755808'
Scraping comments of song 30612877
Scraping lyric of song '30612877'
Scraping comments of song 4999231
Scraping lyric of song '4999231'
Scraping comments of song 33765123
Scraping lyric of song '33765123'
Scraping comments of song 22765993
Scraping lyric of song '22765993'
Scraping comments of song 28681296
Scraping lyric of song '28681296'
Scraping comments of song 27722944
Scraping lyric of song '27722944'
Scraping comments of song 30352521
Scraping lyric of song '30352521'
Scraping comments of song 22761015
Scraping lyric of song '22761015'
Scraping comments of song 764560
Scraping lyric of song '764560'
Scraping comments of song 824004
Scraping lyric of song '824004'
Scraping comments of song 5044899
Scraping lyric of song '5044899'
Scraping comments of song 5056045
Scraping lyric of song '5056045'
Scraping comments of song 30051714
Scraping lyric of song '30051714'
Scraping comments of song 5045536
Scraping lyric of song '5045536'
Scraping comments of song 5039986
Scraping lyric of song '5039986'
Scraping comments of song 26469107
Scraping lyric of song '26469107'
Scraping comments of song 5052063
Scraping lyric of song '5052063'
Scraping comments of song 2060262
Scraping lyric of song '2060262'
Scraping comments of song 1927755
Scraping lyric of song '1927755'
Scraping comments of song 2637861
Scraping lyric of song '2637861'
Scraping comments of song 5049056
Scraping lyric of song '5049056'
Scraping comments of song 4880233
Scraping lyric of song '4880233'
Scraping comments of song 28482946
Scraping lyric of song '28482946'
Scraping comments of song 75893
Scraping lyric of song '75893'
Scraping comments of song 26355372
Scraping lyric of song '26355372'
Scraping comments of song 28577894
Scraping lyric of song '28577894'
Scraping comments of song 32235142
Scraping lyric of song '32235142'
Scraping comments of song 25873224
Scraping lyric of song '25873224'
Scraping comments of song 203890
Scraping lyric of song '203890'
Scraping comments of song 26344015
Scraping lyric of song '26344015'
Scraping comments of song 28936544
Scraping lyric of song '28936544'
Scraping comments of song 165614
Scraping lyric of song '165614'
Scraping comments of song 74434
Scraping lyric of song '74434'
Scraping comments of song 29562511
Scraping lyric of song '29562511'
Scraping comments of song 30903752
Scraping lyric of song '30903752'
Song '32063363' dumps into database
Song '34383142' dumps into database
Song '36872926' dumps into database
Song '36664497' dumps into database
Song '28188764' dumps into database
Song '28002460' dumps into database
Song '26211091' dumps into database
Song '18649254' dumps into database
Song '27580071' dumps into database
Song '18649294' dumps into database
Song '27590553' dumps into database
Song '26063808' dumps into database
Song '32823807' dumps into database
Song '1592430' dumps into database
Song '1102070' dumps into database
Song '1765446' dumps into database
Song '27364030' dumps into database
Song '1862547' dumps into database
Song '1592195' dumps into database
Song '26509685' dumps into database
Song '27837374' dumps into database
Song '5039809' dumps into database
Song '539505' dumps into database
Song '540196' dumps into database
Song '28409404' dumps into database
Song '31284158' dumps into database
Song '437690' dumps into database
Song '28762669' dumps into database
Song '4926706' dumps into database
Song '1101836' dumps into database
Song '27770721' dumps into database
Song '22807733' dumps into database
Song '4957852' dumps into database
Song '26131221' dumps into database
Song '4920412' dumps into database
Song '26517918' dumps into database
Song '509038' dumps into database
Song '4919517' dumps into database
Song '36357220' dumps into database
Song '464659' dumps into database
Song '36308437' dumps into database
Song '27680143' dumps into database
Song '36102708' dumps into database
Song '730261' dumps into database
Song '730622' dumps into database
Song '28046249' dumps into database
Song '730335' dumps into database
Song '26441588' dumps into database
Song '18861490' dumps into database
Song '5040239' dumps into database
Song '4937745' dumps into database
Song '27674890' dumps into database
Song '1645079' dumps into database
Song '29827463' dumps into database
Song '31010776' dumps into database
Song '1070927' dumps into database
Song '2077053' dumps into database
Song '28491291' dumps into database
Song '4010187' dumps into database
Song '36103699' dumps into database
Song '36102992' dumps into database
Song '36317890' dumps into database
Song '515738' dumps into database
Song '515407' dumps into database
Song '572408' dumps into database
Song '26111681' dumps into database
Song '730832' dumps into database
Song '809518' dumps into database
Song '27988188' dumps into database
Song '29723382' dumps into database
Song '31152449' dumps into database
Song '535975' dumps into database
Song '27922233' dumps into database
Song '25897655' dumps into database
Song '28830126' dumps into database
Song '28308736' dumps into database
UNIQUE constraint failed: songs.id
  Duplicated ID: '28308736'
Trying to update tags of song '28308736'
Song '28409315' dumps into database
Song '31830277' dumps into database
Song '647348' dumps into database
Song '29723310' dumps into database
Song '4997358' dumps into database
Song '510186' dumps into database
Song '22803407' dumps into database
Song '27785460' dumps into database
Song '32166847' dumps into database
Song '490195' dumps into database
Song '29232658' dumps into database
Song '35040396' dumps into database
Song '538560' dumps into database
Song '22755808' dumps into database
Song '30612877' dumps into database
Song '4999231' dumps into database
Song '33765123' dumps into database
Song '22765993' dumps into database
Song '28681296' dumps into database
Song '27722944' dumps into database
Song '30352521' dumps into database
Song '22761015' dumps into database
Song '764560' dumps into database
Song '824004' dumps into database
Song '5044899' dumps into database
Song '5056045' dumps into database
Song '30051714' dumps into database
Song '5045536' dumps into database
Song '5039986' dumps into database
Song '26469107' dumps into database
Song '5052063' dumps into database
Song '2060262' dumps into database
Song '1927755' dumps into database
Song '2637861' dumps into database
Song '5049056' dumps into database
UNIQUE constraint failed: songs.id
  Duplicated ID: '5049056'
Trying to update tags of song '5049056'
Song '4880233' dumps into database
UNIQUE constraint failed: songs.id
  Duplicated ID: '4880233'
Trying to update tags of song '4880233'
Song '28482946' dumps into database
Song '75893' dumps into database
Song '26355372' dumps into database
Song '28577894' dumps into database
Song '32235142' dumps into database
Song '25873224' dumps into database
Song '203890' dumps into database
Song '26344015' dumps into database
Song '28936544' dumps into database
Song '165614' dumps into database
Song '74434' dumps into database
Song '29562511' dumps into database
Song '30903752' dumps into database

122 new songs added
3 tags of songs updated
