Scraping comments of song 5103420
Scraping lyric of song '5103420'
Scraping comments of song 18275213
Scraping lyric of song '18275213'
Scraping comments of song 28341210
Scraping lyric of song '28341210'
Scraping comments of song 17104394
Scraping lyric of song '17104394'
Scraping comments of song 5087947
Scraping lyric of song '5087947'
Scraping comments of song 21407068
Scraping lyric of song '21407068'
Scraping comments of song 26071310
Scraping lyric of song '26071310'
Scraping comments of song 26324176
Scraping lyric of song '26324176'
Scraping comments of song 29789258
Scraping lyric of song '29789258'
Scraping comments of song 4378106
Scraping lyric of song '4378106'
Scraping comments of song 26072365
Scraping lyric of song '26072365'
Scraping comments of song 2776347
Scraping lyric of song '2776347'
Scraping comments of song 16436965
Scraping lyric of song '16436965'
Scraping comments of song 5087906
Scraping lyric of song '5087906'
Scraping comments of song 26072374
Scraping lyric of song '26072374'
Scraping comments of song 1832691
Scraping lyric of song '1832691'
Scraping comments of song 3026554
Scraping lyric of song '3026554'
Scraping comments of song 27037812
Scraping lyric of song '27037812'
Scraping comments of song 17198893
Scraping lyric of song '17198893'
Scraping comments of song 17122680
Scraping lyric of song '17122680'
Scraping comments of song 23634231
Scraping lyric of song '23634231'
Scraping comments of song 18258544
Scraping lyric of song '18258544'
Scraping comments of song 16475089
Scraping lyric of song '16475089'
Scraping comments of song 3004067
Scraping lyric of song '3004067'
Scraping comments of song 17066464
Scraping lyric of song '17066464'
Scraping comments of song 2870367
Scraping lyric of song '2870367'
Scraping comments of song 5159455
Scraping lyric of song '5159455'
Scraping comments of song 2870371
Scraping lyric of song '2870371'
Scraping comments of song 17368890
Scraping lyric of song '17368890'
Scraping comments of song 26324171
Scraping lyric of song '26324171'
Scraping comments of song 22430861
Scraping lyric of song '22430861'
Scraping comments of song 5202555
Scraping lyric of song '5202555'
Scraping comments of song 18212701
Scraping lyric of song '18212701'
Scraping comments of song 5160446
Scraping lyric of song '5160446'
Scraping comments of song 26858811
Scraping lyric of song '26858811'
Scraping comments of song 2921459
Scraping lyric of song '2921459'
Scraping comments of song 2410518
Scraping lyric of song '2410518'
Scraping comments of song 29789250
Scraping lyric of song '29789250'
Scraping comments of song 1832853
Scraping lyric of song '1832853'
Scraping comments of song 19374361
Scraping lyric of song '19374361'
Scraping comments of song 17662349
Scraping lyric of song '17662349'
Scraping comments of song 18680851
Scraping lyric of song '18680851'
Scraping comments of song 20903909
Scraping lyric of song '20903909'
Scraping comments of song 22078289
Scraping lyric of song '22078289'
Scraping comments of song 1832852
Scraping lyric of song '1832852'
Scraping comments of song 23954518
Scraping lyric of song '23954518'
Scraping comments of song 23740712
Scraping lyric of song '23740712'
Scraping comments of song 19648455
Scraping lyric of song '19648455'
Scraping comments of song 4000050
Scraping lyric of song '4000050'
Scraping comments of song 1179315
Scraping lyric of song '1179315'
Scraping comments of song 26324170
Scraping lyric of song '26324170'
Scraping comments of song 26072367
Scraping lyric of song '26072367'
Scraping comments of song 28341216
Scraping lyric of song '28341216'
Scraping comments of song 1832934
Scraping lyric of song '1832934'
Scraping comments of song 5196730
Scraping lyric of song '5196730'
Scraping comments of song 16767882
Scraping lyric of song '16767882'
Scraping comments of song 26529839
Scraping lyric of song '26529839'
Scraping comments of song 2117058
Scraping lyric of song '2117058'
Scraping comments of song 16437042
Scraping lyric of song '16437042'
Scraping comments of song 26324172
Scraping lyric of song '26324172'
Scraping comments of song 17104405
Scraping lyric of song '17104405'
Scraping comments of song 2971526
Scraping lyric of song '2971526'
Scraping comments of song 28391133
Scraping lyric of song '28391133'
Scraping comments of song 16660836
Scraping lyric of song '16660836'
Scraping comments of song 16767875
Scraping lyric of song '16767875'
Scraping comments of song 4378114
Scraping lyric of song '4378114'
Scraping comments of song 4000093
Scraping lyric of song '4000093'
Scraping comments of song 4097011
Scraping lyric of song '4097011'
Scraping comments of song 17122666
Scraping lyric of song '17122666'
Scraping comments of song 4378110
Scraping lyric of song '4378110'
Scraping comments of song 27202504
Scraping lyric of song '27202504'
Scraping comments of song 5158712
Scraping lyric of song '5158712'
Scraping comments of song 2410521
Scraping lyric of song '2410521'
Scraping comments of song 2924132
Scraping lyric of song '2924132'
Scraping comments of song 632889
Scraping lyric of song '632889'
Scraping comments of song 5409301
Scraping lyric of song '5409301'
Scraping comments of song 2310318
Scraping lyric of song '2310318'
Scraping comments of song 27865082
Scraping lyric of song '27865082'
Scraping comments of song 2902715
Scraping lyric of song '2902715'
Scraping comments of song 1378430
Scraping lyric of song '1378430'
Scraping comments of song 16738595
Scraping lyric of song '16738595'
Scraping comments of song 1430720
Scraping lyric of song '1430720'
Scraping comments of song 5058193
Scraping lyric of song '5058193'
Scraping comments of song 20263683
Scraping lyric of song '20263683'
Scraping comments of song 21745949
Scraping lyric of song '21745949'
Scraping comments of song 5093720
Scraping lyric of song '5093720'
Scraping comments of song 17344870
Scraping lyric of song '17344870'
Scraping comments of song 17821137
Scraping lyric of song '17821137'
Scraping comments of song 22164307
Scraping lyric of song '22164307'
Scraping comments of song 2427380
Scraping lyric of song '2427380'
Scraping comments of song 1227488
Scraping lyric of song '1227488'
Scraping comments of song 2098752
Scraping lyric of song '2098752'
Scraping comments of song 16628168
Scraping lyric of song '16628168'
Scraping comments of song 26300127
Scraping lyric of song '26300127'
Scraping comments of song 16628166
Scraping lyric of song '16628166'
Scraping comments of song 1309548
Scraping lyric of song '1309548'
Scraping comments of song 5412770
Scraping lyric of song '5412770'
Scraping comments of song 2639938
Scraping lyric of song '2639938'
Scraping comments of song 25535176
Scraping lyric of song '25535176'
Scraping comments of song 995955
Scraping lyric of song '995955'
Scraping comments of song 21628933
Scraping lyric of song '21628933'
Scraping comments of song 1105336
Scraping lyric of song '1105336'
Scraping comments of song 21145582
Scraping lyric of song '21145582'
Scraping comments of song 31517833
Scraping lyric of song '31517833'
Scraping comments of song 22417201
Scraping lyric of song '22417201'
Scraping comments of song 17513682
Scraping lyric of song '17513682'
Scraping comments of song 2971532
Scraping lyric of song '2971532'
Scraping comments of song 2762170
Scraping lyric of song '2762170'
Song '5103420' dumps into database
Song '18275213' dumps into database
Song '28341210' dumps into database
Song '17104394' dumps into database
Song '5087947' dumps into database
Song '21407068' dumps into database
Song '26071310' dumps into database
Song '26324176' dumps into database
Song '29789258' dumps into database
Song '4378106' dumps into database
Song '26072365' dumps into database
Song '2776347' dumps into database
Song '16436965' dumps into database
Song '5087906' dumps into database
Song '26072374' dumps into database
Song '1832691' dumps into database
Song '3026554' dumps into database
Song '27037812' dumps into database
Song '17198893' dumps into database
Song '17122680' dumps into database
Song '23634231' dumps into database
Song '18258544' dumps into database
Song '16475089' dumps into database
Song '3004067' dumps into database
Song '17066464' dumps into database
Song '2870367' dumps into database
Song '5159455' dumps into database
Song '2870371' dumps into database
Song '17368890' dumps into database
Song '26324171' dumps into database
Song '22430861' dumps into database
Song '5202555' dumps into database
Song '18212701' dumps into database
UNIQUE constraint failed: songs.id
  Duplicated ID: '18212701'
Trying to update tags of song '18212701'
Song '5160446' dumps into database
Song '26858811' dumps into database
Song '2921459' dumps into database
Song '2410518' dumps into database
Song '29789250' dumps into database
Song '1832853' dumps into database
Song '19374361' dumps into database
Song '17662349' dumps into database
Song '18680851' dumps into database
UNIQUE constraint failed: songs.id
  Duplicated ID: '18680851'
Trying to update tags of song '18680851'
Song '20903909' dumps into database
Song '22078289' dumps into database
Song '1832852' dumps into database
Song '23954518' dumps into database
Song '23740712' dumps into database
Song '19648455' dumps into database
Song '4000050' dumps into database
Song '1179315' dumps into database
Song '26324170' dumps into database
Song '26072367' dumps into database
Song '28341216' dumps into database
Song '1832934' dumps into database
Song '5196730' dumps into database
Song '16767882' dumps into database
Song '26529839' dumps into database
Song '2117058' dumps into database
Song '16437042' dumps into database
Song '26324172' dumps into database
Song '17104405' dumps into database
Song '2971526' dumps into database
Song '28391133' dumps into database
Song '16660836' dumps into database
Song '16767875' dumps into database
Song '4378114' dumps into database
Song '4000093' dumps into database
Song '4097011' dumps into database
Song '17122666' dumps into database
Song '4378110' dumps into database
Song '27202504' dumps into database
Song '5158712' dumps into database
Song '2410521' dumps into database
Song '2924132' dumps into database
Song '632889' dumps into database
Song '5409301' dumps into database
Song '2310318' dumps into database
Song '27865082' dumps into database
Song '2902715' dumps into database
Song '1378430' dumps into database
Song '16738595' dumps into database
Song '1430720' dumps into database
Song '5058193' dumps into database
Song '20263683' dumps into database
Song '21745949' dumps into database
Song '5093720' dumps into database
Song '17344870' dumps into database
Song '17821137' dumps into database
Song '22164307' dumps into database
Song '2427380' dumps into database
Song '1227488' dumps into database
Song '2098752' dumps into database
Song '16628168' dumps into database
Song '26300127' dumps into database
Song '16628166' dumps into database
Song '1309548' dumps into database
Song '5412770' dumps into database
Song '2639938' dumps into database
Song '25535176' dumps into database
Song '995955' dumps into database
Song '21628933' dumps into database
Song '1105336' dumps into database
Song '21145582' dumps into database
Song '31517833' dumps into database
Song '22417201' dumps into database
Song '17513682' dumps into database
Song '2971532' dumps into database
Song '2762170' dumps into database

106 new songs added
2 tags of songs updated
