Scraping comments of song 28267144
Scraping lyric of song '28267144'
Scraping comments of song 368764
Scraping lyric of song '368764'
Scraping comments of song 32102071
Scraping lyric of song '32102071'
Scraping comments of song 3019702
Scraping lyric of song '3019702'
Scraping comments of song 27901413
Scraping lyric of song '27901413'
Scraping comments of song 1429334
Scraping lyric of song '1429334'
Scraping comments of song 95570
Scraping lyric of song '95570'
Scraping comments of song 5263408
Scraping lyric of song '5263408'
Scraping comments of song 74546
Scraping lyric of song '74546'
Scraping comments of song 28272045
Scraping lyric of song '28272045'
Scraping comments of song 4872879
Scraping lyric of song '4872879'
Scraping comments of song 30953576
Scraping lyric of song '30953576'
Scraping comments of song 1427291
Scraping lyric of song '1427291'
Scraping comments of song 18982022
Scraping lyric of song '18982022'
Scraping comments of song 30953009
Scraping lyric of song '30953009'
Scraping comments of song 31108772
Scraping lyric of song '31108772'
Scraping comments of song 28890632
Scraping lyric of song '28890632'
Scraping comments of song 26597019
Scraping lyric of song '26597019'
Scraping comments of song 33252552
Scraping lyric of song '33252552'
Scraping comments of song 30870282
Scraping lyric of song '30870282'
Scraping comments of song 16620039
Scraping lyric of song '16620039'
Scraping comments of song 16823382
Scraping lyric of song '16823382'
Scraping comments of song 591952
Scraping lyric of song '591952'
Scraping comments of song 614150
Scraping lyric of song '614150'
Scraping comments of song 33252548
Scraping lyric of song '33252548'
Scraping comments of song 1235719
Scraping lyric of song '1235719'
Scraping comments of song 28713532
Scraping lyric of song '28713532'
Scraping comments of song 5266731
Scraping lyric of song '5266731'
Scraping comments of song 32548186
Scraping lyric of song '32548186'
Scraping comments of song 33715276
Scraping lyric of song '33715276'
Scraping comments of song 26266376
Scraping lyric of song '26266376'
Scraping comments of song 357284
Scraping lyric of song '357284'
Scraping comments of song 139893
Scraping lyric of song '139893'
Scraping comments of song 1427408
Scraping lyric of song '1427408'
Scraping comments of song 30870288
Scraping lyric of song '30870288'
Scraping comments of song 33252564
Scraping lyric of song '33252564'
Scraping comments of song 32102072
Scraping lyric of song '32102072'
Scraping comments of song 22650546
Scraping lyric of song '22650546'
Scraping comments of song 31758392
Scraping lyric of song '31758392'
Scraping comments of song 22770381
Scraping lyric of song '22770381'
Scraping comments of song 3019812
Scraping lyric of song '3019812'
Scraping comments of song 33544864
Scraping lyric of song '33544864'
Scraping comments of song 31721263
Scraping lyric of song '31721263'
Scraping comments of song 28814600
Scraping lyric of song '28814600'
Scraping comments of song 1233136
Scraping lyric of song '1233136'
Scraping comments of song 28814629
Scraping lyric of song '28814629'
Scraping comments of song 30870162
Scraping lyric of song '30870162'
Scraping comments of song 21699108
Scraping lyric of song '21699108'
Scraping comments of song 784511
Scraping lyric of song '784511'
Scraping comments of song 19164057
Scraping lyric of song '19164057'
Scraping comments of song 27020719
Scraping lyric of song '27020719'
Scraping comments of song 27859171
Scraping lyric of song '27859171'
Scraping comments of song 1223537
Scraping lyric of song '1223537'
Scraping comments of song 592043
Scraping lyric of song '592043'
Scraping comments of song 27049158
Scraping lyric of song '27049158'
Scraping comments of song 5353913
Scraping lyric of song '5353913'
Scraping comments of song 5304925
Scraping lyric of song '5304925'
Scraping comments of song 4144245
Scraping lyric of song '4144245'
Scraping comments of song 3102863
Scraping lyric of song '3102863'
Scraping comments of song 27698908
Scraping lyric of song '27698908'
Scraping comments of song 186536
Scraping lyric of song '186536'
Scraping comments of song 29829090
Scraping lyric of song '29829090'
Scraping comments of song 26238381
Scraping lyric of song '26238381'
Scraping comments of song 28921521
Scraping lyric of song '28921521'
Scraping comments of song 4876552
Scraping lyric of song '4876552'
Scraping comments of song 28224186
Scraping lyric of song '28224186'
Scraping comments of song 4876555
Scraping lyric of song '4876555'
Scraping comments of song 28921515
Scraping lyric of song '28921515'
Scraping comments of song 32683359
Scraping lyric of song '32683359'
Scraping comments of song 5399646
Scraping lyric of song '5399646'
Scraping comments of song 1235632
Scraping lyric of song '1235632'
Scraping comments of song 28793743
Scraping lyric of song '28793743'
Scraping comments of song 5313238
Scraping lyric of song '5313238'
Scraping comments of song 1962111
Scraping lyric of song '1962111'
Scraping comments of song 509905
Scraping lyric of song '509905'
Scraping comments of song 414318
Scraping lyric of song '414318'
Scraping comments of song 152428
Scraping lyric of song '152428'
Scraping comments of song 32683352
Scraping lyric of song '32683352'
Scraping comments of song 29544126
Scraping lyric of song '29544126'
Scraping comments of song 32465840
Scraping lyric of song '32465840'
Scraping comments of song 5399657
Scraping lyric of song '5399657'
Scraping comments of song 26943700
Scraping lyric of song '26943700'
Scraping comments of song 29750100
Scraping lyric of song '29750100'
Scraping comments of song 5314348
Scraping lyric of song '5314348'
Scraping comments of song 4876554
Scraping lyric of song '4876554'
Scraping comments of song 18026692
Scraping lyric of song '18026692'
Scraping comments of song 4876560
Scraping lyric of song '4876560'
Scraping comments of song 18616996
Scraping lyric of song '18616996'
Scraping comments of song 26214609
Scraping lyric of song '26214609'
Scraping comments of song 26266371
Scraping lyric of song '26266371'
Scraping comments of song 210049
Scraping lyric of song '210049'
Scraping comments of song 758330
Scraping lyric of song '758330'
Scraping comments of song 28535071
Scraping lyric of song '28535071'
Scraping comments of song 26731550
Scraping lyric of song '26731550'
Scraping comments of song 5403151
Scraping lyric of song '5403151'
Scraping comments of song 27032783
Scraping lyric of song '27032783'
Scraping comments of song 1485629
Scraping lyric of song '1485629'
Scraping comments of song 27264878
Scraping lyric of song '27264878'
Scraping comments of song 22826396
Scraping lyric of song '22826396'
Scraping comments of song 22706984
Scraping lyric of song '22706984'
Scraping comments of song 22706994
Scraping lyric of song '22706994'
Scraping comments of song 25707143
Scraping lyric of song '25707143'
Scraping comments of song 31719710
Scraping lyric of song '31719710'
Scraping comments of song 461011
Scraping lyric of song '461011'
Scraping comments of song 5387381
Scraping lyric of song '5387381'
Scraping comments of song 26830108
Scraping lyric of song '26830108'
Scraping comments of song 26428005
Scraping lyric of song '26428005'
Scraping comments of song 1429338
Scraping lyric of song '1429338'
Scraping comments of song 725692
Scraping lyric of song '725692'
Scraping comments of song 27538047
Scraping lyric of song '27538047'
Scraping comments of song 535032
Scraping lyric of song '535032'
Scraping comments of song 26902535
Scraping lyric of song '26902535'
Scraping comments of song 535029
Scraping lyric of song '535029'
Scraping comments of song 770823
Scraping lyric of song '770823'
Scraping comments of song 22654461
Scraping lyric of song '22654461'
Scraping comments of song 22654459
Scraping lyric of song '22654459'
Scraping comments of song 541167
Scraping lyric of song '541167'
Scraping comments of song 789094
Scraping lyric of song '789094'
Scraping comments of song 30394163
Scraping lyric of song '30394163'
Scraping comments of song 492764
Scraping lyric of song '492764'
Scraping comments of song 28167027
Scraping lyric of song '28167027'
Scraping comments of song 28302193
Scraping lyric of song '28302193'
Scraping comments of song 27562927
Scraping lyric of song '27562927'
Scraping comments of song 205431
Scraping lyric of song '205431'
Scraping comments of song 29775275
Scraping lyric of song '29775275'
Scraping comments of song 426375
Scraping lyric of song '426375'
Scraping comments of song 28321491
Scraping lyric of song '28321491'
Scraping comments of song 26214606
Scraping lyric of song '26214606'
Scraping comments of song 29810154
Scraping lyric of song '29810154'
Scraping comments of song 28191103
Scraping lyric of song '28191103'
Scraping comments of song 535023
Scraping lyric of song '535023'
Scraping comments of song 4990699
Scraping lyric of song '4990699'
Scraping comments of song 478116
Scraping lyric of song '478116'
Scraping comments of song 137512
Scraping lyric of song '137512'
Scraping comments of song 5294915
Scraping lyric of song '5294915'
Scraping comments of song 461734
Scraping lyric of song '461734'
Scraping comments of song 5242612
Scraping lyric of song '5242612'
Scraping comments of song 28605055
Scraping lyric of song '28605055'
Scraping comments of song 29307041
Scraping lyric of song '29307041'
Scraping comments of song 498096
Scraping lyric of song '498096'
Scraping comments of song 144182
Scraping lyric of song '144182'
Scraping comments of song 1101642
Scraping lyric of song '1101642'
Scraping comments of song 5392624
Scraping lyric of song '5392624'
Scraping comments of song 4878331
Scraping lyric of song '4878331'
Scraping comments of song 28700664
Scraping lyric of song '28700664'
Scraping comments of song 101893
Scraping lyric of song '101893'
Scraping comments of song 29771418
Scraping lyric of song '29771418'
Scraping comments of song 5391393
Scraping lyric of song '5391393'
Scraping comments of song 28274136
Scraping lyric of song '28274136'
Scraping comments of song 29722535
Scraping lyric of song '29722535'
Scraping comments of song 30780396
Scraping lyric of song '30780396'
Scraping comments of song 26608473
Scraping lyric of song '26608473'
Scraping comments of song 4960496
Scraping lyric of song '4960496'
Scraping comments of song 32548191
Scraping lyric of song '32548191'
Scraping comments of song 5411050
Scraping lyric of song '5411050'
Scraping comments of song 30612771
Scraping lyric of song '30612771'
Scraping comments of song 27713868
Scraping lyric of song '27713868'
Scraping comments of song 27804212
Scraping lyric of song '27804212'
Scraping comments of song 26913186
Scraping lyric of song '26913186'
Scraping comments of song 30284306
Scraping lyric of song '30284306'
Scraping comments of song 29822362
Scraping lyric of song '29822362'
Scraping comments of song 29600609
Scraping lyric of song '29600609'
Scraping comments of song 26667895
Scraping lyric of song '26667895'
Scraping comments of song 649919
Scraping lyric of song '649919'
Scraping comments of song 27804238
Scraping lyric of song '27804238'
Scraping comments of song 4960497
Scraping lyric of song '4960497'
Scraping comments of song 4994068
Scraping lyric of song '4994068'
Scraping comments of song 28403562
Scraping lyric of song '28403562'
Scraping comments of song 33190279
Scraping lyric of song '33190279'
Scraping comments of song 453738
Scraping lyric of song '453738'
Scraping comments of song 31967214
Scraping lyric of song '31967214'
Scraping comments of song 16620031
Scraping lyric of song '16620031'
Scraping comments of song 22504124
Scraping lyric of song '22504124'
Scraping comments of song 5398837
Scraping lyric of song '5398837'
Scraping comments of song 32548034
Scraping lyric of song '32548034'
Scraping comments of song 22760440
Scraping lyric of song '22760440'
Scraping comments of song 31838397
Scraping lyric of song '31838397'
Scraping comments of song 27804908
Scraping lyric of song '27804908'
Scraping comments of song 27969669
Scraping lyric of song '27969669'
Scraping comments of song 27906297
Scraping lyric of song '27906297'
Scraping comments of song 5402953
Scraping lyric of song '5402953'
Scraping comments of song 29753560
Scraping lyric of song '29753560'
Scraping comments of song 110477
Scraping lyric of song '110477'
Scraping comments of song 5415159
Scraping lyric of song '5415159'
Scraping comments of song 1427389
Scraping lyric of song '1427389'
Scraping comments of song 26830211
Scraping lyric of song '26830211'
Scraping comments of song 26830216
Scraping lyric of song '26830216'
Scraping comments of song 25714121
Scraping lyric of song '25714121'
Scraping comments of song 4971488
Scraping lyric of song '4971488'
Scraping comments of song 4971475
Scraping lyric of song '4971475'
Scraping comments of song 30854784
Scraping lyric of song '30854784'
Scraping comments of song 28341184
Scraping lyric of song '28341184'
Scraping comments of song 769905
Scraping lyric of song '769905'
Scraping comments of song 32639441
Scraping lyric of song '32639441'
Scraping comments of song 21849916
Scraping lyric of song '21849916'
Scraping comments of song 426370
Scraping lyric of song '426370'
Scraping comments of song 4948093
Scraping lyric of song '4948093'
Scraping comments of song 29984974
Scraping lyric of song '29984974'
Scraping comments of song 21849917
Scraping lyric of song '21849917'
Scraping comments of song 30284422
Scraping lyric of song '30284422'
Scraping comments of song 31421846
Scraping lyric of song '31421846'
Scraping comments of song 92591
Scraping lyric of song '92591'
Scraping comments of song 5157473
Scraping lyric of song '5157473'
Scraping comments of song 5246598
Scraping lyric of song '5246598'
Scraping comments of song 32712339
Scraping lyric of song '32712339'
Scraping comments of song 5316517
Scraping lyric of song '5316517'
Scraping comments of song 28048713
Scraping lyric of song '28048713'
Scraping comments of song 25386592
Scraping lyric of song '25386592'
Scraping comments of song 807299
Scraping lyric of song '807299'
Scraping comments of song 95506
Scraping lyric of song '95506'
Scraping comments of song 25721131
Scraping lyric of song '25721131'
Scraping comments of song 2866921
Scraping lyric of song '2866921'
Scraping comments of song 26629696
Scraping lyric of song '26629696'
Scraping comments of song 1438375
Scraping lyric of song '1438375'
Scraping comments of song 28191074
Scraping lyric of song '28191074'
Scraping comments of song 461746
Scraping lyric of song '461746'
Scraping comments of song 811756
Scraping lyric of song '811756'
Scraping comments of song 1235746
Scraping lyric of song '1235746'
Scraping comments of song 401667
Scraping lyric of song '401667'
Scraping comments of song 26935244
Scraping lyric of song '26935244'
Scraping comments of song 1438402
Scraping lyric of song '1438402'
Scraping comments of song 29046312
Scraping lyric of song '29046312'
Scraping comments of song 26629672
Scraping lyric of song '26629672'
Scraping comments of song 28152930
Scraping lyric of song '28152930'
Scraping comments of song 2313536
Scraping lyric of song '2313536'
Scraping comments of song 29046309
Scraping lyric of song '29046309'
Scraping comments of song 25899913
Scraping lyric of song '25899913'
Scraping comments of song 26115717
Scraping lyric of song '26115717'
Scraping comments of song 461749
Scraping lyric of song '461749'
Scraping comments of song 30284430
Scraping lyric of song '30284430'
Scraping comments of song 30870621
Scraping lyric of song '30870621'
Scraping comments of song 461771
Scraping lyric of song '461771'
Scraping comments of song 30284421
Scraping lyric of song '30284421'
Scraping comments of song 30284419
Scraping lyric of song '30284419'
Scraping comments of song 27054353
Scraping lyric of song '27054353'
Scraping comments of song 30284423
Scraping lyric of song '30284423'
Scraping comments of song 32257069
Scraping lyric of song '32257069'
Scraping comments of song 498928
Scraping lyric of song '498928'
Scraping comments of song 25899912
Scraping lyric of song '25899912'
Scraping comments of song 1000155
Scraping lyric of song '1000155'
Scraping comments of song 32548183
Scraping lyric of song '32548183'
Scraping comments of song 591725
Scraping lyric of song '591725'
Scraping comments of song 393703
Scraping lyric of song '393703'
Scraping comments of song 28244963
Scraping lyric of song '28244963'
Scraping comments of song 2060323
Scraping lyric of song '2060323'
Scraping comments of song 592105
Scraping lyric of song '592105'
Scraping comments of song 1427521
Scraping lyric of song '1427521'
Scraping comments of song 592101
Scraping lyric of song '592101'
Scraping comments of song 28850600
Scraping lyric of song '28850600'
Scraping comments of song 22768816
Scraping lyric of song '22768816'
Scraping comments of song 28160324
Scraping lyric of song '28160324'
Scraping comments of song 22768820
Scraping lyric of song '22768820'
Scraping comments of song 27678874
Scraping lyric of song '27678874'
Scraping comments of song 33020169
Scraping lyric of song '33020169'
Scraping comments of song 4990628
Scraping lyric of song '4990628'
Scraping comments of song 498637
Scraping lyric of song '498637'
Scraping comments of song 110516
Scraping lyric of song '110516'
Scraping comments of song 369339
Scraping lyric of song '369339'
Scraping comments of song 304379
Scraping lyric of song '304379'
Scraping comments of song 26830213
Scraping lyric of song '26830213'
Scraping comments of song 30870620
Scraping lyric of song '30870620'
Scraping comments of song 30148444
Scraping lyric of song '30148444'
Scraping comments of song 26629667
Scraping lyric of song '26629667'
Scraping comments of song 1434488
Scraping lyric of song '1434488'
Scraping comments of song 29822799
Scraping lyric of song '29822799'
Scraping comments of song 461737
Scraping lyric of song '461737'
Scraping comments of song 28941663
Scraping lyric of song '28941663'
Scraping comments of song 29984989
Scraping lyric of song '29984989'
Scraping comments of song 356034
Scraping lyric of song '356034'
Scraping comments of song 21256134
Scraping lyric of song '21256134'
Scraping comments of song 592695
Scraping lyric of song '592695'
Scraping comments of song 592691
Scraping lyric of song '592691'
Scraping comments of song 26826970
Scraping lyric of song '26826970'
Scraping comments of song 27552544
Scraping lyric of song '27552544'
Scraping comments of song 1062642
Scraping lyric of song '1062642'
Scraping comments of song 1942065
Scraping lyric of song '1942065'
Scraping comments of song 784514
Scraping lyric of song '784514'
Scraping comments of song 32235720
Scraping lyric of song '32235720'
Scraping comments of song 461766
Scraping lyric of song '461766'
Scraping comments of song 30987246
Scraping lyric of song '30987246'
Scraping comments of song 1101994
Scraping lyric of song '1101994'
Scraping comments of song 1502531
Scraping lyric of song '1502531'
Scraping comments of song 29027727
Scraping lyric of song '29027727'
Scraping comments of song 25640073
Scraping lyric of song '25640073'
Scraping comments of song 29097535
Scraping lyric of song '29097535'
Scraping comments of song 28794885
Scraping lyric of song '28794885'
Scraping comments of song 500741
Scraping lyric of song '500741'
Scraping comments of song 1425672
Scraping lyric of song '1425672'
Scraping comments of song 33190127
Scraping lyric of song '33190127'
Scraping comments of song 5265370
Scraping lyric of song '5265370'
Scraping comments of song 444292
Scraping lyric of song '444292'
Scraping comments of song 1144100
Scraping lyric of song '1144100'
Scraping comments of song 33190073
Scraping lyric of song '33190073'
Scraping comments of song 4991534
Scraping lyric of song '4991534'
Scraping comments of song 478847
Scraping lyric of song '478847'
Scraping comments of song 5295089
Scraping lyric of song '5295089'
Scraping comments of song 4898904
Scraping lyric of song '4898904'
Scraping comments of song 32944709
Scraping lyric of song '32944709'
Scraping comments of song 32192451
Scraping lyric of song '32192451'
Scraping comments of song 184252
Scraping lyric of song '184252'
Scraping comments of song 22756500
Scraping lyric of song '22756500'
Scraping comments of song 31341120
Scraping lyric of song '31341120'
Scraping comments of song 32019707
Scraping lyric of song '32019707'
Scraping comments of song 541968
Scraping lyric of song '541968'
Scraping comments of song 31341163
Scraping lyric of song '31341163'
Scraping comments of song 25707134
Scraping lyric of song '25707134'
Scraping comments of song 29129031
Scraping lyric of song '29129031'
Scraping comments of song 29771117
Scraping lyric of song '29771117'
Scraping comments of song 500749
Scraping lyric of song '500749'
Scraping comments of song 190488
Scraping lyric of song '190488'
Scraping comments of song 26902558
Scraping lyric of song '26902558'
Scraping comments of song 5257924
Scraping lyric of song '5257924'
Scraping comments of song 26547403
Scraping lyric of song '26547403'
Scraping comments of song 27896882
Scraping lyric of song '27896882'
Scraping comments of song 24779225
Scraping lyric of song '24779225'
Scraping comments of song 26082157
Scraping lyric of song '26082157'
Scraping comments of song 2756348
Scraping lyric of song '2756348'
Scraping comments of song 3592314
Scraping lyric of song '3592314'
Scraping comments of song 5400977
Scraping lyric of song '5400977'
Scraping comments of song 30284443
Scraping lyric of song '30284443'
Scraping comments of song 30284438
Scraping lyric of song '30284438'
Scraping comments of song 28996216
Scraping lyric of song '28996216'
Scraping comments of song 30482033
Scraping lyric of song '30482033'
Scraping comments of song 166357
Scraping lyric of song '166357'
Scraping comments of song 30482024
Scraping lyric of song '30482024'
Scraping comments of song 166340
Scraping lyric of song '166340'
Scraping comments of song 27853629
Scraping lyric of song '27853629'
Scraping comments of song 498115
Scraping lyric of song '498115'
Scraping comments of song 26562721
Scraping lyric of song '26562721'
Scraping comments of song 498645
Scraping lyric of song '498645'
Scraping comments of song 1235689
Scraping lyric of song '1235689'
Scraping comments of song 499009
Scraping lyric of song '499009'
Scraping comments of song 26562725
Scraping lyric of song '26562725'
Scraping comments of song 26562720
Scraping lyric of song '26562720'
Scraping comments of song 26116000
Scraping lyric of song '26116000'
Scraping comments of song 26562726
Scraping lyric of song '26562726'
Scraping comments of song 29567369
Scraping lyric of song '29567369'
Scraping comments of song 498693
Scraping lyric of song '498693'
Scraping comments of song 500789
Scraping lyric of song '500789'
Scraping comments of song 492722
Scraping lyric of song '492722'
Scraping comments of song 29307198
Scraping lyric of song '29307198'
Scraping comments of song 29307046
Scraping lyric of song '29307046'
Scraping comments of song 26577335
Scraping lyric of song '26577335'
Scraping comments of song 26562719
Scraping lyric of song '26562719'
Scraping comments of song 29814174
Scraping lyric of song '29814174'
Scraping comments of song 308870
Scraping lyric of song '308870'
Scraping comments of song 247712
Scraping lyric of song '247712'
Scraping comments of song 63082
Scraping lyric of song '63082'
Scraping comments of song 33085069
Scraping lyric of song '33085069'
Scraping comments of song 29428377
Scraping lyric of song '29428377'
Scraping comments of song 26083479
Scraping lyric of song '26083479'
Scraping comments of song 1936261
Scraping lyric of song '1936261'
Scraping comments of song 3744039
Scraping lyric of song '3744039'
Scraping comments of song 110440
Scraping lyric of song '110440'
Scraping comments of song 29764326
Scraping lyric of song '29764326'
Scraping comments of song 22844020
Scraping lyric of song '22844020'
Scraping comments of song 18050020
Scraping lyric of song '18050020'
Scraping comments of song 74477
Scraping lyric of song '74477'
Scraping comments of song 29814175
Scraping lyric of song '29814175'
Scraping comments of song 1236571
Scraping lyric of song '1236571'
Scraping comments of song 29599707
Scraping lyric of song '29599707'
Scraping comments of song 4441159
Scraping lyric of song '4441159'
Scraping comments of song 24051367
Scraping lyric of song '24051367'
Scraping comments of song 31356188
Scraping lyric of song '31356188'
Scraping comments of song 4878608
Scraping lyric of song '4878608'
Scraping comments of song 20705379
Scraping lyric of song '20705379'
Scraping comments of song 4877753
Scraping lyric of song '4877753'
Scraping comments of song 30352112
Scraping lyric of song '30352112'
Scraping comments of song 30212890
Scraping lyric of song '30212890'
Scraping comments of song 29436580
Scraping lyric of song '29436580'
Scraping comments of song 30706130
Scraping lyric of song '30706130'
Scraping comments of song 28577554
Scraping lyric of song '28577554'
Scraping comments of song 32192711
Scraping lyric of song '32192711'
Scraping comments of song 28890629
Scraping lyric of song '28890629'
Scraping comments of song 26701353
Scraping lyric of song '26701353'
Scraping comments of song 26222396
Scraping lyric of song '26222396'
Scraping comments of song 306382
Scraping lyric of song '306382'
Scraping comments of song 31649516
Scraping lyric of song '31649516'
Scraping comments of song 503132
Scraping lyric of song '503132'
Scraping comments of song 28833613
Scraping lyric of song '28833613'
Scraping comments of song 1486137
Scraping lyric of song '1486137'
Scraping comments of song 4945083
Scraping lyric of song '4945083'
Scraping comments of song 26584140
Scraping lyric of song '26584140'
Scraping comments of song 28191451
Scraping lyric of song '28191451'
Scraping comments of song 1102311
Scraping lyric of song '1102311'
Scraping comments of song 4876557
Scraping lyric of song '4876557'
Scraping comments of song 449061
Scraping lyric of song '449061'
Song '28267144' dumps into database
Song '368764' dumps into database
UNIQUE constraint failed: songs.id
  Duplicated ID: '368764'
Trying to update tags of song '368764'
Song '32102071' dumps into database
Song '3019702' dumps into database
Song '27901413' dumps into database
Song '1429334' dumps into database
Song '95570' dumps into database
Song '5263408' dumps into database
Song '74546' dumps into database
Song '28272045' dumps into database
Song '4872879' dumps into database
Song '30953576' dumps into database
Song '1427291' dumps into database
Song '18982022' dumps into database
Song '30953009' dumps into database
Song '31108772' dumps into database
Song '28890632' dumps into database
Song '26597019' dumps into database
Song '33252552' dumps into database
Song '30870282' dumps into database
Song '16620039' dumps into database
Song '16823382' dumps into database
Song '591952' dumps into database
Song '614150' dumps into database
Song '33252548' dumps into database
Song '1235719' dumps into database
Song '28713532' dumps into database
Song '5266731' dumps into database
Song '32548186' dumps into database
Song '33715276' dumps into database
Song '26266376' dumps into database
Song '357284' dumps into database
Song '139893' dumps into database
Song '1427408' dumps into database
Song '30870288' dumps into database
Song '33252564' dumps into database
Song '32102072' dumps into database
Song '22650546' dumps into database
Song '31758392' dumps into database
Song '22770381' dumps into database
Song '3019812' dumps into database
Song '33544864' dumps into database
Song '31721263' dumps into database
Song '28814600' dumps into database
Song '1233136' dumps into database
Song '28814629' dumps into database
Song '30870162' dumps into database
Song '21699108' dumps into database
Song '784511' dumps into database
Song '19164057' dumps into database
Song '27020719' dumps into database
Song '27859171' dumps into database
Song '1223537' dumps into database
Song '592043' dumps into database
Song '27049158' dumps into database
Song '5353913' dumps into database
Song '5304925' dumps into database
Song '4144245' dumps into database
Song '3102863' dumps into database
Song '27698908' dumps into database
UNIQUE constraint failed: songs.id
  Duplicated ID: '27698908'
Trying to update tags of song '27698908'
Song '186536' dumps into database
Song '29829090' dumps into database
Song '26238381' dumps into database
Song '28921521' dumps into database
Song '4876552' dumps into database
Song '28224186' dumps into database
Song '4876555' dumps into database
Song '28921515' dumps into database
Song '32683359' dumps into database
Song '5399646' dumps into database
Song '1235632' dumps into database
Song '28793743' dumps into database
Song '5313238' dumps into database
Song '1962111' dumps into database
Song '509905' dumps into database
Song '414318' dumps into database
Song '152428' dumps into database
Song '32683352' dumps into database
Song '29544126' dumps into database
Song '32465840' dumps into database
Song '5399657' dumps into database
Song '26943700' dumps into database
Song '29750100' dumps into database
Song '5314348' dumps into database
Song '4876554' dumps into database
Song '18026692' dumps into database
Song '4876560' dumps into database
Song '18616996' dumps into database
Song '26214609' dumps into database
Song '26266371' dumps into database
Song '210049' dumps into database
Song '758330' dumps into database
Song '28535071' dumps into database
Song '26731550' dumps into database
Song '5403151' dumps into database
Song '27032783' dumps into database
Song '1485629' dumps into database
Song '27264878' dumps into database
Song '22826396' dumps into database
Song '22706984' dumps into database
Song '22706994' dumps into database
Song '25707143' dumps into database
Song '31719710' dumps into database
Song '461011' dumps into database
Song '5387381' dumps into database
Song '26830108' dumps into database
Song '26428005' dumps into database
Song '1429338' dumps into database
Song '725692' dumps into database
Song '27538047' dumps into database
Song '535032' dumps into database
Song '26902535' dumps into database
Song '535029' dumps into database
Song '770823' dumps into database
Song '22654461' dumps into database
Song '22654459' dumps into database
Song '541167' dumps into database
Song '789094' dumps into database
Song '30394163' dumps into database
Song '492764' dumps into database
Song '28167027' dumps into database
Song '28302193' dumps into database
Song '27562927' dumps into database
Song '205431' dumps into database
Song '29775275' dumps into database
Song '426375' dumps into database
Song '28321491' dumps into database
Song '26214606' dumps into database
Song '29810154' dumps into database
Song '28191103' dumps into database
Song '535023' dumps into database
Song '4990699' dumps into database
Song '478116' dumps into database
Song '137512' dumps into database
Song '5294915' dumps into database
Song '461734' dumps into database
Song '5242612' dumps into database
Song '28605055' dumps into database
Song '29307041' dumps into database
Song '498096' dumps into database
Song '144182' dumps into database
Song '1101642' dumps into database
Song '5392624' dumps into database
Song '4878331' dumps into database
Song '28700664' dumps into database
Song '101893' dumps into database
Song '29771418' dumps into database
Song '5391393' dumps into database
Song '28274136' dumps into database
Song '29722535' dumps into database
Song '30780396' dumps into database
Song '26608473' dumps into database
Song '4960496' dumps into database
Song '32548191' dumps into database
Song '5411050' dumps into database
Song '30612771' dumps into database
Song '27713868' dumps into database
Song '27804212' dumps into database
Song '26913186' dumps into database
Song '30284306' dumps into database
Song '29822362' dumps into database
Song '29600609' dumps into database
Song '26667895' dumps into database
Song '649919' dumps into database
Song '27804238' dumps into database
Song '4960497' dumps into database
Song '4994068' dumps into database
Song '28403562' dumps into database
Song '33190279' dumps into database
Song '453738' dumps into database
Song '31967214' dumps into database
Song '16620031' dumps into database
Song '22504124' dumps into database
Song '5398837' dumps into database
Song '32548034' dumps into database
Song '22760440' dumps into database
Song '31838397' dumps into database
Song '27804908' dumps into database
Song '27969669' dumps into database
Song '27906297' dumps into database
Song '5402953' dumps into database
Song '29753560' dumps into database
Song '110477' dumps into database
Song '5415159' dumps into database
Song '1427389' dumps into database
Song '26830211' dumps into database
Song '26830216' dumps into database
Song '25714121' dumps into database
Song '4971488' dumps into database
Song '4971475' dumps into database
Song '30854784' dumps into database
Song '28341184' dumps into database
Song '769905' dumps into database
Song '32639441' dumps into database
Song '21849916' dumps into database
Song '426370' dumps into database
Song '4948093' dumps into database
Song '29984974' dumps into database
Song '21849917' dumps into database
Song '30284422' dumps into database
Song '31421846' dumps into database
Song '92591' dumps into database
Song '5157473' dumps into database
Song '5246598' dumps into database
Song '32712339' dumps into database
Song '5316517' dumps into database
Song '28048713' dumps into database
Song '25386592' dumps into database
Song '807299' dumps into database
Song '95506' dumps into database
Song '25721131' dumps into database
Song '2866921' dumps into database
Song '26629696' dumps into database
Song '1438375' dumps into database
Song '28191074' dumps into database
Song '461746' dumps into database
Song '811756' dumps into database
Song '1235746' dumps into database
Song '401667' dumps into database
Song '26935244' dumps into database
Song '1438402' dumps into database
Song '29046312' dumps into database
Song '26629672' dumps into database
Song '28152930' dumps into database
Song '2313536' dumps into database
Song '29046309' dumps into database
Song '25899913' dumps into database
Song '26115717' dumps into database
Song '461749' dumps into database
Song '30284430' dumps into database
Song '30870621' dumps into database
Song '461771' dumps into database
Song '30284421' dumps into database
Song '30284419' dumps into database
Song '27054353' dumps into database
Song '30284423' dumps into database
Song '32257069' dumps into database
Song '498928' dumps into database
Song '25899912' dumps into database
Song '1000155' dumps into database
Song '32548183' dumps into database
Song '591725' dumps into database
Song '393703' dumps into database
Song '28244963' dumps into database
Song '2060323' dumps into database
Song '592105' dumps into database
Song '1427521' dumps into database
Song '592101' dumps into database
Song '28850600' dumps into database
Song '22768816' dumps into database
Song '28160324' dumps into database
Song '22768820' dumps into database
Song '27678874' dumps into database
Song '33020169' dumps into database
Song '4990628' dumps into database
Song '498637' dumps into database
Song '110516' dumps into database
Song '369339' dumps into database
Song '304379' dumps into database
Song '26830213' dumps into database
Song '30870620' dumps into database
Song '30148444' dumps into database
Song '26629667' dumps into database
Song '1434488' dumps into database
Song '29822799' dumps into database
Song '461737' dumps into database
Song '28941663' dumps into database
Song '29984989' dumps into database
Song '356034' dumps into database
Song '21256134' dumps into database
Song '592695' dumps into database
Song '592691' dumps into database
Song '26826970' dumps into database
Song '27552544' dumps into database
Song '1062642' dumps into database
Song '1942065' dumps into database
Song '784514' dumps into database
Song '32235720' dumps into database
Song '461766' dumps into database
Song '30987246' dumps into database
Song '1101994' dumps into database
Song '1502531' dumps into database
Song '29027727' dumps into database
Song '25640073' dumps into database
Song '29097535' dumps into database
Song '28794885' dumps into database
Song '500741' dumps into database
Song '1425672' dumps into database
Song '33190127' dumps into database
Song '5265370' dumps into database
Song '444292' dumps into database
Song '1144100' dumps into database
Song '33190073' dumps into database
Song '4991534' dumps into database
Song '478847' dumps into database
Song '5295089' dumps into database
Song '4898904' dumps into database
Song '32944709' dumps into database
Song '32192451' dumps into database
Song '184252' dumps into database
Song '22756500' dumps into database
Song '31341120' dumps into database
Song '32019707' dumps into database
Song '541968' dumps into database
Song '31341163' dumps into database
Song '25707134' dumps into database
UNIQUE constraint failed: songs.id
  Duplicated ID: '25707134'
Trying to update tags of song '25707134'
Song '29129031' dumps into database
Song '29771117' dumps into database
Song '500749' dumps into database
Song '190488' dumps into database
Song '26902558' dumps into database
Song '5257924' dumps into database
Song '26547403' dumps into database
Song '27896882' dumps into database
Song '24779225' dumps into database
Song '26082157' dumps into database
Song '2756348' dumps into database
Song '3592314' dumps into database
Song '5400977' dumps into database
Song '30284443' dumps into database
Song '30284438' dumps into database
Song '28996216' dumps into database
Song '30482033' dumps into database
Song '166357' dumps into database
Song '30482024' dumps into database
Song '166340' dumps into database
Song '27853629' dumps into database
Song '498115' dumps into database
Song '26562721' dumps into database
Song '498645' dumps into database
Song '1235689' dumps into database
Song '499009' dumps into database
Song '26562725' dumps into database
Song '26562720' dumps into database
Song '26116000' dumps into database
Song '26562726' dumps into database
Song '29567369' dumps into database
Song '498693' dumps into database
Song '500789' dumps into database
Song '492722' dumps into database
Song '29307198' dumps into database
Song '29307046' dumps into database
Song '26577335' dumps into database
Song '26562719' dumps into database
Song '29814174' dumps into database
Song '308870' dumps into database
Song '247712' dumps into database
Song '63082' dumps into database
Song '33085069' dumps into database
Song '29428377' dumps into database
Song '26083479' dumps into database
Song '1936261' dumps into database
Song '3744039' dumps into database
Song '110440' dumps into database
Song '29764326' dumps into database
Song '22844020' dumps into database
Song '18050020' dumps into database
Song '74477' dumps into database
Song '29814175' dumps into database
Song '1236571' dumps into database
Song '29599707' dumps into database
Song '4441159' dumps into database
Song '24051367' dumps into database
Song '31356188' dumps into database
Song '4878608' dumps into database
Song '20705379' dumps into database
Song '4877753' dumps into database
Song '30352112' dumps into database
Song '30212890' dumps into database
Song '29436580' dumps into database
Song '30706130' dumps into database
Song '28577554' dumps into database
Song '32192711' dumps into database
Song '28890629' dumps into database
Song '26701353' dumps into database
Song '26222396' dumps into database
Song '306382' dumps into database
Song '31649516' dumps into database
Song '503132' dumps into database
Song '28833613' dumps into database
Song '1486137' dumps into database
Song '4945083' dumps into database
Song '26584140' dumps into database
Song '28191451' dumps into database
Song '1102311' dumps into database
Song '4876557' dumps into database
Song '449061' dumps into database

384 new songs added
3 tags of songs updated
